Gurobi 12.0.3:   lim:time = 2000
Set parameter LogToConsole to value 1
  tech:outlev = 1
Set parameter InfUnbdInfo to value 1
Gurobi Optimizer version 12.0.3 build v12.0.3rc0 (win64 - Windows 11+.0 (26200.2))

CPU model: 12th Gen Intel(R) Core(TM) i7-12700, instruction set [SSE2|AVX|AVX2]
Thread count: 12 physical cores, 20 logical processors, using up to 20 threads

Non-default parameters:
TimeLimit  2000
InfUnbdInfo  1

Optimize a model with 9076 rows, 2512 columns and 56464 nonzeros
Model fingerprint: 0x6e41b317
Model has 1188 quadratic constraints
Model has 144 general nonlinear constraints (336 nonlinear terms)
Variable types: 972 continuous, 1540 integer (0 binary)
Coefficient statistics:
  Matrix range     [1e+00, 1e+06]
  QMatrix range    [1e+00, 1e+00]
  QLMatrix range   [1e+00, 8e+00]
  Objective range  [3e+01, 5e+02]
  Bounds range     [1e+00, 1e+06]
  RHS range        [1e+00, 1e+06]
Presolve model has 144 nlconstr
Added 240 variables to disaggregate expressions.
Presolve removed 2527 rows and 519 columns
Presolve time: 0.68s
Presolved: 9849 rows, 3338 columns, 51678 nonzeros
Presolved model has 264 SOS constraint(s)
Presolved model has 660 bilinear constraint(s)

Solving non-convex MIQCP

Variable types: 1969 continuous, 1369 integer (1297 binary)
Found heuristic solution: objective 7382.0000000
Found heuristic solution: objective 7350.0000000

Use crossover to convert LP symmetric solution to basic solution...

Root relaxation: objective 3.200000e+01, 125 iterations, 0.02 seconds (0.02 work units)

    Nodes    |    Current Node    |     Objective Bounds      |     Work
 Expl Unexpl |  Obj  Depth IntInf | Incumbent    BestBd   Gap | It/Node Time

     0     0   32.00000    0   26 7350.00000   32.00000   100%     -    1s
H    0     0                     786.0000000   32.00000  95.9%     -    1s
H    0     0                     662.0000000   32.00000  95.2%     -    1s
H    0     0                     630.0000000   32.00000  94.9%     -    1s
     0     0   32.00000    0  137  630.00000   32.00000  94.9%     -    1s
H    0     0                     568.0000000   32.00000  94.4%     -    1s
H    0     0                     564.0000000   32.00000  94.3%     -    1s
H    0     0                     536.0000000   32.00000  94.0%     -    1s
H    0     0                     502.0000000   32.00000  93.6%     -    1s
     0     0   32.00000    0   30  502.00000   32.00000  93.6%     -    1s
H    0     0                     378.0000000   32.00000  91.5%     -    1s
     0     0   32.00000    0   30  378.00000   32.00000  91.5%     -    1s
     0     0   32.00000    0   30  378.00000   32.00000  91.5%     -    1s
H    0     0                     316.0000000   32.00000  89.9%     -    2s
     0     0   32.00000    0   26  316.00000   32.00000  89.9%     -    2s
H    0     0                     254.0000000   32.00000  87.4%     -    2s
     0     0   32.00000    0   26  254.00000   32.00000  87.4%     -    2s
H    0     0                     192.0000000   32.00000  83.3%     -    2s
     0     0   32.00000    0   26  192.00000   32.00000  83.3%     -    2s
     0     0   32.00000    0   26  192.00000   32.00000  83.3%     -    2s
     0     0   32.00000    0   26  192.00000   32.00000  83.3%     -    2s
     0     0   32.00000    0   26  192.00000   32.00000  83.3%     -    2s
     0     2   32.00000    0   26  192.00000   32.00000  83.3%     -    2s
  2304  1415  128.00000   41  348  192.00000   40.00000  79.2%  25.0    5s
  7875  3759  160.69565   62   22  192.00000   64.00000  66.7%  20.6   10s
 21813 12530 infeasible   61       192.00000   64.00000  66.7%  17.0   15s
 36188 22266   64.27826   43   64  192.00000   64.00000  66.7%  16.3   25s
 47137 28050  160.00000   52    7  192.00000   64.00000  66.7%  17.3   30s
 57165 33448     cutoff   66       192.00000   64.69565  66.3%  17.8   35s
 67601 39305  126.00000   50   39  192.00000   66.95652  65.1%  18.2   40s
 76088 43768  128.69565   58   32  192.00000   80.00000  58.3%  18.2   45s
 82470 46455  190.00000   76   21  192.00000   80.00000  58.3%  18.1   50s
 90395 50645  190.00000   53   16  192.00000   80.00000  58.3%  18.0   55s
 94157 52698  160.00000   68   16  192.00000   81.63636  57.5%  18.1   60s
 100226 56528  126.34783   45   59  192.00000   94.00000  51.0%  18.0   65s
 108376 61929   95.02174   33   90  192.00000   94.00000  51.0%  17.7   70s
 114530 66522  188.00000   54   31  192.00000   94.00000  51.0%  17.5   75s
 122018 71300  188.00000   65   16  192.00000   94.00000  51.0%  17.4   80s
 128488 75315  188.00000   37   36  192.00000   94.00000  51.0%  17.2   85s
 135990 80548   95.02174   51   69  192.00000   94.00000  51.0%  17.1   90s
 143966 85903   95.02174   40  101  192.00000   94.00000  51.0%  17.0   95s
 151122 89687  188.00000   59   25  192.00000   94.00000  51.0%  16.8  100s
 157335 93870  188.00000   67   10  192.00000   94.00000  51.0%  16.7  105s
 162954 98115   95.02174   31   79  192.00000   94.00000  51.0%  16.7  110s
 169348 101949   95.02174   39   90  192.00000   94.00000  51.0%  16.6  115s
 174229 104791   98.59783   38   67  192.00000   94.00000  51.0%  16.5  120s
 179100 108500  126.68116   43   70  192.00000   94.00000  51.0%  16.5  125s
 185113 112025  158.00000   57   22  192.00000   94.00000  51.0%  16.4  130s
 190723 115453  188.00000   45   23  192.00000   94.00000  51.0%  16.4  136s
 193431 117259  188.17391   35   60  192.00000   94.00000  51.0%  16.4  140s
 198278 120936  188.00000   39   10  192.00000   94.00000  51.0%  16.4  145s
 200515 122487  188.00000   49   29  192.00000   94.00000  51.0%  16.4  150s
 207550 126314   94.69565   49   57  192.00000   94.00000  51.0%  16.3  155s
 212731 129993  158.69565   43   33  192.00000   94.00000  51.0%  16.3  161s
 216811 131667   94.46377   27   85  192.00000   94.00000  51.0%  16.2  165s
 222329 135316   94.00000   34   53  192.00000   94.00000  51.0%  16.2  170s
 227914 138926  126.00000   46   22  192.00000   94.00000  51.0%  16.2  175s
 235429 144216  126.00000   44   31  192.00000   94.34783  50.9%  16.1  180s
 240693 146911   95.02174   34   72  192.00000   94.43130  50.8%  16.1  185s
 244507 149818  188.00000   44   21  192.00000   94.46377  50.8%  16.0  191s
 248726 152282  190.00000   59   22  192.00000   94.46377  50.8%  16.0  195s
 251756 154161   98.17391   42   68  192.00000   94.46377  50.8%  16.0  200s
 256725 157874  188.00000   52   18  192.00000   94.46377  50.8%  15.9  206s
 262563 160155  126.00000   49   43  192.00000   94.68116  50.7%  15.9  210s
 267443 163053  126.00000   34   32  192.00000   94.69565  50.7%  15.8  215s
 272152 166293  188.00000   50   26  192.00000   94.69565  50.7%  15.8  220s
 277748 169067  188.00000   36   31  192.00000   95.02174  50.5%  15.8  225s
 284022 172999  141.00000   44   28  192.00000   95.02174  50.5%  15.7  230s
 290535 176835 infeasible   90       192.00000   95.02174  50.5%  15.6  235s
 297228 181046  188.00000   58   18  192.00000   95.02174  50.5%  15.6  240s
 302607 184925  188.00000   53   12  192.00000   95.02174  50.5%  15.5  245s
 310536 189793   95.02174   56   94  192.00000   95.02174  50.5%  15.4  250s
 314758 192216  141.00000   27   36  192.00000   95.02174  50.5%  15.4  255s
 320952 196699  188.00000   61   22  192.00000   95.02174  50.5%  15.4  260s
 326998 199919  188.00000   37   30  192.00000   95.02174  50.5%  15.3  265s
 332158 203747  188.00000   65   21  192.00000   95.02174  50.5%  15.3  270s
 338642 207056  126.00000   49   36  192.00000   95.35835  50.3%  15.3  275s
 344431 209577  190.00000   57   18  192.00000   96.00000  50.0%  15.2  280s
 348203 211702  128.34783   35   39  192.00000   96.00000  50.0%  15.3  286s
 352646 213845     cutoff   67       192.00000   96.00000  50.0%  15.3  290s
 358123 216634 infeasible   58       192.00000   96.00000  50.0%  15.3  295s
 362450 219182  160.38509   72   32  192.00000   96.00000  50.0%  15.3  300s
 367311 221578  161.39130   55   11  192.00000   96.00000  50.0%  15.4  306s
 373189 224339   96.00000   54   28  192.00000   96.00000  50.0%  15.4  310s
 379308 227453     cutoff   61       192.00000   96.00000  50.0%  15.4  315s
 383727 230490  190.00000   48   13  192.00000   96.00000  50.0%  15.4  320s
 389752 233295  160.00000   45   16  192.00000   96.00000  50.0%  15.5  326s
 392218 233618  158.00000   34   11  192.00000   96.00000  50.0%  15.5  330s
 395313 235552   96.67391   47   76  192.00000   96.00000  50.0%  15.5  335s
 399789 238031  190.00000   46   25  192.00000   96.00000  50.0%  15.6  341s
 404553 240140   96.00000   37   32  192.00000   96.00000  50.0%  15.6  345s
 407629 241770  160.00000   53    6  192.00000   96.00000  50.0%  15.6  350s
 411385 243531   96.00000   40   37  192.00000   96.00000  50.0%  15.6  355s
 415596 245756   96.00000   49   27  192.00000   96.00000  50.0%  15.6  360s
 419520 247574  190.00000   57   24  192.00000   96.00000  50.0%  15.6  365s
 424891 250331  160.00000   54   13  192.00000   96.00000  50.0%  15.6  371s
 428507 251946   96.34783   49   50  192.00000   96.00000  50.0%  15.7  375s
 433175 254547   96.00000   47   26  192.00000   96.00000  50.0%  15.7  380s
 438407 256722  144.00000   60   18  192.00000   96.00000  50.0%  15.7  385s
 441569 259290  144.00000   54   15  192.00000   96.00000  50.0%  15.7  391s
 446497 261394   97.36232   57   55  192.00000   96.00000  50.0%  15.7  396s
 450744 263091  190.00000   62    6  192.00000   96.00000  50.0%  15.7  400s
 456317 265372     cutoff   58       192.00000   96.00000  50.0%  15.7  405s
 460499 267197  160.00000   57    7  192.00000   96.00000  50.0%  15.7  410s
 464287 269116  190.00000   58   23  192.00000   96.00000  50.0%  15.7  415s
 469029 271205   96.81739   45   57  192.00000   96.00000  50.0%  15.8  421s
 473446 272695  190.00000   55   37  192.00000   96.00000  50.0%  15.8  426s
 479005 275065  190.00000   50   29  192.00000   96.00000  50.0%  15.8  431s
 483243 277012  128.00000   55    8  192.00000   96.00000  50.0%  15.8  435s
 487029 278698     cutoff   52       192.00000   96.00000  50.0%  15.8  440s
 491764 280727 infeasible   66       192.00000   96.00000  50.0%  15.8  445s
 495865 282513  128.00000   42   11  192.00000   96.00000  50.0%  15.8  450s
 500435 284741   96.46377   51   50  192.00000   96.00000  50.0%  15.8  455s
 504580 287054 infeasible   56       192.00000   96.00000  50.0%  15.9  460s
 509841 289047     cutoff   53       192.00000   96.00000  50.0%  15.8  465s
 514213 290926 infeasible   62       192.00000   96.00000  50.0%  15.8  470s
 518607 292860  160.69565   49   15  192.00000   96.00000  50.0%  15.8  475s
 520413 293671  128.00000   50   16  192.00000   96.00000  50.0%  15.9  481s
 523053 294964     cutoff   61       192.00000   96.00000  50.0%  15.9  486s
 526863 296668     cutoff   53       192.00000   96.00000  50.0%  15.9  491s
 529030 298001  128.58385   56   42  192.00000   96.00000  50.0%  15.9  495s
 534032 299917  128.69565   62   20  192.00000   96.00000  50.0%  15.9  500s
 538272 302352  160.00000   73   13  192.00000   96.00000  50.0%  15.9  505s
 544085 304659  128.00000   49   30  192.00000   96.00000  50.0%  15.9  510s
 549350 306987     cutoff   60       192.00000   96.00000  50.0%  15.9  515s
 553909 309031   96.00000   43   35  192.00000   96.00000  50.0%  15.9  520s
 558254 310973  128.68116   60   43  192.00000   96.00000  50.0%  15.9  525s
 562551 312942     cutoff   64       192.00000   96.00000  50.0%  15.9  530s
 566382 314705 infeasible   64       192.00000   96.00000  50.0%  15.9  535s
 569854 316205 infeasible   50       192.00000   96.00000  50.0%  16.0  540s
 575507 318685 infeasible   51       192.00000   96.00000  50.0%  16.0  545s
 580394 321025     cutoff   56       192.00000   96.00000  50.0%  16.0  550s
 585087 323175  128.00000   50   19  192.00000   96.00000  50.0%  16.0  556s
 587898 324515   96.69565   49   37  192.00000   96.00000  50.0%  16.0  560s
 593438 326987   96.00000   45   27  192.00000   96.00000  50.0%  16.0  565s
 596586 328726  190.00000   46   30  192.00000   96.00000  50.0%  16.1  570s
 600587 330704 infeasible   41       192.00000   96.00000  50.0%  16.1  576s
 603645 331568  190.00000   57   49  192.00000   96.00000  50.0%  16.1  580s
 606190 332741  190.00000   58   26  192.00000   96.00000  50.0%  16.1  587s
 608628 333935     cutoff   65       192.00000   96.00000  50.0%  16.1  590s
 613554 336361  190.00000   53   22  192.00000   96.00000  50.0%  16.1  595s
 618016 338430  128.00000   31   26  192.00000   96.00000  50.0%  16.1  600s
 623132 340670  190.00000   51   24  192.00000   96.00000  50.0%  16.1  605s
 626722 342432  190.00000   44   22  192.00000   96.00000  50.0%  16.1  610s
 630949 344381  160.00000   41   14  192.00000   96.00000  50.0%  16.1  615s
 635370 346211 infeasible   67       192.00000   96.00000  50.0%  16.1  621s
 639013 347686     cutoff   64       192.00000   96.00000  50.0%  16.1  625s
 639287 348986  128.00000   43   20  192.00000   96.00000  50.0%  16.1  630s
 644159 350439   96.46377   53   41  192.00000   96.00000  50.0%  16.1  635s
 649628 352837  190.00000   53   23  192.00000   96.00000  50.0%  16.2  641s
 652140 354701  128.00000   44   18  192.00000   96.00000  50.0%  16.2  645s
 656844 356443   97.36232   54   58  192.00000   96.00000  50.0%  16.2  650s
 660978 357928  128.00000   42   16  192.00000   96.00000  50.0%  16.2  655s
 664254 359858  128.00000   63   16  192.00000   96.00000  50.0%  16.2  661s
 668053 361564  190.00000   50   22  192.00000   96.00000  50.0%  16.2  666s
 671770 362759 infeasible   64       192.00000   96.00000  50.0%  16.2  671s
 675739 365068  190.00000   55   36  192.00000   96.00000  50.0%  16.2  676s
 680731 367261   96.00000   37   32  192.00000   96.00000  50.0%  16.2  681s
 685230 369294  128.46377   55   26  192.00000   96.00000  50.0%  16.2  685s
 690000 371511   96.00000   34   31  192.00000   96.00000  50.0%  16.2  691s
 692732 372337   99.13043   54   50  192.00000   96.00000  50.0%  16.2  695s
 696717 374145 infeasible   51       192.00000   96.00000  50.0%  16.2  700s
 702166 377061  160.00000   75    4  192.00000   96.00000  50.0%  16.2  706s
 705860 378530 infeasible   61       192.00000   96.00000  50.0%  16.2  711s
 709347 379627 infeasible   48       192.00000   96.00000  50.0%  16.2  716s
 712536 381769  160.00000   59   14  192.00000   96.00000  50.0%  16.2  721s
 716494 382887 infeasible   74       192.00000   96.00000  50.0%  16.2  725s
 718944 384107 infeasible   53       192.00000   96.00000  50.0%  16.2  730s
 722230 385542     cutoff   70       192.00000   96.00000  50.0%  16.2  735s
 726299 387229   97.56522   44   55  192.00000   96.00000  50.0%  16.2  740s
 730945 389461  190.00000   60   24  192.00000   96.00000  50.0%  16.2  747s
 734963 390879  190.00000   52   32  192.00000   96.00000  50.0%  16.2  751s
 737696 392020  128.00000   51   17  192.00000   96.00000  50.0%  16.3  756s
 741906 393940     cutoff   66       192.00000   96.00000  50.0%  16.3  761s
 745707 395458  160.00000   54   23  192.00000   96.00000  50.0%  16.3  766s
 749028 397399  128.00000   45   18  192.00000   96.00000  50.0%  16.3  772s
 753059 398975  144.00000   59   19  192.00000   96.00000  50.0%  16.3  775s
 759131 401666  190.00000   54    8  192.00000   96.00000  50.0%  16.3  780s
 764455 404014  190.00000   57   14  192.00000   96.00000  50.0%  16.3  785s
 767217 406067  160.34783   57   19  192.00000   96.00000  50.0%  16.3  790s
 772480 408064  190.00000   51   30  192.00000   96.00000  50.0%  16.3  795s
 776429 409370 infeasible   66       192.00000   96.00000  50.0%  16.3  801s
 781379 411663  160.00000   68    8  192.00000   96.00000  50.0%  16.3  806s
 784182 413351  128.34783   45   33  192.00000   96.00000  50.0%  16.3  810s
 788358 415144  160.00000   54   11  192.00000   96.00000  50.0%  16.3  815s
 794744 417546   96.46377   48   52  192.00000   96.00000  50.0%  16.3  821s
 798925 419491 infeasible   49       192.00000   96.00000  50.0%  16.3  826s
 802628 421265  190.00000   48   15  192.00000   96.00000  50.0%  16.3  830s
 807012 423311  190.00000   81   16  192.00000   96.00000  50.0%  16.3  835s
 810757 425061  190.00000   48   37  192.00000   96.00000  50.0%  16.3  840s
 815431 427111   96.27826   46   45  192.00000   96.00000  50.0%  16.4  845s
 819113 428744   96.27826   57   44  192.00000   96.00000  50.0%  16.4  850s
 823552 430743  143.50000   52   38  192.00000   96.00000  50.0%  16.4  855s
 828261 432760  160.00000   56   15  192.00000   96.00000  50.0%  16.4  861s
 830591 433844   96.00000   43   34  192.00000   96.00000  50.0%  16.4  865s
 835246 435980  190.00000   53   19  192.00000   96.00000  50.0%  16.4  871s
 839240 437786  190.00000   68    9  192.00000   96.00000  50.0%  16.4  875s
 843420 439524  190.00000   57    4  192.00000   96.00000  50.0%  16.4  881s
 847074 441688  144.00000   26   19  192.00000   96.00000  50.0%  16.4  885s
 853886 444570  190.00000   51   14  192.00000   96.00000  50.0%  16.4  891s
 858088 445900  128.00000   58   21  192.00000   96.00000  50.0%  16.4  895s
 864837 448618  128.00000   50   17  192.00000   96.00000  50.0%  16.4  900s
 868379 450772  190.00000   63   29  192.00000   96.00000  50.0%  16.4  905s
 872329 452043   96.34783   52   52  192.00000   96.00000  50.0%  16.5  910s
 878040 454641  190.00000   42   22  192.00000   96.00000  50.0%  16.5  916s
 881943 456386  128.00000   52   16  192.00000   96.00000  50.0%  16.5  920s
 885887 458734  128.00000   44   38  192.00000   96.00000  50.0%  16.5  926s
 888791 459520  190.00000   47   35  192.00000   96.00000  50.0%  16.5  930s
 892805 461162  190.00000   47   22  192.00000   96.00000  50.0%  16.5  935s
 896068 463335  190.00000   58   24  192.00000   96.00000  50.0%  16.5  942s
 899541 464172  160.00000   49   16  192.00000   96.00000  50.0%  16.5  946s
 901531 465504  160.00000   68   12  192.00000   96.00000  50.0%  16.5  950s
 905321 467244  128.00000   39   25  192.00000   96.00000  50.0%  16.5  955s
 907169 467682   96.00000   46   29  192.00000   96.00000  50.0%  16.5  960s
 911253 469424  128.00000   60   21  192.00000   96.00000  50.0%  16.5  966s
 914888 471017   96.34783   39   44  192.00000   96.00000  50.0%  16.5  970s
 917721 472319  128.69565   46   33  192.00000   96.00000  50.0%  16.5  975s
 922115 474387  128.00000   42   21  192.00000   96.00000  50.0%  16.5  980s
 926539 475946   99.13043   52   41  192.00000   96.00000  50.0%  16.5  986s
 927028 476653   96.00000   49   34  192.00000   96.00000  50.0%  16.5  990s
 930140 478147 infeasible   47       192.00000   96.00000  50.0%  16.5  996s
 934209 479913     cutoff   69       192.00000   96.00000  50.0%  16.5 1000s
 938884 482275  128.00000   45   19  192.00000   96.00000  50.0%  16.5 1005s
 942568 484641  160.00000   44   16  192.00000   96.00000  50.0%  16.5 1010s
 948358 486773 infeasible   61       192.00000   96.00000  50.0%  16.5 1016s
 950413 487818   96.34783   42   62  192.00000   96.00000  50.0%  16.5 1020s
 955149 489997   96.00000   37   34  192.00000   96.00000  50.0%  16.5 1025s
 958480 492214  158.46377   57   55  192.00000   96.00000  50.0%  16.6 1030s
 962640 494324  190.00000   47   16  192.00000   96.00000  50.0%  16.6 1035s
 967902 496449  128.00000   45   19  192.00000   96.00000  50.0%  16.5 1041s
 972088 498309  160.00000   52   12  192.00000   96.00000  50.0%  16.5 1045s
 977014 500774  160.00000   47    8  192.00000   96.00000  50.0%  16.5 1050s
 983724 504214  190.00000   52    7  192.00000   96.00000  50.0%  16.5 1055s
 988024 506441  190.00000   78    9  192.00000   96.00000  50.0%  16.5 1060s
 993140 509596  160.00000   66   14  192.00000   96.00000  50.0%  16.5 1065s
 998396 511795 infeasible   66       192.00000   96.00000  50.0%  16.5 1070s
 1003299 514353  128.00000   45   10  192.00000   96.00000  50.0%  16.5 1075s
 1009536 517055  160.34783   42   16  192.00000   96.00000  50.0%  16.5 1080s
 1014392 519580  160.00000   61   14  192.00000   96.00000  50.0%  16.5 1086s
 1018518 521438  112.00000   39   19  192.00000   96.00000  50.0%  16.5 1090s
 1022492 523187  170.66667   50   16  192.00000   96.00000  50.0%  16.5 1095s
 1026083 524770  129.39130   52   24  192.00000   96.00000  50.0%  16.5 1101s
 1028125 525975 infeasible   48       192.00000   96.00000  50.0%  16.5 1106s
 1032056 527795  190.00000   53    4  192.00000   96.00000  50.0%  16.5 1111s
 1035787 529552 infeasible   53       192.00000   96.00000  50.0%  16.5 1115s
 1038603 531453  190.00000   61   16  192.00000   96.00000  50.0%  16.5 1120s
 1044031 533530  190.00000   56   27  192.00000   96.00000  50.0%  16.5 1126s
 1048736 535632  128.00000   43   18  192.00000   96.00000  50.0%  16.5 1130s
 1053277 537675 infeasible   48       192.00000   96.00000  50.0%  16.5 1135s
 1056977 539486  128.00000   46   17  192.00000   96.00000  50.0%  16.5 1140s
 1061628 541458  160.00000   61    4  192.00000   96.00000  50.0%  16.5 1145s
 1066210 543750  106.66667   50   30  192.00000   96.00000  50.0%  16.5 1150s
 1069888 545436  174.00000   39   33  192.00000   96.00000  50.0%  16.5 1155s
 1074266 547532  128.00000   48   25  192.00000   96.00000  50.0%  16.5 1161s
 1076296 549083  160.00000   51   25  192.00000   96.00000  50.0%  16.5 1165s
 1081163 550665  128.00000   56   23  192.00000   96.00000  50.0%  16.5 1170s
 1086557 553158 infeasible   66       192.00000   96.00000  50.0%  16.5 1175s
 1091183 555857  160.00000   61    8  192.00000   96.00000  50.0%  16.5 1180s
 1094635 557695  160.00000   52   11  192.00000   96.00000  50.0%  16.5 1185s
 1100555 560055     cutoff   55       192.00000   96.00000  50.0%  16.5 1190s
 1102841 561188  160.00000   49   13  192.00000   96.00000  50.0%  16.5 1195s
 1109452 564335  160.00000   57   15  192.00000   96.00000  50.0%  16.5 1201s
 1113193 566063  190.00000   47   48  192.00000   96.00000  50.0%  16.5 1206s
 1115503 567249  190.00000   48   33  192.00000   96.00000  50.0%  16.5 1210s
 1120028 569159  160.00000   61    8  192.00000   96.00000  50.0%  16.5 1215s
 1125168 571763  160.00000   59   10  192.00000   96.00000  50.0%  16.5 1220s
 1129350 573360  128.00000   47   20  192.00000   96.00000  50.0%  16.5 1225s
 1132170 574855  190.00000   58   28  192.00000   96.00000  50.0%  16.5 1231s
 1137982 577275  160.00000   61    8  192.00000   96.00000  50.0%  16.5 1235s
 1142558 579560  128.00000   39   16  192.00000   96.00000  50.0%  16.5 1241s
 1146512 581457  190.00000   60   20  192.00000   96.00000  50.0%  16.5 1245s
 1151863 583912  160.00000   44    7  192.00000   96.00000  50.0%  16.5 1250s
 1156668 585802  128.00000   60   21  192.00000   96.00000  50.0%  16.5 1255s
 1161176 587876     cutoff   80       192.00000   96.00000  50.0%  16.5 1261s
 1165386 589849   96.00000   43   33  192.00000   96.00000  50.0%  16.5 1266s
 1169048 591479 infeasible   63       192.00000   96.00000  50.0%  16.5 1270s
 1172585 593982  162.08696   70   18  192.00000   96.00000  50.0%  16.6 1275s
 1179295 596607  128.00000   53   23  192.00000   96.00000  50.0%  16.6 1280s
 1186162 599107  190.00000   50   32  192.00000   96.00000  50.0%  16.6 1285s
 1191209 602067   96.89524   38   66  192.00000   96.00000  50.0%  16.6 1291s
 1196927 604258   96.00000   40   34  192.00000   96.00000  50.0%  16.6 1296s
 1199309 605314  190.00000   46   33  192.00000   96.00000  50.0%  16.6 1300s
 1202887 606930   96.69565   57   39  192.00000   96.00000  50.0%  16.6 1306s
 1205305 608371  128.00000   66   14  192.00000   96.00000  50.0%  16.6 1311s
 1208763 610615  128.00000   64   16  192.00000   96.00000  50.0%  16.6 1315s
 1215819 613184  190.00000   57   12  192.00000   96.00000  50.0%  16.6 1320s
 1223134 616439  158.23188   50   83  192.00000   96.00000  50.0%  16.6 1326s
 1225204 617450     cutoff   65       192.00000   96.00000  50.0%  16.6 1330s
 1231099 620308  128.00000   42   24  192.00000   96.00000  50.0%  16.6 1335s
 1236193 623310  190.00000   58   49  192.00000   96.00000  50.0%  16.6 1340s
 1243369 626828  128.00000   44   16  192.00000   96.00000  50.0%  16.6 1346s
 1249473 628938 infeasible   54       192.00000   96.00000  50.0%  16.6 1350s
 1255145 631736     cutoff   64       192.00000   96.00000  50.0%  16.6 1355s
 1261347 635298  129.25217   58   33  192.00000   96.00000  50.0%  16.6 1360s
 1264759 636360  160.00000   61   23  192.00000   96.00000  50.0%  16.6 1365s
 1268539 637909 infeasible   54       192.00000   96.00000  50.0%  16.6 1371s
 1272855 639987  160.00000   60   18  192.00000   96.00000  50.0%  16.6 1376s
 1277109 641781   96.69565   53   37  192.00000   96.00000  50.0%  16.6 1381s
 1281835 644059  160.00000   82   12  192.00000   96.00000  50.0%  16.6 1385s
 1286478 646378   98.04348   48   36  192.00000   96.00000  50.0%  16.6 1390s
 1290405 648052  190.00000   49    9  192.00000   96.00000  50.0%  16.6 1395s
 1293796 650176  128.00000   50   15  192.00000   96.00000  50.0%  16.6 1400s
 1298117 652432  160.00000   45   14  192.00000   96.00000  50.0%  16.6 1405s
 1302368 654162  160.00000   60    9  192.00000   96.00000  50.0%  16.6 1410s
 1306966 656256  160.69565   76   22  192.00000   96.00000  50.0%  16.6 1416s
 1310580 657401  190.00000   44   38  192.00000   96.00000  50.0%  16.6 1420s
 1315104 659655  129.02174   55   52  192.00000   96.00000  50.0%  16.6 1425s
 1320502 662586     cutoff   50       192.00000   96.00000  50.0%  16.6 1430s
 1324835 663909  128.00000   49   15  192.00000   96.00000  50.0%  16.6 1435s
 1329711 666475  161.02174   60   27  192.00000   96.00000  50.0%  16.6 1441s
 1331923 667203  190.00000   68   10  192.00000   96.00000  50.0%  16.6 1445s
 1335980 669029  168.66667   60   51  192.00000   96.00000  50.0%  16.6 1451s
 1339085 671221   96.34783   47   68  192.00000   96.00000  50.0%  16.6 1455s
 1343378 673040  190.00000   57   22  192.00000   96.00000  50.0%  16.6 1460s
 1347347 674928  160.00000   65   13  192.00000   96.00000  50.0%  16.6 1465s
 1351276 676884  158.46377   59   57  192.00000   96.00000  50.0%  16.6 1470s
 1356901 678852 infeasible   65       192.00000   96.00000  50.0%  16.6 1476s
 1360518 680224     cutoff   55       192.00000   96.00000  50.0%  16.6 1481s
 1362293 681359   97.02174   44   65  192.00000   96.00000  50.0%  16.6 1485s
 1367257 683544 infeasible   68       192.00000   96.00000  50.0%  16.6 1490s
 1371429 685419  119.50000   60   42  192.00000   96.00000  50.0%  16.6 1495s
 1377407 688098  190.00000   59   19  192.00000   96.00000  50.0%  16.6 1500s
 1381949 690087  190.00000   58   23  192.00000   96.00000  50.0%  16.6 1506s
 1384580 691790  190.00000   55   12  192.00000   96.00000  50.0%  16.7 1510s
 1388494 693084  128.00000   48   19  192.00000   96.00000  50.0%  16.7 1515s
 1390071 693614  160.00000   62    8  192.00000   96.00000  50.0%  16.7 1521s
 1394166 695506  190.00000   44   21  192.00000   96.00000  50.0%  16.7 1527s
 1397142 697356  160.00000   70    8  192.00000   96.00000  50.0%  16.7 1531s
 1402004 699329   96.69565   40   30  192.00000   96.00000  50.0%  16.7 1536s
 1405946 700991 infeasible   52       192.00000   96.00000  50.0%  16.7 1541s
 1410808 703123  190.00000   56   10  192.00000   96.00000  50.0%  16.7 1545s
 1414566 704856  160.00000   62   10  192.00000   96.00000  50.0%  16.7 1550s
 1420307 707669  128.00000   56   21  192.00000   96.00000  50.0%  16.7 1555s
 1425300 710831     cutoff   58       192.00000   96.00000  50.0%  16.7 1561s
 1429783 712335  160.00000   53    7  192.00000   96.00000  50.0%  16.7 1565s
 1431556 713049  144.00000   43   23  192.00000   96.00000  50.0%  16.7 1570s
 1436880 715649  128.00000   39   29  192.00000   96.00000  50.0%  16.7 1575s
 1441926 717962  160.00000   72    8  192.00000   96.00000  50.0%  16.7 1580s
 1447390 720577  158.00000   53   17  192.00000   96.00000  50.0%  16.7 1585s
 1453453 724056     cutoff   61       192.00000   96.00000  50.0%  16.7 1591s
 1457452 725941  190.00000   46   29  192.00000   96.00000  50.0%  16.7 1595s
 1461438 727979  128.00000   60   24  192.00000   96.00000  50.0%  16.7 1600s
 1466903 730128   96.16848   42  101  192.00000   96.00000  50.0%  16.7 1605s
 1472556 733145  128.58385   42   35  192.00000   96.00000  50.0%  16.7 1610s
 1478770 736121 infeasible   50       192.00000   96.00000  50.0%  16.7 1615s
 1481145 737962  190.00000   67    8  192.00000   96.00000  50.0%  16.7 1620s
 1485609 739690   97.39130   43   58  192.00000   96.00000  50.0%  16.7 1626s
 1490608 742924  188.00000   67   25  192.00000   96.00000  50.0%  16.7 1631s
 1496766 745832  188.00000   48   29  192.00000   96.04348  50.0%  16.6 1636s
 1501804 748558  160.00000   63   12  192.00000   96.13913  49.9%  16.6 1640s
 1507160 750776     cutoff   92       192.00000   96.17391  49.9%  16.6 1645s
 1511635 752805 infeasible   62       192.00000   96.19876  49.9%  16.6 1650s
 1516111 755701  159.33333   52   32  192.00000   96.23188  49.9%  16.6 1655s
 1521002 757616  128.69565   40   26  192.00000   96.23188  49.9%  16.6 1660s
 1526027 759773  128.00000   42   17  192.00000   96.23188  49.9%  16.6 1665s
 1531176 762496  161.36232   64   26  192.00000   96.23188  49.9%  16.6 1671s
 1533946 763522  160.00000   61   10  192.00000   96.23188  49.9%  16.6 1675s
 1538372 765335  128.00000   44   25  192.00000   96.23188  49.9%  16.6 1680s
 1544241 768437  128.46377   53   27  192.00000   96.23188  49.9%  16.6 1685s
 1548715 769927  128.34783   52   36  192.00000   96.23188  49.9%  16.6 1690s
 1552714 771909     cutoff   42       192.00000   96.27826  49.9%  16.6 1695s
 1558322 774848  128.38509   57   50  192.00000   96.27826  49.9%  16.6 1700s
 1563635 776721     cutoff   56       192.00000   96.27826  49.9%  16.6 1705s
 1569272 779882  160.00000   70    8  192.00000   96.27826  49.9%  16.6 1711s
 1573330 781857   98.08696   62   40  192.00000   96.27826  49.9%  16.6 1716s
 1579135 783656   96.34058   57   60  192.00000   96.27826  49.9%  16.6 1720s
 1583057 785704 infeasible   60       192.00000   96.27826  49.9%  16.6 1725s
 1586818 786828  129.36232   52   48  192.00000   96.27826  49.9%  16.6 1730s
 1591700 789150  128.00000   60   25  192.00000   96.29630  49.8%  16.6 1736s
 1595641 790766 infeasible   61       192.00000   96.34783  49.8%  16.6 1741s
 1599714 792581 infeasible   53       192.00000   96.34783  49.8%  16.6 1745s
 1603893 794284   97.02174   41   67  192.00000   96.34783  49.8%  16.6 1750s
 1608756 796282  128.34783   54   24  192.00000   96.34783  49.8%  16.6 1757s
 1609494 796964  128.00000   41   27  192.00000   96.34783  49.8%  16.6 1761s
 1614781 798979     cutoff   63       192.00000   96.34783  49.8%  16.6 1765s
 1618060 800648  128.69565   62   35  192.00000   96.34783  49.8%  16.6 1770s
 1623945 802856  112.00000   40   23  192.00000   96.34783  49.8%  16.6 1776s
 1628155 804762  160.69565   57   12  192.00000   96.34783  49.8%  16.6 1780s
 1634002 807158     cutoff   52       192.00000   96.34783  49.8%  16.6 1786s
 1637299 809161  160.00000   66   15  192.00000   96.34783  49.8%  16.6 1790s
 1643591 811476     cutoff   70       192.00000   96.34783  49.8%  16.6 1795s
 1648759 813760 infeasible   48       192.00000   96.34783  49.8%  16.6 1800s
 1652977 816016  160.69565   59   15  192.00000   96.34783  49.8%  16.6 1805s
 1656381 817193  130.04348   61   29  192.00000   96.34783  49.8%  16.6 1810s
 1660989 819022  128.00000   45   29  192.00000   96.34783  49.8%  16.6 1815s
 1663557 820260  128.00000   54   23  192.00000   96.34783  49.8%  16.6 1820s
 1668932 822345     cutoff   68       192.00000   96.34783  49.8%  16.6 1825s
 1674068 824474  112.00000   47   35  192.00000   96.34783  49.8%  16.6 1830s
 1678535 826800     cutoff   63       192.00000   96.34783  49.8%  16.6 1835s
 1683611 828338   96.34783   45   45  192.00000   96.34783  49.8%  16.6 1840s
 1689043 830361   97.78882   62   46  192.00000   96.34783  49.8%  16.6 1845s
 1694447 832222  128.00000   33   16  192.00000   96.34783  49.8%  16.6 1851s
 1698150 833888  160.00000   53   13  192.00000   96.34783  49.8%  16.6 1856s
 1702706 835769     cutoff   55       192.00000   96.34783  49.8%  16.6 1860s
 1709240 839097  161.02174   62   23  192.00000   96.34783  49.8%  16.6 1865s
 1715828 841398  128.00000   42    8  192.00000   96.34783  49.8%  16.6 1870s
 1721034 843968 infeasible   58       192.00000   96.34783  49.8%  16.6 1876s
 1725054 845888  190.00000   58   10  192.00000   96.34783  49.8%  16.6 1881s
 1730824 847737     cutoff   63       192.00000   96.34783  49.8%  16.6 1885s
 1736171 849881  128.69565   62   28  192.00000   96.34783  49.8%  16.6 1890s
 1740790 851839 infeasible   60       192.00000   96.34783  49.8%  16.6 1895s
 1744726 853313     cutoff   56       192.00000   96.34783  49.8%  16.6 1900s
 1749995 855159  190.00000   42   12  192.00000   96.34783  49.8%  16.6 1906s
 1752373 856625     cutoff   62       192.00000   96.34783  49.8%  16.6 1910s
 1757291 858611     cutoff   61       192.00000   96.34783  49.8%  16.6 1915s
 1761576 860479  190.00000   48   16  192.00000   96.34783  49.8%  16.6 1920s
 1768450 863276  128.34783   49   29  192.00000   96.34783  49.8%  16.6 1925s
 1772464 864921  160.00000   58   11  192.00000   96.34783  49.8%  16.6 1930s
 1776141 866914   96.46377   65   52  192.00000   96.44928  49.8%  16.6 1935s
 1780164 868754  190.00000   59   37  192.00000   96.46377  49.8%  16.6 1940s
 1785784 870851   97.20513   48   63  192.00000   96.46377  49.8%  16.6 1945s
 1790551 873105  160.00000   47    6  192.00000   96.46377  49.8%  16.6 1950s
 1794616 874826  128.00000   47   19  192.00000   96.46377  49.8%  16.6 1955s
 1799270 876868  190.00000   56    6  192.00000   96.46377  49.8%  16.6 1960s
 1805002 879748  128.00000   45   25  192.00000   96.46377  49.8%  16.6 1965s
 1809472 881826  160.46377   65   22  192.00000   96.46377  49.8%  16.6 1971s
 1813683 883065  176.00000   60   12  192.00000   96.46377  49.8%  16.6 1975s
 1818464 885005 infeasible   45       192.00000   96.46377  49.8%  16.6 1980s
 1824311 887659  128.00000   55   20  192.00000   96.46377  49.8%  16.6 1986s
 1826311 888903  160.00000   61   13  192.00000   96.46377  49.8%  16.6 1990s
 1830563 890688  160.00000   48    8  192.00000   96.46377  49.8%  16.6 1995s
 1836730 892800  128.46377   55   29  192.00000   96.46377  49.8%  16.6 2000s

Cutting planes:
  Cover: 124
  Implied bound: 45
  Clique: 1
  MIR: 11
  StrongCG: 53
  Flow cover: 85
  GUB cover: 227
  Zero half: 6
  RLT: 11
  Relax-and-lift: 92
  BQP: 1

Explored 1837218 nodes (30558882 simplex iterations) in 2000.35 seconds (399.71 work units)
Thread count was 20 (of 20 available processors)

Solution count 10: 192 254 316 ... 662

Time limit reached
Best objective 1.920000000000e+02, best bound 9.800000000000e+01, gap 48.9583%

AMPL MP initial flat model has 2224 variables (36 integer, 1504 binary);
Objectives: 1 linear; 
Constraints:  8932 linear; 1476 quadratic;

AMPL MP final model has 2512 variables (36 integer, 1504 binary);
Objectives: 1 linear; 
Constraints:  9076 linear; 1476 quadratic;


Gurobi 12.0.3: time limit, feasible solution; objective 192
3.05589e+07 simplex iterations
1.83722e+06 branching nodes
absmipgap=94, relmipgap=0.489583
lp, wp, hp: begin
1: 7.700000 7.700000 4.600000
2: 7.700000 7.700000 4.600000
3: 7.700000 7.700000 4.600000
4: 7.700000 7.700000 4.600000
5: 7.700000 7.700000 4.600000
6: 7.700000 7.700000 4.600000
7: 7.700000 7.700000 4.600000
8: 7.700000 7.700000 4.600000
9: 7.700000 7.700000 4.600000
10: 7.700000 7.700000 4.600000
11: 7.700000 7.700000 4.600000
12: 7.700000 7.700000 4.600000
lp, wp, hp: end
LB, WB, HB: begin
1: 28.000000 15.000000 15.000000
2: 28.000000 15.000000 15.000000
3: 28.000000 15.000000 15.000000
4: 28.000000 15.000000 15.000000
5: 28.000000 15.000000 15.000000
6: 28.000000 15.000000 15.000000
7: 28.000000 15.000000 15.000000
8: 28.000000 15.000000 15.000000
9: 28.000000 15.000000 15.000000
10: 28.000000 15.000000 15.000000
11: 42.000000 32.000000 26.000000
12: 42.000000 32.000000 26.000000
13: 42.000000 32.000000 26.000000
14: 42.000000 32.000000 26.000000
15: 42.000000 32.000000 26.000000
16: 42.000000 32.000000 26.000000
17: 42.000000 32.000000 26.000000
18: 42.000000 32.000000 26.000000
19: 42.000000 32.000000 26.000000
20: 42.000000 32.000000 26.000000
21: 45.700000 45.700000 40.600000
22: 45.700000 45.700000 40.600000
23: 45.700000 45.700000 40.600000
24: 45.700000 45.700000 40.600000
25: 45.700000 45.700000 40.600000
26: 45.700000 45.700000 40.600000
27: 45.700000 45.700000 40.600000
28: 45.700000 45.700000 40.600000
29: 45.700000 45.700000 40.600000
30: 45.700000 45.700000 40.600000
31: 61.000000 46.000000 61.000000
32: 61.000000 46.000000 61.000000
33: 61.000000 46.000000 61.000000
34: 61.000000 46.000000 61.000000
35: 61.000000 46.000000 61.000000
36: 61.000000 46.000000 61.000000
37: 61.000000 46.000000 61.000000
38: 61.000000 46.000000 61.000000
39: 61.000000 46.000000 61.000000
40: 61.000000 46.000000 61.000000
LB, WB, HB: end
l_px, l_py, w_px, w_py: begin
1: 0 1 1 0
2: 0 1 1 0
3: 0 1 1 0
4: 1 0 0 1
5: 1 0 0 1
6: 1 0 0 1
7: 0 1 1 0
8: 0 1 1 0
9: 0 1 1 0
10: 0 1 1 0
11: 1 0 0 1
12: 0 1 1 0
l_px, l_py, w_px, w_py: end
xp, yp, zp, on_floor: begin
1: 8.000000 0.000000 0.000000 1
2: 0.000000 0.000000 0.000000 1
3: 0.000000 0.000000 0.000000 1
4: 15.000000 0.000000 0.000000 1
5: 8.000000 0.000000 0.000000 1
6: 8.000000 0.000000 0.000000 1
7: 0.000000 0.000000 0.000000 1
8: 0.000000 0.000000 0.000000 1
9: 15.000000 0.000000 0.000000 1
10: 8.000000 0.000000 0.000000 1
11: 0.000000 0.000000 0.000000 1
12: 0.000000 0.000000 0.000000 1
xp, yp, zp, on_floor: end
product ->carton: begin
1 -> 5
2 -> 1
3 -> 5
4 -> 1
5 -> 2
6 -> 10
7 -> 3
8 -> 2
9 -> 9
10 -> 3
11 -> 9
12 -> 10
product ->carton: end
