Gurobi 12.0.3:   lim:time = 5000
Set parameter LogToConsole to value 1
  tech:outlev = 1
Set parameter InfUnbdInfo to value 1
Gurobi Optimizer version 12.0.3 build v12.0.3rc0 (win64 - Windows 11+.0 (26200.2))

CPU model: 12th Gen Intel(R) Core(TM) i7-12700, instruction set [SSE2|AVX|AVX2]
Thread count: 12 physical cores, 20 logical processors, using up to 20 threads

Non-default parameters:
TimeLimit  5000
InfUnbdInfo  1

Optimize a model with 38910 rows, 10492 columns and 254788 nonzeros
Model fingerprint: 0x4ba6b127
Model has 5850 quadratic constraints
Model has 676 general nonlinear constraints (1456 nonlinear terms)
Variable types: 4654 continuous, 5838 integer (0 binary)
Coefficient statistics:
  Matrix range     [1e+00, 1e+06]
  QMatrix range    [1e+00, 1e+00]
  QLMatrix range   [1e+00, 1e+01]
  Objective range  [3e+01, 5e+02]
  Bounds range     [1e+00, 1e+06]
  RHS range        [1e+00, 1e+06]
Presolve model has 676 nlconstr
Added 884 variables to disaggregate expressions.
Presolve removed 9842 rows and 2678 columns
Presolve time: 2.04s
Presolved: 44590 rows, 14003 columns, 221647 nonzeros
Presolved model has 1300 SOS constraint(s)
Presolved model has 3250 bilinear constraint(s)

Solving non-convex MIQCP

Variable types: 9355 continuous, 4648 integer (4564 binary)

Root relaxation: objective 3.200000e+01, 4672 iterations, 0.13 seconds (0.13 work units)
Total elapsed time = 5.01s (DegenMoves)

    Nodes    |    Current Node    |     Objective Bounds      |     Work
 Expl Unexpl |  Obj  Depth IntInf | Incumbent    BestBd   Gap | It/Node Time

     0     0   32.00000    0  134          -   32.00000      -     -    5s
     0     0   32.00000    0  505          -   32.00000      -     -    7s
     0     0   32.00000    0  158          -   32.00000      -     -   12s
     0     0   32.00000    0  163          -   32.00000      -     -   16s
     0     0   32.00000    0  165          -   32.00000      -     -   16s
     0     0   32.00000    0  203          -   32.00000      -     -   19s
     0     0   32.00000    0  177          -   32.00000      -     -   21s
     0     2   32.00000    0  177          -   32.00000      -     -   27s
    15    22   32.00000    4  172          -   32.00000      -  1038   31s
    42    44 infeasible    5               -   32.00000      -  1424   38s
    59    65   32.00000    9  558          -   32.00000      -  1335   44s
    92    82 infeasible   11               -   32.00000      -  1189   51s
   119   124   32.00000   12  427          -   32.00000      -  1319   64s
   181   183   32.00000   19  405          -   32.00000      -  1184   78s
   267   305   32.00000   23  330          -   32.00000      -  1030   97s
   474   574   32.00000   31  345          -   32.00000      -   889  130s
   900  1205   32.00000   52  351          -   32.00000      -   678  181s
  1890  1703 infeasible  109               -   32.00000      -   453  247s
  2982  1704   32.00000   44 1713          -   32.00000      -   352  262s
  2985  1706   32.00000   88  520          -   32.00000      -   351  265s
  2987  1707  126.00000   48   71          -   32.00000      -   351  273s
  2988  1708   32.00000   79  205          -   32.00000      -   351  276s
  2989  1709   64.00000   72   93          -   32.00000      -   351  280s
  2991  1710   64.00000  125   75          -   32.00000      -   351  289s
  2992  1711   64.00000  116  530          -   32.00000      -   350  291s
  2995  1714   32.00000   42 1650          -   32.00000      -   369  297s
  2997  1715   32.00000   38   56          -   32.00000      -   369  305s
  3000  1717   32.00000  104  262          -   32.00000      -   368  318s
  3002  1719   32.00000   52  421          -   32.00000      -   368  320s
  3006  1722   96.00000  164   54          -   32.00000      -   377  326s
  3012  1726   32.00000   77   62          -   32.00000      -   376  330s
  3015  1728   32.00000   40  433          -   32.00000      -   376  337s
H 3015  1641                     256.0000000   32.00000  87.5%   376  337s
  3018  1643   32.00000    5  477  256.00000   32.00000  87.5%   376  340s
  3021  1645  126.00000   42  424  256.00000   32.00000  87.5%   375  347s
  3024  1647   32.00000   30   73  256.00000   32.00000  87.5%   375  350s
  3026  1649   32.00000   97   69  256.00000   32.00000  87.5%   375  358s
  3027  1649   32.00006   95   69  256.00000   32.00000  87.5%   375  365s
  3042  1672  156.00000   40   71  256.00000   32.00000  87.5%   389  373s
  3054  1688 infeasible   41       256.00000   32.00000  87.5%   388  379s
  3078  1700   32.00000   43  466  256.00000   32.00000  87.5%   385  385s
  3120  1729   32.00000   44  466  256.00000   32.00000  87.5%   383  392s
  3143  1773   32.00000   47  315  256.00000   32.00000  87.5%   385  396s
  3196  1839   32.00000   57  244  256.00000   32.00000  87.5%   383  401s
H 3271  1731                     224.0000000   32.00000  85.7%   380  401s
  3291  1877  126.00000   65  157  224.00000   32.00000  85.7%   379  410s
  3483  2034   32.00000   83  227  224.00000   32.00000  85.7%   371  434s
  3725  2479   32.00000  100  199  224.00000   32.00000  85.7%   365  473s
  4273  3006   64.00000  128  123  224.00000   32.00000  85.7%   339  507s
  5016  3558  158.00000  168   87  224.00000   32.00000  85.7%   312  547s
H 5202  3411                     192.0000000   32.00000  83.3%   303  547s
  5886  4020  158.00000  201   77  192.00000   32.00000  83.3%   282  580s
  7044  4414  126.00000  101  137  192.00000   32.00000  83.3%   253  613s
  8039  4833  164.26087  153  163  192.00000   32.00000  83.3%   230  638s
  8794  5546   32.00000   67  227  192.00000   32.00000  83.3%   220  668s
  9626  6748  190.00000  145   69  192.00000   32.00000  83.3%   210  689s
 11156  8608  158.00000  198   95  192.00000   32.00000  83.3%   192  712s
 13644  9900 infeasible  107       192.00000   32.00000  83.3%   168  732s
 15383 10419 infeasible  115       192.00000   32.00000  83.3%   156  746s
 16048 11352   32.00000   87  138  192.00000   32.00000  83.3%   153  759s
 17197 11665   32.00000  106  220  192.00000   32.00000  83.3%   150  769s
 17566 12736  126.00000  115  189  192.00000   32.00000  83.3%   150  785s
 18875 12738  126.00000  103   54  192.00000   32.00000  83.3%   144  790s
 18880 12742   94.00000   43  154  192.00000   32.00000  83.3%   144  795s
 18882 12743  126.00000  106   56  192.00000   32.00000  83.3%   144  800s
 18883 12744  158.00000  147  658  192.00000   32.00000  83.3%   144  806s
 18884 12744   32.00000  107  543  192.00000   32.00000  83.3%   144  815s
 18885 12745  158.00000  165  572  192.00000   32.00000  83.3%   144  821s
 18886 12746   64.00000  134  436  192.00000   32.00000  83.3%   144  829s
 18887 12746   64.00000   99  459  192.00000   32.00000  83.3%   144  834s
 18888 12747  190.00000  177  447  192.00000   32.00000  83.3%   144  837s
 18890 12748   96.00000  159  426  192.00000   32.00000  83.3%   144  842s
 18892 12750  188.00000   94   79  192.00000   32.00000  83.3%   144  845s
 18893 12750   32.00000   82   75  192.00000   32.00000  83.3%   144  850s
 18894 12751   96.00000  192   75  192.00000   32.00000  83.3%   144  871s
 18901 12763     cutoff   50       192.00000   32.00000  83.3%   148  886s
 18909 12772   32.00000   51  507  192.00000   32.00000  83.3%   148  894s
 18921 12791   32.00000   52  507  192.00000   32.00000  83.3%   148  901s
 18977 12812   32.00000   56  400  192.00000   32.00000  83.3%   147  911s
 19000 12825   32.00000   58  248  192.00000   32.00000  83.3%   148  918s
 19025 12849   32.00000   61  236  192.00000   32.00000  83.3%   148  928s
 19071 12894   32.00000   65  241  192.00000   32.00000  83.3%   148  935s
 19149 12945   32.00000   72  209  192.00000   32.00000  83.3%   148  946s
 19243 13021   32.00000   82  229  192.00000   32.00000  83.3%   149  972s
 19379 13112   32.00000   98  201  192.00000   32.00000  83.3%   148 1000s
 19561 13243   33.80194  120  289  192.00000   32.00000  83.3%   149 1026s
 19791 13455   34.18353  145  251  192.00000   32.00000  83.3%   149 1057s
 20108 13723   64.00000  170  164  192.00000   32.00000  83.3%   149 1079s
 20526 13956  158.00000  218   86  192.00000   32.00000  83.3%   149 1124s
 21007 14242  190.00000  267   60  192.00000   32.00000  83.3%   148 1180s
 21591 14570   64.00000  146  126  192.00000   32.00000  83.3%   147 1226s
 22209 14934   80.00000  182  125  192.00000   32.00000  83.3%   146 1276s
 22906 15481   96.00000  218   95  192.00000   32.00000  83.3%   146 1308s
H23222 14364                     160.0000000   32.00000  80.0%   145 1309s
 23967 15158     cutoff  124       160.00000   32.00000  80.0%   144 1336s
 25785 15693  126.00000  110  203  160.00000   32.00000  80.0%   140 1368s
 27138 16432   64.00000  126  140  160.00000   32.00000  80.0%   141 1403s
 28558 16936  126.00000  138  156  160.00000   32.00000  80.0%   140 1436s
 29812 18456  158.00000  144   91  160.00000   32.00000  80.0%   137 1466s
 32370 18333  128.00000  214   63  160.00000   32.00000  80.0%   131 1484s
 33335 19142   64.00000  115  120  160.00000   32.00000  80.0%   130 1501s
 34861 19439 infeasible  203       160.00000   32.00000  80.0%   127 1520s
 35899 20737   32.00000  138  196  160.00000   32.00000  80.0%   126 1540s
 38172 20777 infeasible  121       160.00000   32.00000  80.0%   122 1568s
 39278 21581  126.00000  137  132  160.00000   32.00000  80.0%   121 1586s
 41058 21376     cutoff  139       160.00000   32.00000  80.0%   119 1598s
 41629 22764  126.00000  132  128  160.00000   32.00000  80.0%   119 1616s
 43790 22477  126.00000  114  151  160.00000   32.00000  80.0%   116 1627s
 44343 22928  158.00000  165   78  160.00000   32.00000  80.0%   115 1638s
 45372 23354  126.00000  103  171  160.00000   32.00000  80.0%   114 1651s
 46456 23464     cutoff  161       160.00000   32.00000  80.0%   113 1668s
 47141 24296  126.00000   99  171  160.00000   32.00000  80.0%   113 1682s
 48590 24276   96.00000  132  109  160.00000   32.00000  80.0%   112 1698s
 49103 25449   96.00000  186  104  160.00000   32.00000  80.0%   112 1716s
 50774 25731  158.00000  184  129  160.00000   32.00000  80.0%   111 1730s
 51898 25910  158.00000  122  109  160.00000   32.00000  80.0%   110 1746s
 52625 26979   96.00000  168  108  160.00000   32.00000  80.0%   110 1767s
 54479 26681  126.00000  129  130  160.00000   32.00000  80.0%   108 1783s
 55013 27751  126.00000  110  156  160.00000   32.00000  80.0%   108 1799s
 55955 27678  126.00000  111  174  160.00000   32.00000  80.0%   107 1800s
 56699 28487  126.00000  140  143  160.00000   32.00000  80.0%   107 1977s
 57850 30418 infeasible  107       160.00000   32.00000  80.0%   107 2009s
 60346 30870 infeasible  144       160.00000   32.00000  80.0%   106 2036s
 60931 31763  127.28000  156  185  160.00000   32.00000  80.0%   107 2071s
 62108 32773 infeasible  211       160.00000   32.00000  80.0%   107 2098s
 63651 33412  158.00000  119  124  160.00000   32.00000  80.0%   106 2124s
 64508 34759   41.84615  127  271  160.00000   32.00000  80.0%   106 2149s
 66156 34759  158.00000  208  106  160.00000   32.00000  80.0%   105 2150s
 66389 35556  129.86301  179  223  160.00000   32.00000  80.0%   105 2173s
 67655 36000   32.00000   89  292  160.00000   32.00000  80.0%   105 2198s
 68327 37139  158.00000  148  143  160.00000   32.00000  80.0%   105 2236s
 70162 37740  158.00000  168   87  160.00000   32.00000  80.0%   104 2265s
 71118 38882  126.00000  114  223  160.00000   32.00000  80.0%   104 2295s
 72755 39278  126.00000  160  202  160.00000   32.00000  80.0%   104 2324s
 73378 39836  126.00000  114  124  160.00000   32.00000  80.0%   104 2347s
 74189 41195  158.00000  200   93  160.00000   32.00000  80.0%   104 2374s
 76232 42056   32.00000   76  311  160.00000   32.00000  80.0%   103 2409s
 77253 43250   32.00000  117  188  160.00000   32.00000  80.0%   103 2445s
 79005 44032   96.00000   95  178  160.00000   32.00000  80.0%   102 2476s
 79959 46177  126.00000  100  179  160.00000   32.00000  80.0%   103 2505s
 82907 46711     cutoff  135       160.00000   32.00000  80.0%   101 2524s
 83698 47178   32.00000   80  265  160.00000   32.00000  80.0%   102 2548s
 84385 48798  126.00000  105  169  160.00000   32.00000  80.0%   102 2569s
 86695 49075  126.00000  119  160  160.00000   32.00000  80.0%   101 2586s
 87166 49456   32.00000   97  177  160.00000   32.00000  80.0%   101 2607s
 87762 50832  126.00000  127  171  160.00000   32.00000  80.0%   102 2624s
 89719 51156  126.00000  150  128  160.00000   32.00000  80.0%   101 2642s
 90224 52310  126.00000  143  191  160.00000   32.00000  80.0%   101 2662s
 91958 52732  126.00000  113  157  160.00000   32.00000  80.0%   100 2679s
 92523 53700  158.00000  173  114  160.00000   32.00000  80.0%   101 2700s
 93852 54048  126.00000  111  165  160.00000   32.00000  80.0%   101 2722s
 94442 55555   64.00000  120  149  160.00000   32.00000  80.0%   101 2753s
 96752 55893   64.00000  108  122  160.00000   32.00000  80.0%   100 2773s
 97315 56252   32.00000  108  225  160.00000   32.00000  80.0%   100 2791s
 97902 57572  126.00000  152  144  160.00000   32.00000  80.0%   100 2814s
 99798 57840  158.00000  199   71  160.00000   32.00000  80.0%  99.5 2831s
 100258 58949  126.00000  133  176  160.00000   32.00000  80.0%   100 2857s
 101937 59329 infeasible  137       160.00000   32.00000  80.0%  99.1 2880s
 102509 60392  158.00000  123  119  160.00000   32.00000  80.0%  99.3 2906s
 104195 60821   36.35714  137  325  160.00000   32.00000  80.0%  98.8 2925s
 104811 61749   96.00000  182  102  160.00000   32.00000  80.0%  98.8 2944s
 106276 62157   48.00000  135  246  160.00000   32.00000  80.0%  98.5 2964s
 106855 63544   64.00000  162  139  160.00000   32.00000  80.0%  98.6 2984s
 107995 63544  158.00000  150  113  160.00000   32.00000  80.0%  98.2 2985s
 108835 63930     cutoff  100       160.00000   32.00000  80.0%  97.9 2999s
 109382 64921  158.00000  159  159  160.00000   32.00000  80.0%  97.9 3023s
 110805 65598   32.41026   98  290  160.00000   32.00000  80.0%  97.7 3046s
 111863 66094   96.00000  133  121  160.00000   32.00000  80.0%  97.6 3065s
 112665 67565  128.00000  154   61  160.00000   32.00000  80.0%  97.4 3099s
 113798 67565     cutoff  157       160.00000   32.00000  80.0%  97.1 3100s
 114935 67893     cutoff  179       160.00000   32.00000  80.0%  96.7 3114s
 115435 68907   64.00000  120  176  160.00000   32.00000  80.0%  96.7 3133s
 116816 69414 infeasible  172       160.00000   32.00000  80.0%  96.5 3149s
 117563 70249  158.00000  178  121  160.00000   32.00000  80.0%  96.4 3169s
 118898 70815   96.00000  127  154  160.00000   32.00000  80.0%  96.2 3190s
 119696 71816     cutoff  168       160.00000   32.00000  80.0%  96.1 3220s
 121278 72949   32.04396  108  362  160.00000   32.00000  80.0%  95.8 3252s
 122793 73504   64.00000  143  185  160.00000   32.00000  80.0%  95.5 3279s
 123536 74314  112.00000  191   65  160.00000   32.00000  80.0%  95.5 3302s
 124779 74503   32.00000  116  253  160.00000   32.00000  80.0%  95.4 3322s
 125095 74820   32.90909  114  374  160.00000   32.00000  80.0%  95.8 3340s
 125536 75996   64.00000  136  119  160.00000   32.00000  80.0%  96.0 3359s
 127207 76468  126.00000  147  124  160.00000   32.00000  80.0%  95.7 3383s
 127801 77399  126.00000  146  131  160.00000   32.00000  80.0%  95.8 3406s
 129161 77932   64.00000  126  163  160.00000   32.00000  80.0%  95.5 3423s
 129956 79052 infeasible  212       160.00000   32.00000  80.0%  95.5 3448s
 131608 79548  158.00000  159  119  160.00000   32.00000  80.0%  95.2 3491s
 132284 82170   64.00000  109  222  160.00000   32.00000  80.0%  95.3 3559s
 134938 82170   96.00000  155   90  160.00000   32.00000  80.0%  94.7 3561s
 136309 82583  126.00000  139  134  160.00000   32.00000  80.0%  94.3 3592s
 136851 83017  126.00000  158  153  160.00000   32.00000  80.0%  94.4 3614s
 137525 84016  126.00000  141  228  160.00000   32.00000  80.0%  94.3 3643s
 139120 84381     cutoff  125       160.00000   32.00000  80.0%  94.0 3666s
 139680 84965  158.00000  141  115  160.00000   32.00000  80.0%  94.1 3690s
 140655 85452  126.00000  138  135  160.00000   32.00000  80.0%  94.1 3710s
 141395 86430   32.00000  104  234  160.00000   32.00000  80.0%  94.1 3737s
 142914 86786  126.00000  137  170  160.00000   32.00000  80.0%  93.9 3763s
 143542 87590   32.00000  120  213  160.00000   32.00000  80.0%  93.9 3795s
 144737 88049   64.00000  143  118  160.00000   32.00000  80.0%  94.0 3815s
 145367 89473   96.70073  176   84  160.00000   32.00000  80.0%  94.1 3845s
 147289 89796   34.35294  124  216  160.00000   32.00000  80.0%  93.6 3870s
 147863 90725  158.00000  133  103  160.00000   32.00000  80.0%  93.6 3903s
 149250 91135   32.00000  118  202  160.00000   32.00000  80.0%  93.3 3935s
 149949 92120  126.00000  145  117  160.00000   32.00000  80.0%  93.3 3975s
 151459 92510   96.00000  187   90  160.00000   32.00000  80.0%  93.0 3999s
 152160 94230  126.00000  139  158  160.00000   32.00000  80.0%  93.1 4034s
 154653 94615   32.00000  118  236  160.00000   32.00000  80.0%  92.7 4059s
 155277 95700  126.00000  139  149  160.00000   32.00000  80.0%  92.8 4085s
 156915 95958 infeasible  133       160.00000   32.00000  80.0%  92.5 4104s
 157120 95958 infeasible  155       160.00000   32.00000  80.0%  92.5 4105s
 157459 96507  126.00000  143  156  160.00000   32.00000  80.0%  92.5 4125s
 158366 97035  158.00000  131  126  160.00000   32.00000  80.0%  92.6 4150s
 159154 98063  158.00000  219   90  160.00000   32.00000  80.0%  92.4 4174s
 160676 98512  158.00000  199   84  160.00000   32.00000  80.0%  92.2 4191s
 161437 99886  126.00000  134  121  160.00000   32.00000  80.0%  92.1 4212s
 163558 100190  126.00000  125  165  160.00000   32.00000  80.0%  91.7 4231s
 164104 101367  126.00000  109  164  160.00000   32.00000  80.0%  91.7 4257s
 165718 101997   64.00000  146  141  160.00000   32.00000  80.0%  91.5 4280s
 166478 103066   96.00000  174   79  160.00000   32.00000  80.0%  91.4 4305s
 168257 103554   64.00000  125  165  160.00000   32.00000  80.0%  91.0 4336s
 169069 105374     cutoff  130       160.00000   32.00000  80.0%  91.1 4390s
 171846 105870   96.00000  136  120  160.00000   32.00000  80.0%  90.7 4414s
 172674 107051  158.00000  144  101  160.00000   32.00000  80.0%  90.7 4442s
 174769 107361   32.00000  118  253  160.00000   32.00000  80.0%  90.3 4462s
 175315 108516   32.00000  118  257  160.00000   32.00000  80.0%  90.4 4484s
 177034 109015   64.00000  134  162  160.00000   32.00000  80.0%  90.3 4499s
 177629 110351   64.00000  185  118  160.00000   32.00000  80.0%  90.4 4524s
 179482 110667  126.00000  127  162  160.00000   32.00000  80.0%  90.1 4547s
 180020 111478  126.00000  121  120  160.00000   32.00000  80.0%  90.1 4574s
 181179 111836  158.00000  152  107  160.00000   32.00000  80.0%  90.0 4597s
 181777 112972  126.00000  115  191  160.00000   32.00000  80.0%  90.1 4626s
 183469 113479  126.00000  131  142  160.00000   32.00000  80.0%  90.0 4648s
 184163 114592  158.00000  131  144  160.00000   32.00000  80.0%  90.0 4673s
 185692 114993   33.93939  123  281  160.00000   32.00000  80.0%  89.9 4694s
 186251 116486   64.00000  146  170  160.00000   32.00000  80.0%  90.0 4729s
 188275 116757 infeasible  150       160.00000   32.00000  80.0%  89.7 4744s
 188769 117756  126.00000  124  155  160.00000   32.00000  80.0%  89.8 4768s
 190260 118108  158.00000  198  100  160.00000   32.00000  80.0%  89.7 4781s
 190762 119321  158.00000  222   97  160.00000   32.00000  80.0%  89.8 4803s
 192372 119760   96.00000  177  111  160.00000   32.00000  80.0%  89.7 4817s
 192958 120320  128.00000  222   65  160.00000   32.00000  80.0%  89.8 4838s
 193749 121336   32.00000  122  263  160.00000   32.00000  80.0%  89.9 4871s
 195331 121724   64.00000  162  124  160.00000   32.00000  80.0%  89.7 4891s
 195906 122670   64.61277  182  189  160.00000   32.00000  80.0%  89.8 4921s
 197265 123638   96.00000  223   76  160.00000   32.00000  80.0%  89.6 4950s
 198677 123905   37.67273  118  345  160.00000   32.00000  80.0%  89.4 4976s
 199141 124511   64.00000  126  123  160.00000   32.00000  80.0%  89.6 5000s

Cutting planes:
  Gomory: 2
  Cover: 14
  Implied bound: 68
  MIR: 107
  Mixing: 3
  StrongCG: 172
  Flow cover: 866
  GUB cover: 396
  Inf proof: 1
  Zero half: 71
  RLT: 24
  Relax-and-lift: 866

Explored 199896 nodes (17954496 simplex iterations) in 5000.48 seconds (865.69 work units)
Thread count was 20 (of 20 available processors)

Solution count 4: 160 192 224 256 

Time limit reached
Best objective 1.600000000000e+02, best bound 3.200000000000e+01, gap 80.0000%

AMPL MP initial flat model has 9140 variables (78 integer, 5760 binary);
Objectives: 1 linear; 
Constraints:  38234 linear; 7202 quadratic;

AMPL MP final model has 10492 variables (78 integer, 5760 binary);
Objectives: 1 linear; 
Constraints:  38910 linear; 7202 quadratic;


Gurobi 12.0.3: time limit, feasible solution; objective 160
1.79545e+07 simplex iterations
199896 branching nodes
absmipgap=128, relmipgap=0.8
lp, wp, hp: begin
1: 10.000000 6.500000 1.500000
2: 10.000000 6.500000 1.500000
3: 10.000000 6.500000 1.500000
4: 10.000000 6.500000 1.500000
5: 10.000000 6.500000 1.500000
6: 10.000000 6.500000 1.500000
7: 7.100000 4.100000 1.700000
8: 7.100000 4.100000 1.700000
9: 7.100000 4.100000 1.700000
10: 7.100000 4.100000 1.700000
11: 7.100000 4.100000 1.700000
12: 7.100000 4.100000 1.700000
13: 7.100000 4.100000 1.700000
14: 7.100000 4.100000 1.700000
15: 7.100000 4.100000 1.700000
16: 7.100000 4.100000 1.700000
17: 7.100000 4.100000 1.700000
18: 7.100000 4.100000 1.700000
19: 7.100000 4.100000 1.700000
20: 7.100000 4.100000 1.700000
21: 7.100000 4.100000 1.700000
22: 7.100000 4.100000 1.700000
23: 7.100000 4.100000 1.700000
24: 7.100000 4.100000 1.700000
25: 7.100000 4.100000 1.700000
26: 7.100000 4.100000 1.700000
lp, wp, hp: end
LB, WB, HB: begin
1: 28.000000 15.000000 15.000000
2: 28.000000 15.000000 15.000000
3: 28.000000 15.000000 15.000000
4: 28.000000 15.000000 15.000000
5: 28.000000 15.000000 15.000000
6: 28.000000 15.000000 15.000000
7: 28.000000 15.000000 15.000000
8: 28.000000 15.000000 15.000000
9: 28.000000 15.000000 15.000000
10: 28.000000 15.000000 15.000000
11: 42.000000 32.000000 26.000000
12: 42.000000 32.000000 26.000000
13: 42.000000 32.000000 26.000000
14: 42.000000 32.000000 26.000000
15: 42.000000 32.000000 26.000000
16: 42.000000 32.000000 26.000000
17: 42.000000 32.000000 26.000000
18: 42.000000 32.000000 26.000000
19: 42.000000 32.000000 26.000000
20: 42.000000 32.000000 26.000000
21: 45.700000 45.700000 40.600000
22: 45.700000 45.700000 40.600000
23: 45.700000 45.700000 40.600000
24: 45.700000 45.700000 40.600000
25: 45.700000 45.700000 40.600000
26: 45.700000 45.700000 40.600000
27: 45.700000 45.700000 40.600000
28: 45.700000 45.700000 40.600000
29: 45.700000 45.700000 40.600000
30: 45.700000 45.700000 40.600000
31: 61.000000 46.000000 61.000000
32: 61.000000 46.000000 61.000000
33: 61.000000 46.000000 61.000000
34: 61.000000 46.000000 61.000000
35: 61.000000 46.000000 61.000000
36: 61.000000 46.000000 61.000000
37: 61.000000 46.000000 61.000000
38: 61.000000 46.000000 61.000000
39: 61.000000 46.000000 61.000000
40: 61.000000 46.000000 61.000000
LB, WB, HB: end
l_px, l_py, w_px, w_py: begin
1: 1 0 0 1
2: 1 0 0 1
3: 1 0 0 1
4: 1 0 0 1
5: 1 0 0 1
6: 1 0 0 1
7: 1 0 0 1
8: 1 0 0 1
9: 0 1 1 0
10: 0 1 1 0
11: 1 0 0 1
12: 1 0 0 1
13: 1 0 0 1
14: 1 0 0 1
15: 1 0 0 1
16: 0 1 1 0
17: 1 0 0 1
18: 1 0 0 1
19: 1 0 0 1
20: 1 0 0 1
21: 0 1 1 0
22: 1 0 0 1
23: 1 0 0 1
24: 1 0 0 1
25: 1 0 0 1
26: 1 0 0 1
l_px, l_py, w_px, w_py: end
xp, yp, zp, on_floor: begin
1: 18.000000 0.000000 0.000000 1
2: 18.000000 8.000000 0.000000 1
3: 0.000000 8.000000 0.000000 1
4: 18.000000 0.000000 0.000000 1
5: 0.000000 0.000000 0.000000 1
6: 0.000000 0.000000 0.000000 1
7: 17.000000 2.000000 0.000000 1
8: 15.000000 8.000000 0.000000 1
9: 12.000000 0.000000 0.000000 1
10: 13.000000 0.000000 0.000000 1
11: 17.000000 7.000000 0.000000 1
12: 4.000000 3.000000 0.000000 1
13: 4.000000 10.000000 0.000000 1
14: 17.000000 2.000000 0.000000 1
15: 10.000000 10.000000 0.000000 1
16: 12.000000 7.000000 0.000000 1
17: 4.000000 9.000000 0.000000 1
18: 7.000000 10.000000 0.000000 1
19: 4.000000 3.000000 0.000000 1
20: 10.000000 2.000000 0.000000 1
21: 10.000000 2.000000 0.000000 1
22: 17.000000 2.000000 0.000000 1
23: 17.000000 10.000000 0.000000 1
24: 4.000000 10.000000 0.000000 1
25: 17.000000 7.000000 0.000000 1
26: 4.000000 5.000000 0.000000 1
xp, yp, zp, on_floor: end
product ->carton: begin
1 -> 10
2 -> 3
3 -> 3
4 -> 5
5 -> 8
6 -> 10
7 -> 3
8 -> 5
9 -> 3
10 -> 5
11 -> 8
12 -> 3
13 -> 8
14 -> 8
15 -> 3
16 -> 10
17 -> 2
18 -> 5
19 -> 2
20 -> 10
21 -> 8
22 -> 2
23 -> 2
24 -> 10
25 -> 10
26 -> 5
product ->carton: end
