Gurobi 12.0.3:   lim:time = 5000
Set parameter LogToConsole to value 1
  tech:outlev = 1
Set parameter InfUnbdInfo to value 1
Gurobi Optimizer version 12.0.3 build v12.0.3rc0 (win64 - Windows 11+.0 (26200.2))

CPU model: 12th Gen Intel(R) Core(TM) i7-12700, instruction set [SSE2|AVX|AVX2]
Thread count: 12 physical cores, 20 logical processors, using up to 20 threads

Non-default parameters:
TimeLimit  5000
InfUnbdInfo  1

Optimize a model with 13720 rows, 3760 columns and 86950 nonzeros
Model fingerprint: 0xa1ebef99
Model has 1890 quadratic constraints
Model has 225 general nonlinear constraints (510 nonlinear terms)
Variable types: 1530 continuous, 2230 integer (0 binary)
Coefficient statistics:
  Matrix range     [1e+00, 1e+06]
  QMatrix range    [1e+00, 1e+00]
  QLMatrix range   [1e+00, 6e+00]
  Objective range  [3e+01, 5e+02]
  Bounds range     [1e+00, 1e+06]
  RHS range        [1e+00, 1e+06]
Presolve model has 225 nlconstr
Added 345 variables to disaggregate expressions.
Presolve removed 4036 rows and 885 columns
Presolve time: 0.79s
Presolved: 14844 rows, 4961 columns, 96124 nonzeros
Presolved model has 420 SOS constraint(s)
Presolved model has 1050 bilinear constraint(s)

Solving non-convex MIQCP

Variable types: 3091 continuous, 1870 integer (1825 binary)

Root relaxation: objective 3.200000e+01, 1637 iterations, 0.06 seconds (0.07 work units)

    Nodes    |    Current Node    |     Objective Bounds      |     Work
 Expl Unexpl |  Obj  Depth IntInf | Incumbent    BestBd   Gap | It/Node Time

     0     0   32.00000    0   72          -   32.00000      -     -    2s
     0     0   32.00000    0  235          -   32.00000      -     -    2s
     0     0   32.00000    0  213          -   32.00000      -     -    2s
     0     0   32.00000    0   64          -   32.00000      -     -    3s
     0     0   32.00000    0   61          -   32.00000      -     -    3s
     0     0   32.00007    0   61          -   32.00007      -     -    3s
     0     0   32.00007    0   82          -   32.00007      -     -    3s
     0     0   32.00007    0   54          -   32.00007      -     -    3s
     0     0   32.00007    0   47          -   32.00007      -     -    4s
     0     2   32.00007    0   47          -   32.00007      -     -    5s
   132   141   48.13700   15  275          -   32.00007      -   100   10s
H  302   291                     378.0000000   32.00007  91.5%  74.8   14s
   333   348     cutoff   26       378.00000   32.00007  91.5%  69.9   16s
H  337   348                     316.0000000   32.00007  89.9%  69.1   16s
H  391   348                     284.0000000   32.00007  88.7%  69.6   16s
H  494   519                     254.0000000   32.00007  87.4%  67.1   18s
H  754   791                     192.0000000   32.00007  83.3%  51.5   21s
*  972   949             118     128.0000000   32.00007  75.0%  45.0   23s
  1262  1430   32.00007   43   68  128.00000   32.00007  75.0%  38.9   25s
  4337  3510  126.00009   90  112  128.00000   32.00007  75.0%  29.7   32s
  5283  3514   64.00000   40  121  128.00000   32.00007  75.0%  29.6   35s
  5297  3528   94.00000   16  161  128.00000   32.00007  75.0%  31.8   40s
  5381  3606   94.00000   21  154  128.00000   32.00007  75.0%  32.6   45s
  5467  3719   94.00000   23  133  128.00000   32.00007  75.0%  34.2   52s
  5566  3865   94.00000   24  133  128.00000   32.00007  75.0%  34.5   60s
  5757  4146   94.00000   27  127  128.00000   32.00007  75.0%  35.1   71s
  6147  4341   94.00000   32  121  128.00000   32.00007  75.0%  35.9   82s
  6603  4456   94.00000   36  134  128.00000   32.00007  75.0%  35.4   92s
  6956  4614   94.00000   42  112  128.00000   32.00007  75.0%  35.9  103s
  7343  4832     cutoff   49       128.00000   32.00007  75.0%  36.7  117s
  7808  5115   94.00000   56  114  128.00000   32.00007  75.0%  36.9  132s
  8355  5635 infeasible   64       128.00000   32.00007  75.0%  37.2  147s
  9220  5922  126.00000   74   46  128.00000   32.00007  75.0%  36.8  164s
 10003  6128   32.00007   72   93  128.00000   32.00007  75.0%  36.9  180s
 10597  6494  126.00000  107   40  128.00000   32.00007  75.0%  37.1  201s
 11356  6657  126.00000   86   57  128.00000   32.00007  75.0%  37.5  216s
 11879  7065   96.00000   55   45  128.00000   32.00007  75.0%  37.8  225s
 12597  7387  126.00000   51   70  128.00000   32.00007  75.0%  37.1  239s
 13360  7675  126.00000   90   53  128.00000   32.00007  75.0%  36.8  253s
 14123  8071   32.00014   60   98  128.00000   32.00007  75.0%  36.6  268s
 15066  8244   64.00000   71   96  128.00000   32.00007  75.0%  36.0  281s
 15768  8528   96.00000   82   28  128.00000   32.00007  75.0%  35.8  296s
 16460  8951  126.00000  114   62  128.00000   32.00007  75.0%  35.6  314s
 17172  9385  126.00000   38   73  128.00000   32.00007  75.0%  35.6  329s
 17794  9865  126.00000   68   73  128.00000   32.00007  75.0%  35.4  342s
 18514 10268  126.00000   62   68  128.00000   32.00007  75.0%  35.3  354s
 19062 10701  126.00000   99   39  128.00000   32.00007  75.0%  35.3  366s
 19611 11065   32.00007   55   94  128.00000   32.00007  75.0%  35.1  379s
 20114 11530  126.00000   82   49  128.00000   32.00007  75.0%  35.0  392s
 20720 12054  126.00000   76   70  128.00000   32.00007  75.0%  34.9  402s
 21394 12492   96.00000   75   37  128.00000   32.00007  75.0%  34.6  415s
 22025 13367  126.00000   93   57  128.00000   32.00007  75.0%  34.4  428s
 23196 13948   32.00007   35  107  128.00000   32.00007  75.0%  33.8  443s
 23961 14464  126.00000   71   57  128.00000   32.00007  75.0%  34.0  463s
 24637 14956  126.00000   91   54  128.00000   32.00007  75.0%  33.8  479s
 25366 15503  126.00000  145   46  128.00000   32.00007  75.0%  33.8  491s
 26111 16010  126.00000   77   61  128.00000   32.00007  75.0%  33.7  505s
 26818 16634  126.00000  118   43  128.00000   32.00007  75.0%  33.5  527s
 27622 17476   64.00000   96   57  128.00000   32.00007  75.0%  33.5  543s
 28859 18107   96.00000   66   43  128.00000   32.00007  75.0%  33.2  557s
 29739 18729   32.00007   72   95  128.00000   32.00007  75.0%  33.1  579s
 30617 19410  126.00000  119   63  128.00000   32.00007  75.0%  33.1  601s
 31575 20163   37.03571   43  102  128.00000   32.00007  75.0%  33.1  627s
 32575 20983  126.00000   39   67  128.00000   32.00007  75.0%  33.5  647s
 33626 21715 infeasible   66       128.00000   32.00007  75.0%  33.6  673s
 34738 22502  126.00000  101   65  128.00000   32.00007  75.0%  33.8  687s
 35886 23456   64.00000   64   55  128.00000   32.00007  75.0%  33.6  771s
 37128 24151  126.00000   80   48  128.00000   32.00007  75.0%  33.3  799s
 38306 25068   34.47368   40  163  128.00000   32.00007  75.0%  33.7  824s
 39524 25844  126.00000   62   65  128.00000   32.00007  75.0%  34.3  854s
 40620 26753   32.00007   75   95  128.00000   32.00007  75.0%  34.6  889s
 41724 27562   96.00000  126   35  128.00000   32.00007  75.0%  34.8  920s
 43045 28366     cutoff  110       128.00000   32.00007  75.0%  35.2  959s
 44272 29189  126.00000   71   67  128.00000   32.00007  75.0%  35.5  995s
 45495 30069   32.00007   65   92  128.00000   32.00007  75.0%  35.7 1024s
 46785 30957  126.00000   48   56  128.00000   32.00007  75.0%  35.7 1059s
 48020 31841  126.00000   84   47  128.00000   32.00007  75.0%  35.8 1075s
 49334 32743     cutoff   94       128.00000   32.00007  75.0%  35.9 1098s
 50666 33560  126.00000   83   83  128.00000   32.00007  75.0%  36.0 1133s
 51892 34275     cutoff  111       128.00000   32.00007  75.0%  36.0 1169s
 52939 35213  126.00000   71   84  128.00000   32.00007  75.0%  36.1 1200s
 54283 36077  126.00000   84   66  128.00000   32.00007  75.0%  36.1 1229s
 55540 36805  126.00000  128   68  128.00000   32.00007  75.0%  36.1 1257s
 56637 37587   32.00007   85  107  128.00000   32.00007  75.0%  36.2 1289s
 57715 38490   96.00000   61   45  128.00000   32.00007  75.0%  36.3 1309s
 59021 39260     cutoff   79       128.00000   32.00007  75.0%  36.3 1327s
 60202 40130  126.00000   50   55  128.00000   32.00007  75.0%  36.4 1352s
*61084  8821             114      96.0000000   32.00007  66.7%  36.4 1352s
 61496  8828     cutoff   80        96.00000   32.00007  66.7%  36.4 1381s
 62963  9713   65.45455  134  108   96.00000   32.00007  66.7%  36.9 1416s
 64526 10467   64.00000   93   45   96.00000   32.00007  66.7%  37.2 1453s
 66025 11196     cutoff   35        96.00000   32.00007  66.7%  37.7 1482s
 67292 11872     cutoff   79        96.00000   32.00007  66.7%  37.9 1510s
 68505 12522   64.00000   53   47   96.00000   32.00007  66.7%  38.1 1542s
 69691 13168   64.00000   86   33   96.00000   32.00007  66.7%  38.4 1570s
 70952 13890 infeasible   86        96.00000   32.00007  66.7%  38.6 1598s
 72310 14592   64.00000   82   57   96.00000   32.00007  66.7%  38.9 1632s
 73724 15156   64.00000  100   51   96.00000   32.00007  66.7%  39.2 1660s
 74836 15657   64.00000  116   59   96.00000   32.00007  66.7%  39.3 1691s
 76006 16230 infeasible   84        96.00000   32.00007  66.7%  39.6 1722s
 77261 16922   64.00000  102   71   96.00000   32.00007  66.7%  39.8 1749s
 78519 17493     cutoff   92        96.00000   32.00007  66.7%  39.9 1780s
 79799 18080   64.00000   69   50   96.00000   32.00007  66.7%  40.1 1811s
 80908 18694   64.00000  107   58   96.00000   32.00007  66.7%  40.3 1840s
 82270 19343   64.00000   70   71   96.00000   32.00007  66.7%  40.4 1864s
 83506 19925   64.00000   88   47   96.00000   32.00007  66.7%  40.6 1890s
 84703 20634   64.00000   89   59   96.00000   32.00007  66.7%  40.7 1925s
 86002 21241   64.00000   69   51   96.00000   32.00007  66.7%  40.9 1947s
 87260 21843   64.00000   84   80   96.00000   32.00007  66.7%  41.0 1976s
 88581 22785   32.00048   44  142   96.00000   32.00007  66.7%  41.3 2001s
 90307 23498   34.93878  101  126   96.00000   32.00007  66.7%  41.2 2038s
 91776 24097     cutoff  107        96.00000   32.00007  66.7%  41.3 2072s
 93008 24719   32.00007   45   76   96.00000   32.00007  66.7%  41.5 2101s
 94245 25571   64.00000   79   74   96.00000   32.00007  66.7%  41.7 2135s
 95949 26175   64.00000   74   55   96.00000   32.00007  66.7%  41.7 2159s
 97053 26738   64.00000   74   57   96.00000   32.00007  66.7%  41.8 2182s
 98325 27386   64.00000   55   66   96.00000   32.00007  66.7%  42.0 2207s
 99614 27959   48.00000   58   50   96.00000   32.00007  66.7%  42.0 2232s
 100730 28574     cutoff   88        96.00000   32.00007  66.7%  42.1 2259s
 102045 29120   64.00000   83   46   96.00000   32.00007  66.7%  42.1 2291s
 103127 29702   64.00000   51   88   96.00000   32.00007  66.7%  42.2 2317s
 104248 30330   32.00007   85   78   96.00000   32.00007  66.7%  42.3 2341s
 105546 30991   66.47368   75   98   96.00000   32.00007  66.7%  42.4 2359s
 106818 31504   64.00000   93   49   96.00000   32.00007  66.7%  42.5 2381s
 107834 32135   64.00000   68   51   96.00000   32.00007  66.7%  42.5 2403s
 109209 32827   64.00000   72   43   96.00000   32.00007  66.7%  42.6 2433s
 110777 33579   64.00000   77   64   96.00000   32.00007  66.7%  42.7 2453s
 112314 34123 infeasible   68        96.00000   32.00007  66.7%  42.6 2475s
 113371 34537     cutoff   80        96.00000   32.00007  66.7%  42.7 2497s
 114401 35078   64.00000   85   45   96.00000   32.00007  66.7%  42.8 2508s
 115588 35759     cutoff   80        96.00000   32.00007  66.7%  42.8 2530s
 117146 36203   48.00000   93   64   96.00000   32.00007  66.7%  42.8 2550s
 118156 36680     cutoff  103        96.00000   32.00007  66.7%  42.8 2568s
 119257 37139   32.00007   79   88   96.00000   32.00007  66.7%  42.9 2588s
 120261 37626 infeasible   75        96.00000   32.00007  66.7%  42.9 2607s
 121392 38131   64.00000   80   60   96.00000   32.00007  66.7%  43.1 2623s
 122554 38767     cutoff   88        96.00000   32.00007  66.7%  43.1 2646s
 123860 39313     cutoff   59        96.00000   32.00007  66.7%  43.1 2666s
 125029 39876   32.00007   68   84   96.00000   32.00007  66.7%  43.1 2681s
 126254 40689   68.00000   96   46   96.00000   32.00007  66.7%  43.2 2698s
 127813 41296   65.00000  120   75   96.00000   32.00007  66.7%  43.2 2726s
 129224 41905     cutoff   89        96.00000   32.00007  66.7%  43.3 2737s
 130425 42477     cutoff   74        96.00000   32.00007  66.7%  43.3 2767s
 131622 43171   66.47368   77   84   96.00000   32.00007  66.7%  43.4 2787s
 133203 43645   64.00000   55   56   96.00000   32.00007  66.7%  43.4 2814s
 134316 44077   65.00000   78   76   96.00000   32.00007  66.7%  43.5 2834s
 135391 44550 infeasible   69        96.00000   32.00007  66.7%  43.5 2858s
 136568 45318   64.00000   79   62   96.00000   32.00007  66.7%  43.6 2892s
 138010 45904   64.00000   58   87   96.00000   32.00007  66.7%  43.6 2918s
 139192 46418   64.00000   74   81   96.00000   32.00007  66.7%  43.6 2931s
 140127 46974 infeasible   87        96.00000   32.00007  66.7%  43.7 2958s
 141282 47469     cutoff   63        96.00000   32.00007  66.7%  43.7 2988s
 142315 48074   64.00000  100   68   96.00000   32.00007  66.7%  43.7 3014s
 143552 48572     cutoff   83        96.00000   32.00007  66.7%  43.7 3038s
 144629 49127   64.00000   75   73   96.00000   32.00007  66.7%  43.7 3061s
 145811 49997   64.00000   81   60   96.00000   32.00007  66.7%  43.8 3094s
 147494 50629   64.00000   78   38   96.00000   32.00007  66.7%  43.8 3114s
 148668 51022 infeasible  103        96.00000   32.00007  66.7%  43.8 3137s
 149549 51444   64.00000   76   46   96.00000   32.00007  66.7%  43.8 3153s
 150499 52028   64.00000   71   86   96.00000   32.00007  66.7%  43.9 3178s
 151576 52565   65.30612  119   78   96.00000   32.00007  66.7%  43.9 3201s
 152941 53032   65.00000  120   83   96.00000   32.00007  66.7%  43.9 3238s
 153938 53670   64.00000  105   39   96.00000   32.00007  66.7%  43.9 3271s
 155092 54403   64.00000  122   40   96.00000   32.00007  66.7%  44.0 3299s
 156485 54882   64.00000  151   50   96.00000   32.00007  66.7%  44.0 3326s
 157464 55307   64.84211  158   62   96.00000   32.00007  66.7%  44.0 3347s
 158379 55810   64.00000  119   52   96.00000   32.00007  66.7%  44.1 3369s
 159344 56357   64.00000   69   75   96.00000   32.00007  66.7%  44.1 3395s
 160376 56978   64.00000   91   59   96.00000   32.00007  66.7%  44.1 3415s
 161624 57554   64.00000   94   38   96.00000   32.00007  66.7%  44.1 3435s
 162802 58006   64.00000   95   54   96.00000   32.00007  66.7%  44.2 3471s
 163829 58512   64.00000   68   42   96.00000   32.00007  66.7%  44.2 3509s
 165034 59020   64.00000   85   56   96.00000   32.00007  66.7%  44.3 3544s
 166164 59652   32.00009   33  105   96.00000   32.00007  66.7%  44.3 3581s
 167461 60336   64.00000   75   63   96.00000   32.00007  66.7%  44.3 3607s
 168789 60800 infeasible   44        96.00000   32.00007  66.7%  44.3 3642s
 169896 61317   64.00000   59   71   96.00000   32.00007  66.7%  44.3 3676s
 171056 61854   64.00000   63   72   96.00000   32.00007  66.7%  44.4 3702s
 172194 62559   64.00000   75   74   96.00000   32.00007  66.7%  44.5 3733s
 173639 63167     cutoff   80        96.00000   32.00007  66.7%  44.4 3765s
 174888 63855   32.00007   80  116   96.00000   32.00007  66.7%  44.5 3797s
 176202 64334   64.00000   67   60   96.00000   32.00007  66.7%  44.5 3815s
 177318 64803   64.00000   43   91   96.00000   32.00007  66.7%  44.5 3845s
 178332 65274   64.00000   77   61   96.00000   32.00007  66.7%  44.5 3871s
 179399 65806   64.00000   94   76   96.00000   32.00007  66.7%  44.5 3907s
 180429 66300   64.00000   91   60   96.00000   32.00007  66.7%  44.6 3947s
 181459 66810     cutoff   80        96.00000   32.00007  66.7%  44.6 3984s
 182586 67355     cutoff  100        96.00000   32.00007  66.7%  44.6 4011s
 183766 67808   64.00000   65   99   96.00000   32.00007  66.7%  44.7 4040s
 184779 68293 infeasible   66        96.00000   32.00007  66.7%  44.8 4072s
 185898 68904   64.00000   85   65   96.00000   32.00007  66.7%  44.8 4103s
 187001 69532   33.00000   45  105   96.00000   32.00007  66.7%  44.9 4133s
 188217 70146   64.00000   54   63   96.00000   32.00007  66.7%  44.9 4164s
 189494 70812   64.00000   93   48   96.00000   32.00007  66.7%  44.9 4191s
 190856 71572   32.00007   46   83   96.00000   32.00007  66.7%  45.0 4213s
 192375 72264   32.00007   58  117   96.00000   32.00007  66.7%  45.0 4246s
 193593 72907   64.00000   53   75   96.00000   32.00007  66.7%  45.0 4282s
 194878 73718 infeasible   66        96.00000   32.00007  66.7%  45.0 4315s
 196355 74319   64.00000   63   50   96.00000   32.00007  66.7%  45.0 4346s
 197510 74973   32.00007   55   64   96.00000   32.00007  66.7%  45.1 4375s
 198725 75506     cutoff   88        96.00000   32.00007  66.7%  45.1 4404s
 199964 76140   64.00000   74   67   96.00000   32.00007  66.7%  45.1 4421s
 201164 76745   64.00000   91   39   96.00000   32.00007  66.7%  45.1 4448s
 202374 77317   64.00000   61   51   96.00000   32.00007  66.7%  45.1 4468s
 203432 77927   64.00000   40   57   96.00000   32.00007  66.7%  45.2 4495s
 204667 78503     cutoff   57        96.00000   32.00007  66.7%  45.2 4523s
 205782 79143   64.00000   79   45   96.00000   32.00007  66.7%  45.2 4551s
 207053 79765   65.33333   68   74   96.00000   32.00007  66.7%  45.2 4586s
 208204 80307   64.00014   78   40   96.00000   32.00007  66.7%  45.2 4617s
 209411 81149   64.00000   46   78   96.00000   32.00007  66.7%  45.2 4650s
 210856 81913   64.00000   71   68   96.00000   32.00007  66.7%  45.2 4679s
 212273 82470 infeasible   80        96.00000   32.00007  66.7%  45.1 4708s
 213470 83038   64.00000   49   73   96.00000   32.00007  66.7%  45.1 4730s
 214606 83634   64.00000   99   61   96.00000   32.00007  66.7%  45.2 4760s
 215853 84221   64.00000   48   52   96.00000   32.00007  66.7%  45.2 4783s
 217024 84927 infeasible   58        96.00000   32.00007  66.7%  45.2 4804s
 218324 85413   64.00000   81   65   96.00000   32.00007  66.7%  45.2 4823s
 219329 86011   32.00007   46   80   96.00000   32.00007  66.7%  45.2 4848s
 220448 86620   64.00000   52   53   96.00000   32.00007  66.7%  45.3 4876s
 221689 87131   32.00007   72  136   96.00000   32.00007  66.7%  45.3 4910s
 222819 87690   64.00000   43   57   96.00000   32.00007  66.7%  45.3 4939s
 224095 88379   64.00000   77   42   96.00000   32.00007  66.7%  45.4 4970s
 225331 89086   64.00000   48   78   96.00000   32.00007  66.7%  45.4 5000s

Cutting planes:
  Gomory: 36
  Lift-and-project: 3
  Cover: 25
  Implied bound: 16
  Clique: 6
  MIR: 140
  Mixing: 2
  StrongCG: 27
  Flow cover: 555
  GUB cover: 6
  Inf proof: 2
  Zero half: 87
  RLT: 4
  Relax-and-lift: 195

Explored 226625 nodes (10306869 simplex iterations) in 5000.20 seconds (802.02 work units)
Thread count was 20 (of 20 available processors)

Solution count 9: 96 128 192 ... 378

Time limit reached
Best objective 9.600000000000e+01, best bound 3.400000000000e+01, gap 64.5833%

AMPL MP initial flat model has 3310 variables (45 integer, 2185 binary);
Objectives: 1 linear; 
Constraints:  13495 linear; 2340 quadratic;

AMPL MP final model has 3760 variables (45 integer, 2185 binary);
Objectives: 1 linear; 
Constraints:  13720 linear; 2340 quadratic;


Gurobi 12.0.3: time limit, feasible solution; objective 96
1.03069e+07 simplex iterations
226625 branching nodes
absmipgap=62, relmipgap=0.645833
lp, wp, hp: begin
1: 4.500000 5.600000 10.500000
2: 4.500000 5.600000 10.500000
3: 4.500000 5.600000 10.500000
4: 2.500000 2.500000 9.000000
5: 2.500000 2.500000 9.000000
6: 2.500000 2.500000 9.000000
7: 2.500000 2.500000 9.000000
8: 2.500000 2.500000 9.000000
9: 2.500000 2.500000 9.000000
10: 2.500000 2.500000 9.000000
11: 2.500000 2.500000 9.000000
12: 2.500000 2.500000 9.000000
13: 2.500000 2.500000 9.000000
14: 2.500000 2.500000 9.000000
15: 2.500000 2.500000 9.000000
lp, wp, hp: end
LB, WB, HB: begin
1: 28.000000 15.000000 15.000000
2: 28.000000 15.000000 15.000000
3: 28.000000 15.000000 15.000000
4: 28.000000 15.000000 15.000000
5: 28.000000 15.000000 15.000000
6: 28.000000 15.000000 15.000000
7: 28.000000 15.000000 15.000000
8: 28.000000 15.000000 15.000000
9: 28.000000 15.000000 15.000000
10: 28.000000 15.000000 15.000000
11: 42.000000 32.000000 26.000000
12: 42.000000 32.000000 26.000000
13: 42.000000 32.000000 26.000000
14: 42.000000 32.000000 26.000000
15: 42.000000 32.000000 26.000000
16: 42.000000 32.000000 26.000000
17: 42.000000 32.000000 26.000000
18: 42.000000 32.000000 26.000000
19: 42.000000 32.000000 26.000000
20: 42.000000 32.000000 26.000000
21: 45.700000 45.700000 40.600000
22: 45.700000 45.700000 40.600000
23: 45.700000 45.700000 40.600000
24: 45.700000 45.700000 40.600000
25: 45.700000 45.700000 40.600000
26: 45.700000 45.700000 40.600000
27: 45.700000 45.700000 40.600000
28: 45.700000 45.700000 40.600000
29: 45.700000 45.700000 40.600000
30: 45.700000 45.700000 40.600000
31: 61.000000 46.000000 61.000000
32: 61.000000 46.000000 61.000000
33: 61.000000 46.000000 61.000000
34: 61.000000 46.000000 61.000000
35: 61.000000 46.000000 61.000000
36: 61.000000 46.000000 61.000000
37: 61.000000 46.000000 61.000000
38: 61.000000 46.000000 61.000000
39: 61.000000 46.000000 61.000000
40: 61.000000 46.000000 61.000000
LB, WB, HB: end
l_px, l_py, w_px, w_py: begin
1: 0 1 1 0
2: 1 0 0 1
3: 0 1 1 0
4: 1 0 0 1
5: 1 0 0 1
6: 1 0 0 1
7: 1 0 0 1
8: 1 0 0 1
9: 1 0 0 1
10: 1 0 0 1
11: 0 1 1 0
12: 1 0 0 1
13: 1 0 0 1
14: 1 0 0 1
15: 1 0 0 1
l_px, l_py, w_px, w_py: end
xp, yp, zp, on_floor: begin
1: 5.000000 0.000000 0.000000 1
2: 0.000000 5.000000 0.000000 1
3: 5.000000 0.000000 0.000000 1
4: 3.000000 3.000000 0.000000 1
5: 0.000000 3.000000 0.000000 1
6: 0.000000 0.000000 0.000000 1
7: 0.000000 0.000000 0.000000 1
8: 2.000000 0.000000 0.000000 1
9: 0.000000 3.000000 0.000000 1
10: 3.000000 5.000000 0.000000 1
11: 2.000000 0.000000 0.000000 1
12: 3.000000 5.000000 0.000000 1
13: 0.000000 3.000000 0.000000 1
14: 4.000000 0.000000 0.000000 1
15: 5.000000 5.000000 0.000000 1
xp, yp, zp, on_floor: end
product ->carton: begin
1 -> 4
2 -> 2
3 -> 2
4 -> 1
5 -> 4
6 -> 1
7 -> 4
8 -> 2
9 -> 1
10 -> 4
11 -> 2
12 -> 4
13 -> 1
14 -> 1
15 -> 2
product ->carton: end
