Gurobi 12.0.3:   lim:time = 5000
Set parameter LogToConsole to value 1
  tech:outlev = 1
Set parameter InfUnbdInfo to value 1
Gurobi Optimizer version 12.0.3 build v12.0.3rc0 (win64 - Windows 11+.0 (26200.2))

CPU model: 12th Gen Intel(R) Core(TM) i7-12700, instruction set [SSE2|AVX|AVX2]
Thread count: 12 physical cores, 20 logical processors, using up to 20 threads

Non-default parameters:
TimeLimit  5000
InfUnbdInfo  1

Optimize a model with 65286 rows, 17516 columns and 432180 nonzeros
Model fingerprint: 0x6107faa2
Model has 10098 quadratic constraints
Model has 1156 general nonlinear constraints (2448 nonlinear terms)
Variable types: 7978 continuous, 9538 integer (0 binary)
Coefficient statistics:
  Matrix range     [1e+00, 1e+06]
  QMatrix range    [1e+00, 1e+00]
  QLMatrix range   [1e+00, 1e+01]
  Objective range  [3e+01, 5e+02]
  Bounds range     [1e+00, 1e+06]
  RHS range        [1e+00, 1e+06]
Presolve model has 1156 nlconstr
Added 1428 variables to disaggregate expressions.
Presolve added 7284 rows and 0 columns
Presolve removed 0 rows and 1224 columns
Presolve time: 2.50s
Presolved: 99124 rows, 26833 columns, 590238 nonzeros
Presolved model has 2244 SOS constraint(s)
Presolved model has 5610 bilinear constraint(s)

Solving non-convex MIQCP

Variable types: 16001 continuous, 10832 integer (10682 binary)

Deterministic concurrent LP optimizer: primal and dual simplex (primal and dual model)
Showing primal log only...

Root relaxation presolved: 80418 rows, 15588 columns, 569015 nonzeros


Root simplex log...

Iteration    Objective       Primal Inf.    Dual Inf.      Time
       0    0.0000000e+00   5.089232e+03   7.628240e+08     10s
    3292    7.5100000e+03   0.000000e+00   9.787500e+02     10s
    3440    3.2000000e+01   0.000000e+00   0.000000e+00     10s
    3440    3.2000000e+01   0.000000e+00   0.000000e+00     10s

Use crossover to convert LP symmetric solution to basic solution...

Root crossover log...

      20 DPushes remaining with DInf 0.0000000e+00                10s
       0 DPushes remaining with DInf 0.0000000e+00                10s

     706 PPushes remaining with PInf 0.0000000e+00                10s
       0 PPushes remaining with PInf 0.0000000e+00                10s

  Push phase complete: Pinf 0.0000000e+00, Dinf 0.0000000e+00     10s


Root simplex log...

Iteration    Objective       Primal Inf.    Dual Inf.      Time
    4169    3.2000000e+01   0.000000e+00   0.000000e+00     10s
    4169    3.2000000e+01   0.000000e+00   0.000000e+00     10s
Concurrent spin time: 0.03s

Solved with dual simplex

Root relaxation: objective 3.200000e+01, 1166 iterations, 0.92 seconds (0.52 work units)
Total elapsed time = 10.48s (DegenMoves)

    Nodes    |    Current Node    |     Objective Bounds      |     Work
 Expl Unexpl |  Obj  Depth IntInf | Incumbent    BestBd   Gap | It/Node Time

     0     0   32.00000    0  305          -   32.00000      -     -   12s
     0     0   32.00000    0  301          -   32.00000      -     -   12s
     0     0   32.00000    0  883          -   32.00000      -     -   19s
     0     0   32.00000    0  856          -   32.00000      -     -   19s
     0     0   32.00000    0 1240          -   32.00000      -     -   25s
     0     0   32.00000    0  244          -   32.00000      -     -   49s
     0     0   32.00000    0  244          -   32.00000      -     -   49s
     0     0   32.00000    0  239          -   32.00000      -     -   52s
     0     0   32.00000    0  174          -   32.00000      -     -   62s
     0     0   32.00000    0  174          -   32.00000      -     -   62s
     0     0   32.00000    0  197          -   32.00000      -     -   66s
     0     0   32.00000    0  197          -   32.00000      -     -   66s
     0     0   32.00000    0  197          -   32.00000      -     -   67s
     0     0   32.00000    0  197          -   32.00000      -     -   67s
     0     0   32.00000    0  197          -   32.00000      -     -   67s
     0     0   32.00000    0  197          -   32.00000      -     -   67s
     0     0   32.00000    0  269          -   32.00000      -     -   77s
     0     0   32.00000    0  273          -   32.00000      -     -   78s
     0     0   32.00000    0  274          -   32.00000      -     -   78s
     0     0   32.00000    0  274          -   32.00000      -     -   79s
     0     0   32.00000    0  286          -   32.00000      -     -   94s
     0     2   32.00000    0  298          -   32.00000      -     -  103s
     7     8 infeasible    3               -   32.00000      -   503  113s
    15    14   32.00000    4 1804          -   32.00000      -  1736  119s
    23    26   32.00000    5 1630          -   32.00000      -  2962  131s
    35    74   32.00000    6 1581          -   32.00000      -  3620  144s
    98    98 infeasible   10               -   32.00000      -  1987  168s
   128   225   32.00000   11 1614          -   32.00000      -  1712  224s
   354   365   32.00000   11  267          -   32.00000      -  1187  282s
   522   675   32.00000   19 2003          -   32.00000      -  1480  358s
   909  1243   32.00000   22 1117          -   32.00000      -  1367  465s
  1595  2064   32.00000   51 1079          -   32.00000      -  1333  590s
  2623  2665   32.00000   95  903          -   32.00000      -  1104  718s
  3540  3247   32.00000  116  802          -   32.00000      -   999  850s
  4422  3832   32.00000  161  669          -   32.00000      -   942  970s
  5333  4317   32.00000  205  579          -   32.00000      -   889 1101s
  6063  4318   32.00000  155 2749          -   32.00000      -   875 1137s
  6065  4319   64.00000  197   76          -   32.00000      -   874 1141s
  6067  4321   32.00000   54  387          -   32.00000      -   874 1146s
  6068  4321   32.00000  154   79          -   32.00000      -   874 1155s
  6070  4323   32.00003  122   90          -   32.00000      -   874 1163s
  6071  4323   32.00000   51  606          -   32.00000      -   873 1167s
  6072  4324   64.00000   81   96          -   32.00000      -   873 1176s
  6073  4325   32.00000  104  916          -   32.00000      -   873 1180s
  6074  4325   32.00000  146   84          -   32.00000      -   873 1188s
  6075  4326   32.00013  217  643          -   32.00000      -   873 1191s
  6076  4327   32.00000  131   95          -   32.00000      -   873 1202s
  6077  4327   32.00000   59  267          -   32.00000      -   873 1205s
  6078  4328   32.00005  114   94          -   32.00000      -   872 1215s
  6080  4329   64.00000  163  110          -   32.00000      -   872 1237s
  6082  4331   32.00000   69   84          -   32.00000      -   872 1246s
  6084  4332   32.00000   97   87          -   32.00000      -   871 1254s
  6085  4333   32.00000   23   87          -   32.00000      -   871 1259s
  6086  4333   32.00000   43   87          -   32.00000      -   871 1264s
  6087  4337   32.00000   13  162          -   32.00000      -   898 1281s
  6089  4339   94.00000   14  161          -   32.00000      -   898 1285s
  6093  4345   94.00000   15 1132          -   32.00000      -   898 1351s
  6100  4354   94.00000   16  805          -   32.00000      -   900 1368s
  6112  4385   94.00000   17  805          -   32.00000      -   901 1402s
  6155  4383   94.00000   19  947          -   32.00000      -   899 1428s
H 6160  4164                    7446.0000000   32.00000   100%   898 1428s
H 6169  3986                    6820.0000000   32.00000   100%   905 1497s
H 6169  3790                    6664.0000000   32.00000   100%   905 1497s
H 6171  3603                    5882.0000000   32.00000  99.5%   904 1497s
  6200  3616   94.00000   20  934 5882.00000   32.00000  99.5%   908 1514s
H 6225  3459                    5726.0000000   32.00000  99.4%   910 1526s
H 6227  3291                    5413.0000000   32.00000  99.4%   910 1526s
H 6232  3130                    4944.0000000   32.00000  99.4%   909 1526s
  6256  3158   94.00000   22  932 4944.00000   32.00000  99.4%   910 1546s
H 6302  3020                    4756.0000000   32.00000  99.3%   907 1567s
H 6302  2876                     852.0000000   32.00000  96.2%   907 1567s
H 6314  2736                     790.0000000   32.00000  95.9%   905 1567s
  6340  2764   94.00000   25  895  790.00000   32.00000  95.9%   903 1580s
H 6387  2627                     758.0000000   32.00000  95.8%   900 1599s
H 6387  2503                     476.0000000   32.00000  93.3%   900 1599s
  6404  2557   94.00000   26  893  476.00000   32.00000  93.3%   898 1627s
  6482  2606   94.00000   29  890  476.00000   32.00000  93.3%   890 1656s
H 6549  2467                     444.0000000   32.00000  92.8%   884 1656s
  6569  2527   94.00000   30  869  444.00000   32.00000  92.8%   881 1672s
H 6656  2442                     412.0000000   32.00000  92.2%   871 1688s
H 6658  2337                     382.0000000   32.00000  91.6%   871 1688s
  6716  2377   94.00000   33  854  382.00000   32.00000  91.6%   865 1706s
H 6795  2260                     350.0000000   32.00000  90.9%   856 1724s
H 6797  2164                     320.0000000   32.00000  90.0%   856 1724s
H 6801  2072                     288.0000000   32.00000  88.9%   855 1724s
  6807  2128   94.00000   35  866  288.00000   32.00000  88.9%   855 1739s
  6881  2157   94.00000   36  841  288.00000   32.00000  88.9%   847 1755s
  6956  2180   94.00000   37  873  288.00000   32.00000  88.9%   839 1766s
  7027  2219   94.00000   39  851  288.00000   32.00000  88.9%   831 1778s
  7099  2262   94.00000   40  851  288.00000   32.00000  88.9%   824 1802s
  7177  2307   94.00000   41  850  288.00000   32.00000  88.9%   816 1817s
  7258  2344 infeasible   42       288.00000   32.00000  88.9%   808 1828s
  7345  2386   94.00000   44  845  288.00000   32.00000  88.9%   800 1841s
  7443  2426   94.00000   45  845  288.00000   32.00000  88.9%   790 1859s
  7538  2471   94.00000   46  837  288.00000   32.00000  88.9%   782 1880s
  7637  2474   94.00000   47  838  288.00000   32.00000  88.9%   773 1895s
  7696  2519   94.00000   48  817  288.00000   32.00000  88.9%   767 1912s
  7795  2578   94.00000   49  858  288.00000   32.00000  88.9%   759 1930s
  7914  2622   94.00000   50  832  288.00000   32.00000  88.9%   749 1951s
  8017  2675   94.00000   53  830  288.00000   32.00000  88.9%   740 1970s
  8127  2715   94.00000   54  822  288.00000   32.00000  88.9%   732 1981s
  8243  2753   94.00000   57  817  288.00000   32.00000  88.9%   723 2005s
  8355  2804   94.00000   58  806  288.00000   32.00000  88.9%   716 2031s
  8479  2860   96.04348   60  816  288.00000   32.00000  88.9%   708 2060s
  8611  2916   96.04348   62  847  288.00000   32.00000  88.9%   698 2085s
  8736  3007   96.04348   64  840  288.00000   32.00000  88.9%   690 2107s
  8891  3011   96.04348   65  841  288.00000   32.00000  88.9%   680 2133s
  8986  3045   96.04348   67  850  288.00000   32.00000  88.9%   674 2155s
  9065  3179   96.04348   69  851  288.00000   32.00000  88.9%   669 2188s
  9252  3298   96.04348   71  841  288.00000   32.00000  88.9%   657 2212s
  9484  3424  111.34783   73  755  288.00000   32.00000  88.9%   643 2253s
H 9611  3273                     256.0000000   32.00000  87.5%   636 2253s
  9718  3433  141.00000   76  459  256.00000   32.00000  87.5%   629 2285s
H 9904  3111                     224.0000000   32.00000  85.7%   619 2285s
* 9932  2495             331     192.0000000   32.00000  83.3%   617 2285s
 10016  2651  141.00000   79  428  192.00000   32.00000  83.3%   613 2318s
 10301  2829  188.00000   81  453  192.00000   32.00000  83.3%   599 2347s
 10614  3052  188.00000   83  473  192.00000   32.00000  83.3%   584 2380s
 10965  3262  188.00000   86  482  192.00000   32.00000  83.3%   568 2416s
 11212  3547  188.00000   88  494  192.00000   32.00000  83.3%   558 2443s
 11528  3811  188.00000   91  491  192.00000   32.00000  83.3%   546 2473s
 11898  4081  188.00000   94  496  192.00000   32.00000  83.3%   532 2512s
 12302  4261 infeasible   95       192.00000   32.00000  83.3%   518 2551s
 12517  4685  188.00000   97  485  192.00000   32.00000  83.3%   510 2606s
 13011  5106  158.00000   41  427  192.00000   32.00000  83.3%   493 2648s
 13530  5533  158.00000   91  385  192.00000   32.00000  83.3%   479 2697s
 14034  5920  190.00000  132  330  192.00000   32.00000  83.3%   465 2726s
 14511  6344  190.00000  180  333  192.00000   32.00000  83.3%   453 2795s
 15057  6745  190.00000  229  282  192.00000   32.00000  83.3%   441 2836s
 15559  7384     cutoff  268       192.00000   32.00000  83.3%   430 2889s
 16234  8284  158.00000   78  420  192.00000   32.00000  83.3%   415 2980s
 17291  8916 infeasible   50       192.00000   32.00000  83.3%   393 3046s
 18077  8917  126.00000  194 2259  192.00000   32.00000  83.3%   378 3066s
 18080  8919  126.00000  161  728  192.00000   32.00000  83.3%   378 3070s
 18082  8920  158.00000   99   84  192.00000   32.00000  83.3%   378 3075s
 18084  8922  190.00000  219   76  192.00000   32.00000  83.3%   378 3080s
 18087  8924  162.08696  250  373  192.00000   32.00000  83.3%   378 3085s
 18088  8924  158.00000  214   84  192.00000   32.00000  83.3%   378 3091s
 18091  8926  126.00000  199  475  192.00000   32.00000  83.3%   377 3095s
 18094  8928  167.89474  209   88  192.00000   32.00000  83.3%   377 3101s
 18097  8930  158.00000  146  375  192.00000   32.00000  83.3%   377 3106s
 18099  8932  141.00000   34   80  192.00000   32.00000  83.3%   377 3115s
 18100  8932  158.00000   97   80  192.00000   32.00000  83.3%   377 3128s
 18101  8936   94.00000   27  554  192.00000   32.00000  83.3%   382 3143s
 18103  8939   94.00000   28  485  192.00000   32.00000  83.3%   382 3145s
 18107  8946   94.00000   29  546  192.00000   32.00000  83.3%   381 3162s
 18115  8955   94.00000   30  554  192.00000   32.00000  83.3%   381 3170s
 18127  8973   94.00000   31  193  192.00000   32.00000  83.3%   381 3183s
 18154  8989   94.00000   32  491  192.00000   32.00000  83.3%   381 3193s
 18185  8992   94.00000   32  477  192.00000   32.00000  83.3%   382 3212s
 18201  9014   94.00000   33  498  192.00000   32.00000  83.3%   382 3232s
 18239  9041   94.00000   34  496  192.00000   32.00000  83.3%   383 3254s
 18289  9111   94.00000   36  439  192.00000   32.00000  83.3%   383 3270s
 18400  9193   94.00000   39  470  192.00000   32.00000  83.3%   382 3303s
 18578  9317   94.00000   44  456  192.00000   32.00000  83.3%   382 3325s
 18844  9442  110.00000   54  343  192.00000   32.00000  83.3%   379 3355s
 19107  9599  126.00000   67  244  192.00000   32.00000  83.3%   376 3383s
 19387  9765  126.00000   79  241  192.00000   32.00000  83.3%   373 3417s
 19699  9894  126.00000   94  277  192.00000   32.00000  83.3%   369 3443s
 19989 10015  126.00000  110  255  192.00000   32.00000  83.3%   366 3490s
 20276 10182  126.00000  121  261  192.00000   32.00000  83.3%   363 3557s
 20615 10378 infeasible  139       192.00000   32.00000  83.3%   360 3601s
 20999 10502     cutoff  154       192.00000   32.00000  83.3%   356 3638s
 21388 10681   64.34783   50  422  192.00000   32.00000  83.3%   352 3665s
 21808 10869   71.35652   99  390  192.00000   32.00000  83.3%   347 3695s
 22282 11143  158.00000  152  358  192.00000   32.00000  83.3%   341 3723s
 22786 11414  158.00000  195  309  192.00000   32.00000  83.3%   335 3750s
 23318 11579  126.00000   82  213  192.00000   32.00000  83.3%   329 3780s
 23795 11662   64.00000   72  263  192.00000   32.00000  83.3%   325 3804s
 24128 11853  126.00000   82  245  192.00000   32.00000  83.3%   323 3847s
 24547 12222   64.00000   53  262  192.00000   32.00000  83.3%   319 3895s
 25191 12417  188.00000  121  209  192.00000   32.00000  83.3%   313 3934s
 25702 12775  126.00000   86  278  192.00000   32.00000  83.3%   308 3973s
 26445 12895  126.00000  131  250  192.00000   32.00000  83.3%   301 4010s
 26924 13556     cutoff  167       192.00000   32.00000  83.3%   298 4040s
 27956 13732 infeasible  154       192.00000   32.00000  83.3%   289 4070s
 28593 14480   64.00000  122  252  192.00000   32.00000  83.3%   284 4109s
 29705 14928   96.00000  191  235  192.00000   32.00000  83.3%   276 4167s
 30745 15059     cutoff  258       192.00000   32.00000  83.3%   268 4211s
 31370 15652  160.00000  105  237  192.00000   32.00000  83.3%   265 4260s
 32390 15785  158.00000  123  257  192.00000   32.00000  83.3%   259 4297s
 33001 16646  158.00000  155  192  192.00000   32.00000  83.3%   256 4341s
 34244 16745 infeasible   71       192.00000   32.00000  83.3%   248 4383s
 34912 17331  158.00000   96  210  192.00000   32.00000  83.3%   245 4417s
 35993 17648 infeasible  216       192.00000   32.00000  83.3%   240 4478s
 36797 18436  160.00000  125  172  192.00000   32.00000  83.3%   236 4560s
 38211 18506  158.00000  172  211  192.00000   32.00000  83.3%   230 4589s
 38888 19295  158.00000  221  146  192.00000   32.00000  83.3%   227 4639s
 40105 19478  159.39130  157  269  192.00000   32.00000  83.3%   222 4674s
 40824 20179  126.00000  125  196  192.00000   32.00000  83.3%   219 4719s
 41937 20514  126.00000  181  183  192.00000   32.00000  83.3%   214 4761s
 42802 20869 infeasible   74       192.00000   32.00000  83.3%   211 4793s
 43624 21674  129.02174  109  383  192.00000   32.00000  83.3%   208 4840s
 45020 22564   96.00000  166  241  192.00000   32.00000  83.3%   204 4914s
 46541 23034   64.00000  112  271  192.00000   32.00000  83.3%   198 4977s
 47165 23489  126.00000   60  318  192.00000   32.00000  83.3%   197 5000s

Cutting planes:
  Gomory: 6
  Lift-and-project: 2
  Cover: 139
  Implied bound: 87
  Projected implied bound: 5
  Clique: 27
  MIR: 12
  StrongCG: 48
  Flow cover: 510
  GUB cover: 5
  Zero half: 20
  RLT: 138
  Relax-and-lift: 235

Explored 47747 nodes (9469001 simplex iterations) in 5000.39 seconds (1138.77 work units)
Thread count was 20 (of 20 available processors)

Solution count 10: 192 224 224 ... 412

Time limit reached
Best objective 1.920000000000e+02, best bound 3.200000000000e+01, gap 83.3333%

AMPL MP initial flat model has 15204 variables (102 integer, 9424 binary);
Objectives: 1 linear; 
Constraints:  64130 linear; 12410 quadratic;

AMPL MP final model has 17516 variables (126 integer, 9424 binary);
Objectives: 1 linear; 
Constraints:  65286 linear; 12410 quadratic;


Gurobi 12.0.3: time limit, feasible solution; objective 192
9.469e+06 simplex iterations
47747 branching nodes
absmipgap=160, relmipgap=0.833333
lp, wp, hp: begin
1: 11.000000 7.000000 1.000000
2: 11.000000 7.000000 1.000000
3: 11.000000 7.000000 1.000000
4: 11.000000 7.000000 1.000000
5: 11.000000 7.000000 1.000000
6: 11.000000 7.000000 1.000000
7: 11.000000 7.000000 1.000000
8: 11.000000 7.000000 1.000000
9: 11.000000 7.000000 1.000000
10: 11.000000 7.000000 1.000000
11: 11.000000 7.000000 1.000000
12: 11.000000 7.000000 1.000000
13: 7.700000 7.700000 4.600000
14: 7.700000 7.700000 4.600000
15: 7.700000 7.700000 4.600000
16: 7.700000 7.700000 4.600000
17: 7.700000 7.700000 4.600000
18: 7.700000 7.700000 4.600000
19: 7.700000 7.700000 4.600000
20: 7.700000 7.700000 4.600000
21: 7.700000 7.700000 4.600000
22: 7.700000 7.700000 4.600000
23: 7.700000 7.700000 4.600000
24: 7.700000 7.700000 4.600000
25: 7.100000 4.100000 1.700000
26: 7.100000 4.100000 1.700000
27: 7.100000 4.100000 1.700000
28: 7.100000 4.100000 1.700000
29: 7.100000 4.100000 1.700000
30: 7.100000 4.100000 1.700000
31: 7.100000 4.100000 1.700000
32: 7.100000 4.100000 1.700000
33: 7.100000 4.100000 1.700000
34: 7.100000 4.100000 1.700000
lp, wp, hp: end
LB, WB, HB: begin
1: 28.000000 15.000000 15.000000
2: 28.000000 15.000000 15.000000
3: 28.000000 15.000000 15.000000
4: 28.000000 15.000000 15.000000
5: 28.000000 15.000000 15.000000
6: 28.000000 15.000000 15.000000
7: 28.000000 15.000000 15.000000
8: 28.000000 15.000000 15.000000
9: 28.000000 15.000000 15.000000
10: 28.000000 15.000000 15.000000
11: 42.000000 32.000000 26.000000
12: 42.000000 32.000000 26.000000
13: 42.000000 32.000000 26.000000
14: 42.000000 32.000000 26.000000
15: 42.000000 32.000000 26.000000
16: 42.000000 32.000000 26.000000
17: 42.000000 32.000000 26.000000
18: 42.000000 32.000000 26.000000
19: 42.000000 32.000000 26.000000
20: 42.000000 32.000000 26.000000
21: 45.700000 45.700000 40.600000
22: 45.700000 45.700000 40.600000
23: 45.700000 45.700000 40.600000
24: 45.700000 45.700000 40.600000
25: 45.700000 45.700000 40.600000
26: 45.700000 45.700000 40.600000
27: 45.700000 45.700000 40.600000
28: 45.700000 45.700000 40.600000
29: 45.700000 45.700000 40.600000
30: 45.700000 45.700000 40.600000
31: 61.000000 46.000000 61.000000
32: 61.000000 46.000000 61.000000
33: 61.000000 46.000000 61.000000
34: 61.000000 46.000000 61.000000
35: 61.000000 46.000000 61.000000
36: 61.000000 46.000000 61.000000
37: 61.000000 46.000000 61.000000
38: 61.000000 46.000000 61.000000
39: 61.000000 46.000000 61.000000
40: 61.000000 46.000000 61.000000
LB, WB, HB: end
l_px, l_py, w_px, w_py: begin
1: 1 0 0 1
2: 1 0 0 1
3: 1 0 0 1
4: 1 0 0 1
5: 1 0 0 1
6: 1 0 0 1
7: 1 0 0 1
8: 1 0 0 1
9: 1 0 0 1
10: 1 0 0 1
11: 1 0 0 1
12: 1 0 0 1
13: 0 1 1 0
14: 1 0 0 1
15: 1 0 0 1
16: 1 0 0 1
17: 0 1 1 0
18: 0 1 1 0
19: 0 1 1 0
20: 0 1 1 0
21: 1 0 0 1
22: 0 1 1 0
23: 0 1 1 0
24: 0 1 1 0
25: 1 0 0 1
26: 1 0 0 1
27: 1 0 0 1
28: 0 1 1 0
29: 0 1 1 0
30: 1 0 0 1
31: 1 0 0 1
32: 1 0 0 1
33: 1 0 0 1
34: 1 0 0 1
l_px, l_py, w_px, w_py: end
xp, yp, zp, on_floor: begin
1: 0.000000 0.000000 3.000000 0
2: 0.000000 0.000000 4.000000 0
3: 0.000000 0.000000 1.000000 0
4: 14.000000 0.000000 1.000000 0
5: 14.000000 0.000000 0.000000 1
6: 0.000000 0.000000 2.000000 0
7: 0.000000 0.000000 2.000000 0
8: 13.000000 8.000000 0.000000 1
9: 14.000000 0.000000 1.000000 0
10: 0.000000 0.000000 1.000000 0
11: 0.000000 0.000000 0.000000 1
12: 0.000000 0.000000 2.000000 0
13: 11.000000 7.000000 0.000000 1
14: 0.000000 7.000000 0.000000 1
15: 14.000000 7.000000 0.000000 1
16: 14.000000 7.000000 0.000000 1
17: 1.000000 7.000000 0.000000 1
18: 14.000000 0.000000 0.000000 1
19: 4.000000 7.000000 0.000000 1
20: 0.000000 7.000000 0.000000 1
21: 0.000000 0.000000 0.000000 1
22: 3.000000 7.000000 0.000000 1
23: 12.000000 7.000000 0.000000 1
24: 14.000000 0.000000 0.000000 1
25: 3.000000 0.000000 3.000000 0
26: 3.000000 0.000000 5.000000 0
27: 6.000000 8.000000 0.000000 1
28: 8.000000 5.000000 0.000000 1
29: 9.000000 0.000000 0.000000 1
30: 0.000000 0.000000 5.000000 0
31: 1.000000 0.000000 4.000000 0
32: 0.000000 2.000000 2.000000 0
33: 3.000000 2.000000 3.000000 0
34: 3.000000 2.000000 3.000000 0
xp, yp, zp, on_floor: end
product ->carton: begin
1 -> 4
2 -> 4
3 -> 10
4 -> 8
5 -> 7
6 -> 7
7 -> 4
8 -> 1
9 -> 7
10 -> 9
11 -> 9
12 -> 9
13 -> 4
14 -> 1
15 -> 7
16 -> 8
17 -> 10
18 -> 10
19 -> 9
20 -> 7
21 -> 8
22 -> 4
23 -> 9
24 -> 1
25 -> 1
26 -> 4
27 -> 8
28 -> 1
29 -> 10
30 -> 9
31 -> 10
32 -> 10
33 -> 7
34 -> 9
product ->carton: end
