Gurobi 12.0.3:   lim:time = 5000
Set parameter LogToConsole to value 1
  tech:outlev = 1
Set parameter InfUnbdInfo to value 1
Gurobi Optimizer version 12.0.3 build v12.0.3rc0 (win64 - Windows 11+.0 (26200.2))

CPU model: 12th Gen Intel(R) Core(TM) i7-12700, instruction set [SSE2|AVX|AVX2]
Thread count: 12 physical cores, 20 logical processors, using up to 20 threads

Non-default parameters:
TimeLimit  5000
InfUnbdInfo  1

Optimize a model with 145460 rows, 45712 columns and 942488 nonzeros
Model fingerprint: 0x5059fdb7
Model has 27720 quadratic constraints
Model has 3136 general nonlinear constraints (6496 nonlinear terms)
Variable types: 21728 continuous, 23984 integer (0 binary)
Coefficient statistics:
  Matrix range     [1e+00, 1e+06]
  QMatrix range    [1e+00, 1e+00]
  QLMatrix range   [1e+00, 2e+01]
  Objective range  [3e+01, 5e+02]
  Bounds range     [1e+00, 1e+06]
  RHS range        [1e+00, 1e+06]
Presolve removed 57876 rows and 12488 columns (presolve time = 5s)...
Presolve removed 57876 rows and 12488 columns (presolve time = 10s)...
Presolve model has 3136 nlconstr
Added 3584 variables to disaggregate expressions.
Presolve removed 33236 rows and 12488 columns
Presolve time: 12.26s
Presolved: 184296 rows, 61673 columns, 1027601 nonzeros
Presolved model has 6160 SOS constraint(s)
Presolved model has 15400 bilinear constraint(s)

Solving non-convex MIQCP

Variable types: 43457 continuous, 18216 integer (17824 binary)

Deterministic concurrent LP optimizer: primal simplex, dual simplex, and barrier
Showing barrier log only...

Root barrier log...

Ordering time: 0.17s

Barrier statistics:
 Free vars  : 120
 AA' NZ     : 3.893e+05
 Factor NZ  : 1.006e+06 (roughly 40 MB of memory)
 Factor Ops : 2.184e+08 (less than 1 second per iteration)
 Threads    : 10

                  Objective                Residual
Iter       Primal          Dual         Primal    Dual     Compl     Time
   0  -7.10914327e+09 -0.00000000e+00  4.27e+04 2.05e+04  1.61e+06    37s
   1  -4.46599736e+09  1.47283886e+07  2.54e+04 2.05e+04  1.09e+06    37s
   2  -1.24934188e+09  2.32916614e+07  4.55e+03 1.35e+04  6.37e+05    38s
   3  -6.57540975e+08  3.73445614e+06  1.06e+03 3.18e+03  1.60e+05    38s

Barrier performed 3 iterations in 37.97 seconds (23.68 work units)
Barrier solve interrupted - model solved by another algorithm

Concurrent spin time: 0.39s (can be avoided by choosing Method=3)

Solved with dual simplex

Root relaxation: objective 9.400000e+01, 5124 iterations, 2.72 seconds (1.15 work units)
Total elapsed time = 38.01s (DegenMoves)
Total elapsed time = 40.31s (DegenMoves)

    Nodes    |    Current Node    |     Objective Bounds      |     Work
 Expl Unexpl |  Obj  Depth IntInf | Incumbent    BestBd   Gap | It/Node Time

     0     0   94.00000    0  506          -   94.00000      -     -   44s
     0     0   94.00000    0  579          -   94.00000      -     -   95s
     0     0   94.00000    0  727          -   94.00000      -     -  130s
     0     0   94.00000    0  601          -   94.00000      -     -  132s
     0     0   94.00000    0  610          -   94.00000      -     -  133s
     0     0   94.00000    0  535          -   94.00000      -     -  134s
     0     0   94.00000    0  535          -   94.00000      -     -  137s
     0     0   94.00000    0  630          -   94.00000      -     -  162s
     0     0   94.00000    0  629          -   94.00000      -     -  165s
     0     0   94.00000    0 1192          -   94.00000      -     -  184s
     0     0   94.00000    0 1186          -   94.00000      -     -  184s
     0     0   94.00000    0 1471          -   94.00000      -     -  206s
     0     0   94.00000    0 1260          -   94.00000      -     -  207s
     0     0   94.00000    0 1112          -   94.00000      -     -  209s
     0     0   94.00000    0 1114          -   94.00000      -     -  209s
     0     0  127.75052    0 1358          -  127.75052      -     -  279s
     0     0  127.75052    0 1357          -  127.75052      -     -  287s
     0     0  127.75052    0 1140          -  127.75052      -     -  290s
     0     0  127.75052    0 1124          -  127.75052      -     -  290s
     0     0  128.10018    0 1429          -  128.10018      -     -  295s
     0     0  156.00000    0 1792          -  156.00000      -     -  372s
     0     0  156.00000    0 1396          -  156.00000      -     -  403s
     0     0  156.00000    0 1562          -  156.00000      -     -  404s
     0     0  156.00000    0 1572          -  156.00000      -     -  404s
     0     0  156.00000    0 1535          -  156.00000      -     -  410s
     0     0  156.00000    0 1323          -  156.00000      -     -  412s
     0     0  156.00000    0 1323          -  156.00000      -     -  412s
     0     0  156.00000    0 1275          -  156.00000      -     -  428s
     0     0  156.00000    0 1277          -  156.00000      -     -  428s
     0     0  156.00000    0 1149          -  156.00000      -     -  461s
     0     0  156.00000    0 1202          -  156.00000      -     -  462s
     0     0  156.00000    0 1233          -  156.00000      -     -  464s
     0     0  156.00000    0  878          -  156.00000      -     -  472s
     0     0  156.00000    0  882          -  156.00000      -     -  473s
     0     0  156.00000    0  881          -  156.00000      -     -  473s
     0     0  156.00000    0  897          -  156.00000      -     -  475s
     0     0  156.00000    0  871          -  156.00000      -     -  481s
     0     0  156.00000    0  871          -  156.00000      -     -  481s
     0     0  156.00000    0  869          -  156.00000      -     -  485s
     0     0  156.00000    0  841          -  156.00000      -     -  494s
     0     0  156.00000    0  849          -  156.00000      -     -  506s
     0     2  156.00000    0  849          -  156.00000      -     -  528s
     1     5  156.00000    1  943          -  156.00000      - 10509  531s
     3     4 infeasible    2               -  156.00000      -  4983  548s
     7     8  156.00000    3  930          -  156.00000      -  3129  550s
    11    14  156.00000    4 1031          -  156.00000      -  2646  558s
    19    14 infeasible    5               -  156.00000      -  2422  563s
    31    52  156.00000    6  978          -  156.00000      -  2344  577s
    75    80 infeasible   11               -  156.00000      -  1325  601s
   117   109 infeasible   10               -  156.00000      -  1228  646s
   175   199 infeasible    9               -  156.00000      -  1320  672s
   288   429  156.00000   15  946          -  156.00000      -  1042  765s
   586   597  156.00000   39  886          -  156.00000      -   771  834s
   800   905  156.00000   42 1550          -  156.00000      -   756 1017s
  1207  1324 infeasible   57               -  156.00000      -   784 1308s
  1838  1828  156.00000  103 1244          -  156.00000      -   813 1557s
  2557  1829  156.00000   18 6716          -  156.00000      -   754 1573s
  2559  1830  602.66667  126  203          -  156.00000      -   753 1591s
  2560  1831  156.00000   18  249          -  156.00000      -   753 1601s
  2561  1832  156.00000   36  280          -  156.00000      -   753 1613s
  2562  1832  156.00000  130 1069          -  156.00000      -   752 1628s
  2563  1833  156.00000  129  821          -  156.00000      -   752 1656s
  2564  1834  156.00000   77  967          -  156.00000      -   752 1660s
  2566  1835  156.00000   18  753          -  156.00000      -   751 1668s
  2567  1836  281.33411   74  688          -  156.00000      -   751 1686s
  2569  1837  602.66667   63  760          -  156.00000      -   750 1711s
  2570  1838  156.00000   19  792          -  156.00000      -   750 1716s
  2571  1838  156.00000  190  864          -  156.00000      -   750 1738s
  2572  1839  156.00000   82  955          -  156.00000      -   749 1744s
  2573  1840  469.00000   31  848          -  156.00000      -   749 1759s
  2574  1840  156.00000   50  611          -  156.00000      -   749 1761s
  2575  1841  156.00000   45  684          -  156.00000      -   748 1772s
  2577  1842  469.00000  113  616          -  156.00000      -   748 1790s
  2578  1843  780.00000   14  856          -  156.00000      -   748 1795s
  2579  1844  156.00000  194  836          -  156.00000      -   747 1806s
  2580  1844  604.20000   29  836          -  156.00000      -   747 1821s
  2581  1845  156.00000   34  836          -  156.00000      -   747 1875s
  2582  1848  156.00000   11  753          -  156.00000      -   830 1947s
  2584  1848  156.00000   12  581          -  156.00000      -   830 1952s
  2587  1849  156.00000   13  612          -  156.00000      -   830 1959s
  2591  1851  156.00000   14  552          -  156.00000      -   831 1980s
  2597  1853  156.00000   15  546          -  156.00000      -   830 2013s
  2606  1859  156.00000   16  548          -  156.00000      -   829 2043s
  2633  1862  156.00000   18  573          -  156.00000      -   831 2117s
  2658  1860  156.00000   19  558          -  156.00000      -   835 2191s
  2674  1867  469.00000   20  544          -  156.00000      -   837 2221s
H 2679  1772                    5351.0000000  156.00000  97.1%   836 2221s
H 2706  1718                    5287.0000000  156.00000  97.0%   835 2266s
H 2706  1634                    5225.0000000  156.00000  97.0%   835 2266s
H 2708  1555                    4475.0000000  156.00000  96.5%   836 2266s
H 2722  1474                    4443.0000000  156.00000  96.5%   832 2266s
H 2727  1401                    3974.0000000  156.00000  96.1%   832 2266s
  2781  1454  156.00000   22  578 3974.00000  156.00000  96.1%   821 2551s
H 2838  1367                    3880.0000000  156.00000  96.0%   834 2551s
H 2874  1391                    2659.0000000  156.00000  94.1%   825 2739s
H 2926  1312                    2407.0000000  156.00000  93.5%   821 2739s
H 2939  1250                    1783.0000000  156.00000  91.3%   821 2739s
  2992  1479  156.00000   27 1105 1783.00000  156.00000  91.3%   821 2909s
H 2996  1422                    1751.0000000  156.00000  91.1%   823 2909s
  3281  1696  156.00000   35 1140 1751.00000  156.00000  91.1%   797 3130s
  3734  2086  156.00000   42 1139 1751.00000  156.00000  91.1%   763 3454s
  4434  2396  156.00000   56 1141 1751.00000  156.00000  91.1%   736 3793s
H 5078  2614                    1533.0000000  156.00000  89.8%   691 4095s
H 5639  2920                    1439.0000000  156.00000  89.2%   650 4441s
H 5791  2920                    1376.0000000  156.00000  88.7%   642 4441s
H 6145  3331                    1218.0000000  156.00000  87.2%   620 4830s
H 6372  3331                    1188.0000000  156.00000  86.9%   609 4830s
H 6449  3331                    1158.0000000  156.00000  86.5%   605 4830s
  6578  3816  156.00000  140 1511 1158.00000  156.00000  86.5%   600 5000s

Cutting planes:
  Gomory: 9
  Cover: 155
  Implied bound: 11
  Projected implied bound: 10
  Clique: 79
  MIR: 52
  Mixing: 2
  Flow cover: 652
  GUB cover: 109
  Zero half: 97
  RLT: 376
  Relax-and-lift: 25
  BQP: 6

Explored 7094 nodes (4363942 simplex iterations) in 5000.55 seconds (1668.88 work units)
Thread count was 20 (of 20 available processors)

Solution count 10: 1158 1188 1218 ... 2659

Time limit reached
Best objective 1.158000000000e+03, best bound 1.560000000000e+02, gap 86.5285%

AMPL MP initial flat model has 39440 variables (168 integer, 23760 binary);
Objectives: 1 linear; 
Constraints:  142324 linear; 33992 quadratic;

AMPL MP final model has 45712 variables (280 integer, 23760 binary);
Objectives: 1 linear; 
Constraints:  145460 linear; 33992 quadratic;


Gurobi 12.0.3: time limit, feasible solution; objective 1158
4.36394e+06 simplex iterations
7094 branching nodes
absmipgap=1002, relmipgap=0.865285
lp, wp, hp: begin
1: 10.000000 8.000000 14.500000
2: 10.000000 8.000000 14.500000
3: 10.000000 8.000000 14.500000
4: 10.000000 8.000000 14.500000
5: 16.000000 10.000000 3.500000
6: 16.000000 10.000000 3.500000
7: 16.000000 10.000000 3.500000
8: 16.000000 10.000000 3.500000
9: 16.000000 10.000000 3.500000
10: 16.000000 10.000000 3.500000
11: 16.000000 10.000000 3.500000
12: 16.000000 10.000000 3.500000
13: 16.000000 10.000000 3.500000
14: 16.000000 10.000000 3.500000
15: 16.000000 10.000000 3.500000
16: 16.000000 10.000000 3.500000
17: 10.000000 8.000000 15.000000
18: 10.000000 8.000000 15.000000
19: 12.000000 7.000000 20.000000
20: 12.000000 7.000000 20.000000
21: 12.000000 7.000000 20.000000
22: 12.000000 7.000000 20.000000
23: 12.000000 7.000000 20.000000
24: 12.000000 7.000000 20.000000
25: 12.000000 7.000000 20.000000
26: 12.000000 7.000000 20.000000
27: 12.000000 7.000000 20.000000
28: 12.000000 7.000000 20.000000
29: 12.000000 7.000000 20.000000
30: 12.000000 7.000000 20.000000
31: 10.000000 8.000000 15.000000
32: 10.000000 8.000000 15.000000
33: 12.000000 7.000000 20.000000
34: 12.000000 7.000000 20.000000
35: 12.000000 7.000000 20.000000
36: 12.000000 7.000000 20.000000
37: 12.000000 7.000000 20.000000
38: 12.000000 7.000000 20.000000
39: 12.000000 7.000000 20.000000
40: 12.000000 7.000000 20.000000
41: 12.000000 7.000000 20.000000
42: 12.000000 7.000000 20.000000
43: 12.000000 7.000000 20.000000
44: 12.000000 7.000000 20.000000
45: 12.000000 7.000000 20.000000
46: 12.000000 7.000000 20.000000
47: 12.000000 7.000000 20.000000
48: 12.000000 7.000000 20.000000
49: 12.000000 7.000000 20.000000
50: 12.000000 7.000000 20.000000
51: 12.000000 7.000000 20.000000
52: 12.000000 7.000000 20.000000
53: 12.000000 7.000000 20.000000
54: 12.000000 7.000000 20.000000
55: 12.000000 7.000000 20.000000
56: 12.000000 7.000000 20.000000
lp, wp, hp: end
LB, WB, HB: begin
1: 28.000000 15.000000 15.000000
2: 28.000000 15.000000 15.000000
3: 28.000000 15.000000 15.000000
4: 28.000000 15.000000 15.000000
5: 28.000000 15.000000 15.000000
6: 28.000000 15.000000 15.000000
7: 28.000000 15.000000 15.000000
8: 28.000000 15.000000 15.000000
9: 28.000000 15.000000 15.000000
10: 28.000000 15.000000 15.000000
11: 42.000000 32.000000 26.000000
12: 42.000000 32.000000 26.000000
13: 42.000000 32.000000 26.000000
14: 42.000000 32.000000 26.000000
15: 42.000000 32.000000 26.000000
16: 42.000000 32.000000 26.000000
17: 42.000000 32.000000 26.000000
18: 42.000000 32.000000 26.000000
19: 42.000000 32.000000 26.000000
20: 42.000000 32.000000 26.000000
21: 45.700000 45.700000 40.600000
22: 45.700000 45.700000 40.600000
23: 45.700000 45.700000 40.600000
24: 45.700000 45.700000 40.600000
25: 45.700000 45.700000 40.600000
26: 45.700000 45.700000 40.600000
27: 45.700000 45.700000 40.600000
28: 45.700000 45.700000 40.600000
29: 45.700000 45.700000 40.600000
30: 45.700000 45.700000 40.600000
31: 61.000000 46.000000 61.000000
32: 61.000000 46.000000 61.000000
33: 61.000000 46.000000 61.000000
34: 61.000000 46.000000 61.000000
35: 61.000000 46.000000 61.000000
36: 61.000000 46.000000 61.000000
37: 61.000000 46.000000 61.000000
38: 61.000000 46.000000 61.000000
39: 61.000000 46.000000 61.000000
40: 61.000000 46.000000 61.000000
LB, WB, HB: end
l_px, l_py, w_px, w_py: begin
1: 1 0 0 1
2: 1 0 0 1
3: 0 1 1 0
4: 0 1 1 0
5: 0 1 1 0
6: 1 0 0 1
7: 0 1 1 0
8: 1 0 0 1
9: 1 0 0 1
10: 1 0 0 1
11: 1 0 0 1
12: 1 0 0 1
13: 1 0 0 1
14: 0 1 1 0
15: 1 0 0 1
16: 1 0 0 1
17: 0 1 1 0
18: 0 1 1 0
19: 1 0 0 1
20: 1 0 0 1
21: 1 0 0 1
22: 1 0 0 1
23: 1 0 0 1
24: 1 0 0 1
25: 1 0 0 1
26: 1 0 0 1
27: 1 0 0 1
28: 1 0 0 1
29: 1 0 0 1
30: 1 0 0 1
31: 1 0 0 1
32: 0 1 1 0
33: 1 0 0 1
34: 1 0 0 1
35: 1 0 0 1
36: 1 0 0 1
37: 1 0 0 1
38: 1 0 0 1
39: 1 0 0 1
40: 1 0 0 1
41: 1 0 0 1
42: 1 0 0 1
43: 1 0 0 1
44: 1 0 0 1
45: 1 0 0 1
46: 1 0 0 1
47: 1 0 0 1
48: 1 0 0 1
49: 1 0 0 1
50: 1 0 0 1
51: 1 0 0 1
52: 1 0 0 1
53: 1 0 0 1
54: 1 0 0 1
55: 1 0 0 1
56: 1 0 0 1
l_px, l_py, w_px, w_py: end
xp, yp, zp, on_floor: begin
1: 6.000000 17.000000 0.000000 1
2: 6.000000 2.000000 0.000000 1
3: 2.000000 0.000000 0.000000 1
4: 16.000000 0.000000 0.000000 1
5: 0.000000 10.000000 0.000000 1
6: 0.000000 0.000000 0.000000 1
7: 0.000000 10.000000 0.000000 1
8: 0.000000 10.000000 0.000000 1
9: 0.000000 0.000000 0.000000 1
10: 0.000000 0.000000 0.000000 1
11: 0.000000 0.000000 0.000000 1
12: 10.000000 17.000000 0.000000 1
13: 0.000000 17.000000 0.000000 1
14: 10.000000 10.000000 0.000000 1
15: 10.000000 0.000000 0.000000 1
16: 0.000000 17.000000 0.000000 1
17: 16.000000 0.000000 15.000000 0
18: 16.000000 0.000000 0.000000 1
19: 4.000000 10.000000 0.000000 1
20: 4.000000 3.000000 0.000000 1
21: 16.000000 3.000000 0.000000 1
22: 16.000000 3.000000 0.000000 1
23: 16.000000 10.000000 20.000000 0
24: 16.000000 3.000000 20.000000 0
25: 16.000000 3.000000 0.000000 1
26: 0.000000 10.000000 0.000000 1
27: 16.000000 17.000000 0.000000 1
28: 4.000000 3.000000 0.000000 1
29: 16.000000 3.000000 0.000000 1
30: 4.000000 3.000000 0.000000 1
31: 16.000000 17.000000 0.000000 1
32: 16.000000 0.000000 15.000000 0
33: 16.000000 10.000000 20.000000 0
34: 16.000000 17.000000 20.000000 0
35: 16.000000 3.000000 20.000000 0
36: 4.000000 3.000000 20.000000 0
37: 4.000000 10.000000 20.000000 0
38: 16.000000 10.000000 0.000000 1
39: 16.000000 3.000000 0.000000 1
40: 16.000000 3.000000 20.000000 0
41: 4.000000 10.000000 0.000000 1
42: 0.000000 17.000000 0.000000 1
43: 0.000000 10.000000 0.000000 1
44: 16.000000 10.000000 0.000000 1
45: 4.000000 10.000000 0.000000 1
46: 16.000000 10.000000 0.000000 1
47: 16.000000 10.000000 0.000000 1
48: 4.000000 3.000000 0.000000 1
49: 4.000000 10.000000 20.000000 0
50: 16.000000 10.000000 20.000000 0
51: 16.000000 10.000000 0.000000 1
52: 10.000000 10.000000 0.000000 1
53: 16.000000 17.000000 0.000000 1
54: 16.000000 17.000000 20.000000 0
55: 16.000000 10.000000 0.000000 1
56: 4.000000 3.000000 0.000000 1
xp, yp, zp, on_floor: end
product ->carton: begin
1 -> 18
2 -> 5
3 -> 10
4 -> 6
5 -> 25
6 -> 6
7 -> 28
8 -> 24
9 -> 18
10 -> 26
11 -> 28
12 -> 25
13 -> 27
14 -> 28
15 -> 10
16 -> 20
17 -> 27
18 -> 5
19 -> 27
20 -> 20
21 -> 26
22 -> 25
23 -> 25
24 -> 26
25 -> 20
26 -> 15
27 -> 26
28 -> 27
29 -> 28
30 -> 15
31 -> 27
32 -> 24
33 -> 26
34 -> 26
35 -> 25
36 -> 25
37 -> 26
38 -> 15
39 -> 15
40 -> 28
41 -> 18
42 -> 26
43 -> 20
44 -> 24
45 -> 26
46 -> 27
47 -> 20
48 -> 24
49 -> 24
50 -> 27
51 -> 18
52 -> 25
53 -> 18
54 -> 25
55 -> 26
56 -> 25
product ->carton: end
