Gurobi 12.0.3:   lim:time = 5000
Set parameter LogToConsole to value 1
  tech:outlev = 1
Set parameter InfUnbdInfo to value 1
Gurobi Optimizer version 12.0.3 build v12.0.3rc0 (win64 - Windows 11+.0 (26200.2))

CPU model: 12th Gen Intel(R) Core(TM) i7-12700, instruction set [SSE2|AVX|AVX2]
Thread count: 12 physical cores, 20 logical processors, using up to 20 threads

Non-default parameters:
TimeLimit  5000
InfUnbdInfo  1

Optimize a model with 9076 rows, 2512 columns and 56464 nonzeros
Model fingerprint: 0x6e41b317
Model has 1188 quadratic constraints
Model has 144 general nonlinear constraints (336 nonlinear terms)
Variable types: 972 continuous, 1540 integer (0 binary)
Coefficient statistics:
  Matrix range     [1e+00, 1e+06]
  QMatrix range    [1e+00, 1e+00]
  QLMatrix range   [1e+00, 8e+00]
  Objective range  [3e+01, 5e+02]
  Bounds range     [1e+00, 1e+06]
  RHS range        [1e+00, 1e+06]
Presolve model has 144 nlconstr
Added 240 variables to disaggregate expressions.
Presolve removed 2527 rows and 519 columns
Presolve time: 0.51s
Presolved: 9849 rows, 3338 columns, 51678 nonzeros
Presolved model has 264 SOS constraint(s)
Presolved model has 660 bilinear constraint(s)

Solving non-convex MIQCP

Variable types: 1969 continuous, 1369 integer (1297 binary)
Found heuristic solution: objective 7382.0000000
Found heuristic solution: objective 7350.0000000

Use crossover to convert LP symmetric solution to basic solution...

Root relaxation: objective 3.200000e+01, 125 iterations, 0.02 seconds (0.02 work units)

    Nodes    |    Current Node    |     Objective Bounds      |     Work
 Expl Unexpl |  Obj  Depth IntInf | Incumbent    BestBd   Gap | It/Node Time

     0     0   32.00000    0   26 7350.00000   32.00000   100%     -    1s
H    0     0                     786.0000000   32.00000  95.9%     -    1s
H    0     0                     662.0000000   32.00000  95.2%     -    1s
H    0     0                     630.0000000   32.00000  94.9%     -    1s
     0     0   32.00000    0  137  630.00000   32.00000  94.9%     -    1s
H    0     0                     568.0000000   32.00000  94.4%     -    1s
H    0     0                     564.0000000   32.00000  94.3%     -    1s
H    0     0                     536.0000000   32.00000  94.0%     -    1s
H    0     0                     502.0000000   32.00000  93.6%     -    1s
     0     0   32.00000    0   30  502.00000   32.00000  93.6%     -    1s
H    0     0                     378.0000000   32.00000  91.5%     -    1s
     0     0   32.00000    0   30  378.00000   32.00000  91.5%     -    1s
     0     0   32.00000    0   30  378.00000   32.00000  91.5%     -    1s
H    0     0                     316.0000000   32.00000  89.9%     -    1s
     0     0   32.00000    0   26  316.00000   32.00000  89.9%     -    2s
H    0     0                     254.0000000   32.00000  87.4%     -    2s
     0     0   32.00000    0   26  254.00000   32.00000  87.4%     -    2s
H    0     0                     192.0000000   32.00000  83.3%     -    2s
     0     0   32.00000    0   26  192.00000   32.00000  83.3%     -    2s
     0     0   32.00000    0   26  192.00000   32.00000  83.3%     -    2s
     0     0   32.00000    0   26  192.00000   32.00000  83.3%     -    2s
     0     0   32.00000    0   26  192.00000   32.00000  83.3%     -    2s
     0     2   32.00000    0   26  192.00000   32.00000  83.3%     -    2s
  2308  1418   97.39130   40   26  192.00000   40.00000  79.2%  24.9    5s
  9207  4588   97.39130   44   29  192.00000   64.00000  66.7%  20.4   10s
 24354 14522  159.36232   58   50  192.00000   64.00000  66.7%  16.7   15s
 36188 22266   64.27826   43   64  192.00000   64.00000  66.7%  16.3   23s
 40308 24283  158.00000   56   21  192.00000   64.00000  66.7%  16.5   25s
 49850 29473     cutoff   78       192.00000   64.09938  66.6%  17.4   30s
 58950 34953  160.00000   56   13  192.00000   64.69565  66.3%  18.0   35s
 72039 41183   99.13043   48   43  192.00000   74.66667  61.1%  18.1   40s
 81256 45627   96.00000   36   36  192.00000   80.00000  58.3%  18.0   45s
 88475 50373  128.00000   39   21  192.00000   80.00000  58.3%  18.1   50s
 94157 52698  160.00000   68   16  192.00000   81.63636  57.5%  18.1   56s
 100226 56528  126.34783   45   59  192.00000   94.00000  51.0%  18.0   60s
 108376 61929   95.02174   33   90  192.00000   94.00000  51.0%  17.7   65s
 116302 67313  126.00000   35   27  192.00000   94.00000  51.0%  17.4   70s
 123670 71803  127.95652   27   53  192.00000   94.00000  51.0%  17.3   75s
 132308 77959  188.00000   56   15  192.00000   94.00000  51.0%  17.1   80s
 139956 82448   95.02174   39   96  192.00000   94.00000  51.0%  17.0   85s
 145767 86289  188.00000   63   12  192.00000   94.00000  51.0%  16.9   90s
 153482 91834  189.39130   78   26  192.00000   94.00000  51.0%  16.8   95s
 160763 96216     cutoff   58       192.00000   94.00000  51.0%  16.7  100s
 165201 99707     cutoff   58       192.00000   94.00000  51.0%  16.6  105s
 172870 104393  188.00000   50   23  192.00000   94.00000  51.0%  16.5  110s
 177308 107555  158.00000   45   17  192.00000   94.00000  51.0%  16.5  115s
 182842 110461 infeasible   71       192.00000   94.00000  51.0%  16.4  120s
 189774 114921 infeasible   48       192.00000   94.00000  51.0%  16.4  126s
 194437 118471  189.39130   53   43  192.00000   94.00000  51.0%  16.4  130s
 200087 121225  188.00000   48   31  192.00000   94.00000  51.0%  16.4  135s
 202517 124562  126.00000   38   22  192.00000   94.00000  51.0%  16.4  141s
 208507 127565  189.39130   68   28  192.00000   94.00000  51.0%  16.3  145s
 214237 130364  158.00000   55   20  192.00000   94.00000  51.0%  16.3  150s
 219469 134873  188.46377   56   44  192.00000   94.00000  51.0%  16.3  156s
 225730 137496   95.02174   39   70  192.00000   94.00000  51.0%  16.2  160s
 231391 141729  190.00000   74    7  192.00000   94.00000  51.0%  16.2  166s
 237000 144746 infeasible   66       192.00000   94.34783  50.9%  16.1  171s
 241875 148325  188.34783   67   35  192.00000   94.46377  50.8%  16.1  175s
 250127 152586  190.00000   72   17  192.00000   94.46377  50.8%  16.0  180s
 255813 156174  126.00000   40   39  192.00000   94.46377  50.8%  15.9  186s
 260323 158837  188.00000   61   25  192.00000   94.46377  50.8%  15.9  191s
 263334 161255  188.00000   54   29  192.00000   94.69565  50.7%  15.9  195s
 269957 164932 infeasible   51       192.00000   94.69565  50.7%  15.8  200s
 274751 168047  188.00000   34   31  192.00000   94.69565  50.7%  15.8  206s
 280911 170830  188.00000   52   20  192.00000   95.02174  50.5%  15.7  210s
 286002 174413  141.00000   32   37  192.00000   95.02174  50.5%  15.7  215s
 292982 178993     cutoff   50       192.00000   95.02174  50.5%  15.6  221s
 300345 183589  188.00000   55   20  192.00000   95.02174  50.5%  15.5  225s
 308831 189062  127.02174   40   54  192.00000   95.02174  50.5%  15.5  230s
 315666 193453  188.00000   45   29  192.00000   95.02174  50.5%  15.4  235s
 322795 197772  188.00000   47   20  192.00000   95.02174  50.5%  15.3  240s
 327864 201014  188.00000   50   22  192.00000   95.02174  50.5%  15.3  245s
 335809 205635   95.13969   54   99  192.00000   95.13969  50.4%  15.2  250s
 342017 208320   96.00000   34   18  192.00000   95.39130  50.3%  15.2  255s
 347285 211076  160.69565   56   16  192.00000   96.00000  50.0%  15.3  260s
 352646 213845     cutoff   67       192.00000   96.00000  50.0%  15.3  265s
 360503 217777  190.00000   62   10  192.00000   96.00000  50.0%  15.3  270s
 366046 220764  190.00000   56   29  192.00000   96.00000  50.0%  15.4  276s
 369768 222657  128.00000   61   20  192.00000   96.00000  50.0%  15.4  280s
 377455 226958 infeasible   63       192.00000   96.00000  50.0%  15.4  285s
 382917 229227     cutoff   61       192.00000   96.00000  50.0%  15.4  290s
 387916 231742  190.00000   71   12  192.00000   96.00000  50.0%  15.5  295s
 392206 233523  158.00000   33   21  192.00000   96.00000  50.0%  15.5  302s
 393325 234603  190.00000   60   19  192.00000   96.00000  50.0%  15.5  306s
 396245 236150  128.45411   59   60  192.00000   96.00000  50.0%  15.5  311s
 399789 238031  190.00000   46   25  192.00000   96.00000  50.0%  15.6  316s
 403568 239743  128.00000   44   24  192.00000   96.00000  50.0%  15.6  320s
 407629 241770  160.00000   53    6  192.00000   96.00000  50.0%  15.6  325s
 412398 244714  190.00000   52    5  192.00000   96.00000  50.0%  15.6  330s
 418604 247109  128.00000   51   16  192.00000   96.00000  50.0%  15.6  335s
 424028 249830  106.66667   44   32  192.00000   96.00000  50.0%  15.6  340s
 431299 253302  128.00000   49   23  192.00000   96.00000  50.0%  15.7  345s
 436521 256269  128.00000   43   27  192.00000   96.00000  50.0%  15.7  350s
 440338 257848  128.00000   44   25  192.00000   96.00000  50.0%  15.7  356s
 445383 260402  190.00000   52   23  192.00000   96.00000  50.0%  15.7  360s
 452433 263546 infeasible   63       192.00000   96.00000  50.0%  15.7  365s
 457282 266424     cutoff   63       192.00000   96.00000  50.0%  15.7  370s
 463272 268398  190.00000   52   16  192.00000   96.00000  50.0%  15.7  375s
 468002 270386  160.00000   60   13  192.00000   96.00000  50.0%  15.7  380s
 472562 272236   96.00000   48   24  192.00000   96.00000  50.0%  15.8  385s
 476704 274677  128.00000   44   11  192.00000   96.00000  50.0%  15.8  390s
 483243 277012  128.00000   55    8  192.00000   96.00000  50.0%  15.8  395s
 487995 279140     cutoff   54       192.00000   96.00000  50.0%  15.8  400s
 493814 282173  160.00000   59    6  192.00000   96.00000  50.0%  15.8  405s
 500435 284741   96.46377   51   50  192.00000   96.00000  50.0%  15.8  410s
 506312 287536     cutoff   54       192.00000   96.00000  50.0%  15.8  416s
 510804 289420 infeasible   65       192.00000   96.00000  50.0%  15.8  421s
 515050 291288  160.00000   50   22  192.00000   96.00000  50.0%  15.8  425s
 520413 293671  128.00000   50   16  192.00000   96.00000  50.0%  15.9  431s
 524027 295355  160.00000   47   17  192.00000   96.00000  50.0%  15.9  435s
 529030 298001  128.58385   56   42  192.00000   96.00000  50.0%  15.9  441s
 534032 299917  128.69565   62   20  192.00000   96.00000  50.0%  15.9  445s
 538272 302352  160.00000   73   13  192.00000   96.00000  50.0%  15.9  450s
 543171 304243 infeasible   48       192.00000   96.00000  50.0%  15.9  455s
 546929 306369  176.00000   64   13  192.00000   96.00000  50.0%  15.9  460s
 551054 308265  160.00000   53    6  192.00000   96.00000  50.0%  15.9  465s
 556632 310144  128.00000   31   14  192.00000   96.00000  50.0%  15.9  470s
 561698 312518  160.46377   48   14  192.00000   96.00000  50.0%  15.9  476s
 566382 314705 infeasible   64       192.00000   96.00000  50.0%  15.9  481s
 569854 316205 infeasible   50       192.00000   96.00000  50.0%  16.0  485s
 575507 318685 infeasible   51       192.00000   96.00000  50.0%  16.0  490s
 581474 321964  160.00000   58   15  192.00000   96.00000  50.0%  16.0  496s
 585087 323175  128.00000   50   19  192.00000   96.00000  50.0%  16.0  500s
 591431 325989  128.00000   49   14  192.00000   96.00000  50.0%  16.0  505s
 595529 327884  108.40000   36   57  192.00000   96.00000  50.0%  16.1  510s
 599530 329664   96.34783   44   47  192.00000   96.00000  50.0%  16.1  515s
 603645 331568  190.00000   57   49  192.00000   96.00000  50.0%  16.1  520s
 606190 332741  190.00000   58   26  192.00000   96.00000  50.0%  16.1  526s
 609937 335180  176.00000   56    9  192.00000   96.00000  50.0%  16.1  531s
 614832 337567  160.00000   63   15  192.00000   96.00000  50.0%  16.1  535s
 621114 340366 infeasible   56       192.00000   96.00000  50.0%  16.1  541s
 626722 342432  190.00000   44   22  192.00000   96.00000  50.0%  16.1  545s
 631860 344721  160.00000   52    6  192.00000   96.00000  50.0%  16.1  551s
 636247 346625   96.00000   42   21  192.00000   96.00000  50.0%  16.1  555s
 639287 348986  128.00000   43   20  192.00000   96.00000  50.0%  16.1  560s
 645681 351153  128.00000   56   12  192.00000   96.00000  50.0%  16.2  566s
 649628 352837  190.00000   53   23  192.00000   96.00000  50.0%  16.2  570s
 655707 355643 infeasible   56       192.00000   96.00000  50.0%  16.2  575s
 660978 357928  128.00000   42   16  192.00000   96.00000  50.0%  16.2  580s
 666248 360242     cutoff   67       192.00000   96.00000  50.0%  16.2  585s
 670792 362284  128.34783   53   38  192.00000   96.00000  50.0%  16.2  590s
 675739 365068  190.00000   55   36  192.00000   96.00000  50.0%  16.2  595s
 680731 367261   96.00000   37   32  192.00000   96.00000  50.0%  16.2  600s
 685230 369294  128.46377   55   26  192.00000   96.00000  50.0%  16.2  605s
 690000 371511   96.00000   34   31  192.00000   96.00000  50.0%  16.2  610s
 693748 373302  144.00000   51   16  192.00000   96.00000  50.0%  16.2  615s
 697654 375016  190.00000   53   38  192.00000   96.00000  50.0%  16.2  620s
 704053 377404  127.33333   59   39  192.00000   96.00000  50.0%  16.2  626s
 708352 379328  190.00000   57   12  192.00000   96.00000  50.0%  16.2  630s
 712536 381769  160.00000   59   14  192.00000   96.00000  50.0%  16.2  636s
 718944 384107 infeasible   53       192.00000   96.00000  50.0%  16.2  640s
 723551 385913   96.00000   53   30  192.00000   96.00000  50.0%  16.2  645s
 728211 388542  128.68116   60   42  192.00000   96.00000  50.0%  16.3  651s
 730945 389461  190.00000   60   24  192.00000   96.00000  50.0%  16.2  656s
 735905 391286   96.00000   39   32  192.00000   96.00000  50.0%  16.3  660s
 738755 392993 infeasible   48       192.00000   96.00000  50.0%  16.3  665s
 745707 395458  160.00000   54   23  192.00000   96.00000  50.0%  16.3  671s
 748305 396717  128.00000   62   18  192.00000   96.00000  50.0%  16.3  675s
 753059 398975  144.00000   59   19  192.00000   96.00000  50.0%  16.3  680s
 760152 402332  158.23188   62   65  192.00000   96.00000  50.0%  16.3  685s
 766335 404910  190.00000   58   21  192.00000   96.00000  50.0%  16.3  690s
 771499 407259  190.00000   58   12  192.00000   96.00000  50.0%  16.3  695s
 775628 409006  128.34783   50   29  192.00000   96.00000  50.0%  16.3  700s
 778382 410844  160.00000   53   15  192.00000   96.00000  50.0%  16.3  705s
 783205 412450  128.00000   52   19  192.00000   96.00000  50.0%  16.3  711s
 786665 413941   96.00000   49   33  192.00000   96.00000  50.0%  16.3  715s
 790968 415872  190.00000   38   20  192.00000   96.00000  50.0%  16.3  721s
 794744 417546   96.46377   48   52  192.00000   96.00000  50.0%  16.3  725s
 798925 419491 infeasible   49       192.00000   96.00000  50.0%  16.3  730s
 802628 421265  190.00000   48   15  192.00000   96.00000  50.0%  16.3  735s
 807909 423703  128.24041   46   68  192.00000   96.00000  50.0%  16.3  741s
 811671 425458   96.23188   51   54  192.00000   96.00000  50.0%  16.4  745s
 816362 427989   96.44928   59   49  192.00000   96.00000  50.0%  16.4  751s
 821077 430061  160.00000   48    8  192.00000   96.00000  50.0%  16.4  756s
 825515 431661  128.00000   41   15  192.00000   96.00000  50.0%  16.4  760s
 829577 433414 infeasible   50       192.00000   96.00000  50.0%  16.4  765s
 835246 435980  190.00000   53   19  192.00000   96.00000  50.0%  16.4  770s
 840255 438272  128.00000   42   20  192.00000   96.00000  50.0%  16.4  776s
 842887 439180 infeasible   68       192.00000   96.00000  50.0%  16.4  780s
 845776 440650  190.00000   68   12  192.00000   96.00000  50.0%  16.4  785s
 852759 443490 infeasible   44       192.00000   96.00000  50.0%  16.4  791s
 858088 445900  128.00000   58   21  192.00000   96.00000  50.0%  16.4  796s
 864837 448618  128.00000   50   17  192.00000   96.00000  50.0%  16.4  800s
 868379 450772  190.00000   63   29  192.00000   96.00000  50.0%  16.4  805s
 875765 453438  190.00000   47   33  192.00000   96.00000  50.0%  16.4  811s
 879370 455920   96.46377   43   48  192.00000   96.00000  50.0%  16.5  815s
 885887 458734  128.00000   44   38  192.00000   96.00000  50.0%  16.5  820s
 890779 460754     cutoff   66       192.00000   96.00000  50.0%  16.5  825s
 894496 462110  190.00000   51    7  192.00000   96.00000  50.0%  16.5  830s
 900535 464613  160.00000   78    8  192.00000   96.00000  50.0%  16.5  835s
 905321 467244  128.00000   39   25  192.00000   96.00000  50.0%  16.5  840s
 907867 468107  128.00000   49   20  192.00000   96.00000  50.0%  16.5  845s
 912267 470384  128.00000   54   13  192.00000   96.00000  50.0%  16.5  850s
 917721 472319  128.69565   46   33  192.00000   96.00000  50.0%  16.5  855s
 921259 473955  158.73282   70   63  192.00000   96.00000  50.0%  16.5  860s
 925568 475937     cutoff   76       192.00000   96.00000  50.0%  16.5  865s
 926578 476214   99.13043   54   40  192.00000   96.00000  50.0%  16.5  870s
 930140 478147 infeasible   47       192.00000   96.00000  50.0%  16.5  875s
 934209 479913     cutoff   69       192.00000   96.00000  50.0%  16.5  880s
 938884 482275  128.00000   45   19  192.00000   96.00000  50.0%  16.5  886s
 942568 484641  160.00000   44   16  192.00000   96.00000  50.0%  16.5  891s
 946542 486345  128.00000   48   16  192.00000   96.00000  50.0%  16.5  895s
 950413 487818   96.34783   42   62  192.00000   96.00000  50.0%  16.5  900s
 957402 491015  160.00000   41   13  192.00000   96.00000  50.0%  16.6  906s
 961698 493125     cutoff   51       192.00000   96.00000  50.0%  16.6  911s
 965771 495233 infeasible   59       192.00000   96.00000  50.0%  16.5  916s
 967902 496449  128.00000   45   19  192.00000   96.00000  50.0%  16.5  920s
 973068 498810  160.00000   48   16  192.00000   96.00000  50.0%  16.5  926s
 977932 501939  128.00000   46   20  192.00000   96.00000  50.0%  16.5  931s
 981952 503816  190.00000   52    7  192.00000   96.00000  50.0%  16.5  935s
 988024 506441  190.00000   78    9  192.00000   96.00000  50.0%  16.5  940s
 993140 509596  160.00000   66   14  192.00000   96.00000  50.0%  16.5  945s
 998396 511795 infeasible   66       192.00000   96.00000  50.0%  16.5  950s
 1001793 513258  190.00000   41   36  192.00000   96.00000  50.0%  16.5  955s
 1004696 514941     cutoff   52       192.00000   96.00000  50.0%  16.5  960s
 1009536 517055  160.34783   42   16  192.00000   96.00000  50.0%  16.5  966s
 1014392 519580  160.00000   61   14  192.00000   96.00000  50.0%  16.5  970s
 1019504 521924  190.00000   46   41  192.00000   96.00000  50.0%  16.5  975s
 1023108 523599  160.00000   55   11  192.00000   96.00000  50.0%  16.5  980s
 1026083 524770  129.39130   52   24  192.00000   96.00000  50.0%  16.5  985s
 1029017 526875  160.00000   62   10  192.00000   96.00000  50.0%  16.5  990s
 1034961 529088 infeasible   53       192.00000   96.00000  50.0%  16.5  995s
 1038603 531453  190.00000   61   16  192.00000   96.00000  50.0%  16.5 1001s
 1043279 533046  190.00000   50   26  192.00000   96.00000  50.0%  16.5 1005s
 1046906 535191     cutoff   48       192.00000   96.00000  50.0%  16.5 1010s
 1053277 537675 infeasible   48       192.00000   96.00000  50.0%  16.5 1016s
 1056977 539486  128.00000   46   17  192.00000   96.00000  50.0%  16.5 1020s
 1062490 541846  190.00000   69   19  192.00000   96.00000  50.0%  16.5 1026s
 1066210 543750  106.66667   50   30  192.00000   96.00000  50.0%  16.5 1030s
 1069888 545436  174.00000   39   33  192.00000   96.00000  50.0%  16.5 1035s
 1074266 547532  128.00000   48   25  192.00000   96.00000  50.0%  16.5 1040s
 1078777 549467  128.00000   43   15  192.00000   96.00000  50.0%  16.5 1045s
 1082180 551538     cutoff   70       192.00000   96.00000  50.0%  16.5 1051s
 1087470 553668  190.00000   60   28  192.00000   96.00000  50.0%  16.5 1055s
 1093614 556646  190.00000   46   21  192.00000   96.00000  50.0%  16.5 1061s
 1097530 558661  190.00000   54   15  192.00000   96.00000  50.0%  16.5 1065s
 1101459 560301     cutoff   59       192.00000   96.00000  50.0%  16.5 1070s
 1107456 563907   96.00000   43   27  192.00000   96.00000  50.0%  16.5 1075s
 1114074 566635     cutoff   63       192.00000   96.00000  50.0%  16.5 1080s
 1120028 569159  160.00000   61    8  192.00000   96.00000  50.0%  16.5 1085s
 1126671 572226  160.00000   54    9  192.00000   96.00000  50.0%  16.5 1090s
 1132170 574855  190.00000   58   28  192.00000   96.00000  50.0%  16.5 1095s
 1137982 577275  160.00000   61    8  192.00000   96.00000  50.0%  16.5 1100s
 1142558 579560  128.00000   39   16  192.00000   96.00000  50.0%  16.5 1105s
 1146512 581457  190.00000   60   20  192.00000   96.00000  50.0%  16.5 1110s
 1150355 583271  144.00000   48   19  192.00000   96.00000  50.0%  16.5 1115s
 1155719 585487 infeasible   52       192.00000   96.00000  50.0%  16.5 1120s
 1159407 587424  160.00000   52   13  192.00000   96.00000  50.0%  16.5 1125s
 1163290 589460   96.69565   44   39  192.00000   96.00000  50.0%  16.5 1130s
 1167168 591215  160.00000   63    8  192.00000   96.00000  50.0%  16.5 1135s
 1171364 592670     cutoff   67       192.00000   96.00000  50.0%  16.6 1141s
 1175272 594431  160.00000   77   13  192.00000   96.00000  50.0%  16.5 1145s
 1179295 596607  128.00000   53   23  192.00000   96.00000  50.0%  16.6 1151s
 1183249 598275  190.00000   67    6  192.00000   96.00000  50.0%  16.6 1155s
 1188809 600177  160.00000   62    6  192.00000   96.00000  50.0%  16.6 1160s
 1193243 602551  190.00000   55   36  192.00000   96.00000  50.0%  16.6 1165s
 1198459 604954  160.00000   53   17  192.00000   96.00000  50.0%  16.6 1171s
 1202887 606930   96.69565   57   39  192.00000   96.00000  50.0%  16.6 1176s
 1205305 608371  128.00000   66   14  192.00000   96.00000  50.0%  16.6 1180s
 1208763 610615  128.00000   64   16  192.00000   96.00000  50.0%  16.6 1185s
 1213853 612781  160.69565   47   12  192.00000   96.00000  50.0%  16.6 1191s
 1217805 614203   96.00000   40   33  192.00000   96.00000  50.0%  16.6 1195s
 1223134 616439  158.23188   50   83  192.00000   96.00000  50.0%  16.6 1201s
 1226519 618861  128.34783   48   33  192.00000   96.00000  50.0%  16.6 1206s
 1231099 620308  128.00000   42   24  192.00000   96.00000  50.0%  16.6 1210s
 1236193 623310  190.00000   58   49  192.00000   96.00000  50.0%  16.6 1215s
 1241123 625111  160.00000   61   16  192.00000   96.00000  50.0%  16.6 1220s
 1246540 627681  143.00000   50   40  192.00000   96.00000  50.0%  16.6 1225s
 1251230 629787  128.00000   59   29  192.00000   96.00000  50.0%  16.6 1230s
 1255145 631736     cutoff   64       192.00000   96.00000  50.0%  16.6 1235s
 1258969 633670   96.46377   64   49  192.00000   96.00000  50.0%  16.6 1241s
 1261347 635298  129.25217   58   33  192.00000   96.00000  50.0%  16.6 1245s
 1265699 636732     cutoff   52       192.00000   96.00000  50.0%  16.6 1250s
 1269686 638961  128.00000   60   21  192.00000   96.00000  50.0%  16.6 1255s
 1277109 641781   96.69565   53   37  192.00000   96.00000  50.0%  16.6 1261s
 1279398 643539  161.34783   64   36  192.00000   96.00000  50.0%  16.6 1265s
 1283714 645454  128.00000   61   17  192.00000   96.00000  50.0%  16.6 1270s
 1288583 647725  128.69565   68   25  192.00000   96.00000  50.0%  16.6 1275s
 1291841 648852     cutoff   65       192.00000   96.00000  50.0%  16.6 1280s
 1296891 651254  160.00000   50   13  192.00000   96.00000  50.0%  16.6 1286s
 1301399 653301  190.00000   50   12  192.00000   96.00000  50.0%  16.6 1290s
 1305949 655368  128.34783   61   33  192.00000   96.00000  50.0%  16.6 1295s
 1310580 657401  190.00000   44   38  192.00000   96.00000  50.0%  16.6 1300s
 1316323 660702  129.49206   48   43  192.00000   96.00000  50.0%  16.6 1305s
 1323279 663165  190.00000   69   11  192.00000   96.00000  50.0%  16.6 1310s
 1325793 664816  128.00000   38   18  192.00000   96.00000  50.0%  16.6 1315s
 1331436 666730     cutoff   71       192.00000   96.00000  50.0%  16.6 1320s
 1335980 669029  168.66667   60   51  192.00000   96.00000  50.0%  16.6 1325s
 1341397 671641 infeasible   68       192.00000   96.00000  50.0%  16.6 1330s
 1347347 674928  160.00000   65   13  192.00000   96.00000  50.0%  16.6 1335s
 1351276 676884  158.46377   59   57  192.00000   96.00000  50.0%  16.6 1340s
 1356901 678852 infeasible   65       192.00000   96.00000  50.0%  16.6 1345s
 1360713 680472 infeasible   54       192.00000   96.00000  50.0%  16.6 1351s
 1363310 681738  190.00000   62   27  192.00000   96.00000  50.0%  16.6 1355s
 1368178 684024   96.67391   47   56  192.00000   96.00000  50.0%  16.6 1361s
 1372200 685876 infeasible   71       192.00000   96.00000  50.0%  16.6 1365s
 1377407 688098  190.00000   59   19  192.00000   96.00000  50.0%  16.6 1370s
 1381949 690087  190.00000   58   23  192.00000   96.00000  50.0%  16.6 1375s
 1386443 692176  190.00000   58   23  192.00000   96.00000  50.0%  16.7 1380s
 1389797 693094  160.00000   60   11  192.00000   96.00000  50.0%  16.7 1386s
 1390071 693614  160.00000   62    8  192.00000   96.00000  50.0%  16.7 1390s
 1394166 695506  190.00000   44   21  192.00000   96.00000  50.0%  16.7 1396s
 1397142 697356  160.00000   70    8  192.00000   96.00000  50.0%  16.7 1400s
 1402004 699329   96.69565   40   30  192.00000   96.00000  50.0%  16.7 1405s
 1405946 700991 infeasible   52       192.00000   96.00000  50.0%  16.7 1411s
 1410808 703123  190.00000   56   10  192.00000   96.00000  50.0%  16.7 1415s
 1415545 705422  190.00000   55   26  192.00000   96.00000  50.0%  16.7 1421s
 1419413 707248   96.69565   47   50  192.00000   96.00000  50.0%  16.7 1425s
 1423101 709026 infeasible   54       192.00000   96.00000  50.0%  16.7 1430s
 1427908 711262  190.00000   78   17  192.00000   96.00000  50.0%  16.7 1436s
 1430996 712378  144.00000   47   19  192.00000   96.00000  50.0%  16.7 1440s
 1431556 713049  144.00000   43   23  192.00000   96.00000  50.0%  16.7 1445s
 1434692 715174  190.00000   53   16  192.00000   96.00000  50.0%  16.7 1450s
 1438896 716577  141.00000   42   27  192.00000   96.00000  50.0%  16.7 1456s
 1441926 717962  160.00000   72    8  192.00000   96.00000  50.0%  16.7 1460s
 1446354 720109  141.00000   35   25  192.00000   96.00000  50.0%  16.7 1466s
 1449484 722042  190.00000   65    5  192.00000   96.00000  50.0%  16.7 1470s
 1455379 724573  112.00000   43   23  192.00000   96.00000  50.0%  16.7 1476s
 1460315 727024  128.00000   39   27  192.00000   96.00000  50.0%  16.7 1481s
 1466046 729738  190.00000   77    5  192.00000   96.00000  50.0%  16.7 1486s
 1470047 732203  190.00000   70   33  192.00000   96.00000  50.0%  16.7 1490s
 1475322 734445 infeasible   57       192.00000   96.00000  50.0%  16.7 1495s
 1479729 736835  190.00000   42   25  192.00000   96.00000  50.0%  16.7 1500s
 1483596 738537   96.45411   46   60  192.00000   96.00000  50.0%  16.7 1505s
 1486771 740599  160.00000   48    6  192.00000   96.00000  50.0%  16.7 1510s
 1490608 742924  188.00000   67   25  192.00000   96.00000  50.0%  16.7 1515s
 1495741 745067  190.00000   47   21  192.00000   96.00000  50.0%  16.6 1520s
 1499075 747303 infeasible   60       192.00000   96.06522  50.0%  16.6 1526s
 1504416 749360  160.00000   60   13  192.00000   96.17391  49.9%  16.6 1530s
 1508039 751268     cutoff   65       192.00000   96.17391  49.9%  16.6 1535s
 1512523 753666  128.00000   58   20  192.00000   96.19876  49.9%  16.6 1540s
 1516111 755701  159.33333   52   32  192.00000   96.23188  49.9%  16.6 1545s
 1521002 757616  128.69565   40   26  192.00000   96.23188  49.9%  16.6 1550s
 1526027 759773  128.00000   42   17  192.00000   96.23188  49.9%  16.6 1556s
 1530256 761633  129.02174   46   43  192.00000   96.23188  49.9%  16.6 1560s
 1535130 764668     cutoff   57       192.00000   96.23188  49.9%  16.6 1566s
 1539263 765856   96.27826   37   57  192.00000   96.23188  49.9%  16.6 1570s
 1543283 767657  128.00000   38   17  192.00000   96.23188  49.9%  16.6 1575s
 1547697 769504  160.00000   49   15  192.00000   96.23188  49.9%  16.6 1580s
 1552714 771909     cutoff   42       192.00000   96.27826  49.9%  16.6 1585s
 1557284 773945  128.46377   60   46  192.00000   96.27826  49.9%  16.6 1590s
 1562089 776352  160.00000   62    6  192.00000   96.27826  49.9%  16.6 1596s
 1567269 778528     cutoff   66       192.00000   96.27826  49.9%  16.6 1601s
 1571051 780335 infeasible   75       192.00000   96.27826  49.9%  16.6 1607s
 1573330 781857   98.08696   62   40  192.00000   96.27826  49.9%  16.6 1610s
 1579135 783656   96.34058   57   60  192.00000   96.27826  49.9%  16.6 1616s
 1582100 784904  128.00000   58   15  192.00000   96.27826  49.9%  16.6 1620s
 1586818 786828  129.36232   52   48  192.00000   96.27826  49.9%  16.6 1626s
 1590662 788585  190.00000   55   31  192.00000   96.27826  49.9%  16.6 1630s
 1596639 791193     cutoff   51       192.00000   96.34783  49.8%  16.6 1636s
 1600768 793029  160.00000   43   12  192.00000   96.34783  49.8%  16.6 1641s
 1605942 795538  160.46377   59   15  192.00000   96.34783  49.8%  16.6 1645s
 1608756 796282  128.34783   54   24  192.00000   96.34783  49.8%  16.6 1651s
 1611100 798123  190.00000   47   23  192.00000   96.34783  49.8%  16.6 1656s
 1615893 799357  160.00000   53   19  192.00000   96.34783  49.8%  16.6 1660s
 1620024 801033  128.00000   60   29  192.00000   96.34783  49.8%  16.6 1666s
 1623945 802856  112.00000   40   23  192.00000   96.34783  49.8%  16.6 1671s
 1629271 805133  190.00000   69   17  192.00000   96.34783  49.8%  16.6 1676s
 1634002 807158     cutoff   52       192.00000   96.34783  49.8%  16.6 1680s
 1637299 809161  160.00000   66   15  192.00000   96.34783  49.8%  16.6 1686s
 1641467 811066  131.06522   53   46  192.00000   96.34783  49.8%  16.6 1691s
 1645444 812291  160.00000   56    8  192.00000   96.34783  49.8%  16.6 1696s
 1649571 814207  128.00000   58   20  192.00000   96.34783  49.8%  16.6 1701s
 1652977 816016  160.69565   59   15  192.00000   96.34783  49.8%  16.6 1706s
 1657374 817908  128.00000   44   14  192.00000   96.34783  49.8%  16.6 1710s
 1660989 819022  128.00000   45   29  192.00000   96.34783  49.8%  16.6 1715s
 1664592 820773  160.00000   55   11  192.00000   96.34783  49.8%  16.6 1720s
 1669957 822750  128.00000   46   19  192.00000   96.34783  49.8%  16.6 1725s
 1675043 824880 infeasible   58       192.00000   96.34783  49.8%  16.6 1730s
 1680488 827118  128.34783   67   35  192.00000   96.34783  49.8%  16.6 1735s
 1684862 829298  176.00000   64   11  192.00000   96.34783  49.8%  16.6 1741s
 1690149 830784 infeasible   60       192.00000   96.34783  49.8%  16.6 1746s
 1692398 832003  160.00000   54   18  192.00000   96.34783  49.8%  16.6 1750s
 1695925 833022 infeasible   60       192.00000   96.34783  49.8%  16.6 1755s
 1699334 834297 infeasible   70       192.00000   96.34783  49.8%  16.6 1760s
 1703592 836180   97.56522   48   59  192.00000   96.34783  49.8%  16.6 1765s
 1708284 838369  128.34783   46   36  192.00000   96.34783  49.8%  16.6 1770s
 1713030 840149  160.00000   46    9  192.00000   96.34783  49.8%  16.6 1776s
 1716744 841783 infeasible   64       192.00000   96.34783  49.8%  16.6 1780s
 1721034 843968 infeasible   58       192.00000   96.34783  49.8%  16.6 1785s
 1725054 845888  190.00000   58   10  192.00000   96.34783  49.8%  16.6 1790s
 1728981 847398  160.00000   56    9  192.00000   96.34783  49.8%  16.6 1795s
 1733499 849171  190.00000   62   19  192.00000   96.34783  49.8%  16.6 1800s
 1737091 850392  160.46377   63   21  192.00000   96.34783  49.8%  16.6 1805s
 1741759 852137     cutoff   71       192.00000   96.34783  49.8%  16.6 1810s
 1745752 854298  190.00000   55    6  192.00000   96.34783  49.8%  16.6 1816s
 1748196 854769  106.66667   48   29  192.00000   96.34783  49.8%  16.6 1820s
 1750194 855589   96.69565   43   53  192.00000   96.34783  49.8%  16.6 1825s
 1754783 857835  128.00000   51   19  192.00000   96.34783  49.8%  16.6 1831s
 1759300 859153  160.00000   73   15  192.00000   96.34783  49.8%  16.6 1837s
 1761576 860479  190.00000   48   16  192.00000   96.34783  49.8%  16.6 1841s
 1765784 862242  128.00000   56   17  192.00000   96.34783  49.8%  16.6 1846s
 1771521 864543  160.00000   56   19  192.00000   96.34783  49.8%  16.6 1850s
 1776141 866914   96.46377   65   52  192.00000   96.44928  49.8%  16.6 1856s
 1782004 869120  190.00000   60   20  192.00000   96.46377  49.8%  16.6 1861s
 1787724 872203  190.00000   57   35  192.00000   96.46377  49.8%  16.6 1865s
 1793817 874492  190.00000   41   38  192.00000   96.46377  49.8%  16.6 1870s
 1799270 876868  190.00000   56    6  192.00000   96.46377  49.8%  16.6 1876s
 1803046 878495  128.00000   39   24  192.00000   96.46377  49.8%  16.6 1880s
 1807629 880416   97.39130   55   30  192.00000   96.46377  49.8%  16.6 1885s
 1811814 882171     cutoff   58       192.00000   96.46377  49.8%  16.6 1890s
 1816691 884317 infeasible   55       192.00000   96.46377  49.8%  16.6 1896s
 1819449 885362  128.00000   42   18  192.00000   96.46377  49.8%  16.6 1901s
 1823352 887204     cutoff   59       192.00000   96.46377  49.8%  16.6 1906s
 1825318 888048  128.46377   60   25  192.00000   96.46377  49.8%  16.6 1910s
 1828845 889536  190.00000   52   42  192.00000   96.46377  49.8%  16.6 1915s
 1833063 891334  128.00000   57   27  192.00000   96.46377  49.8%  16.6 1920s
 1836730 892996  128.46377   55   29  192.00000   96.46377  49.8%  16.6 1925s
 1840544 894625  160.00000   59   10  192.00000   96.46377  49.8%  16.6 1931s
 1845237 896803  160.00000   59    4  192.00000   96.46377  49.8%  16.6 1937s
 1847288 898222 infeasible   41       192.00000   96.46377  49.8%  16.6 1942s
 1851667 899302  190.00000   79   28  192.00000   96.46377  49.8%  16.6 1946s
 1855743 901443  128.00000   39   22  192.00000   96.46377  49.8%  16.6 1950s
 1860051 902623   98.50435   50   42  192.00000   96.46377  49.8%  16.6 1955s
 1864044 904419  160.00000   70    9  192.00000   96.46377  49.8%  16.6 1961s
 1866159 905407 infeasible   43       192.00000   96.46377  49.8%  16.6 1967s
 1869016 907163  190.00000   54   14  192.00000   96.46377  49.8%  16.6 1971s
 1873530 908383   97.13125   40   39  192.00000   96.46377  49.8%  16.6 1976s
 1877751 910099  128.34783   49   29  192.00000   96.46377  49.8%  16.6 1981s
 1881801 911783  190.00000   61   36  192.00000   96.46377  49.8%  16.6 1986s
 1884130 913347  190.00000   56   28  192.00000   96.46377  49.8%  16.6 1990s
 1888941 914704  128.46377   43   26  192.00000   96.46377  49.8%  16.6 1995s
 1894167 916742     cutoff   73       192.00000   96.46377  49.8%  16.6 2000s
 1899016 918782  128.00000   33   21  192.00000   96.46377  49.8%  16.6 2006s
 1904283 920696  160.00000   55   10  192.00000   96.46377  49.8%  16.6 2011s
 1904835 921062  128.69565   52   32  192.00000   96.46377  49.8%  16.6 2015s
 1906841 922151  128.00000   63   24  192.00000   96.46377  49.8%  16.6 2020s
 1909405 923994  160.00000   65    7  192.00000   96.46377  49.8%  16.6 2025s
 1913971 925968  160.00000   56    4  192.00000   96.46377  49.8%  16.6 2031s
 1916935 926670  162.50435   58   20  192.00000   96.46377  49.8%  16.6 2035s
 1919002 928231  160.00000   68   19  192.00000   96.46377  49.8%  16.6 2041s
 1923131 929173  160.00000   50   14  192.00000   96.46377  49.8%  16.6 2045s
 1927168 931219   96.46377   54   50  192.00000   96.46377  49.8%  16.6 2051s
 1931208 932866  190.00000   63   36  192.00000   96.46377  49.8%  16.6 2056s
 1934036 933624  144.00000   47   12  192.00000   96.46377  49.8%  16.6 2060s
 1937688 935669 infeasible   66       192.00000   96.48493  49.7%  16.6 2067s
 1941489 937085  176.00000   65    9  192.00000   96.51613  49.7%  16.6 2071s
 1943323 937618  128.00000   67   20  192.00000   96.52174  49.7%  16.6 2076s
 1945125 938502  128.00000   52   12  192.00000   96.55072  49.7%  16.6 2080s
 1949607 940337     cutoff   41       192.00000   96.65337  49.7%  16.6 2086s
 1952600 941655  160.00000   50   12  192.00000   96.68116  49.6%  16.6 2091s
 1954708 943213  160.00000   61    4  192.00000   96.69565  49.6%  16.6 2095s
 1960647 945506 infeasible   67       192.00000   96.69565  49.6%  16.6 2100s
 1963248 946896  112.00000   47   21  192.00000   96.69565  49.6%  16.6 2105s
 1967542 948691     cutoff   55       192.00000   96.69565  49.6%  16.6 2110s
 1971357 950524  190.00000   43   24  192.00000   96.69565  49.6%  16.6 2115s
 1975200 952246 infeasible   56       192.00000   96.69565  49.6%  16.6 2120s
 1976208 952790  128.00000   56   13  192.00000   96.69565  49.6%  16.6 2125s
 1978177 953655 infeasible   69       192.00000   96.69565  49.6%  16.6 2130s
 1982397 955593  112.00000   41   25  192.00000   96.69565  49.6%  16.6 2135s
 1986092 957092     cutoff   47       192.00000   96.69565  49.6%  16.6 2140s
 1990964 959175  128.00000   44   14  192.00000   96.69565  49.6%  16.6 2145s
 1995348 961058  160.00000   66    8  192.00000   96.69565  49.6%  16.6 2150s
 1997999 962528  128.00000   36   21  192.00000   96.69565  49.6%  16.6 2156s
 2001608 963590  160.00000   53   13  192.00000   96.69565  49.6%  16.6 2160s
 2006281 965532  160.00000   56   13  192.00000   96.69565  49.6%  16.6 2166s
 2010259 967529  160.00000   58   15  192.00000   96.69565  49.6%  16.6 2170s
 2015517 969781  128.00000   43   21  192.00000   96.69565  49.6%  16.6 2175s
 2019295 971817  128.00000   54   21  192.00000   96.69565  49.6%  16.6 2180s
 2022971 973528  160.17391   60   24  192.00000   96.69565  49.6%  16.6 2185s
 2025816 974125  160.00000   60   10  192.00000   96.69565  49.6%  16.6 2190s
 2029598 976676  190.00000   64   18  192.00000   96.69565  49.6%  16.6 2195s
 2034594 978660  128.46377   60   39  192.00000   96.69565  49.6%  16.6 2200s
 2039836 980324  129.02174   49   39  192.00000   96.69565  49.6%  16.6 2206s
 2043668 982035  161.39130   62   17  192.00000   96.69565  49.6%  16.6 2210s
 2046657 983807   97.36232   47   66  192.00000   96.69565  49.6%  16.6 2215s
 2052366 985848 infeasible   64       192.00000   96.69565  49.6%  16.6 2221s
 2057116 987870  144.00000   49   19  192.00000   96.69565  49.6%  16.6 2226s
 2060676 989536     cutoff   61       192.00000   96.69565  49.6%  16.6 2230s
 2064579 991947  160.00000   49   12  192.00000   96.69565  49.6%  16.6 2235s
 2070267 993948 infeasible   50       192.00000   96.69565  49.6%  16.6 2241s
 2073145 995537 infeasible   63       192.00000   96.69565  49.6%  16.6 2245s
 2078501 997544 infeasible   60       192.00000   96.69565  49.6%  16.5 2250s
 2083745 1000226  190.00000   59   15  192.00000   96.72093  49.6%  16.5 2256s
 2086841 1000763     cutoff   56       192.00000   96.81739  49.6%  16.5 2260s
 2089835 1002059 infeasible   50       192.00000   96.82051  49.6%  16.5 2265s
 2093809 1003645  160.00000   64    8  192.00000   96.96321  49.5%  16.5 2271s
 2096362 1004569 infeasible   44       192.00000   97.02174  49.5%  16.5 2275s
 2100466 1006177  119.50000   61   39  192.00000   97.02174  49.5%  16.5 2282s
 2102747 1007786  188.00000   54   28  192.00000   97.12077  49.4%  16.5 2287s
 2107114 1009583  190.00000   60   10  192.00000   97.25217  49.3%  16.5 2291s
 2110711 1010373  159.02174   59   51  192.00000   97.34783  49.3%  16.5 2295s
 2114497 1011516  128.69565   54   24  192.00000   97.36232  49.3%  16.5 2301s
 2117618 1013062  128.00000   50   18  192.00000   97.36232  49.3%  16.5 2306s
 2120957 1013983  128.27826   50   32  192.00000   97.39130  49.3%  16.5 2310s
 2125394 1015639  160.00000   51   15  192.00000   97.39130  49.3%  16.5 2315s
 2128790 1017137  128.00000   40   23  192.00000   97.39130  49.3%  16.5 2320s
 2133079 1018481 infeasible   56       192.00000   97.39130  49.3%  16.5 2326s
 2134688 1019495  128.00000   47   17  192.00000   97.39130  49.3%  16.5 2331s
 2138135 1020773 infeasible   53       192.00000   97.39130  49.3%  16.5 2335s
 2143634 1023173  160.69565   59   11  192.00000   97.39130  49.3%  16.5 2340s
 2148647 1025305  160.00000   57   15  192.00000   97.39130  49.3%  16.5 2345s
 2153529 1027162  160.00000   59    4  192.00000   97.39130  49.3%  16.5 2350s
 2154723 1027544  160.00000   45   12  192.00000   97.39130  49.3%  16.5 2355s
 2157672 1029010  160.00000   66   14  192.00000   97.39130  49.3%  16.5 2360s
 2161386 1031184  128.00000   41   20  192.00000   97.39130  49.3%  16.5 2365s
 2165801 1032972  183.50000   68   19  192.00000   97.39130  49.3%  16.5 2370s
 2171703 1035473   97.55000   47   61  192.00000   97.39130  49.3%  16.5 2375s
 2175791 1037562  160.69565   59   14  192.00000   97.39130  49.3%  16.5 2380s
 2179914 1038771  190.00000   53   21  192.00000   97.39130  49.3%  16.5 2385s
 2184871 1041000 infeasible   54       192.00000   97.55000  49.2%  16.5 2390s
 2189107 1043360  131.67826   56   41  192.00000   97.56522  49.2%  16.5 2395s
 2194461 1045414     cutoff   48       192.00000   97.69565  49.1%  16.5 2400s
 2198973 1047240  128.00000   47   26  192.00000   97.78882  49.1%  16.5 2405s
 2203636 1049628  160.00000   56   16  192.00000   98.02899  48.9%  16.5 2411s
 2207313 1050357  190.00000   62   27  192.00000   98.04348  48.9%  16.5 2415s
 2211211 1051713 infeasible   68       192.00000   98.04348  48.9%  16.5 2421s
 2215814 1053709 infeasible   60       192.00000   98.08696  48.9%  16.5 2426s
 2218781 1055376   98.41026   61   43  192.00000   98.08696  48.9%  16.5 2430s
 2224334 1057585 infeasible   42       192.00000   98.17391  48.9%  16.5 2435s
 2229156 1059541   98.50435   47   50  192.00000   98.35000  48.8%  16.5 2441s
 2233102 1061213  128.00000   58   13  192.00000   98.50435  48.7%  16.5 2445s
 2237893 1063173 infeasible   58       192.00000   98.50435  48.7%  16.5 2451s
 2242797 1065098  190.00000   64    8  192.00000   98.50435  48.7%  16.5 2455s
 2246360 1066482  188.00000   52   21  192.00000   98.73913  48.6%  16.5 2460s
 2249442 1068471  190.00000   66   24  192.00000   99.03261  48.4%  16.5 2466s
 2253692 1069395  160.00000   51   11  192.00000   99.13043  48.4%  16.5 2471s
 2257751 1071174     cutoff   58       192.00000   99.13043  48.4%  16.5 2475s
 2262523 1072903  128.00000   48   27  192.00000   99.13043  48.4%  16.5 2482s
 2263189 1073434  128.00000   50   18  192.00000   99.13043  48.4%  16.5 2485s
 2267337 1075636  160.58385   57   30  192.00000   99.16770  48.4%  16.5 2491s
 2271543 1076468  190.00000   63   30  192.00000   99.64706  48.1%  16.5 2496s
 2275051 1077937  190.00000   55   14  192.00000  100.00000  47.9%  16.5 2500s
 2279060 1079076     cutoff   70       192.00000  100.08696  47.9%  16.5 2505s
 2285537 1082250  128.52174   56   37  192.00000  100.17391  47.8%  16.5 2510s
 2288794 1084064  160.00000   64    6  192.00000  100.17391  47.8%  16.5 2516s
 2292824 1085095  128.00000   38   25  192.00000  100.17391  47.8%  16.5 2520s
 2297767 1086910  128.38509   42   53  192.00000  100.17391  47.8%  16.5 2526s
 2300644 1087945     cutoff   50       192.00000  100.26087  47.8%  16.5 2530s
 2304481 1089256  190.00000   75   10  192.00000  100.67826  47.6%  16.5 2535s
 2308577 1091072  158.00000   72   19  192.00000  100.95652  47.4%  16.5 2541s
 2311054 1091735  160.00000   49   16  192.00000  101.25466  47.3%  16.5 2545s
 2315659 1094362  160.00000   61    8  192.00000  101.58065  47.1%  16.5 2550s
 2319276 1094810  190.00000   52   26  192.00000  102.13043  46.8%  16.5 2555s
 2320525 1095504  160.46377   56   14  192.00000  102.13043  46.8%  16.5 2561s
 2324726 1096529 infeasible   56       192.00000  102.26087  46.7%  16.5 2566s
 2327143 1098245  128.00000   52   16  192.00000  102.40000  46.7%  16.5 2570s
 2333818 1100536 infeasible   71       192.00000  102.88889  46.4%  16.5 2576s
 2337842 1102235  190.00000   54   23  192.00000  103.23077  46.2%  16.4 2580s
 2342413 1104316  188.00000   57   23  192.00000  103.59420  46.0%  16.4 2585s
 2347050 1106643  104.00000   46   37  192.00000  104.00000  45.8%  16.4 2591s
 2350177 1108053  160.00000   63    8  192.00000  104.00000  45.8%  16.4 2595s
 2355360 1110434  128.00000   46   19  192.00000  104.00000  45.8%  16.4 2601s
 2358374 1111984  128.00000   59   21  192.00000  104.00000  45.8%  16.4 2605s
 2364847 1114653  161.39130   54   10  192.00000  104.00000  45.8%  16.4 2611s
 2368203 1116361  160.00000   54   13  192.00000  104.00000  45.8%  16.4 2615s
 2373563 1118423  190.00000   41   34  192.00000  104.00000  45.8%  16.4 2620s
 2379187 1121208  158.34783   61   67  192.00000  104.36364  45.6%  16.4 2625s
 2383727 1122901 infeasible   59       192.00000  104.88000  45.4%  16.4 2630s
 2388994 1124285  188.00000   51   15  192.00000  105.56522  45.0%  16.4 2635s
 2392813 1125771 infeasible   55       192.00000  106.26087  44.7%  16.4 2640s
 2394909 1127290  158.00000   49   17  192.00000  106.33333  44.6%  16.4 2645s
 2399061 1128857  160.19876   56   20  192.00000  106.66667  44.4%  16.4 2650s
 2402863 1130440  128.00000   48   14  192.00000  106.66667  44.4%  16.4 2655s
 2407936 1132762 infeasible   65       192.00000  106.66667  44.4%  16.4 2660s
 2413388 1134754  160.00000   63   14  192.00000  106.66667  44.4%  16.4 2665s
 2416530 1136701  129.36232   54   62  192.00000  106.66667  44.4%  16.4 2671s
 2421367 1138524  136.00000   51   28  192.00000  106.66667  44.4%  16.4 2675s
 2425881 1140613     cutoff   68       192.00000  106.66667  44.4%  16.4 2680s
 2430822 1143190 infeasible   72       192.00000  106.66667  44.4%  16.4 2686s
 2434635 1144852  160.00000   51   13  192.00000  106.66667  44.4%  16.4 2691s
 2440313 1146807 infeasible   62       192.00000  106.66667  44.4%  16.4 2695s
 2444991 1149194  108.66667   52   63  192.00000  106.66667  44.4%  16.4 2700s
 2448643 1151244  170.44444   52   35  192.00000  106.66667  44.4%  16.4 2705s
 2453852 1152001 infeasible   57       192.00000  106.80000  44.4%  16.3 2710s
 2456466 1153430  160.00000   48   12  192.00000  107.13043  44.2%  16.3 2715s
 2460529 1154865  190.00000   42   29  192.00000  107.75000  43.9%  16.3 2720s
 2465101 1156560  190.00000   59   36  192.00000  108.40000  43.5%  16.3 2725s
 2467060 1158020  158.46377   60   58  192.00000  108.40000  43.5%  16.3 2730s
 2474083 1160209 infeasible   69       192.00000  109.42857  43.0%  16.3 2735s
 2478685 1162337  126.00000   36   46  192.00000  110.00000  42.7%  16.3 2740s
 2482087 1164515  188.00000   53   24  192.00000  110.00000  42.7%  16.3 2746s
 2485178 1166329  126.00000   59   32  192.00000  110.00000  42.7%  16.3 2750s
 2488759 1168072  190.00000   41   17  192.00000  110.34783  42.5%  16.3 2755s
 2493204 1169576 infeasible   70       192.00000  110.69565  42.3%  16.3 2760s
 2495966 1170670     cutoff   78       192.00000  111.00000  42.2%  16.3 2765s
 2499502 1172521  158.00000   59   16  192.00000  111.50000  41.9%  16.3 2770s
 2504335 1174477  158.69565   59   44  192.00000  111.50000  41.9%  16.3 2775s
 2508883 1176498 infeasible   67       192.00000  111.62319  41.9%  16.3 2780s
 2512734 1178192  160.00000   66   15  192.00000  111.66667  41.8%  16.3 2786s
 2516732 1179715  190.00000   61   14  192.00000  111.66667  41.8%  16.3 2791s
 2519561 1180879     cutoff   55       192.00000  112.00000  41.7%  16.3 2795s
 2523084 1182388  128.34783   47   27  192.00000  112.00000  41.7%  16.3 2801s
 2526735 1183932  160.00000   56   17  192.00000  112.00000  41.7%  16.3 2805s
 2530300 1185103  190.00000   50   17  192.00000  112.00000  41.7%  16.3 2810s
 2533733 1186660  160.00000   55   15  192.00000  112.00000  41.7%  16.3 2816s
 2536799 1187900  160.00000   53   10  192.00000  112.00000  41.7%  16.3 2820s
 2541284 1189789  112.00000   56   19  192.00000  112.00000  41.7%  16.3 2825s
 2545901 1192101  128.00000   40   18  192.00000  112.00000  41.7%  16.3 2830s
 2551722 1194349  112.00000   42   20  192.00000  112.00000  41.7%  16.3 2835s
 2555237 1195921  128.00000   38   19  192.00000  112.00000  41.7%  16.3 2840s
 2558798 1197431     cutoff   53       192.00000  112.00000  41.7%  16.3 2845s
 2563519 1199642  128.00000   42   24  192.00000  112.00000  41.7%  16.3 2850s
 2568320 1202056  128.00000   46   20  192.00000  112.00000  41.7%  16.2 2856s
 2572642 1203679  190.00000   53   17  192.00000  112.00000  41.7%  16.2 2861s
 2574485 1204980  128.67391   52   52  192.00000  112.00000  41.7%  16.2 2866s
 2579003 1206956  128.00000   51   19  192.00000  112.00000  41.7%  16.2 2871s
 2581658 1207741  160.46377   70   21  192.00000  112.00000  41.7%  16.2 2875s
 2585189 1209597  161.02174   60   27  192.00000  112.00000  41.7%  16.2 2880s
 2589515 1211367  128.00000   41   14  192.00000  112.00000  41.7%  16.2 2886s
 2592043 1212524  190.00000   43   27  192.00000  112.00000  41.7%  16.2 2890s
 2595001 1213589  190.00000   58   32  192.00000  112.00000  41.7%  16.2 2895s
 2599351 1215387 infeasible   63       192.00000  112.00000  41.7%  16.2 2901s
 2602370 1216480  161.36232   72   19  192.00000  112.00000  41.7%  16.2 2906s
 2603559 1217295  128.00000   38   13  192.00000  112.00000  41.7%  16.2 2910s
 2607176 1219399  112.00000   43   22  192.00000  112.00000  41.7%  16.2 2916s
 2610895 1220581  128.00000   57   19  192.00000  112.00000  41.7%  16.2 2920s
 2614373 1222544  160.00000   48    8  192.00000  112.00000  41.7%  16.2 2925s
 2620055 1224774  160.00000   68   15  192.00000  112.00000  41.7%  16.2 2931s
 2624116 1226498  160.00000   56    9  192.00000  112.00000  41.7%  16.2 2935s
 2627949 1228107  128.00000   58   20  192.00000  112.00000  41.7%  16.2 2941s
 2630763 1228851     cutoff   41       192.00000  112.00000  41.7%  16.2 2945s
 2633230 1230523  128.27826   53   38  192.00000  112.00000  41.7%  16.2 2950s
 2637565 1232238  190.00000   49   23  192.00000  112.00000  41.7%  16.2 2956s
 2641593 1233989  128.00000   56   19  192.00000  112.00000  41.7%  16.2 2961s
 2645321 1235647  128.00000   39   16  192.00000  112.00000  41.7%  16.2 2966s
 2648070 1236614  128.46377   53   51  192.00000  112.00000  41.7%  16.2 2970s
 2652303 1238382  128.46377   61   34  192.00000  112.00000  41.7%  16.2 2975s
 2655880 1240030     cutoff   55       192.00000  112.00000  41.7%  16.2 2980s
 2659252 1241410  160.00000   61    9  192.00000  112.00000  41.7%  16.2 2985s
 2663139 1243142  128.29193   62   69  192.00000  112.00000  41.7%  16.2 2990s
 2667010 1245097     cutoff   70       192.00000  112.00000  41.7%  16.2 2996s
 2670711 1246341     cutoff   49       192.00000  112.00000  41.7%  16.2 3000s
 2674438 1248285  160.00000   33    6  192.00000  112.00000  41.7%  16.2 3007s
 2677303 1249100 infeasible   51       192.00000  112.00000  41.7%  16.2 3010s
 2680560 1250606  128.69565   46   22  192.00000  112.00000  41.7%  16.2 3015s
 2683597 1251953 infeasible   65       192.00000  112.00000  41.7%  16.1 3020s
 2687932 1253843 infeasible   57       192.00000  112.00000  41.7%  16.1 3026s
 2691036 1255185  160.00000   53   16  192.00000  112.00000  41.7%  16.1 3030s
 2695715 1257183  161.36232   72   33  192.00000  112.00000  41.7%  16.1 3036s
 2697862 1257750  160.00000   51    9  192.00000  112.00000  41.7%  16.1 3041s
 2700465 1259096  190.00000   45   21  192.00000  112.00000  41.7%  16.1 3045s
 2704491 1260628  160.00000   53    9  192.00000  112.00000  41.7%  16.1 3050s
 2708780 1262915  160.00000   52   12  192.00000  112.00000  41.7%  16.1 3056s
 2712141 1264418     cutoff   49       192.00000  112.00000  41.7%  16.1 3061s
 2715643 1265230  160.00000   62   14  192.00000  112.00000  41.7%  16.1 3065s
 2716542 1265968  128.00000   54   18  192.00000  112.00000  41.7%  16.1 3071s
 2718666 1266907 infeasible   57       192.00000  112.00000  41.7%  16.1 3075s
 2721696 1268122  128.27826   60   51  192.00000  112.00000  41.7%  16.1 3081s
 2723330 1268512  161.02174   76   53  192.00000  112.00000  41.7%  16.1 3085s
 2725033 1269648 infeasible   71       192.00000  112.00000  41.7%  16.1 3091s
 2727381 1270737  128.00000   64   22  192.00000  112.00000  41.7%  16.1 3095s
 2730669 1272314 infeasible   54       192.00000  112.00000  41.7%  16.1 3100s
 2734785 1274153 infeasible   54       192.00000  112.00000  41.7%  16.1 3106s
 2738233 1275972  160.00000   65   24  192.00000  112.00000  41.7%  16.1 3111s
 2742595 1277449  190.00000   63   19  192.00000  112.00000  41.7%  16.1 3116s
 2746546 1278917 infeasible   63       192.00000  112.00000  41.7%  16.1 3121s
 2750205 1280615  144.00000   66   13  192.00000  112.00000  41.7%  16.1 3126s
 2753857 1282149  144.00000   59   13  192.00000  112.00000  41.7%  16.1 3131s
 2757109 1283995  160.00000   61    6  192.00000  112.00000  41.7%  16.1 3137s
 2760251 1285023  160.00000   58    6  192.00000  112.00000  41.7%  16.1 3141s
 2764141 1286505  160.00000   47    4  192.00000  112.00000  41.7%  16.1 3145s
 2768470 1288369     cutoff   62       192.00000  112.00000  41.7%  16.1 3150s
 2773021 1290744  129.36232   50   28  192.00000  112.00000  41.7%  16.1 3156s
 2775997 1291941  128.00000   40   23  192.00000  112.00000  41.7%  16.1 3162s
 2778706 1293271 infeasible   55       192.00000  112.00000  41.7%  16.1 3166s
 2782796 1294981  161.39130   60   10  192.00000  112.00000  41.7%  16.1 3170s
 2786569 1296456  160.00000   55   12  192.00000  112.00000  41.7%  16.1 3175s
 2791227 1298515 infeasible   66       192.00000  112.00000  41.7%  16.1 3180s
 2794207 1299622  129.56522   60   37  192.00000  112.00000  41.7%  16.1 3186s
 2798846 1301541  190.00000   43   22  192.00000  112.00000  41.7%  16.1 3191s
 2802886 1303248  128.00000   41   19  192.00000  112.00000  41.7%  16.1 3195s
 2806662 1305173  129.49206   47   34  192.00000  112.00000  41.7%  16.1 3201s
 2810084 1306310  160.46377   46   16  192.00000  112.00000  41.7%  16.1 3206s
 2813106 1307496  190.00000   74   10  192.00000  112.00000  41.7%  16.1 3210s
 2815455 1308780  112.00000   54   26  192.00000  112.00000  41.7%  16.1 3217s
 2818060 1309580  128.00000   48   16  192.00000  112.00000  41.7%  16.1 3221s
 2820884 1310696  160.00000   52   19  192.00000  112.00000  41.7%  16.1 3225s
 2822707 1311745  128.00000   53   23  192.00000  112.00000  41.7%  16.1 3231s
 2825044 1312863  128.45411   52   55  192.00000  112.00000  41.7%  16.1 3235s
 2828475 1314285  128.00000   62   16  192.00000  112.00000  41.7%  16.0 3242s
 2831283 1315287  160.27826   59   27  192.00000  112.00000  41.7%  16.0 3246s
 2834664 1316608 infeasible   63       192.00000  112.00000  41.7%  16.0 3250s
 2838354 1318163  144.00000   51   15  192.00000  112.00000  41.7%  16.0 3256s
 2841040 1319247  129.39130   60   22  192.00000  112.00000  41.7%  16.0 3260s
 2843862 1320523  160.00000   65    6  192.00000  112.00000  41.7%  16.0 3265s
 2848068 1322264  160.00000   75    4  192.00000  112.00000  41.7%  16.0 3271s
 2850367 1323395  190.00000   45   23  192.00000  112.00000  41.7%  16.0 3275s
 2855297 1325229  128.00000   58   18  192.00000  112.00000  41.7%  16.0 3281s
 2857611 1326266 infeasible   59       192.00000  112.00000  41.7%  16.0 3287s
 2859628 1326965  160.00000   35   12  192.00000  112.00000  41.7%  16.0 3290s
 2863546 1328643  128.00000   56   17  192.00000  112.00000  41.7%  16.0 3296s
 2865896 1330162  113.87500   39   69  192.00000  112.00000  41.7%  16.0 3301s
 2869368 1331111  130.08696   53   31  192.00000  112.00000  41.7%  16.0 3305s
 2872965 1332684 infeasible   57       192.00000  112.34783  41.5%  16.0 3310s
 2876559 1334190  160.00000   48   10  192.00000  113.00000  41.1%  16.0 3315s
 2879233 1335954  128.00000   52   17  192.00000  113.50000  40.9%  16.0 3320s
 2884127 1338014  160.00000   46   15  192.00000  114.50000  40.4%  16.0 3325s
 2888663 1339551  190.00000   50   31  192.00000  114.80000  40.2%  16.0 3331s
 2892788 1341337  190.00000   48   18  192.00000  114.80000  40.2%  16.0 3336s
 2896537 1342223 infeasible   52       192.00000  114.80000  40.2%  16.0 3340s
 2900346 1343837     cutoff   68       192.00000  114.86957  40.2%  16.0 3346s
 2904272 1345970  190.00000   49   13  192.00000  115.75000  39.7%  16.0 3351s
 2908775 1347857  161.09302   55   29  192.00000  115.98261  39.6%  16.0 3356s
 2913272 1349516  190.00000   42   22  192.00000  116.66667  39.2%  16.0 3360s
 2916887 1350913  160.68116   48   28  192.00000  116.66667  39.2%  16.0 3366s
 2920370 1352303  128.00000   41   16  192.00000  116.66667  39.2%  16.0 3371s
 2923783 1353378 infeasible   50       192.00000  116.66667  39.2%  16.0 3376s
 2926093 1354464  128.00000   51   16  192.00000  116.66667  39.2%  16.0 3380s
 2930022 1356117  160.00000   54    8  192.00000  117.33333  38.9%  16.0 3385s
 2935765 1358639  188.00000   56   24  192.00000  117.50000  38.8%  16.0 3390s
 2939798 1360433  138.66667   41   23  192.00000  118.20870  38.4%  16.0 3395s
 2943169 1361713  128.00000   48   23  192.00000  119.50000  37.8%  16.0 3401s
 2946781 1363188  122.33333   43   44  192.00000  119.50000  37.8%  16.0 3405s
 2951318 1365050     cutoff   58       192.00000  119.50000  37.8%  16.0 3410s
 2954262 1366132  190.00000   52    6  192.00000  119.50000  37.8%  16.0 3416s
 2958456 1367420  128.00000   44   18  192.00000  119.50000  37.8%  16.0 3422s
 2958969 1368178  128.46377   46   31  192.00000  119.50000  37.8%  16.0 3427s
 2962167 1369214  190.00000   50   19  192.00000  119.50000  37.8%  16.0 3431s
 2964945 1370165  160.00000   64    7  192.00000  119.50000  37.8%  16.0 3436s
 2967614 1371104  190.00000   48   20  192.00000  119.50000  37.8%  16.0 3440s
 2971601 1372411  190.00000   67   23  192.00000  119.50000  37.8%  16.0 3446s
 2974010 1373072 infeasible   62       192.00000  119.50000  37.8%  16.0 3451s
 2976224 1373823  190.00000   45   29  192.00000  119.50000  37.8%  16.0 3456s
 2978784 1374687 infeasible   54       192.00000  119.50000  37.8%  16.0 3462s
 2980089 1375674  190.00000   40   30  192.00000  119.50000  37.8%  16.0 3465s
 2984691 1376865 infeasible   65       192.00000  119.50000  37.8%  16.0 3471s
 2987019 1377756  160.00000   32   12  192.00000  119.87826  37.6%  16.0 3476s
 2989429 1379064  190.00000   54   26  192.00000  120.43478  37.3%  16.0 3481s
 2992653 1379803  190.00000   69   19  192.00000  122.28986  36.3%  16.0 3485s
 2994957 1380503  190.00000   56   17  192.00000  122.33333  36.3%  15.9 3490s
 2996274 1380507 infeasible   48       192.00000  122.33333  36.3%  15.9 3496s
 2996734 1380914 infeasible   64       192.00000  122.33333  36.3%  15.9 3502s
 2997880 1381558 infeasible   56       192.00000  123.14286  35.9%  16.0 3505s
 3000768 1383133  188.00000   54   22  192.00000  124.69565  35.1%  16.0 3511s
 3003400 1384571  188.00000   52   26  192.00000  124.69565  35.1%  16.0 3517s
 3004660 1386257 infeasible   58       192.00000  124.69565  35.1%  16.0 3521s
 3008390 1387720  188.00000   37   24  192.00000  124.69565  35.1%  15.9 3526s
 3011316 1390065  188.00000   68   17  192.00000  124.69565  35.1%  15.9 3530s
 3014365 1391422  188.00000   55   23  192.00000  124.69565  35.1%  15.9 3535s
 3018031 1393457     cutoff   51       192.00000  124.69565  35.1%  15.9 3540s
 3021321 1395515  188.00000   48   21  192.00000  124.69565  35.1%  15.9 3545s
 3025187 1397746  190.00000   58    9  192.00000  125.15789  34.8%  15.9 3551s
 3027834 1399095  188.00000   49   24  192.00000  125.39130  34.7%  15.9 3555s
 3030932 1400668  158.00000   48   20  192.00000  126.00000  34.4%  15.9 3560s
 3033527 1402003  126.00000   52   37  192.00000  126.00000  34.4%  15.9 3567s
 3036886 1403059  173.00000   40   23  192.00000  126.00000  34.4%  15.9 3571s
 3039225 1404072  173.00000   49   25  192.00000  126.00000  34.4%  15.9 3575s
 3043430 1405409     cutoff   58       192.00000  126.00000  34.4%  15.9 3580s
 3046705 1406941  158.00000   56   19  192.00000  126.00000  34.4%  15.9 3586s
 3050386 1408215  159.02174   73   45  192.00000  126.00000  34.4%  15.9 3592s
 3051437 1409114  190.00000   68   10  192.00000  126.00000  34.4%  15.9 3596s
 3054382 1410186  126.00000   48   34  192.00000  126.00000  34.4%  15.9 3600s
 3058832 1411610 infeasible   58       192.00000  126.00000  34.4%  15.9 3605s
 3062140 1413298  159.02174   71   57  192.00000  126.00000  34.4%  15.9 3610s
 3067307 1414988     cutoff   62       192.00000  126.00000  34.4%  15.9 3616s
 3070232 1415752  173.00000   54   32  192.00000  126.00000  34.4%  15.9 3620s
 3073249 1416834     cutoff   80       192.00000  126.00000  34.4%  15.9 3625s
 3075347 1417436  158.00000   66   36  192.00000  126.00000  34.4%  15.9 3630s
 3078002 1418330  127.02174   55   49  192.00000  126.00000  34.4%  15.9 3635s
 3080308 1419089  126.00000   44   26  192.00000  126.00000  34.4%  15.9 3640s
 3083249 1420315  173.00000   49   24  192.00000  126.00000  34.4%  15.9 3647s
 3085778 1421314  173.00000   48   23  192.00000  126.00000  34.4%  15.9 3651s
 3088814 1422195  190.00000   63    4  192.00000  126.00000  34.4%  15.9 3656s
 3089861 1422603  127.02174   59   60  192.00000  126.00000  34.4%  15.9 3660s
 3092104 1423627  190.00000   65   10  192.00000  126.00000  34.4%  15.9 3665s
 3095316 1424893  141.66667   47   45  192.00000  126.00000  34.4%  15.9 3670s
 3098765 1426636  159.02174   67   36  192.00000  126.00000  34.4%  15.9 3677s
 3101254 1427734  158.00000   38   25  192.00000  126.00000  34.4%  15.9 3681s
 3103918 1428586  190.00000   64   17  192.00000  126.00000  34.4%  15.9 3685s
 3106374 1429803  127.02174   47   55  192.00000  126.00000  34.4%  15.9 3690s
 3111262 1430826  190.00000   72   17  192.00000  126.00000  34.4%  15.8 3695s
 3114487 1432029  126.34783   56   59  192.00000  126.00000  34.4%  15.8 3701s
 3118122 1433654  158.34783   54   28  192.00000  126.00000  34.4%  15.8 3706s
 3120563 1434574  127.02174   50   64  192.00000  126.00000  34.4%  15.8 3710s
 3124551 1435500  126.00000   42   34  192.00000  126.00000  34.4%  15.8 3716s
 3127166 1436440  173.00000   59   21  192.00000  126.00000  34.4%  15.8 3720s
 3129899 1437431  158.00000   47   20  192.00000  126.00000  34.4%  15.8 3725s
 3133264 1439006     cutoff   52       192.00000  126.00000  34.4%  15.8 3732s
 3135725 1439766  127.02174   56   64  192.00000  126.00000  34.4%  15.8 3735s
 3139954 1440696  188.00000   84   28  192.00000  126.00000  34.4%  15.8 3742s
 3142348 1441563  126.68116   47   62  192.00000  126.00000  34.4%  15.8 3748s
 3144132 1442101  173.00000   54   34  192.00000  126.00000  34.4%  15.8 3751s
 3146897 1442652  127.02174   48   59  192.00000  126.00000  34.4%  15.8 3756s
 3149552 1443315  127.02174   56   53  192.00000  126.00000  34.4%  15.8 3760s
 3151981 1444130  126.00000   33   33  192.00000  126.00000  34.4%  15.8 3765s
 3156019 1445348  173.00000   55   30  192.00000  126.00000  34.4%  15.8 3770s
 3159570 1446382     cutoff   41       192.00000  126.00000  34.4%  15.8 3776s
 3160652 1447003  190.00000   61   15  192.00000  126.00000  34.4%  15.8 3780s
 3163520 1447867  127.02174   57   45  192.00000  126.00000  34.4%  15.8 3785s
 3166282 1448814  126.00000   49   33  192.00000  126.00000  34.4%  15.8 3790s
 3170511 1450024  126.00000   47   41  192.00000  126.00000  34.4%  15.8 3796s
 3174162 1451234  174.00000   64   21  192.00000  126.00000  34.4%  15.8 3801s
 3176395 1451995  126.00000   36   37  192.00000  126.00000  34.4%  15.8 3806s
 3179180 1453030  190.00000   51   20  192.00000  126.00000  34.4%  15.8 3811s
 3182346 1453774  173.00000   52   20  192.00000  126.00000  34.4%  15.8 3815s
 3186417 1454992  126.00000   58   59  192.00000  126.00000  34.4%  15.8 3820s
 3189943 1456473  132.13043   60   44  192.00000  126.00000  34.4%  15.8 3826s
 3192382 1457306  158.00000   41   11  192.00000  126.00000  34.4%  15.8 3830s
 3196551 1458260  126.00000   56   29  192.00000  126.00000  34.4%  15.7 3836s
 3197421 1458899  173.00000   54   27  192.00000  126.00000  34.4%  15.7 3840s
 3200686 1459674  173.00000   52   27  192.00000  126.00000  34.4%  15.7 3845s
 3203330 1460539  158.00000   57   19  192.00000  126.00000  34.4%  15.7 3850s
 3206254 1461574  127.02174   51   53  192.00000  126.00000  34.4%  15.7 3855s
 3210720 1462631     cutoff   73       192.00000  126.00000  34.4%  15.7 3860s
 3213679 1463189  173.00000   52   21  192.00000  126.00000  34.4%  15.7 3866s
 3215254 1463765  126.68116   52   79  192.00000  126.00000  34.4%  15.7 3871s
 3218015 1464887  190.00000   48   13  192.00000  126.00000  34.4%  15.7 3877s
 3221553 1465479  127.02174   58   77  192.00000  126.00000  34.4%  15.7 3881s
 3224840 1466945  127.02174   53   56  192.00000  126.00000  34.4%  15.7 3887s
 3227543 1467852  159.02174   58   42  192.00000  126.00000  34.4%  15.7 3892s
 3230130 1468644  190.00000   50   19  192.00000  126.00000  34.4%  15.7 3897s
 3232953 1469528  127.02174   56   59  192.00000  126.00000  34.4%  15.7 3902s
 3235548 1470295     cutoff   57       192.00000  126.00000  34.4%  15.7 3905s
 3237920 1470970     cutoff   67       192.00000  126.00000  34.4%  15.7 3910s
 3240159 1471414  158.00000   49   50  192.00000  126.00000  34.4%  15.7 3915s
 3242608 1472376  158.00000   53   18  192.00000  126.00000  34.4%  15.7 3920s
 3246066 1473281  126.00000   44   27  192.00000  126.00000  34.4%  15.7 3926s
 3247582 1474109  126.00000   48   41  192.00000  126.00000  34.4%  15.7 3932s
 3250676 1474862  158.00000   25   29  192.00000  126.00000  34.4%  15.7 3937s
 3251508 1475579  174.00000   28   20  192.00000  126.00000  34.4%  15.7 3940s
 3254544 1476490  159.02174   62   36  192.00000  126.00000  34.4%  15.7 3947s
 3256222 1476877  126.00000   52   35  192.00000  126.00000  34.4%  15.7 3951s
 3257735 1477434  158.00000   43   30  192.00000  126.00000  34.4%  15.7 3955s
 3260163 1478203  159.02174   57   45  192.00000  126.00000  34.4%  15.7 3961s
 3263608 1479006  127.02174   51   51  192.00000  126.00000  34.4%  15.7 3967s
 3264680 1479486  158.00000   54   37  192.00000  126.00000  34.4%  15.7 3970s
 3267910 1480101  158.00000   61   23  192.00000  126.00000  34.4%  15.7 3975s
 3270714 1481169  127.02174   42   51  192.00000  126.00000  34.4%  15.7 3982s
 3271803 1481863  158.00000   31   33  192.00000  126.00000  34.4%  15.7 3985s
 3274708 1482580  142.00000   27   39  192.00000  126.00000  34.4%  15.7 3990s
 3277248 1483781  173.00000   52   33  192.00000  126.00000  34.4%  15.7 3995s
 3280446 1484710  173.00000   46   27  192.00000  126.00000  34.4%  15.7 4001s
 3283452 1485509     cutoff   78       192.00000  126.00000  34.4%  15.7 4006s
 3285464 1486480  190.00000   53    6  192.00000  126.00000  34.4%  15.7 4010s
 3287558 1486961  158.00000   32   31  192.00000  126.00000  34.4%  15.7 4019s
 3289349 1487226 infeasible   55       192.00000  126.00000  34.4%  15.7 4023s
 3290642 1488185  126.00000   30   44  192.00000  126.00000  34.4%  15.7 4027s
 3293017 1488591     cutoff   71       192.00000  126.00000  34.4%  15.7 4030s
 3295841 1489750  127.02174   65   57  192.00000  126.00000  34.4%  15.7 4037s
 3298317 1490185  126.00000   36   33  192.00000  126.00000  34.4%  15.7 4040s
 3301662 1491256  158.00000   31   26  192.00000  126.00000  34.4%  15.7 4047s
 3302637 1491857  160.50435   40   30  192.00000  126.00000  34.4%  15.7 4050s
 3305555 1492689  126.34783   44   51  192.00000  126.00000  34.4%  15.7 4057s
 3308407 1493271  127.02174   59   56  192.00000  126.00000  34.4%  15.6 4060s
 3310970 1494213  126.00000   46   30  192.00000  126.00000  34.4%  15.6 4065s
 3314615 1495025  159.02174   67   49  192.00000  126.00000  34.4%  15.6 4071s
 3317104 1495884  127.02174   61   62  192.00000  126.00000  34.4%  15.6 4075s
 3319263 1496681  188.00000   61   28  192.00000  126.00000  34.4%  15.6 4081s
 3322426 1497341  190.00000   55   10  192.00000  126.00000  34.4%  15.6 4085s
 3326023 1498456  126.00000   55   26  192.00000  126.00000  34.4%  15.6 4092s
 3328548 1499205  159.02174   53   48  192.00000  126.00000  34.4%  15.6 4096s
 3331048 1499900  126.00000   41   36  192.00000  126.00000  34.4%  15.6 4100s
 3335030 1501040  126.00000   46   27  192.00000  126.00000  34.4%  15.6 4107s
 3337425 1501760  158.00000   37   26  192.00000  126.00000  34.4%  15.6 4111s
 3339935 1502307  190.00000   61    8  192.00000  126.00000  34.4%  15.6 4116s
 3342385 1503392  127.02174   44   66  192.00000  126.00000  34.4%  15.6 4122s
 3345585 1504184  158.00000   65   19  192.00000  126.00000  34.4%  15.6 4126s
 3348866 1504972 infeasible   41       192.00000  126.00000  34.4%  15.6 4130s
 3351392 1505719  126.00000   32   24  192.00000  126.00000  34.4%  15.6 4135s
 3353715 1506693 infeasible   61       192.00000  126.00000  34.4%  15.6 4140s
 3356049 1507333 infeasible   46       192.00000  126.00000  34.4%  15.6 4145s
 3359326 1508009 infeasible   67       192.00000  126.00000  34.4%  15.6 4150s
 3361455 1509459  190.00000   55    6  192.00000  126.00000  34.4%  15.6 4158s
 3364510 1509849  158.00000   51   10  192.00000  126.00000  34.4%  15.6 4160s
 3368120 1511171     cutoff   63       192.00000  126.00000  34.4%  15.6 4166s
 3371044 1512338  128.04348   55   42  192.00000  126.00000  34.4%  15.6 4172s
 3373869 1513073  158.00000   40   33  192.00000  126.00000  34.4%  15.6 4177s
 3375399 1513359 infeasible   53       192.00000  126.00000  34.4%  15.6 4180s
 3379157 1514878  169.75000   53   43  192.00000  126.00000  34.4%  15.6 4186s
 3383348 1516001  127.36232   59   60  192.00000  126.00000  34.4%  15.6 4192s
 3386032 1516762  158.00000   40   28  192.00000  126.00000  34.4%  15.6 4196s
 3388535 1517371  173.00000   56   30  192.00000  126.00000  34.4%  15.6 4200s
 3393216 1518841  127.36232   53   48  192.00000  126.00000  34.4%  15.6 4206s
 3395738 1519638  158.00000   60   14  192.00000  126.00000  34.4%  15.6 4210s
 3399505 1520728  190.00000   66    8  192.00000  126.00000  34.4%  15.6 4215s
 3403370 1521745  159.02174   41   34  192.00000  126.00000  34.4%  15.6 4221s
 3405939 1522681  127.02174   55   63  192.00000  126.00000  34.4%  15.6 4225s
 3409253 1523731  127.02174   43   56  192.00000  126.00000  34.4%  15.5 4231s
 3412901 1524833  173.00000   44   31  192.00000  126.00000  34.4%  15.5 4236s
 3415043 1526020  126.00000   44   40  192.00000  126.00000  34.4%  15.5 4244s
 3418092 1526295  190.00000   72    6  192.00000  126.00000  34.4%  15.5 4246s
 3420491 1526798  126.00000   32   32  192.00000  126.00000  34.4%  15.5 4250s
 3423599 1527893  190.00000   66   31  192.00000  126.00000  34.4%  15.5 4256s
 3426394 1528891  126.00000   38   41  192.00000  126.00000  34.4%  15.5 4261s
 3429141 1529941  127.02174   56   70  192.00000  126.00000  34.4%  15.5 4267s
 3431418 1530911  126.00000   40   38  192.00000  126.00000  34.4%  15.5 4271s
 3434175 1532073  127.02174   48   57  192.00000  126.00000  34.4%  15.5 4277s
 3437683 1533077  158.00000   50   22  192.00000  126.00000  34.4%  15.5 4281s
 3440417 1533511  158.00000   49   26  192.00000  126.00000  34.4%  15.5 4285s
 3442317 1534601  158.00000   66   30  192.00000  126.00000  34.4%  15.5 4291s
 3444928 1535240  126.00000   51   41  192.00000  126.00000  34.4%  15.5 4296s
 3447090 1535796  131.33333   42   51  192.00000  126.00000  34.4%  15.5 4301s
 3449623 1536754  127.02174   41   64  192.00000  126.00000  34.4%  15.5 4305s
 3452644 1537856  158.00000   44   26  192.00000  126.00000  34.4%  15.5 4311s
 3455798 1538630  173.00000   59   22  192.00000  126.00000  34.4%  15.5 4316s
 3458382 1539344  158.00000   39   16  192.00000  126.00000  34.4%  15.5 4322s
 3461026 1540102  127.44811   47   74  192.00000  126.00000  34.4%  15.5 4327s
 3463677 1540840  127.02174   43   65  192.00000  126.00000  34.4%  15.5 4332s
 3466320 1541358  126.00000   53   21  192.00000  126.00000  34.4%  15.5 4335s
 3468881 1542005  158.00000   60   24  192.00000  126.00000  34.4%  15.5 4340s
 3471090 1542352  158.34783   42   41  192.00000  126.00000  34.4%  15.5 4345s
 3474594 1543429  173.00000   57   30  192.00000  126.00000  34.4%  15.5 4352s
 3475792 1544157  158.00000   58   30  192.00000  126.00000  34.4%  15.5 4355s
 3480962 1545440 infeasible   53       192.00000  126.00000  34.4%  15.5 4361s
 3482672 1546152  173.00000   49   24  192.00000  126.00000  34.4%  15.5 4365s
 3485708 1547053  127.02174   58   46  192.00000  126.00000  34.4%  15.5 4370s
 3488380 1547872  173.00000   51   26  192.00000  126.00000  34.4%  15.5 4376s
 3489447 1548605  126.00000   51   26  192.00000  126.00000  34.4%  15.5 4380s
 3492488 1549466  126.53140   65   83  192.00000  126.00000  34.4%  15.5 4385s
 3497012 1550613  173.00000   46   24  192.00000  126.00000  34.4%  15.5 4390s
 3499719 1551703  190.00000   62    6  192.00000  126.00000  34.4%  15.5 4395s
 3502644 1552252  126.00000   45   41  192.00000  126.00000  34.4%  15.5 4401s
 3504894 1553114  173.00000   63   21  192.00000  126.00000  34.4%  15.5 4405s
 3507598 1554152  159.02174   46   54  192.00000  126.00000  34.4%  15.5 4410s
 3511975 1555435  126.00000   53   27  192.00000  126.00000  34.4%  15.5 4416s
 3515398 1556186  173.00000   44   27  192.00000  126.00000  34.4%  15.5 4420s
 3518456 1557652  159.02174   68   39  192.00000  126.00000  34.4%  15.4 4425s
 3520951 1558677  126.69565   62   51  192.00000  126.00000  34.4%  15.4 4430s
 3524623 1559549 infeasible   45       192.00000  126.00000  34.4%  15.4 4436s
 3528225 1560529  158.00000   59   44  192.00000  126.00000  34.4%  15.4 4441s
 3531257 1561950  190.00000   63    6  192.00000  126.00000  34.4%  15.4 4447s
 3533813 1562869  126.00000   55   26  192.00000  126.00000  34.4%  15.4 4451s
 3537994 1564004  127.02174   44   47  192.00000  126.00000  34.4%  15.4 4456s
 3540439 1565054  128.04348   67   41  192.00000  126.00000  34.4%  15.4 4460s
 3543407 1565838  173.00000   67   22  192.00000  126.00000  34.4%  15.4 4466s
 3545044 1566417  127.02174   43   54  192.00000  126.00000  34.4%  15.4 4470s
 3549454 1567317 infeasible   44       192.00000  126.00000  34.4%  15.4 4476s
 3552126 1568006  126.69565   38   70  192.00000  126.00000  34.4%  15.4 4481s
 3554667 1568930  159.02174   43   38  192.00000  126.00000  34.4%  15.4 4485s
 3557135 1570063  158.00000   55   31  192.00000  126.00000  34.4%  15.4 4490s
 3560968 1571188  127.39130   52   46  192.00000  126.00000  34.4%  15.4 4495s
 3564522 1572636  158.00000   37   18  192.00000  126.00000  34.4%  15.4 4503s
 3566639 1573012  173.00000   48   24  192.00000  126.00000  34.4%  15.4 4505s
 3569750 1574180  173.00000   51   23  192.00000  126.00000  34.4%  15.4 4510s
 3573291 1575559  190.00000   64   17  192.00000  126.00000  34.4%  15.4 4516s
 3575693 1576420  127.02174   63   48  192.00000  126.00000  34.4%  15.4 4520s
 3578745 1577265  126.00000   42   38  192.00000  126.00000  34.4%  15.4 4527s
 3581132 1578214  126.34783   39   54  192.00000  126.00000  34.4%  15.4 4532s
 3583639 1579272  126.00000   47   37  192.00000  126.00000  34.4%  15.4 4536s
 3586422 1580143  158.87037   62   42  192.00000  126.00000  34.4%  15.4 4541s
 3589271 1581105  190.00000   58   11  192.00000  126.00000  34.4%  15.4 4546s
 3591732 1581942  173.00000   52   28  192.00000  126.00000  34.4%  15.4 4550s
 3594160 1582880  127.02174   52   70  192.00000  126.00000  34.4%  15.4 4555s
 3596649 1583794  173.00000   52   26  192.00000  126.00000  34.4%  15.4 4561s
 3600779 1584868 infeasible   74       192.00000  126.00000  34.4%  15.4 4566s
 3603171 1585654  127.02174   45   55  192.00000  126.00000  34.4%  15.4 4570s
 3606588 1587212  164.13043   68   33  192.00000  126.00000  34.4%  15.4 4576s
 3609003 1587996  127.02174   54   63  192.00000  126.00000  34.4%  15.4 4581s
 3611301 1588290  173.00000   51   27  192.00000  126.00000  34.4%  15.4 4586s
 3611540 1588439  173.00000   53   24  192.00000  126.00000  34.4%  15.4 4590s
 3613656 1589348  158.00000   53   27  192.00000  126.00000  34.4%  15.4 4595s
 3615949 1590013  142.00000   50   34  192.00000  126.00000  34.4%  15.4 4601s
 3617782 1591205  126.69565   57   39  192.00000  126.00000  34.4%  15.4 4606s
 3620759 1592369  127.21212   56   49  192.00000  126.00000  34.4%  15.4 4613s
 3622820 1592625  158.00000   68   25  192.00000  126.00000  34.4%  15.4 4615s
 3625777 1594132  173.00000   58   29  192.00000  126.00000  34.4%  15.4 4621s
 3628548 1595048  127.02174   50   54  192.00000  126.00000  34.4%  15.4 4625s
 3630918 1595984  127.39130   48   39  192.00000  126.00000  34.4%  15.4 4630s
 3633753 1597130  159.02174   55   37  192.00000  126.00000  34.4%  15.4 4636s
 3636760 1597796  127.02174   64   64  192.00000  126.00000  34.4%  15.4 4640s
 3640327 1598830  173.00000   45   26  192.00000  126.00000  34.4%  15.4 4646s
 3643058 1599724  159.02174   68   42  192.00000  126.00000  34.4%  15.3 4651s
 3645791 1600645  127.02174   48   54  192.00000  126.00000  34.4%  15.3 4656s
 3648634 1601516  126.69565   48   46  192.00000  126.00000  34.4%  15.3 4661s
 3651250 1602723  126.00000   56   41  192.00000  126.00000  34.4%  15.3 4667s
 3653869 1603572  126.00000   52   22  192.00000  126.00000  34.4%  15.3 4671s
 3656526 1604405  126.00000   52   37  192.00000  126.00000  34.4%  15.3 4675s
 3658838 1605330  126.00000   42   44  192.00000  126.00000  34.4%  15.3 4680s
 3662043 1606697  190.00000   72    4  192.00000  126.00000  34.4%  15.3 4685s
 3664459 1607614     cutoff   61       192.00000  126.00000  34.4%  15.3 4690s
 3668738 1608824  158.69565   47   30  192.00000  126.00000  34.4%  15.3 4696s
 3669662 1609467  126.00000   50   30  192.00000  126.00000  34.4%  15.3 4700s
 3672344 1610506  159.02174   80   30  192.00000  126.00000  34.4%  15.3 4705s
 3676045 1611489  158.00000   61   19  192.00000  126.00000  34.4%  15.3 4711s
 3678185 1612143  126.00000   46   32  192.00000  126.00000  34.4%  15.3 4715s
 3680763 1613090  126.00000   55   23  192.00000  126.00000  34.4%  15.3 4720s
 3683610 1613865     cutoff   65       192.00000  126.00000  34.4%  15.3 4725s
 3685803 1614799  159.02174   58   52  192.00000  126.00000  34.4%  15.3 4730s
 3688221 1615807  190.00000   69    6  192.00000  126.00000  34.4%  15.3 4735s
 3692439 1616878  159.02174   64   42  192.00000  126.00000  34.4%  15.3 4741s
 3694728 1617624  159.02174   40   48  192.00000  126.00000  34.4%  15.3 4745s
 3698136 1618839  190.00000   68   10  192.00000  126.00000  34.4%  15.3 4752s
 3700617 1619721     cutoff   45       192.00000  126.00000  34.4%  15.3 4756s
 3703358 1620624  126.37209   39   69  192.00000  126.00000  34.4%  15.3 4760s
 3705822 1621424  127.02174   41   55  192.00000  126.00000  34.4%  15.3 4765s
 3709569 1622227  136.66667   49   32  192.00000  126.00000  34.4%  15.3 4771s
 3712190 1623667  126.69565   58   44  192.00000  126.00000  34.4%  15.3 4779s
 3715060 1624411  173.00000   45   21  192.00000  126.00000  34.4%  15.3 4782s
 3718313 1625344  126.46377   60   46  192.00000  126.00000  34.4%  15.3 4786s
 3720897 1626248  158.00000   41   25  192.00000  126.00000  34.4%  15.3 4790s
 3723989 1626988  126.00000   42   35  192.00000  126.00000  34.4%  15.3 4795s
 3726493 1628078  126.69565   42   67  192.00000  126.00000  34.4%  15.3 4800s
 3730931 1629533  127.02174   49   41  192.00000  126.00000  34.4%  15.3 4806s
 3735068 1630681  158.00000   56   18  192.00000  126.00000  34.4%  15.3 4811s
 3737253 1631279  126.00000   41   31  192.00000  126.00000  34.4%  15.3 4815s
 3740457 1632641  127.02174   41   50  192.00000  126.00000  34.4%  15.3 4821s
 3742973 1633286  190.00000   65    4  192.00000  126.00000  34.4%  15.3 4826s
 3745512 1633810  126.00000   43   38  192.00000  126.00000  34.4%  15.3 4831s
 3748204 1634501  158.00000   53   22  192.00000  126.00000  34.4%  15.3 4836s
 3749458 1635275  126.00000   50   48  192.00000  126.00000  34.4%  15.3 4840s
 3752831 1636261  127.02174   53   44  192.00000  126.00000  34.4%  15.3 4846s
 3756153 1637263  158.00000   43   24  192.00000  126.00000  34.4%  15.3 4851s
 3759108 1638163  188.00000   70   32  192.00000  126.00000  34.4%  15.3 4856s
 3761983 1638700 infeasible   55       192.00000  126.00000  34.4%  15.3 4860s
 3764847 1639635  190.00000   62   10  192.00000  126.00000  34.4%  15.3 4865s
 3767743 1640770  188.00000   62   13  192.00000  126.00000  34.4%  15.2 4871s
 3769742 1641183  127.02174   47   65  192.00000  126.00000  34.4%  15.2 4875s
 3771842 1641926  173.00000   52   22  192.00000  126.00000  34.4%  15.2 4880s
 3775938 1642885  158.00000   35   25  192.00000  126.00000  34.4%  15.2 4886s
 3778536 1643623  158.00000   63   22  192.00000  126.00000  34.4%  15.2 4891s
 3780640 1644384  190.00000   63   10  192.00000  126.00000  34.4%  15.2 4896s
 3781687 1645189  190.00000   62   18  192.00000  126.00000  34.4%  15.2 4900s
 3784784 1646014  126.00000   33   40  192.00000  126.00000  34.4%  15.2 4906s
 3787524 1646561  158.00000   47   19  192.00000  126.00000  34.4%  15.2 4911s
 3789901 1647033  158.00000   44   15  192.00000  126.00000  34.4%  15.2 4916s
 3792093 1647730  190.00000   53    4  192.00000  126.00000  34.4%  15.2 4920s
 3794951 1648581  127.39130   55   33  192.00000  126.00000  34.4%  15.2 4926s
 3797566 1649463  126.00000   51   40  192.00000  126.00000  34.4%  15.2 4931s
 3800454 1650361  127.02174   48   55  192.00000  126.00000  34.4%  15.2 4936s
 3802361 1650928  126.00000   51   26  192.00000  126.00000  34.4%  15.2 4941s
 3804593 1651616  126.00000   47   35  192.00000  126.00000  34.4%  15.2 4945s
 3808614 1652484  127.11248   50   63  192.00000  126.00000  34.4%  15.2 4951s
 3810890 1653251  127.02174   49   68  192.00000  126.00000  34.4%  15.2 4956s
 3813751 1654129  158.00000   47   44  192.00000  126.00000  34.4%  15.2 4962s
 3815614 1654364  126.69565   67   60  192.00000  126.00000  34.4%  15.2 4966s
 3817802 1655106  126.00000   44   39  192.00000  126.00000  34.4%  15.2 4971s
 3818805 1655879  158.00000   51   20  192.00000  126.00000  34.4%  15.2 4975s
 3821755 1656797  190.00000   67   26  192.00000  126.00000  34.4%  15.2 4980s
 3824292 1657667  158.00000   58   19  192.00000  126.00000  34.4%  15.2 4985s
 3827442 1658495  158.69565   51   44  192.00000  126.00000  34.4%  15.2 4991s
 3829773 1659385  126.00000   34   29  192.00000  126.00000  34.4%  15.2 4996s
 3832560 1660302  159.02174   65   48  192.00000  126.00000  34.4%  15.2 5000s

Cutting planes:
  Cover: 124
  Implied bound: 45
  Clique: 1
  MIR: 11
  StrongCG: 53
  Flow cover: 85
  GUB cover: 227
  Zero half: 6
  RLT: 11
  Relax-and-lift: 92
  BQP: 1

Explored 3834322 nodes (58285615 simplex iterations) in 5000.21 seconds (786.42 work units)
Thread count was 20 (of 20 available processors)

Solution count 10: 192 254 316 ... 662

Time limit reached
Best objective 1.920000000000e+02, best bound 1.260000000000e+02, gap 34.3750%

AMPL MP initial flat model has 2224 variables (36 integer, 1504 binary);
Objectives: 1 linear; 
Constraints:  8932 linear; 1476 quadratic;

AMPL MP final model has 2512 variables (36 integer, 1504 binary);
Objectives: 1 linear; 
Constraints:  9076 linear; 1476 quadratic;


Gurobi 12.0.3: time limit, feasible solution; objective 192
5.82856e+07 simplex iterations
3.83432e+06 branching nodes
absmipgap=66, relmipgap=0.34375
lp, wp, hp: begin
1: 7.700000 7.700000 4.600000
2: 7.700000 7.700000 4.600000
3: 7.700000 7.700000 4.600000
4: 7.700000 7.700000 4.600000
5: 7.700000 7.700000 4.600000
6: 7.700000 7.700000 4.600000
7: 7.700000 7.700000 4.600000
8: 7.700000 7.700000 4.600000
9: 7.700000 7.700000 4.600000
10: 7.700000 7.700000 4.600000
11: 7.700000 7.700000 4.600000
12: 7.700000 7.700000 4.600000
lp, wp, hp: end
LB, WB, HB: begin
1: 28.000000 15.000000 15.000000
2: 28.000000 15.000000 15.000000
3: 28.000000 15.000000 15.000000
4: 28.000000 15.000000 15.000000
5: 28.000000 15.000000 15.000000
6: 28.000000 15.000000 15.000000
7: 28.000000 15.000000 15.000000
8: 28.000000 15.000000 15.000000
9: 28.000000 15.000000 15.000000
10: 28.000000 15.000000 15.000000
11: 42.000000 32.000000 26.000000
12: 42.000000 32.000000 26.000000
13: 42.000000 32.000000 26.000000
14: 42.000000 32.000000 26.000000
15: 42.000000 32.000000 26.000000
16: 42.000000 32.000000 26.000000
17: 42.000000 32.000000 26.000000
18: 42.000000 32.000000 26.000000
19: 42.000000 32.000000 26.000000
20: 42.000000 32.000000 26.000000
21: 45.700000 45.700000 40.600000
22: 45.700000 45.700000 40.600000
23: 45.700000 45.700000 40.600000
24: 45.700000 45.700000 40.600000
25: 45.700000 45.700000 40.600000
26: 45.700000 45.700000 40.600000
27: 45.700000 45.700000 40.600000
28: 45.700000 45.700000 40.600000
29: 45.700000 45.700000 40.600000
30: 45.700000 45.700000 40.600000
31: 61.000000 46.000000 61.000000
32: 61.000000 46.000000 61.000000
33: 61.000000 46.000000 61.000000
34: 61.000000 46.000000 61.000000
35: 61.000000 46.000000 61.000000
36: 61.000000 46.000000 61.000000
37: 61.000000 46.000000 61.000000
38: 61.000000 46.000000 61.000000
39: 61.000000 46.000000 61.000000
40: 61.000000 46.000000 61.000000
LB, WB, HB: end
l_px, l_py, w_px, w_py: begin
1: 0 1 1 0
2: 0 1 1 0
3: 0 1 1 0
4: 1 0 0 1
5: 1 0 0 1
6: 1 0 0 1
7: 0 1 1 0
8: 0 1 1 0
9: 0 1 1 0
10: 0 1 1 0
11: 1 0 0 1
12: 0 1 1 0
l_px, l_py, w_px, w_py: end
xp, yp, zp, on_floor: begin
1: 8.000000 0.000000 0.000000 1
2: 0.000000 0.000000 0.000000 1
3: 0.000000 0.000000 0.000000 1
4: 15.000000 0.000000 0.000000 1
5: 8.000000 0.000000 0.000000 1
6: 8.000000 0.000000 0.000000 1
7: 0.000000 0.000000 0.000000 1
8: 0.000000 0.000000 0.000000 1
9: 15.000000 0.000000 0.000000 1
10: 8.000000 0.000000 0.000000 1
11: 0.000000 0.000000 0.000000 1
12: 0.000000 0.000000 0.000000 1
xp, yp, zp, on_floor: end
product ->carton: begin
1 -> 5
2 -> 1
3 -> 5
4 -> 1
5 -> 2
6 -> 10
7 -> 3
8 -> 2
9 -> 9
10 -> 3
11 -> 9
12 -> 10
product ->carton: end
