Gurobi 12.0.3:   lim:time = 5000
Set parameter LogToConsole to value 1
  tech:outlev = 1
Set parameter InfUnbdInfo to value 1
Gurobi Optimizer version 12.0.3 build v12.0.3rc0 (win64 - Windows 11+.0 (26200.2))

CPU model: 12th Gen Intel(R) Core(TM) i7-12700, instruction set [SSE2|AVX|AVX2]
Thread count: 12 physical cores, 20 logical processors, using up to 20 threads

Non-default parameters:
TimeLimit  5000
InfUnbdInfo  1

Optimize a model with 13720 rows, 3760 columns and 86950 nonzeros
Model fingerprint: 0xa1ebef99
Model has 1890 quadratic constraints
Model has 225 general nonlinear constraints (510 nonlinear terms)
Variable types: 1530 continuous, 2230 integer (0 binary)
Coefficient statistics:
  Matrix range     [1e+00, 1e+06]
  QMatrix range    [1e+00, 1e+00]
  QLMatrix range   [1e+00, 6e+00]
  Objective range  [3e+01, 5e+02]
  Bounds range     [1e+00, 1e+06]
  RHS range        [1e+00, 1e+06]
Presolve model has 225 nlconstr
Added 345 variables to disaggregate expressions.
Presolve removed 4036 rows and 885 columns
Presolve time: 0.61s
Presolved: 14844 rows, 4961 columns, 96124 nonzeros
Presolved model has 420 SOS constraint(s)
Presolved model has 1050 bilinear constraint(s)

Solving non-convex MIQCP

Variable types: 3091 continuous, 1870 integer (1825 binary)

Root relaxation: objective 3.200000e+01, 1637 iterations, 0.04 seconds (0.07 work units)

    Nodes    |    Current Node    |     Objective Bounds      |     Work
 Expl Unexpl |  Obj  Depth IntInf | Incumbent    BestBd   Gap | It/Node Time

     0     0   32.00000    0   72          -   32.00000      -     -    1s
     0     0   32.00000    0  235          -   32.00000      -     -    1s
     0     0   32.00000    0  213          -   32.00000      -     -    2s
     0     0   32.00000    0   64          -   32.00000      -     -    2s
     0     0   32.00000    0   61          -   32.00000      -     -    2s
     0     0   32.00007    0   61          -   32.00007      -     -    2s
     0     0   32.00007    0   82          -   32.00007      -     -    2s
     0     0   32.00007    0   54          -   32.00007      -     -    2s
     0     0   32.00007    0   47          -   32.00007      -     -    3s
     0     2   32.00007    0   47          -   32.00007      -     -    3s
    27    43 infeasible    5               -   32.00007      -   177    5s
   283   291 infeasible   23               -   32.00007      -  78.4   10s
H  302   291                     378.0000000   32.00007  91.5%  74.8   10s
H  337   348                     316.0000000   32.00007  89.9%  69.1   11s
H  391   348                     284.0000000   32.00007  88.7%  69.6   11s
H  494   519                     254.0000000   32.00007  87.4%  67.1   14s
   605   645   32.00007   27   77  254.00000   32.00007  87.4%  58.3   16s
H  754   791                     192.0000000   32.00007  83.3%  51.5   17s
   932  1054   32.00007   37   81  192.00000   32.00007  83.3%  45.7   20s
*  972   949             118     128.0000000   32.00007  75.0%  45.0   20s
  2310  2830   64.00000  108   85  128.00000   32.00007  75.0%  36.7   25s
  5279  3511   96.00000  111  549  128.00000   32.00007  75.0%  29.6   30s
  5295  3525   94.00000   15  135  128.00000   32.00007  75.0%  31.7   35s
  5362  3580   94.00000   20  115  128.00000   32.00007  75.0%  31.7   40s
  5467  3719   94.00000   23  133  128.00000   32.00007  75.0%  34.2   48s
  5566  3865   94.00000   24  133  128.00000   32.00007  75.0%  34.5   55s
  5757  4146   94.00000   27  127  128.00000   32.00007  75.0%  35.1   66s
  6147  4341   94.00000   32  121  128.00000   32.00007  75.0%  35.9   76s
  6603  4456   94.00000   36  134  128.00000   32.00007  75.0%  35.4   87s
  6956  4614   94.00000   42  112  128.00000   32.00007  75.0%  35.9   98s
  7343  4832     cutoff   49       128.00000   32.00007  75.0%  36.7  110s
  7808  5115   94.00000   56  114  128.00000   32.00007  75.0%  36.9  125s
  8355  5635 infeasible   64       128.00000   32.00007  75.0%  37.2  142s
  9220  5922  126.00000   74   46  128.00000   32.00007  75.0%  36.8  159s
 10003  6128   32.00007   72   93  128.00000   32.00007  75.0%  36.9  175s
 10597  6494  126.00000  107   40  128.00000   32.00007  75.0%  37.1  195s
 11356  6657  126.00000   86   57  128.00000   32.00007  75.0%  37.5  211s
 11879  7065   96.00000   55   45  128.00000   32.00007  75.0%  37.8  222s
 12597  7387  126.00000   51   70  128.00000   32.00007  75.0%  37.1  239s
 13360  7675  126.00000   90   53  128.00000   32.00007  75.0%  36.8  254s
 14123  8071   32.00014   60   98  128.00000   32.00007  75.0%  36.6  273s
 15066  8244   64.00000   71   96  128.00000   32.00007  75.0%  36.0  281s
 15768  8528   96.00000   82   28  128.00000   32.00007  75.0%  35.8  294s
 16460  8951  126.00000  114   62  128.00000   32.00007  75.0%  35.6  310s
 17172  9385  126.00000   38   73  128.00000   32.00007  75.0%  35.6  327s
 17794  9865  126.00000   68   73  128.00000   32.00007  75.0%  35.4  344s
 18514 10268  126.00000   62   68  128.00000   32.00007  75.0%  35.3  355s
 19062 10701  126.00000   99   39  128.00000   32.00007  75.0%  35.3  368s
 19611 11065   32.00007   55   94  128.00000   32.00007  75.0%  35.1  385s
 20114 11530  126.00000   82   49  128.00000   32.00007  75.0%  35.0  402s
 20720 12054  126.00000   76   70  128.00000   32.00007  75.0%  34.9  413s
 21394 12492   96.00000   75   37  128.00000   32.00007  75.0%  34.6  427s
 22025 13367  126.00000   93   57  128.00000   32.00007  75.0%  34.4  439s
 23196 13948   32.00007   35  107  128.00000   32.00007  75.0%  33.8  454s
 23961 14464  126.00000   71   57  128.00000   32.00007  75.0%  34.0  470s
 24637 14956  126.00000   91   54  128.00000   32.00007  75.0%  33.8  485s
 25366 15503  126.00000  145   46  128.00000   32.00007  75.0%  33.8  504s
 26111 16010  126.00000   77   61  128.00000   32.00007  75.0%  33.7  524s
 26818 16634  126.00000  118   43  128.00000   32.00007  75.0%  33.5  548s
 27622 17476   64.00000   96   57  128.00000   32.00007  75.0%  33.5  564s
 28859 18107   96.00000   66   43  128.00000   32.00007  75.0%  33.2  583s
 29739 18729   32.00007   72   95  128.00000   32.00007  75.0%  33.1  609s
 30617 19410  126.00000  119   63  128.00000   32.00007  75.0%  33.1  637s
 31575 20163   37.03571   43  102  128.00000   32.00007  75.0%  33.1  661s
 32575 20983  126.00000   39   67  128.00000   32.00007  75.0%  33.5  679s
 33626 21715 infeasible   66       128.00000   32.00007  75.0%  33.6  707s
 34738 22502  126.00000  101   65  128.00000   32.00007  75.0%  33.8  730s
 35886 23456   64.00000   64   55  128.00000   32.00007  75.0%  33.6  810s
 37128 24151  126.00000   80   48  128.00000   32.00007  75.0%  33.3  828s
 38306 25068   34.47368   40  163  128.00000   32.00007  75.0%  33.7  853s
 39524 25844  126.00000   62   65  128.00000   32.00007  75.0%  34.3  885s
 40620 26753   32.00007   75   95  128.00000   32.00007  75.0%  34.6  919s
 41724 27562   96.00000  126   35  128.00000   32.00007  75.0%  34.8  941s
 43045 28366     cutoff  110       128.00000   32.00007  75.0%  35.2  976s
 44272 29189  126.00000   71   67  128.00000   32.00007  75.0%  35.5 1008s
 45495 30069   32.00007   65   92  128.00000   32.00007  75.0%  35.7 1044s
 46785 30957  126.00000   48   56  128.00000   32.00007  75.0%  35.7 1081s
 48020 31841  126.00000   84   47  128.00000   32.00007  75.0%  35.8 1111s
 49334 32743     cutoff   94       128.00000   32.00007  75.0%  35.9 1147s
 50666 33560  126.00000   83   83  128.00000   32.00007  75.0%  36.0 1167s
 51892 34275     cutoff  111       128.00000   32.00007  75.0%  36.0 1189s
 52939 35213  126.00000   71   84  128.00000   32.00007  75.0%  36.1 1223s
 54283 36077  126.00000   84   66  128.00000   32.00007  75.0%  36.1 1247s
 55540 36805  126.00000  128   68  128.00000   32.00007  75.0%  36.1 1267s
 56637 37587   32.00007   85  107  128.00000   32.00007  75.0%  36.2 1281s
 57715 38490   96.00000   61   45  128.00000   32.00007  75.0%  36.3 1307s
 59021 39260     cutoff   79       128.00000   32.00007  75.0%  36.3 1339s
 60202 40130  126.00000   50   55  128.00000   32.00007  75.0%  36.4 1371s
*61084  8821             114      96.0000000   32.00007  66.7%  36.4 1371s
 61496  8828     cutoff   80        96.00000   32.00007  66.7%  36.4 1402s
 62963  9713   65.45455  134  108   96.00000   32.00007  66.7%  36.9 1436s
 64526 10467   64.00000   93   45   96.00000   32.00007  66.7%  37.2 1459s
 66025 11196     cutoff   35        96.00000   32.00007  66.7%  37.7 1484s
 67292 11872     cutoff   79        96.00000   32.00007  66.7%  37.9 1509s
 68505 12522   64.00000   53   47   96.00000   32.00007  66.7%  38.1 1531s
 69691 13168   64.00000   86   33   96.00000   32.00007  66.7%  38.4 1560s
 70952 13890 infeasible   86        96.00000   32.00007  66.7%  38.6 1587s
 72310 14592   64.00000   82   57   96.00000   32.00007  66.7%  38.9 1616s
 73724 15156   64.00000  100   51   96.00000   32.00007  66.7%  39.2 1644s
 74836 15657   64.00000  116   59   96.00000   32.00007  66.7%  39.3 1667s
 76006 16230 infeasible   84        96.00000   32.00007  66.7%  39.6 1692s
 77261 16922   64.00000  102   71   96.00000   32.00007  66.7%  39.8 1719s
 78519 17493     cutoff   92        96.00000   32.00007  66.7%  39.9 1744s
 79799 18080   64.00000   69   50   96.00000   32.00007  66.7%  40.1 1764s
 80908 18694   64.00000  107   58   96.00000   32.00007  66.7%  40.3 1788s
 82270 19343   64.00000   70   71   96.00000   32.00007  66.7%  40.4 1812s
 83506 19925   64.00000   88   47   96.00000   32.00007  66.7%  40.6 1829s
 84703 20634   64.00000   89   59   96.00000   32.00007  66.7%  40.7 1848s
 86002 21241   64.00000   69   51   96.00000   32.00007  66.7%  40.9 1870s
 87260 21843   64.00000   84   80   96.00000   32.00007  66.7%  41.0 1892s
 88581 22785   32.00048   44  142   96.00000   32.00007  66.7%  41.3 1917s
 90307 23498   34.93878  101  126   96.00000   32.00007  66.7%  41.2 1943s
 91776 24097     cutoff  107        96.00000   32.00007  66.7%  41.3 1963s
 93008 24719   32.00007   45   76   96.00000   32.00007  66.7%  41.5 1979s
 94245 25571   64.00000   79   74   96.00000   32.00007  66.7%  41.7 2007s
 95949 26175   64.00000   74   55   96.00000   32.00007  66.7%  41.7 2029s
 97053 26738   64.00000   74   57   96.00000   32.00007  66.7%  41.8 2049s
 98325 27386   64.00000   55   66   96.00000   32.00007  66.7%  42.0 2076s
 99614 27959   48.00000   58   50   96.00000   32.00007  66.7%  42.0 2094s
 100730 28574     cutoff   88        96.00000   32.00007  66.7%  42.1 2117s
 102045 29120   64.00000   83   46   96.00000   32.00007  66.7%  42.1 2136s
 103127 29702   64.00000   51   88   96.00000   32.00007  66.7%  42.2 2155s
 104248 30330   32.00007   85   78   96.00000   32.00007  66.7%  42.3 2175s
 105546 30991   66.47368   75   98   96.00000   32.00007  66.7%  42.4 2199s
 106818 31504   64.00000   93   49   96.00000   32.00007  66.7%  42.5 2212s
 107834 32135   64.00000   68   51   96.00000   32.00007  66.7%  42.5 2229s
 109209 32827   64.00000   72   43   96.00000   32.00007  66.7%  42.6 2255s
 110777 33579   64.00000   77   64   96.00000   32.00007  66.7%  42.7 2278s
 112314 34123 infeasible   68        96.00000   32.00007  66.7%  42.6 2298s
 113371 34537     cutoff   80        96.00000   32.00007  66.7%  42.7 2316s
 114401 35078   64.00000   85   45   96.00000   32.00007  66.7%  42.8 2337s
 115588 35759     cutoff   80        96.00000   32.00007  66.7%  42.8 2361s
 117146 36203   48.00000   93   64   96.00000   32.00007  66.7%  42.8 2375s
 118156 36680     cutoff  103        96.00000   32.00007  66.7%  42.8 2392s
 119257 37139   32.00007   79   88   96.00000   32.00007  66.7%  42.9 2414s
 120261 37626 infeasible   75        96.00000   32.00007  66.7%  42.9 2431s
 121392 38131   64.00000   80   60   96.00000   32.00007  66.7%  43.1 2442s
 122554 38767     cutoff   88        96.00000   32.00007  66.7%  43.1 2463s
 123860 39313     cutoff   59        96.00000   32.00007  66.7%  43.1 2473s
 125029 39876   32.00007   68   84   96.00000   32.00007  66.7%  43.1 2497s
 126254 40689   68.00000   96   46   96.00000   32.00007  66.7%  43.2 2510s
 127813 41296   65.00000  120   75   96.00000   32.00007  66.7%  43.2 2536s
 129224 41905     cutoff   89        96.00000   32.00007  66.7%  43.3 2559s
 130425 42477     cutoff   74        96.00000   32.00007  66.7%  43.3 2587s
 131622 43171   66.47368   77   84   96.00000   32.00007  66.7%  43.4 2615s
 133203 43645   64.00000   55   56   96.00000   32.00007  66.7%  43.4 2635s
 134316 44077   65.00000   78   76   96.00000   32.00007  66.7%  43.5 2649s
 135391 44550 infeasible   69        96.00000   32.00007  66.7%  43.5 2672s
 136568 45318   64.00000   79   62   96.00000   32.00007  66.7%  43.6 2698s
 138010 45904   64.00000   58   87   96.00000   32.00007  66.7%  43.6 2714s
 139192 46418   64.00000   74   81   96.00000   32.00007  66.7%  43.6 2726s
 140127 46974 infeasible   87        96.00000   32.00007  66.7%  43.7 2743s
 141282 47469     cutoff   63        96.00000   32.00007  66.7%  43.7 2771s
 142315 48074   64.00000  100   68   96.00000   32.00007  66.7%  43.7 2794s
 143297 48074   64.00000  101   51   96.00000   32.00007  66.7%  43.7 2795s
 143552 48572     cutoff   83        96.00000   32.00007  66.7%  43.7 2816s
 144629 49127   64.00000   75   73   96.00000   32.00007  66.7%  43.7 2835s
 145811 49997   64.00000   81   60   96.00000   32.00007  66.7%  43.8 2862s
 147494 50629   64.00000   78   38   96.00000   32.00007  66.7%  43.8 2882s
 148668 51022 infeasible  103        96.00000   32.00007  66.7%  43.8 2900s
 149549 51444   64.00000   76   46   96.00000   32.00007  66.7%  43.8 2920s
 150499 52028   64.00000   71   86   96.00000   32.00007  66.7%  43.9 2945s
 151576 52565   65.30612  119   78   96.00000   32.00007  66.7%  43.9 2972s
 152941 53032   65.00000  120   83   96.00000   32.00007  66.7%  43.9 2997s
 153938 53670   64.00000  105   39   96.00000   32.00007  66.7%  43.9 3015s
 155092 54403   64.00000  122   40   96.00000   32.00007  66.7%  44.0 3036s
 156485 54882   64.00000  151   50   96.00000   32.00007  66.7%  44.0 3056s
 157464 55307   64.84211  158   62   96.00000   32.00007  66.7%  44.0 3074s
 158379 55810   64.00000  119   52   96.00000   32.00007  66.7%  44.1 3086s
 159344 56357   64.00000   69   75   96.00000   32.00007  66.7%  44.1 3109s
 160376 56978   64.00000   91   59   96.00000   32.00007  66.7%  44.1 3129s
 161624 57554   64.00000   94   38   96.00000   32.00007  66.7%  44.1 3155s
 162802 58006   64.00000   95   54   96.00000   32.00007  66.7%  44.2 3182s
 163829 58512   64.00000   68   42   96.00000   32.00007  66.7%  44.2 3212s
 165034 59020   64.00000   85   56   96.00000   32.00007  66.7%  44.3 3241s
 166164 59652   32.00009   33  105   96.00000   32.00007  66.7%  44.3 3272s
 167461 60336   64.00000   75   63   96.00000   32.00007  66.7%  44.3 3301s
 168789 60800 infeasible   44        96.00000   32.00007  66.7%  44.3 3321s
 169896 61317   64.00000   59   71   96.00000   32.00007  66.7%  44.3 3345s
 171056 61854   64.00000   63   72   96.00000   32.00007  66.7%  44.4 3367s
 172194 62559   64.00000   75   74   96.00000   32.00007  66.7%  44.5 3383s
 173639 63167     cutoff   80        96.00000   32.00007  66.7%  44.4 3406s
 174888 63855   32.00007   80  116   96.00000   32.00007  66.7%  44.5 3432s
 176202 64334   64.00000   67   60   96.00000   32.00007  66.7%  44.5 3445s
 177318 64803   64.00000   43   91   96.00000   32.00007  66.7%  44.5 3476s
 178332 65274   64.00000   77   61   96.00000   32.00007  66.7%  44.5 3504s
 179399 65806   64.00000   94   76   96.00000   32.00007  66.7%  44.5 3533s
 180429 66300   64.00000   91   60   96.00000   32.00007  66.7%  44.6 3565s
 181459 66810     cutoff   80        96.00000   32.00007  66.7%  44.6 3590s
 182586 67355     cutoff  100        96.00000   32.00007  66.7%  44.6 3613s
 183766 67808   64.00000   65   99   96.00000   32.00007  66.7%  44.7 3637s
 184779 68293 infeasible   66        96.00000   32.00007  66.7%  44.8 3657s
 185898 68904   64.00000   85   65   96.00000   32.00007  66.7%  44.8 3688s
 187001 69532   33.00000   45  105   96.00000   32.00007  66.7%  44.9 3709s
 188217 70146   64.00000   54   63   96.00000   32.00007  66.7%  44.9 3737s
 189494 70812   64.00000   93   48   96.00000   32.00007  66.7%  44.9 3756s
 190856 71572   32.00007   46   83   96.00000   32.00007  66.7%  45.0 3781s
 192375 72264   32.00007   58  117   96.00000   32.00007  66.7%  45.0 3805s
 193593 72907   64.00000   53   75   96.00000   32.00007  66.7%  45.0 3839s
 194878 73718 infeasible   66        96.00000   32.00007  66.7%  45.0 3870s
 196355 74319   64.00000   63   50   96.00000   32.00007  66.7%  45.0 3904s
 197510 74973   32.00007   55   64   96.00000   32.00007  66.7%  45.1 3931s
 198725 75506     cutoff   88        96.00000   32.00007  66.7%  45.1 3963s
 199964 76140   64.00000   74   67   96.00000   32.00007  66.7%  45.1 3987s
 201164 76745   64.00000   91   39   96.00000   32.00007  66.7%  45.1 4013s
 202374 77317   64.00000   61   51   96.00000   32.00007  66.7%  45.1 4029s
 203432 77927   64.00000   40   57   96.00000   32.00007  66.7%  45.2 4058s
 204667 78503     cutoff   57        96.00000   32.00007  66.7%  45.2 4081s
 205782 79143   64.00000   79   45   96.00000   32.00007  66.7%  45.2 4104s
 207053 79765   65.33333   68   74   96.00000   32.00007  66.7%  45.2 4137s
 208204 80307   64.00014   78   40   96.00000   32.00007  66.7%  45.2 4174s
 209411 81149   64.00000   46   78   96.00000   32.00007  66.7%  45.2 4203s
 210856 81913   64.00000   71   68   96.00000   32.00007  66.7%  45.2 4239s
 212273 82470 infeasible   80        96.00000   32.00007  66.7%  45.1 4264s
 213470 83038   64.00000   49   73   96.00000   32.00007  66.7%  45.1 4290s
 214606 83634   64.00000   99   61   96.00000   32.00007  66.7%  45.2 4318s
 215853 84221   64.00000   48   52   96.00000   32.00007  66.7%  45.2 4338s
 217024 84927 infeasible   58        96.00000   32.00007  66.7%  45.2 4358s
 218324 85413   64.00000   81   65   96.00000   32.00007  66.7%  45.2 4390s
 219329 86011   32.00007   46   80   96.00000   32.00007  66.7%  45.2 4406s
 220448 86620   64.00000   52   53   96.00000   32.00007  66.7%  45.3 4430s
 221689 87131   32.00007   72  136   96.00000   32.00007  66.7%  45.3 4444s
 222819 87690   64.00000   43   57   96.00000   32.00007  66.7%  45.3 4478s
 224095 88379   64.00000   77   42   96.00000   32.00007  66.7%  45.4 4511s
 225331 89100   64.00000   48   78   96.00000   32.00007  66.7%  45.4 4545s
 226641 89644   64.00000   52   72   96.00000   32.00007  66.7%  45.4 4575s
 227755 90278   66.93750   97   69   96.00000   32.00007  66.7%  45.5 4600s
 229039 90949   64.00000   55   78   96.00000   32.00007  66.7%  45.5 4628s
 230382 91561   64.59259   66   83   96.00000   32.00007  66.7%  45.5 4654s
 231670 92370   64.00000   62   51   96.00000   32.00007  66.7%  45.6 4673s
 233228 93035     cutoff   81        96.00000   32.00007  66.7%  45.5 4690s
 234616 93670   64.00000   48   83   96.00000   32.00007  66.7%  45.5 4717s
 235869 94282   32.00007   59   75   96.00000   32.00007  66.7%  45.6 4736s
 237088 94889     cutoff   68        96.00000   32.00007  66.7%  45.6 4761s
 238210 95537     cutoff  111        96.00000   32.00007  66.7%  45.6 4782s
 239520 96159   64.00000   85   62   96.00000   32.00007  66.7%  45.6 4803s
 240775 96725   67.91667   92   81   96.00000   32.00007  66.7%  45.6 4826s
 242021 97268   64.00000   67   62   96.00000   32.00007  66.7%  45.6 4854s
 243162 97863 infeasible   66        96.00000   32.00007  66.7%  45.6 4889s
 244435 98478     cutoff   76        96.00000   32.00007  66.7%  45.6 4915s
 245680 99028     cutoff   63        96.00000   32.00007  66.7%  45.6 4949s
 246973 99630     cutoff   90        96.00000   32.00007  66.7%  45.6 4984s
 248250 100256     cutoff   93        96.00000   32.00007  66.7%  45.6 5000s

Cutting planes:
  Gomory: 36
  Lift-and-project: 3
  Cover: 25
  Implied bound: 16
  Clique: 6
  MIR: 140
  Mixing: 2
  StrongCG: 27
  Flow cover: 555
  GUB cover: 6
  Inf proof: 2
  Zero half: 87
  RLT: 4
  Relax-and-lift: 195

Explored 249575 nodes (11403988 simplex iterations) in 5000.32 seconds (878.89 work units)
Thread count was 20 (of 20 available processors)

Solution count 9: 96 128 192 ... 378

Time limit reached
Best objective 9.600000000000e+01, best bound 3.400000000000e+01, gap 64.5833%

AMPL MP initial flat model has 3310 variables (45 integer, 2185 binary);
Objectives: 1 linear; 
Constraints:  13495 linear; 2340 quadratic;

AMPL MP final model has 3760 variables (45 integer, 2185 binary);
Objectives: 1 linear; 
Constraints:  13720 linear; 2340 quadratic;


Gurobi 12.0.3: time limit, feasible solution; objective 96
1.1404e+07 simplex iterations
249575 branching nodes
absmipgap=62, relmipgap=0.645833
lp, wp, hp: begin
1: 4.500000 5.600000 10.500000
2: 4.500000 5.600000 10.500000
3: 4.500000 5.600000 10.500000
4: 2.500000 2.500000 9.000000
5: 2.500000 2.500000 9.000000
6: 2.500000 2.500000 9.000000
7: 2.500000 2.500000 9.000000
8: 2.500000 2.500000 9.000000
9: 2.500000 2.500000 9.000000
10: 2.500000 2.500000 9.000000
11: 2.500000 2.500000 9.000000
12: 2.500000 2.500000 9.000000
13: 2.500000 2.500000 9.000000
14: 2.500000 2.500000 9.000000
15: 2.500000 2.500000 9.000000
lp, wp, hp: end
LB, WB, HB: begin
1: 28.000000 15.000000 15.000000
2: 28.000000 15.000000 15.000000
3: 28.000000 15.000000 15.000000
4: 28.000000 15.000000 15.000000
5: 28.000000 15.000000 15.000000
6: 28.000000 15.000000 15.000000
7: 28.000000 15.000000 15.000000
8: 28.000000 15.000000 15.000000
9: 28.000000 15.000000 15.000000
10: 28.000000 15.000000 15.000000
11: 42.000000 32.000000 26.000000
12: 42.000000 32.000000 26.000000
13: 42.000000 32.000000 26.000000
14: 42.000000 32.000000 26.000000
15: 42.000000 32.000000 26.000000
16: 42.000000 32.000000 26.000000
17: 42.000000 32.000000 26.000000
18: 42.000000 32.000000 26.000000
19: 42.000000 32.000000 26.000000
20: 42.000000 32.000000 26.000000
21: 45.700000 45.700000 40.600000
22: 45.700000 45.700000 40.600000
23: 45.700000 45.700000 40.600000
24: 45.700000 45.700000 40.600000
25: 45.700000 45.700000 40.600000
26: 45.700000 45.700000 40.600000
27: 45.700000 45.700000 40.600000
28: 45.700000 45.700000 40.600000
29: 45.700000 45.700000 40.600000
30: 45.700000 45.700000 40.600000
31: 61.000000 46.000000 61.000000
32: 61.000000 46.000000 61.000000
33: 61.000000 46.000000 61.000000
34: 61.000000 46.000000 61.000000
35: 61.000000 46.000000 61.000000
36: 61.000000 46.000000 61.000000
37: 61.000000 46.000000 61.000000
38: 61.000000 46.000000 61.000000
39: 61.000000 46.000000 61.000000
40: 61.000000 46.000000 61.000000
LB, WB, HB: end
l_px, l_py, w_px, w_py: begin
1: 0 1 1 0
2: 1 0 0 1
3: 0 1 1 0
4: 1 0 0 1
5: 1 0 0 1
6: 1 0 0 1
7: 1 0 0 1
8: 1 0 0 1
9: 1 0 0 1
10: 1 0 0 1
11: 0 1 1 0
12: 1 0 0 1
13: 1 0 0 1
14: 1 0 0 1
15: 1 0 0 1
l_px, l_py, w_px, w_py: end
xp, yp, zp, on_floor: begin
1: 5.000000 0.000000 0.000000 1
2: 0.000000 5.000000 0.000000 1
3: 5.000000 0.000000 0.000000 1
4: 3.000000 3.000000 0.000000 1
5: 0.000000 3.000000 0.000000 1
6: 0.000000 0.000000 0.000000 1
7: 0.000000 0.000000 0.000000 1
8: 2.000000 0.000000 0.000000 1
9: 0.000000 3.000000 0.000000 1
10: 3.000000 5.000000 0.000000 1
11: 2.000000 0.000000 0.000000 1
12: 3.000000 5.000000 0.000000 1
13: 0.000000 3.000000 0.000000 1
14: 4.000000 0.000000 0.000000 1
15: 5.000000 5.000000 0.000000 1
xp, yp, zp, on_floor: end
product ->carton: begin
1 -> 4
2 -> 2
3 -> 2
4 -> 1
5 -> 4
6 -> 1
7 -> 4
8 -> 2
9 -> 1
10 -> 4
11 -> 2
12 -> 4
13 -> 1
14 -> 1
15 -> 2
product ->carton: end
