Gurobi 12.0.3:   lim:time = 5000
Set parameter LogToConsole to value 1
  tech:outlev = 1
Set parameter InfUnbdInfo to value 1
Gurobi Optimizer version 12.0.3 build v12.0.3rc0 (win64 - Windows 11+.0 (26200.2))

CPU model: 12th Gen Intel(R) Core(TM) i7-12700, instruction set [SSE2|AVX|AVX2]
Thread count: 12 physical cores, 20 logical processors, using up to 20 threads

Non-default parameters:
TimeLimit  5000
InfUnbdInfo  1

Optimize a model with 36150 rows, 10432 columns and 232768 nonzeros
Model fingerprint: 0x39831719
Model has 5850 quadratic constraints
Model has 676 general nonlinear constraints (1456 nonlinear terms)
Variable types: 4640 continuous, 5792 integer (0 binary)
Coefficient statistics:
  Matrix range     [1e+00, 1e+06]
  QMatrix range    [1e+00, 1e+00]
  QLMatrix range   [1e+00, 1e+01]
  Objective range  [3e+01, 5e+02]
  Bounds range     [1e+00, 1e+06]
  RHS range        [1e+00, 1e+06]
Presolve model has 676 nlconstr
Added 884 variables to disaggregate expressions.
Presolve removed 424 rows and 1538 columns
Presolve time: 1.54s
Presolved: 51248 rows, 15083 columns, 283207 nonzeros
Presolved model has 1300 SOS constraint(s)
Presolved model has 3250 bilinear constraint(s)

Solving non-convex MIQCP

Variable types: 9293 continuous, 5790 integer (5644 binary)

Root relaxation: objective 9.400000e+01, 3872 iterations, 0.18 seconds (0.24 work units)
Total elapsed time = 5.19s (DegenMoves)

    Nodes    |    Current Node    |     Objective Bounds      |     Work
 Expl Unexpl |  Obj  Depth IntInf | Incumbent    BestBd   Gap | It/Node Time

     0     0   94.00000    0  139          -   94.00000      -     -    5s
     0     0   94.00000    0  804          -   94.00000      -     -    7s
     0     0   94.00000    0  784          -   94.00000      -     -    7s
     0     0   94.00000    0  802          -   94.00000      -     -   12s
     0     0   94.00000    0   95          -   94.00000      -     -   19s
     0     0   94.00000    0  103          -   94.00000      -     -   19s
     0     0   94.00000    0   98          -   94.00000      -     -   23s
     0     0   94.00000    0  549          -   94.00000      -     -   25s
     0     0   94.00000    0  127          -   94.00000      -     -   28s
     0     0   94.00000    0  618          -   94.00000      -     -   31s
     0     0   94.00000    0  134          -   94.00000      -     -   35s
     0     0   94.00000    0  620          -   94.00000      -     -   37s
     0     0   94.00000    0  108          -   94.00000      -     -   39s
     0     0   94.00000    0  108          -   94.00000      -     -   47s
     0     0   94.00000    0   96          -   94.00000      -     -   54s
     0     0   94.00000    0   95          -   94.00000      -     -   54s
     0     0   94.00000    0  699          -   94.00000      -     -   56s
     0     0   94.00000    0  725          -   94.00000      -     -   56s
     0     0   94.00000    0  695          -   94.00000      -     -   57s
     0     0   94.00000    0   96          -   94.00000      -     -   60s
     0     0   94.00000    0  517          -   94.00000      -     -   60s
     0     0   94.00000    0   85          -   94.00000      -     -   62s
     0     0   94.00000    0  356          -   94.00000      -     -   63s
     0     0   94.00000    0   96          -   94.00000      -     -   65s
     0     0   94.00000    0  428          -   94.00000      -     -   65s
     0     0   94.00000    0   80          -   94.00000      -     -   68s
     0     0   94.00000    0  368          -   94.00000      -     -   68s
     0     0   94.00000    0   94          -   94.00000      -     -   70s
     0     0   94.00000    0   94          -   94.00000      -     -   71s
H    0     0                    4848.0000000   94.00000  98.1%     -   74s
H    0     0                    4816.0000000   94.00000  98.0%     -   74s
H    0     0                    1658.0000000   94.00000  94.3%     -   74s
H    0     0                    1408.0000000   94.00000  93.3%     -   75s
H    0     0                    1314.0000000   94.00000  92.8%     -   75s
H    0     0                    1158.0000000   94.00000  91.9%     -   75s
     0     2   94.00000    0   94 1158.00000   94.00000  91.9%     -   76s
     7    14   94.00000    3  397 1158.00000   94.00000  91.9%   956   83s
    15    24   94.00000    4  363 1158.00000   94.00000  91.9%   622   86s
H   27    34                    1126.0000000   94.00000  91.7%   507   89s
H   30    34                    1002.0000000   94.00000  90.6%   471   89s
    39    52   94.00000    6  365 1002.00000   94.00000  90.6%   591   94s
    57    74   94.00000    7  344 1002.00000   94.00000  90.6%   524   98s
    79    86  156.00000    9  356 1002.00000   94.00000  90.6%   480  104s
H   82    86                     970.0000000   94.00000  90.3%   465  104s
H   83    86                     846.0000000   94.00000  88.9%   459  104s
    91   110   94.00000    9  352  846.00000   94.00000  88.9%   424  110s
H  101   110                     752.0000000   94.00000  87.5%   495  110s
H  107   110                     722.0000000   94.00000  87.0%   526  110s
   115   143   94.00000   10  129  722.00000   94.00000  87.0%   668  120s
H  117   143                     690.0000000   94.00000  86.4%   664  120s
H  118   143                     566.0000000   94.00000  83.4%   658  120s
   150   217   94.00000   12  411  566.00000   94.00000  83.4%   723  140s
H  234   306                     534.0000000   94.00000  82.4%   590  163s
H  242   306                     472.0000000   94.00000  80.1%   577  163s
   327   490   94.00000   20  216  472.00000   94.00000  80.1%   549  195s
H  343   490                     440.0000000   94.00000  78.6%   542  195s
   555   672   94.00000   34  359  440.00000   94.00000  78.6%   490  241s
H  573   672                     408.0000000   94.00000  77.0%   485  241s
   781  1123   94.00000   47  257  408.00000   94.00000  77.0%   434  316s
H 1261  1123                     376.0000000   94.00000  75.0%   364  317s
  1288  1744  250.00000   76  286  376.00000   94.00000  75.0%   360  420s
  2110  2472   94.00000  120  257  376.00000   94.00000  75.0%   307  504s
H 3035  2957                     314.0000000   94.00000  70.1%   256  583s
  3608  3630   94.00000  185  330  314.00000   94.00000  70.1%   235  696s
  4535  4368 infeasible  264       314.00000   94.00000  70.1%   203  803s
  5518  4369   94.00000  112 1661  314.00000   94.00000  70.1%   180  807s
  5521  4371   94.00000  138  457  314.00000   94.00000  70.1%   180  811s
  5523  4372  250.00000   52   61  314.00000   94.00000  70.1%   179  815s
  5527  4375  250.00000  139   59  314.00000   94.00000  70.1%   179  821s
  5530  4377  250.00000   47  407  314.00000   94.00000  70.1%   179  825s
  5534  4380   94.00000  261   59  314.00000   94.00000  70.1%   179  831s
  5538  4382   94.00000  166   88  314.00000   94.00000  70.1%   179  835s
  5541  4384   94.00000   14   54  314.00000   94.00000  70.1%   179  845s
  5542  4385   94.00000  125   54  314.00000   94.00000  70.1%   179  856s
  5543  4389   94.00000   10  281  314.00000   94.00000  70.1%   194  871s
  5549  4399   94.00000   12  272  314.00000   94.00000  70.1%   194  883s
  5557  4405   94.00000   13  267  314.00000   94.00000  70.1%   194  893s
  5569  4427   94.00000   14  267  314.00000   94.00000  70.1%   194  906s
  5598  4452  156.00000   15  332  314.00000   94.00000  70.1%   195  922s
  5652  4480   94.00000   17  527  314.00000   94.00000  70.1%   199  944s
  5702  4559   94.00000   19  286  314.00000   94.00000  70.1%   206  982s
  5819  4675   94.00000   25  338  314.00000   94.00000  70.1%   209 1021s
  6027  4885   94.00000   33  253  314.00000   94.00000  70.1%   217 1104s
  6397  5143   94.00000   49  288  314.00000   94.00000  70.1%   224 1186s
  6915  5714   94.00000   66  247  314.00000   94.00000  70.1%   226 1296s
  7842  6040   94.00000   94  303  314.00000   94.00000  70.1%   222 1418s
  8723  6225   94.00000  119  234  314.00000   94.00000  70.1%   216 1474s
  9358  6714  250.00000  146  280  314.00000   94.00000  70.1%   211 1535s
 10231  7096   94.00000  132  268  314.00000   94.00000  70.1%   203 1612s
 11100  7371  250.00000  165  255  314.00000   94.00000  70.1%   193 1697s
H11749  6534                     284.0000000   94.00000  66.9%   186 1697s
 11979  6803  250.00000  192  280  284.00000   94.00000  66.9%   183 1777s
 12624  7157  250.00000   61  263  284.00000   94.00000  66.9%   178 1852s
 13287  7496  250.00000  126  228  284.00000   94.00000  66.9%   172 1907s
 13926  7849  250.00000  178  268  284.00000   94.00000  66.9%   166 1980s
 14582  8232  250.00000  225  231  284.00000   94.00000  66.9%   161 2044s
 15301  8600  250.00000  270  252  284.00000   94.00000  66.9%   156 2102s
 16049  9059  282.00000  313  251  284.00000   94.00000  66.9%   152 2160s
 16939  9407  282.00000  373  164  284.00000   94.00000  66.9%   146 2213s
 17763  9134  250.00000  165 1593  284.00000   94.00000  66.9%   142 2223s
 17765  9135  282.00000  239   54  284.00000   94.00000  66.9%   142 2226s
 17769  9138  250.00000  106  474  284.00000   94.00000  66.9%   142 2231s
 17770  9139  126.00000  165   63  284.00000   94.00000  66.9%   142 2236s
 17772  9140  250.00000  207   58  284.00000   94.00000  66.9%   142 2242s
 17776  9143  250.00000  149   62  284.00000   94.00000  66.9%   142 2246s
 17780  9145  250.00000  132   59  284.00000   94.00000  66.9%   142 2250s
 17785  9149   94.00000   81   55  284.00000   94.00000  66.9%   142 2257s
 17786  9149  126.00000  215   55  284.00000   94.00000  66.9%   142 2266s
 17789  9156   94.00000   20  312  284.00000   94.00000  66.9%   146 2271s
 17793  9163  156.00000   21  376  284.00000   94.00000  66.9%   146 2278s
 17801  9172  156.00000   22  420  284.00000   94.00000  66.9%   146 2285s
 17813  9180  156.00000   23  424  284.00000   94.00000  66.9%   146 2297s
 17828  9193  156.00000   24  424  284.00000   94.00000  66.9%   147 2309s
 17851  9202  156.00000   25  401  284.00000   94.00000  66.9%   147 2315s
 17875  9205  156.00000   26  401  284.00000   94.00000  66.9%   147 2324s
 17893  9207  156.00000   26  407  284.00000   94.00000  66.9%   147 2329s
 17906  9216  156.00000   27  407  284.00000   94.00000  66.9%   147 2333s
 17925  9234  156.00000   28  407  284.00000   94.00000  66.9%   147 2342s
 17953  9269 infeasible   29       284.00000   94.00000  66.9%   148 2367s
 18008  9313  156.00000   31  403  284.00000   94.00000  66.9%   148 2376s
 18085  9376  156.00000   33  408  284.00000   94.00000  66.9%   149 2394s
 18175  9346  156.00000   35  365  284.00000   94.00000  66.9%   149 2395s
 18189  9459  156.00000   36  414  284.00000   94.00000  66.9%   149 2425s
 18324  9575 infeasible   40       284.00000   94.00000  66.9%   149 2452s
 18527  9689  156.00000   47  345  284.00000   94.00000  66.9%   150 2487s
 18746  9834  156.00000   54  323  284.00000   94.00000  66.9%   151 2521s
 19053 10033 infeasible   63       284.00000   94.00000  66.9%   152 2584s
 19429 10334  156.00000   77  276  284.00000   94.00000  66.9%   154 2656s
 20002 10839  156.00000   93  233  284.00000   94.00000  66.9%   154 2742s
 20872 11135  156.00000  111  226  284.00000   94.00000  66.9%   153 2854s
 21732 11610  156.00000  127  192  284.00000   94.00000  66.9%   152 2940s
 22666 12012  250.00000  144  168  284.00000   94.00000  66.9%   149 3023s
 23590 12293  250.00000  168  130  284.00000   94.00000  66.9%   148 3096s
 24496 12627  188.00000  180  216  284.00000   94.00000  66.9%   145 3171s
 25187 13185  282.00000  269  111  284.00000   94.00000  66.9%   142 3263s
H25845 11916                     282.0000000   94.00000  66.7%   140 3264s
 26143 13720   94.00000   57  243  282.00000   94.00000  66.7%   139 3339s
 29024 14689   94.00000   79  182  282.00000   94.00000  66.7%   134 3382s
 31321 15494  250.00000   82  172  282.00000   94.00000  66.7%   131 3426s
 33237 15959  250.00000  184  153  282.00000   94.00000  66.7%   128 3454s
 34616 16521  171.26087  206  284  282.00000   94.00000  66.7%   126 3501s
 36007 17630   94.00000  184  316  282.00000   94.00000  66.7%   125 3581s
 37925 17890  188.00000  221  191  282.00000   94.00000  66.7%   125 3605s
H38401 16862                     252.0000000   94.00000  62.7%   125 3605s
 38981 17159  188.00000  255  140  252.00000   94.00000  62.7%   124 3631s
 39810 17574  188.00000  287  191  252.00000   94.00000  62.7%   123 3651s
 40713 19401  188.00000  172  175  252.00000   94.00000  62.7%   122 3679s
 43444 20071   94.00000  129  173  252.00000   94.00000  62.7%   117 3700s
 45014 20584   94.00000  115  329  252.00000   94.00000  62.7%   116 3711s
 45683 22076  220.00000  129  223  252.00000   94.00000  62.7%   116 3736s
 47521 23427   95.30556  151  317  252.00000   94.00000  62.7%   114 3750s
 49342 24095  188.00000  225  119  252.00000   94.00000  62.7%   112 3767s
 50256 25646   94.00000   29  194  252.00000   94.00000  62.7%   111 3789s
 52237 26720  188.00000  147  187  252.00000   94.00000  62.7%   109 3806s
 53595 27093  220.00000  294  136  252.00000   94.00000  62.7%   108 3835s
 54169 27094  188.00000  207 1564  252.00000   94.00000  62.7%   107 3845s
 54174 27097  250.00000  285   64  252.00000   94.00000  62.7%   107 3850s
 54177 27099   94.00000   44  318  252.00000   94.00000  62.7%   107 3855s
 54182 27103   94.00000   26   56  252.00000   94.00000  62.7%   107 3860s
 54186 27105  250.00000  207   64  252.00000   94.00000  62.7%   107 3866s
 54190 27108  188.00000  279   59  252.00000   94.00000  62.7%   107 3870s
 54192 27109   94.00000   46   59  252.00000   94.00000  62.7%   107 3894s
 54193 27113   94.00000   28  341  252.00000   94.00000  62.7%   108 3899s
 54195 27116   94.00000   29  345  252.00000   94.00000  62.7%   108 3900s
 54199 27123   94.00000   30  345  252.00000   94.00000  62.7%   108 3909s
 54207 27129   94.00000   31  333  252.00000   94.00000  62.7%   108 3913s
 54219 27137   94.00000   32  334  252.00000   94.00000  62.7%   108 3919s
 54234 27150   94.00000   33  334  252.00000   94.00000  62.7%   108 3925s
 54255 27161   94.00000   34  337  252.00000   94.00000  62.7%   109 3930s
 54275 27170   94.00000   35  336  252.00000   94.00000  62.7%   109 3937s
 54293 27177   94.00000   36  318  252.00000   94.00000  62.7%   109 3945s
 54311 27193   94.00000   37   75  252.00000   94.00000  62.7%   109 3958s
 54342 27227   94.00000   38  334  252.00000   94.00000  62.7%   109 3973s
 54400 27316   94.00000   40  328  252.00000   94.00000  62.7%   110 3990s
 54519 27454  250.00000   44  270  252.00000   94.00000  62.7%   110 4023s
 54732 27678  250.00000   53  166  252.00000   94.00000  62.7%   110 4060s
 55051 27936  250.00000   68  161  252.00000   94.00000  62.7%   111 4108s
 55466 28287  250.00000   88  261  252.00000   94.00000  62.7%   113 4200s
 56060 28688   94.00000  110  169  252.00000   94.00000  62.7%   114 4296s
 56792 29071  250.00000  139  286  252.00000   94.00000  62.7%   115 4368s
 57584 29584   94.00000  173  175  252.00000   94.00000  62.7%   116 4440s
 58608 29954  250.00000  206  148  252.00000   94.00000  62.7%   115 4534s
 59500 30244     cutoff  274       252.00000   94.00000  62.7%   114 4589s
 60280 30558  156.00000  120  268  252.00000   94.00000  62.7%   113 4645s
 60982 30828  156.00000  162  392  252.00000   94.00000  62.7%   113 4690s
 61607 31184  250.00000  202  269  252.00000   94.00000  62.7%   112 4741s
 62234 31626  250.00000  254  259  252.00000   94.00000  62.7%   112 4788s
 62910 32075  250.00000  299  207  252.00000   94.00000  62.7%   111 4837s
 63741 32315 infeasible  342       252.00000   94.00000  62.7%   111 4935s
 64410 32555  188.00000   62  204  252.00000   94.00000  62.7%   110 5000s

Cutting planes:
  Gomory: 20
  Cover: 103
  Implied bound: 82
  Projected implied bound: 3
  Clique: 49
  MIR: 39
  StrongCG: 28
  Flow cover: 245
  GUB cover: 19
  Zero half: 12
  RLT: 91
  Relax-and-lift: 268
  BQP: 1
  PSD: 39

Explored 65053 nodes (7276914 simplex iterations) in 5000.33 seconds (1045.70 work units)
Thread count was 20 (of 20 available processors)

Solution count 10: 252 282 284 ... 566

Time limit reached
Best objective 2.520000000000e+02, best bound 9.400000000000e+01, gap 62.6984%

AMPL MP initial flat model has 9080 variables (78 integer, 5700 binary);
Objectives: 1 linear; 
Constraints:  35474 linear; 7202 quadratic;

AMPL MP final model has 10432 variables (106 integer, 5700 binary);
Objectives: 1 linear; 
Constraints:  36150 linear; 7202 quadratic;


Gurobi 12.0.3: time limit, feasible solution; objective 252
7.27691e+06 simplex iterations
65053 branching nodes
absmipgap=158, relmipgap=0.626984
lp, wp, hp: begin
1: 7.000000 9.000000 6.030000
2: 7.000000 9.000000 6.030000
3: 7.000000 9.000000 6.030000
4: 7.000000 9.000000 6.030000
5: 7.000000 9.000000 6.030000
6: 7.000000 9.000000 6.030000
7: 5.500000 2.000000 8.500000
8: 5.500000 2.000000 8.500000
9: 5.500000 2.000000 8.500000
10: 5.500000 2.000000 8.500000
11: 5.500000 2.000000 8.500000
12: 5.500000 2.000000 8.500000
13: 5.500000 2.000000 8.500000
14: 5.500000 2.000000 8.500000
15: 5.500000 2.000000 8.500000
16: 5.500000 2.000000 8.500000
17: 5.500000 2.000000 8.500000
18: 5.500000 2.000000 8.500000
19: 10.000000 8.000000 15.000000
20: 10.000000 8.000000 15.000000
21: 12.000000 7.000000 20.000000
22: 12.000000 7.000000 20.000000
23: 12.000000 7.000000 20.000000
24: 12.000000 7.000000 20.000000
25: 12.000000 7.000000 20.000000
26: 12.000000 7.000000 20.000000
lp, wp, hp: end
LB, WB, HB: begin
1: 28.000000 15.000000 15.000000
2: 28.000000 15.000000 15.000000
3: 28.000000 15.000000 15.000000
4: 28.000000 15.000000 15.000000
5: 28.000000 15.000000 15.000000
6: 28.000000 15.000000 15.000000
7: 28.000000 15.000000 15.000000
8: 28.000000 15.000000 15.000000
9: 28.000000 15.000000 15.000000
10: 28.000000 15.000000 15.000000
11: 42.000000 32.000000 26.000000
12: 42.000000 32.000000 26.000000
13: 42.000000 32.000000 26.000000
14: 42.000000 32.000000 26.000000
15: 42.000000 32.000000 26.000000
16: 42.000000 32.000000 26.000000
17: 42.000000 32.000000 26.000000
18: 42.000000 32.000000 26.000000
19: 42.000000 32.000000 26.000000
20: 42.000000 32.000000 26.000000
21: 45.700000 45.700000 40.600000
22: 45.700000 45.700000 40.600000
23: 45.700000 45.700000 40.600000
24: 45.700000 45.700000 40.600000
25: 45.700000 45.700000 40.600000
26: 45.700000 45.700000 40.600000
27: 45.700000 45.700000 40.600000
28: 45.700000 45.700000 40.600000
29: 45.700000 45.700000 40.600000
30: 45.700000 45.700000 40.600000
31: 61.000000 46.000000 61.000000
32: 61.000000 46.000000 61.000000
33: 61.000000 46.000000 61.000000
34: 61.000000 46.000000 61.000000
35: 61.000000 46.000000 61.000000
36: 61.000000 46.000000 61.000000
37: 61.000000 46.000000 61.000000
38: 61.000000 46.000000 61.000000
39: 61.000000 46.000000 61.000000
40: 61.000000 46.000000 61.000000
LB, WB, HB: end
l_px, l_py, w_px, w_py: begin
1: 0 1 1 0
2: 1 0 0 1
3: 0 1 1 0
4: 1 0 0 1
5: 1 0 0 1
6: 1 0 0 1
7: 0 1 1 0
8: 0 1 1 0
9: 0 1 1 0
10: 0 1 1 0
11: 0 1 1 0
12: 0 1 1 0
13: 0 1 1 0
14: 0 1 1 0
15: 0 1 1 0
16: 0 1 1 0
17: 0 1 1 0
18: 0 1 1 0
19: 0 1 1 0
20: 1 0 0 1
21: 1 0 0 1
22: 1 0 0 1
23: 0 1 1 0
24: 1 0 0 1
25: 1 0 0 1
26: 0 1 1 0
l_px, l_py, w_px, w_py: end
xp, yp, zp, on_floor: begin
1: 14.000000 9.000000 0.000000 1
2: 14.000000 0.000000 0.000000 1
3: 1.000000 9.000000 0.000000 1
4: 14.000000 16.000000 0.000000 1
5: 14.000000 0.000000 0.000000 1
6: 3.000000 6.000000 0.000000 1
7: 10.000000 10.000000 0.000000 1
8: 12.000000 9.000000 0.000000 1
9: 12.000000 6.000000 0.000000 1
10: 12.000000 6.000000 15.000000 0
11: 10.000000 5.000000 0.000000 1
12: 10.000000 6.000000 0.000000 1
13: 12.000000 12.000000 0.000000 1
14: 12.000000 9.000000 15.000000 0
15: 12.000000 12.000000 0.000000 1
16: 12.000000 6.000000 0.000000 1
17: 10.000000 11.000000 0.000000 1
18: 10.000000 9.000000 0.000000 1
19: 12.000000 5.000000 0.000000 1
20: 0.000000 7.000000 0.000000 1
21: 0.000000 16.000000 0.000000 1
22: 0.000000 2.000000 0.000000 1
23: 14.000000 16.000000 0.000000 1
24: 14.000000 9.000000 0.000000 1
25: 14.000000 2.000000 0.000000 1
26: 3.000000 16.000000 0.000000 1
xp, yp, zp, on_floor: end
product ->carton: begin
1 -> 16
2 -> 6
3 -> 14
4 -> 16
5 -> 14
6 -> 6
7 -> 14
8 -> 6
9 -> 16
10 -> 14
11 -> 16
12 -> 6
13 -> 16
14 -> 16
15 -> 14
16 -> 14
17 -> 16
18 -> 7
19 -> 7
20 -> 7
21 -> 14
22 -> 14
23 -> 14
24 -> 14
25 -> 16
26 -> 16
product ->carton: end
