Gurobi 12.0.3:   lim:time = 5000
Set parameter LogToConsole to value 1
  tech:outlev = 1
Set parameter InfUnbdInfo to value 1
Gurobi Optimizer version 12.0.3 build v12.0.3rc0 (win64 - Windows 11+.0 (26200.2))

CPU model: 12th Gen Intel(R) Core(TM) i7-12700, instruction set [SSE2|AVX|AVX2]
Thread count: 12 physical cores, 20 logical processors, using up to 20 threads

Non-default parameters:
TimeLimit  5000
InfUnbdInfo  1

Optimize a model with 36150 rows, 10432 columns and 232768 nonzeros
Model fingerprint: 0x39831719
Model has 5850 quadratic constraints
Model has 676 general nonlinear constraints (1456 nonlinear terms)
Variable types: 4640 continuous, 5792 integer (0 binary)
Coefficient statistics:
  Matrix range     [1e+00, 1e+06]
  QMatrix range    [1e+00, 1e+00]
  QLMatrix range   [1e+00, 1e+01]
  Objective range  [3e+01, 5e+02]
  Bounds range     [1e+00, 1e+06]
  RHS range        [1e+00, 1e+06]
Presolve model has 676 nlconstr
Added 884 variables to disaggregate expressions.
Presolve removed 424 rows and 1538 columns
Presolve time: 2.05s
Presolved: 51248 rows, 15083 columns, 283207 nonzeros
Presolved model has 1300 SOS constraint(s)
Presolved model has 3250 bilinear constraint(s)

Solving non-convex MIQCP

Variable types: 9293 continuous, 5790 integer (5644 binary)

Root simplex log...

Iteration    Objective       Primal Inf.    Dual Inf.      Time
       0    0.0000000e+00   2.120867e+05   0.000000e+00      6s
    3872    9.4000000e+01   0.000000e+00   0.000000e+00      6s

Root relaxation: objective 9.400000e+01, 3872 iterations, 0.25 seconds (0.24 work units)
Total elapsed time = 5.93s (DegenMoves)

    Nodes    |    Current Node    |     Objective Bounds      |     Work
 Expl Unexpl |  Obj  Depth IntInf | Incumbent    BestBd   Gap | It/Node Time

     0     0   94.00000    0  139          -   94.00000      -     -    7s
     0     0   94.00000    0  804          -   94.00000      -     -    9s
     0     0   94.00000    0  784          -   94.00000      -     -   10s
     0     0   94.00000    0  802          -   94.00000      -     -   17s
     0     0   94.00000    0   95          -   94.00000      -     -   22s
     0     0   94.00000    0  103          -   94.00000      -     -   22s
     0     0   94.00000    0   98          -   94.00000      -     -   25s
     0     0   94.00000    0  549          -   94.00000      -     -   28s
     0     0   94.00000    0  127          -   94.00000      -     -   31s
     0     0   94.00000    0  618          -   94.00000      -     -   33s
     0     0   94.00000    0  134          -   94.00000      -     -   37s
     0     0   94.00000    0  620          -   94.00000      -     -   38s
     0     0   94.00000    0  108          -   94.00000      -     -   42s
     0     0   94.00000    0  108          -   94.00000      -     -   50s
     0     0   94.00000    0   96          -   94.00000      -     -   58s
     0     0   94.00000    0   95          -   94.00000      -     -   58s
     0     0   94.00000    0  699          -   94.00000      -     -   59s
     0     0   94.00000    0  725          -   94.00000      -     -   59s
     0     0   94.00000    0  695          -   94.00000      -     -   61s
     0     0   94.00000    0   96          -   94.00000      -     -   64s
     0     0   94.00000    0  517          -   94.00000      -     -   65s
     0     0   94.00000    0   85          -   94.00000      -     -   68s
     0     0   94.00000    0  356          -   94.00000      -     -   68s
     0     0   94.00000    0   96          -   94.00000      -     -   70s
     0     0   94.00000    0  428          -   94.00000      -     -   71s
     0     0   94.00000    0   80          -   94.00000      -     -   73s
     0     0   94.00000    0  368          -   94.00000      -     -   73s
     0     0   94.00000    0   94          -   94.00000      -     -   75s
     0     0   94.00000    0   94          -   94.00000      -     -   75s
H    0     0                    4848.0000000   94.00000  98.1%     -   78s
H    0     0                    4816.0000000   94.00000  98.0%     -   78s
H    0     0                    1658.0000000   94.00000  94.3%     -   78s
H    0     0                    1408.0000000   94.00000  93.3%     -   81s
H    0     0                    1314.0000000   94.00000  92.8%     -   81s
H    0     0                    1158.0000000   94.00000  91.9%     -   81s
     0     2   94.00000    0   94 1158.00000   94.00000  91.9%     -   82s
     7    14   94.00000    3  397 1158.00000   94.00000  91.9%   956   87s
    15    24   94.00000    4  363 1158.00000   94.00000  91.9%   622   90s
H   27    34                    1126.0000000   94.00000  91.7%   507   92s
H   30    34                    1002.0000000   94.00000  90.6%   471   92s
    39    52   94.00000    6  365 1002.00000   94.00000  90.6%   591   97s
    57    74   94.00000    7  344 1002.00000   94.00000  90.6%   524  102s
    79    86  156.00000    9  356 1002.00000   94.00000  90.6%   480  107s
H   82    86                     970.0000000   94.00000  90.3%   465  107s
H   83    86                     846.0000000   94.00000  88.9%   459  107s
    91   110   94.00000    9  352  846.00000   94.00000  88.9%   424  113s
H  101   110                     752.0000000   94.00000  87.5%   495  113s
H  107   110                     722.0000000   94.00000  87.0%   526  113s
   115   143   94.00000   10  129  722.00000   94.00000  87.0%   668  124s
H  117   143                     690.0000000   94.00000  86.4%   664  124s
H  118   143                     566.0000000   94.00000  83.4%   658  124s
   150   217   94.00000   12  411  566.00000   94.00000  83.4%   723  139s
H  234   306                     534.0000000   94.00000  82.4%   590  160s
H  242   306                     472.0000000   94.00000  80.1%   577  160s
   327   490   94.00000   20  216  472.00000   94.00000  80.1%   549  191s
H  343   490                     440.0000000   94.00000  78.6%   542  191s
   555   672   94.00000   34  359  440.00000   94.00000  78.6%   490  231s
H  573   672                     408.0000000   94.00000  77.0%   485  231s
   781  1123   94.00000   47  257  408.00000   94.00000  77.0%   434  296s
H 1261  1123                     376.0000000   94.00000  75.0%   364  296s
  1288  1744  250.00000   76  286  376.00000   94.00000  75.0%   360  409s
  2110  2472   94.00000  120  257  376.00000   94.00000  75.0%   307  495s
H 3035  2957                     314.0000000   94.00000  70.1%   256  559s
  3608  3630   94.00000  185  330  314.00000   94.00000  70.1%   235  647s
  4535  4368 infeasible  264       314.00000   94.00000  70.1%   203  745s
  5518  4369   94.00000  112 1661  314.00000   94.00000  70.1%   180  755s
  5523  4372  250.00000   52   61  314.00000   94.00000  70.1%   179  761s
  5527  4375  250.00000  139   59  314.00000   94.00000  70.1%   179  765s
  5530  4377  250.00000   47  407  314.00000   94.00000  70.1%   179  771s
  5531  4378  126.00000  164   64  314.00000   94.00000  70.1%   179  775s
  5535  4380   94.00000  152  207  314.00000   94.00000  70.1%   179  780s
  5540  4384  188.00000  300   54  314.00000   94.00000  70.1%   179  786s
  5542  4385   94.00000  125   54  314.00000   94.00000  70.1%   179  796s
  5543  4389   94.00000   10  281  314.00000   94.00000  70.1%   194  801s
  5549  4399   94.00000   12  272  314.00000   94.00000  70.1%   194  808s
  5557  4405   94.00000   13  267  314.00000   94.00000  70.1%   194  816s
  5569  4427   94.00000   14  267  314.00000   94.00000  70.1%   194  828s
  5598  4452  156.00000   15  332  314.00000   94.00000  70.1%   195  845s
  5652  4480   94.00000   17  527  314.00000   94.00000  70.1%   199  875s
  5702  4559   94.00000   19  286  314.00000   94.00000  70.1%   206  904s
  5819  4675   94.00000   25  338  314.00000   94.00000  70.1%   209  951s
  6027  4885   94.00000   33  253  314.00000   94.00000  70.1%   217 1036s
  6397  5143   94.00000   49  288  314.00000   94.00000  70.1%   224 1106s
  6915  5714   94.00000   66  247  314.00000   94.00000  70.1%   226 1257s
  7842  6040   94.00000   94  303  314.00000   94.00000  70.1%   222 1336s
  8723  6225   94.00000  119  234  314.00000   94.00000  70.1%   216 1417s
  9358  6714  250.00000  146  280  314.00000   94.00000  70.1%   211 1507s
 10231  7096   94.00000  132  268  314.00000   94.00000  70.1%   203 1599s
 11100  7371  250.00000  165  255  314.00000   94.00000  70.1%   193 1691s
H11749  6534                     284.0000000   94.00000  66.9%   186 1691s
 11979  6803  250.00000  192  280  284.00000   94.00000  66.9%   183 1774s
 12624  7157  250.00000   61  263  284.00000   94.00000  66.9%   178 1874s
 13287  7496  250.00000  126  228  284.00000   94.00000  66.9%   172 1960s
 13926  7849  250.00000  178  268  284.00000   94.00000  66.9%   166 2009s
 14582  8232  250.00000  225  231  284.00000   94.00000  66.9%   161 2113s
 15301  8600  250.00000  270  252  284.00000   94.00000  66.9%   156 2176s
 16049  9059  282.00000  313  251  284.00000   94.00000  66.9%   152 2257s
 16939  9407  282.00000  373  164  284.00000   94.00000  66.9%   146 2337s
 17763  9134  250.00000  165 1593  284.00000   94.00000  66.9%   142 2344s
 17765  9135  282.00000  239   54  284.00000   94.00000  66.9%   142 2345s
 17771  9139   94.00000   68  399  284.00000   94.00000  66.9%   142 2350s
 17774  9141   94.00000  113   55  284.00000   94.00000  66.9%   142 2355s
 17778  9144  250.00000  123   60  284.00000   94.00000  66.9%   142 2363s
 17780  9145  250.00000  132   59  284.00000   94.00000  66.9%   142 2367s
 17782  9147  282.00000  595   62  284.00000   94.00000  66.9%   142 2370s
 17786  9149  126.00000  215   55  284.00000   94.00000  66.9%   142 2386s
 17793  9163  156.00000   21  376  284.00000   94.00000  66.9%   146 2394s
 17801  9172  156.00000   22  420  284.00000   94.00000  66.9%   146 2399s
 17807  9170   94.00000   22  301  284.00000   94.00000  66.9%   146 2400s
 17813  9180  156.00000   23  424  284.00000   94.00000  66.9%   146 2406s
 17828  9193  156.00000   24  424  284.00000   94.00000  66.9%   147 2420s
 17851  9202  156.00000   25  401  284.00000   94.00000  66.9%   147 2426s
 17875  9205  156.00000   26  401  284.00000   94.00000  66.9%   147 2432s
 17893  9207  156.00000   26  407  284.00000   94.00000  66.9%   147 2440s
 17925  9234  156.00000   28  407  284.00000   94.00000  66.9%   147 2465s
 17953  9269 infeasible   29       284.00000   94.00000  66.9%   148 2477s
 18008  9313  156.00000   31  403  284.00000   94.00000  66.9%   148 2490s
 18085  9376  156.00000   33  408  284.00000   94.00000  66.9%   149 2508s
 18189  9459  156.00000   36  414  284.00000   94.00000  66.9%   149 2532s
 18324  9575 infeasible   40       284.00000   94.00000  66.9%   149 2560s
 18527  9689  156.00000   47  345  284.00000   94.00000  66.9%   150 2582s
 18746  9834  156.00000   54  323  284.00000   94.00000  66.9%   151 2628s
 19053 10033 infeasible   63       284.00000   94.00000  66.9%   152 2682s
 19429 10334  156.00000   77  276  284.00000   94.00000  66.9%   154 2738s
 20002 10839  156.00000   93  233  284.00000   94.00000  66.9%   154 2851s
 20872 11135  156.00000  111  226  284.00000   94.00000  66.9%   153 2951s
 21732 11610  156.00000  127  192  284.00000   94.00000  66.9%   152 3069s
 22666 12012  250.00000  144  168  284.00000   94.00000  66.9%   149 3155s
 23590 12293  250.00000  168  130  284.00000   94.00000  66.9%   148 3285s
 24496 12627  188.00000  180  216  284.00000   94.00000  66.9%   145 3359s
 25187 13185  282.00000  269  111  284.00000   94.00000  66.9%   142 3444s
H25845 11916                     282.0000000   94.00000  66.7%   140 3445s
 26143 13720   94.00000   57  243  282.00000   94.00000  66.7%   139 3559s
 29024 14689   94.00000   79  182  282.00000   94.00000  66.7%   134 3626s
 31321 15494  250.00000   82  172  282.00000   94.00000  66.7%   131 3688s
 33237 15959  250.00000  184  153  282.00000   94.00000  66.7%   128 3722s
 34616 16521  171.26087  206  284  282.00000   94.00000  66.7%   126 3776s
 36007 17630   94.00000  184  316  282.00000   94.00000  66.7%   125 3838s
 37925 17890  188.00000  221  191  282.00000   94.00000  66.7%   125 3871s
H38401 16862                     252.0000000   94.00000  62.7%   125 3871s
 38981 17159  188.00000  255  140  252.00000   94.00000  62.7%   124 3907s
 39810 17574  188.00000  287  191  252.00000   94.00000  62.7%   123 3947s
 40713 19401  188.00000  172  175  252.00000   94.00000  62.7%   122 3993s
 43444 20071   94.00000  129  173  252.00000   94.00000  62.7%   117 4017s
 45014 20584   94.00000  115  329  252.00000   94.00000  62.7%   116 4041s
 45683 22076  220.00000  129  223  252.00000   94.00000  62.7%   116 4068s
 47521 23427   95.30556  151  317  252.00000   94.00000  62.7%   114 4091s
 49342 24095  188.00000  225  119  252.00000   94.00000  62.7%   112 4117s
 50256 25646   94.00000   29  194  252.00000   94.00000  62.7%   111 4136s
 52237 26720  188.00000  147  187  252.00000   94.00000  62.7%   109 4157s
 53595 27093  220.00000  294  136  252.00000   94.00000  62.7%   108 4185s
 54169 27094  188.00000  207 1564  252.00000   94.00000  62.7%   107 4190s
 54174 27097  250.00000  285   64  252.00000   94.00000  62.7%   107 4195s
 54176 27099  220.00000  300   57  252.00000   94.00000  62.7%   107 4200s
 54182 27103   94.00000   26   56  252.00000   94.00000  62.7%   107 4205s
 54189 27107  250.00000  195  403  252.00000   94.00000  62.7%   107 4210s
 54191 27109  188.00000  114   59  252.00000   94.00000  62.7%   107 4215s
 54192 27109   94.00000   46   59  252.00000   94.00000  62.7%   107 4242s
 54193 27113   94.00000   28  341  252.00000   94.00000  62.7%   108 4248s
 54195 27116   94.00000   29  345  252.00000   94.00000  62.7%   108 4250s
 54199 27123   94.00000   30  345  252.00000   94.00000  62.7%   108 4259s
 54207 27129   94.00000   31  333  252.00000   94.00000  62.7%   108 4267s
 54219 27137   94.00000   32  334  252.00000   94.00000  62.7%   108 4282s
 54234 27150   94.00000   33  334  252.00000   94.00000  62.7%   108 4293s
 54255 27161   94.00000   34  337  252.00000   94.00000  62.7%   109 4300s
 54275 27170   94.00000   35  336  252.00000   94.00000  62.7%   109 4305s
 54293 27177   94.00000   36  318  252.00000   94.00000  62.7%   109 4312s
 54311 27193   94.00000   37   75  252.00000   94.00000  62.7%   109 4328s
 54342 27227   94.00000   38  334  252.00000   94.00000  62.7%   109 4344s
 54400 27316   94.00000   40  328  252.00000   94.00000  62.7%   110 4364s
 54519 27454  250.00000   44  270  252.00000   94.00000  62.7%   110 4400s
 54732 27678  250.00000   53  166  252.00000   94.00000  62.7%   110 4442s
 55051 27936  250.00000   68  161  252.00000   94.00000  62.7%   111 4490s
 55466 28287  250.00000   88  261  252.00000   94.00000  62.7%   113 4563s
 56060 28688   94.00000  110  169  252.00000   94.00000  62.7%   114 4669s
 56792 29071  250.00000  139  286  252.00000   94.00000  62.7%   115 4749s
 57584 29584   94.00000  173  175  252.00000   94.00000  62.7%   116 4821s
 58608 29954  250.00000  206  148  252.00000   94.00000  62.7%   115 4886s
 59500 30244     cutoff  274       252.00000   94.00000  62.7%   114 4960s
 60280 30513  156.00000  120  268  252.00000   94.00000  62.7%   113 5000s

Cutting planes:
  Gomory: 20
  Cover: 103
  Implied bound: 82
  Projected implied bound: 3
  Clique: 49
  MIR: 39
  StrongCG: 28
  Flow cover: 245
  GUB cover: 19
  Zero half: 12
  RLT: 91
  Relax-and-lift: 268
  BQP: 1
  PSD: 39

Explored 60916 nodes (7011107 simplex iterations) in 5000.36 seconds (971.96 work units)
Thread count was 20 (of 20 available processors)

Solution count 10: 252 282 284 ... 566

Time limit reached
Best objective 2.520000000000e+02, best bound 9.400000000000e+01, gap 62.6984%

AMPL MP initial flat model has 9080 variables (78 integer, 5700 binary);
Objectives: 1 linear; 
Constraints:  35474 linear; 7202 quadratic;

AMPL MP final model has 10432 variables (106 integer, 5700 binary);
Objectives: 1 linear; 
Constraints:  36150 linear; 7202 quadratic;


Gurobi 12.0.3: time limit, feasible solution; objective 252
7.01111e+06 simplex iterations
60916 branching nodes
absmipgap=158, relmipgap=0.626984
lp, wp, hp: begin
1: 7.000000 9.000000 6.030000
2: 7.000000 9.000000 6.030000
3: 7.000000 9.000000 6.030000
4: 7.000000 9.000000 6.030000
5: 7.000000 9.000000 6.030000
6: 7.000000 9.000000 6.030000
7: 5.500000 2.000000 8.500000
8: 5.500000 2.000000 8.500000
9: 5.500000 2.000000 8.500000
10: 5.500000 2.000000 8.500000
11: 5.500000 2.000000 8.500000
12: 5.500000 2.000000 8.500000
13: 5.500000 2.000000 8.500000
14: 5.500000 2.000000 8.500000
15: 5.500000 2.000000 8.500000
16: 5.500000 2.000000 8.500000
17: 5.500000 2.000000 8.500000
18: 5.500000 2.000000 8.500000
19: 10.000000 8.000000 15.000000
20: 10.000000 8.000000 15.000000
21: 12.000000 7.000000 20.000000
22: 12.000000 7.000000 20.000000
23: 12.000000 7.000000 20.000000
24: 12.000000 7.000000 20.000000
25: 12.000000 7.000000 20.000000
26: 12.000000 7.000000 20.000000
lp, wp, hp: end
LB, WB, HB: begin
1: 28.000000 15.000000 15.000000
2: 28.000000 15.000000 15.000000
3: 28.000000 15.000000 15.000000
4: 28.000000 15.000000 15.000000
5: 28.000000 15.000000 15.000000
6: 28.000000 15.000000 15.000000
7: 28.000000 15.000000 15.000000
8: 28.000000 15.000000 15.000000
9: 28.000000 15.000000 15.000000
10: 28.000000 15.000000 15.000000
11: 42.000000 32.000000 26.000000
12: 42.000000 32.000000 26.000000
13: 42.000000 32.000000 26.000000
14: 42.000000 32.000000 26.000000
15: 42.000000 32.000000 26.000000
16: 42.000000 32.000000 26.000000
17: 42.000000 32.000000 26.000000
18: 42.000000 32.000000 26.000000
19: 42.000000 32.000000 26.000000
20: 42.000000 32.000000 26.000000
21: 45.700000 45.700000 40.600000
22: 45.700000 45.700000 40.600000
23: 45.700000 45.700000 40.600000
24: 45.700000 45.700000 40.600000
25: 45.700000 45.700000 40.600000
26: 45.700000 45.700000 40.600000
27: 45.700000 45.700000 40.600000
28: 45.700000 45.700000 40.600000
29: 45.700000 45.700000 40.600000
30: 45.700000 45.700000 40.600000
31: 61.000000 46.000000 61.000000
32: 61.000000 46.000000 61.000000
33: 61.000000 46.000000 61.000000
34: 61.000000 46.000000 61.000000
35: 61.000000 46.000000 61.000000
36: 61.000000 46.000000 61.000000
37: 61.000000 46.000000 61.000000
38: 61.000000 46.000000 61.000000
39: 61.000000 46.000000 61.000000
40: 61.000000 46.000000 61.000000
LB, WB, HB: end
l_px, l_py, w_px, w_py: begin
1: 0 1 1 0
2: 1 0 0 1
3: 0 1 1 0
4: 1 0 0 1
5: 1 0 0 1
6: 1 0 0 1
7: 0 1 1 0
8: 0 1 1 0
9: 0 1 1 0
10: 0 1 1 0
11: 0 1 1 0
12: 0 1 1 0
13: 0 1 1 0
14: 0 1 1 0
15: 0 1 1 0
16: 0 1 1 0
17: 0 1 1 0
18: 0 1 1 0
19: 0 1 1 0
20: 1 0 0 1
21: 1 0 0 1
22: 1 0 0 1
23: 0 1 1 0
24: 1 0 0 1
25: 1 0 0 1
26: 0 1 1 0
l_px, l_py, w_px, w_py: end
xp, yp, zp, on_floor: begin
1: 14.000000 9.000000 0.000000 1
2: 14.000000 0.000000 0.000000 1
3: 1.000000 9.000000 0.000000 1
4: 14.000000 16.000000 0.000000 1
5: 14.000000 0.000000 0.000000 1
6: 3.000000 6.000000 0.000000 1
7: 10.000000 10.000000 0.000000 1
8: 12.000000 9.000000 0.000000 1
9: 12.000000 6.000000 0.000000 1
10: 12.000000 6.000000 15.000000 0
11: 10.000000 5.000000 0.000000 1
12: 10.000000 6.000000 0.000000 1
13: 12.000000 12.000000 0.000000 1
14: 12.000000 9.000000 15.000000 0
15: 12.000000 12.000000 0.000000 1
16: 12.000000 6.000000 0.000000 1
17: 10.000000 11.000000 0.000000 1
18: 10.000000 9.000000 0.000000 1
19: 12.000000 5.000000 0.000000 1
20: 0.000000 7.000000 0.000000 1
21: 0.000000 16.000000 0.000000 1
22: 0.000000 2.000000 0.000000 1
23: 14.000000 16.000000 0.000000 1
24: 14.000000 9.000000 0.000000 1
25: 14.000000 2.000000 0.000000 1
26: 3.000000 16.000000 0.000000 1
xp, yp, zp, on_floor: end
product ->carton: begin
1 -> 16
2 -> 6
3 -> 14
4 -> 16
5 -> 14
6 -> 6
7 -> 14
8 -> 6
9 -> 16
10 -> 14
11 -> 16
12 -> 6
13 -> 16
14 -> 16
15 -> 14
16 -> 14
17 -> 16
18 -> 7
19 -> 7
20 -> 7
21 -> 14
22 -> 14
23 -> 14
24 -> 14
25 -> 16
26 -> 16
product ->carton: end
