Gurobi 12.0.3:   lim:time = 5000
Set parameter LogToConsole to value 1
  tech:outlev = 1
Set parameter InfUnbdInfo to value 1
Gurobi Optimizer version 12.0.3 build v12.0.3rc0 (win64 - Windows 11+.0 (26200.2))

CPU model: 12th Gen Intel(R) Core(TM) i7-12700, instruction set [SSE2|AVX|AVX2]
Thread count: 12 physical cores, 20 logical processors, using up to 20 threads

Non-default parameters:
TimeLimit  5000
InfUnbdInfo  1

Optimize a model with 32790 rows, 10312 columns and 206008 nonzeros
Model fingerprint: 0xb9c35554
Model has 5850 quadratic constraints
Model has 676 general nonlinear constraints (1456 nonlinear terms)
Variable types: 4634 continuous, 5678 integer (0 binary)
Coefficient statistics:
  Matrix range     [1e+00, 1e+06]
  QMatrix range    [1e+00, 1e+00]
  QLMatrix range   [1e+00, 1e+01]
  Objective range  [3e+01, 5e+02]
  Bounds range     [1e+00, 1e+06]
  RHS range        [1e+00, 1e+06]
Presolve model has 676 nlconstr
Added 884 variables to disaggregate expressions.
Presolve removed 6064 rows and 2510 columns
Presolve time: 1.65s
Presolved: 42248 rows, 13991 columns, 220145 nonzeros
Presolved model has 1300 SOS constraint(s)
Presolved model has 3250 bilinear constraint(s)

Solving non-convex MIQCP

Variable types: 9275 continuous, 4716 integer (4552 binary)

Root relaxation: objective 9.400000e+01, 3562 iterations, 0.15 seconds (0.21 work units)

    Nodes    |    Current Node    |     Objective Bounds      |     Work
 Expl Unexpl |  Obj  Depth IntInf | Incumbent    BestBd   Gap | It/Node Time

     0     0   94.00000    0  125          -   94.00000      -     -    5s
     0     0   94.00000    0  532          -   94.00000      -     -   10s
     0     0   94.00000    0  525          -   94.00000      -     -   10s
     0     0   94.00000    0  127          -   94.00000      -     -   15s
     0     0   94.00000    0  127          -   94.00000      -     -   15s
     0     0   94.00000    0  127          -   94.00000      -     -   15s
     0     0   94.00000    0  129          -   94.00000      -     -   16s
     0     0   94.00000    0  141          -   94.00000      -     -   20s
     0     0   94.00000    0  536          -   94.00000      -     -   22s
     0     0   94.00000    0   86          -   94.00000      -     -   26s
     0     0   94.00000    0  350          -   94.00000      -     -   28s
     0     0   94.00000    0   86          -   94.00000      -     -   30s
     0     0   94.00000    0  341          -   94.00000      -     -   32s
     0     0   94.00000    0   82          -   94.00000      -     -   36s
     0     0   94.00000    0   82          -   94.00000      -     -   38s
     0     2   94.00000    0   82          -   94.00000      -     -   41s
     3     8   94.00000    2  445          -   94.00000      -  1220   45s
     7    16   94.00000    3  325          -   94.00000      -   907   51s
    15    28  156.00000    4  441          -   94.00000      -   839   59s
    27    48  156.00000    5  505          -   94.00000      -  1075   69s
    47    70  250.00000    6  406          -   94.00000      -   792   78s
    69    89  156.00000    7  365          -   94.00000      -   628   86s
    88   107  156.00000    8  352          -   94.00000      -   549   91s
   110   130  156.00000    8  329          -   94.00000      -   549   97s
   133   152  156.00000   10  314          -   94.00000      -   493  109s
   155   170  156.00000   11  314          -   94.00000      -   477  114s
   173   202  156.00000   12  366          -   94.00000      -   450  129s
   210   238  156.00000   14  350          -   94.00000      -   436  139s
   246   293  156.00000   15  305          -   94.00000      -   402  153s
   310   386  156.00000   18  381          -   94.00000      -   351  176s
   416   508 infeasible   20               -   94.00000      -   310  209s
   564   623  156.00000   24  393          -   94.00000      -   285  248s
   714   821  156.00000   25  319          -   94.00000      -   263  288s
H  829   821                     532.0000000   94.00000  82.3%   240  288s
   965  1147  156.00000   33  350  532.00000   94.00000  82.3%   230  370s
  1469  1530  156.00000   42  369  532.00000   94.00000  82.3%   201  436s
  2040  1927  156.00000   57  402  532.00000   94.00000  82.3%   175  508s
  2484  2369  156.00000   65  360  532.00000   94.00000  82.3%   165  593s
* 2713  2192             333     438.0000000   94.00000  78.5%   159  593s
  3173  2832 infeasible   83       438.00000   94.00000  78.5%   148  701s
  3985  3367  312.00000  112  253  438.00000   94.00000  78.5%   133  809s
* 4379  3087             432     344.0000000   94.00000  72.7%   126  809s
  4588  3467  312.00000  142  247  344.00000   94.00000  72.7%   126  908s
  5197  3936 infeasible  168       344.00000   94.00000  72.7%   121 1013s
  5816  4495 infeasible  201       344.00000   94.00000  72.7%   118 1087s
  6520  5078  312.00000  225  222  344.00000   94.00000  72.7%   114 1215s
  7223  5605  312.00000  253  210  344.00000   94.00000  72.7%   107 1298s
  7949  5606   94.00000  171 1609  344.00000   94.00000  72.7%   103 1306s
  7953  5609  250.00000  147  477  344.00000   94.00000  72.7%   103 1311s
  7954  5609   94.00044  230   56  344.00000   94.00000  72.7%   102 1315s
  7958  5612  188.00000  243   54  344.00000   94.00000  72.7%   102 1320s
  7964  5616  156.00016  226   55  344.00000   94.00000  72.7%   102 1326s
  7967  5618   94.00000  100  379  344.00000   94.00000  72.7%   102 1330s
  7969  5619  156.00000  105  498  344.00000   94.00000  72.7%   102 1335s
  7971  5621  250.00000  181   58  344.00000   94.00000  72.7%   102 1344s
  7972  5621  250.00000  278   58  344.00000   94.00000  72.7%   102 1356s
  7973  5625   94.00000   13  652  344.00000   94.00000  72.7%   112 1368s
  7979  5635  156.00000   15  112  344.00000   94.00000  72.7%   113 1377s
  7987  5644  156.00000   16  632  344.00000   94.00000  72.7%   113 1382s
  7999  5654  250.00000   17  124  344.00000   94.00000  72.7%   114 1395s
  8019  5669 infeasible   18       344.00000   94.00000  72.7%   114 1402s
  8043  5676  250.00000   21  381  344.00000   94.00000  72.7%   115 1408s
  8058  5690  250.00000   22  383  344.00000   94.00000  72.7%   115 1414s
  8078  5702  250.00000   22  374  344.00000   94.00000  72.7%   115 1421s
  8098  5714  250.00000   23  382  344.00000   94.00000  72.7%   114 1427s
  8118  5725  250.00000   24  381  344.00000   94.00000  72.7%   114 1434s
  8137  5733  250.00000   24  330  344.00000   94.00000  72.7%   114 1440s
  8156  5745  250.00000   25  329  344.00000   94.00000  72.7%   114 1446s
  8176  5758  250.00000   25  348  344.00000   94.00000  72.7%   114 1453s
  8197  5767  250.00000   26  298  344.00000   94.00000  72.7%   114 1460s
  8216  5777  250.00000   26  311  344.00000   94.00000  72.7%   114 1467s
  8236  5785  250.00000   27  307  344.00000   94.00000  72.7%   114 1473s
  8253  5796  250.00000   27  307  344.00000   94.00000  72.7%   114 1477s
  8272  5804  250.00000   28  289  344.00000   94.00000  72.7%   113 1480s
  8310  5822  250.00000   29  293  344.00000   94.00000  72.7%   113 1490s
  8331  5833  250.00000   29  287  344.00000   94.00000  72.7%   114 1495s
  8379  5860  250.00000   33  259  344.00000   94.00000  72.7%   113 1501s
  8404  5871  250.00000   35  257  344.00000   94.00000  72.7%   113 1507s
  8432  5885  250.00000   37  246  344.00000   94.00000  72.7%   113 1519s
  8460  5904  250.00000   39  234  344.00000   94.00000  72.7%   113 1529s
  8492  5918  250.00000   41  247  344.00000   94.00000  72.7%   113 1536s
  8525  5937  250.00000   44  245  344.00000   94.00000  72.7%   112 1545s
  8559  5949  250.00000   45  250  344.00000   94.00000  72.7%   112 1554s
  8592  5970  250.00000   47  257  344.00000   94.00000  72.7%   112 1561s
  8629  5988  250.00000   50  256  344.00000   94.00000  72.7%   112 1565s
  8662  6008  250.00000   52  317  344.00000   94.00000  72.7%   111 1575s
  8701  6024  250.00000   55  250  344.00000   94.00000  72.7%   111 1582s
  8739  6047  250.00000   58  240  344.00000   94.00000  72.7%   111 1585s
  8778  6065  250.00000   61  225  344.00000   94.00000  72.7%   111 1594s
  8816  6088  250.00000   64  212  344.00000   94.00000  72.7%   111 1599s
  8865  6109  250.00000   69  239  344.00000   94.00000  72.7%   110 1611s
  8913  6127  250.00000   75  233  344.00000   94.00000  72.7%   110 1624s
  8965  6143  250.00000   81  194  344.00000   94.00000  72.7%   110 1636s
  9008  6162 infeasible   85       344.00000   94.00000  72.7%   109 1645s
  9059  6190  250.00000   91  191  344.00000   94.00000  72.7%   109 1659s
  9114  6215  250.00000   95  195  344.00000   94.00000  72.7%   109 1674s
  9173  6241  250.00000   99  192  344.00000   94.00000  72.7%   108 1691s
  9237  6275 infeasible  105       344.00000   94.00000  72.7%   108 1711s
  9307  6300  250.00000  111  214  344.00000   94.00000  72.7%   108 1728s
  9370  6343 infeasible  117       344.00000   94.00000  72.7%   107 1739s
  9452  6375  250.00000  126  200  344.00000   94.00000  72.7%   107 1758s
  9533  6412  250.00000  135  176  344.00000   94.00000  72.7%   106 1769s
  9618  6452  250.00000  144  188  344.00000   94.00000  72.7%   106 1791s
  9711  6475 infeasible  155       344.00000   94.00000  72.7%   106 1815s
  9800  6502 infeasible  168       344.00000   94.00000  72.7%   106 1833s
  9881  6532  250.00000  177  156  344.00000   94.00000  72.7%   105 1850s
  9973  6550  250.00000  186  173  344.00000   94.00000  72.7%   105 1864s
 10034  6609  250.00000  193  186  344.00000   94.00000  72.7%   105 1885s
 10121  6652 infeasible  199       344.00000   94.00000  72.7%   105 1921s
 10210  6669  250.00000  207  202  344.00000   94.00000  72.7%   105 1939s
 10269  6703 infeasible  207       344.00000   94.00000  72.7%   105 1956s
 10342  6761  250.00000  208  235  344.00000   94.00000  72.7%   105 1977s
 10442  6827  250.00000  217  190  344.00000   94.00000  72.7%   105 1997s
 10561  6887  250.00000  235  197  344.00000   94.00000  72.7%   104 2010s
 10688  6930   94.00000   31  574  344.00000   94.00000  72.7%   104 2049s
 10800  6970   94.00000   36  488  344.00000   94.00000  72.7%   104 2085s
 10913  7008   94.00000   42  450  344.00000   94.00000  72.7%   105 2100s
 11020  7052   94.00000   47  409  344.00000   94.00000  72.7%   105 2122s
 11132  7112   94.00000   53  341  344.00000   94.00000  72.7%   105 2145s
 11229  7215  250.00000   64  291  344.00000   94.00000  72.7%   106 2171s
 11370  7326  250.00000   85  272  344.00000   94.00000  72.7%   106 2213s
 11534  7443  250.00000  111  252  344.00000   94.00000  72.7%   105 2256s
 11711  7567  250.00000  134  268  344.00000   94.00000  72.7%   105 2317s
 11930  7648  250.00000  161  265  344.00000   94.00000  72.7%   105 2352s
 12101  7848  250.00000  186  266  344.00000   94.00000  72.7%   105 2401s
 12386  8124  250.00000  221  262  344.00000   94.00000  72.7%   105 2454s
 12680  8026  250.00000  316  263  344.00000   94.00000  72.7%   106 2455s
 12796  8518  250.00000  266  240  344.00000   94.00000  72.7%   105 2520s
 13351  8994  250.00000  317  323  344.00000   94.00000  72.7%   105 2581s
 14099  9277  250.00000  153  320  344.00000   94.00000  72.7%   102 2636s
 14723  9750  250.00000  187  296  344.00000   94.00000  72.7%   101 2706s
 15473  9995  250.00000  237  296  344.00000   94.00000  72.7%   100 2785s
 16053 10488  250.00000  271  262  344.00000   94.00000  72.7%  98.8 2869s
 16868 10857  250.00000  340  240  344.00000   94.00000  72.7%  97.3 2967s
 17643 11149  253.25000  401  302  344.00000   94.00000  72.7%  96.4 3052s
 18323 10923  282.00000  365 1602  344.00000   94.00000  72.7%  95.1 3064s
 18325 10924  250.00000  353   58  344.00000   94.00000  72.7%  95.1 3068s
 18328 10926  250.00000  215   59  344.00000   94.00000  72.7%  95.0 3074s
 18329 10927   94.00000  218  610  344.00000   94.00000  72.7%  95.0 3077s
 18330 10928  250.00000  161   63  344.00000   94.00000  72.7%  95.0 3080s
 18334 10930  250.00000   30   56  344.00000   94.00000  72.7%  95.0 3087s
 18336 10932  250.00000  287   54  344.00000   94.00000  72.7%  95.0 3090s
 18339 10934  250.00000   44  298  344.00000   94.00000  72.7%  95.0 3095s
 18342 10936  156.00000  155   57  344.00000   94.00000  72.7%  95.0 3103s
 18344 10937   94.00000  153   54  344.00000   94.00000  72.7%  95.0 3107s
 18346 10938  250.00000  391   54  344.00000   94.00000  72.7%  95.0 3131s
 18347 10942   94.00000   28  321  344.00000   94.00000  72.7%  99.1 3136s
 18353 10952   94.00000   30  274  344.00000   94.00000  72.7%  99.1 3141s
 18361 10961  156.00000   31  291  344.00000   94.00000  72.7%  99.3 3145s
 18373 10976  156.00000   32  288  344.00000   94.00000  72.7%  99.5 3151s
 18416 11006  156.00000   34  250  344.00000   94.00000  72.7%   100 3161s
 18436 11018  156.00000   34  365  344.00000   94.00000  72.7%   100 3166s
 18459 11028  156.00000   35  298  344.00000   94.00000  72.7%   100 3171s
 18477 11037  156.00000   36  323  344.00000   94.00000  72.7%   100 3182s
 18499 11048  156.00000   36  295  344.00000   94.00000  72.7%   100 3188s
 18522 11057  156.00000   37  319  344.00000   94.00000  72.7%   100 3194s
 18540 11070  156.00000   37  316  344.00000   94.00000  72.7%   100 3199s
 18563 11077  156.00000   38  316  344.00000   94.00000  72.7%   100 3206s
 18581 11083  156.00000   39  302  344.00000   94.00000  72.7%   101 3212s
 18603 11093  156.00000   40  302  344.00000   94.00000  72.7%   101 3218s
 18620 11116  156.00000   41  311  344.00000   94.00000  72.7%   101 3233s
 18655 11127  156.00000   43  294  344.00000   94.00000  72.7%   101 3247s
 18684 11144  156.00000   44  293  344.00000   94.00000  72.7%   101 3261s
 18713 11160  156.00000   45  338  344.00000   94.00000  72.7%   101 3274s
 18744 11191  156.00000   45  291  344.00000   94.00000  72.7%   101 3283s
 18790 11208 infeasible   47       344.00000   94.00000  72.7%   101 3295s
 18830 11242  156.00000   49  290  344.00000   94.00000  72.7%   101 3309s
 18890 11273  156.00000   52  290  344.00000   94.00000  72.7%   101 3324s
 18950 11313  156.00000   55  324  344.00000   94.00000  72.7%   101 3336s
 19027 11354  156.00000   58  281  344.00000   94.00000  72.7%   101 3347s
 19108 11405  156.00000   60  254  344.00000   94.00000  72.7%   101 3359s
 19210 11453  156.00000   64  271  344.00000   94.00000  72.7%   101 3380s
 19312 11530  156.00000   70  269  344.00000   94.00000  72.7%   101 3394s
 19447 11584  156.00000   76  259  344.00000   94.00000  72.7%   101 3408s
 19573 11659  156.00000   82  251  344.00000   94.00000  72.7%   101 3426s
 19737 11720  156.00000   89  260  344.00000   94.00000  72.7%   101 3469s
 19895 11795  156.00000   97  261  344.00000   94.00000  72.7%   101 3511s
 20071 11891  156.00000  104  310  344.00000   94.00000  72.7%   102 3548s
 20281 12018  156.00000  112  346  344.00000   94.00000  72.7%   102 3586s
 20508 12207  156.00000  121  328  344.00000   94.00000  72.7%   103 3621s
 20829 12436  156.00000  132  288  344.00000   94.00000  72.7%   103 3676s
 21230 12650  156.00000  146  276  344.00000   94.00000  72.7%   103 3718s
 21636 12968  156.00000  161  306  344.00000   94.00000  72.7%   103 3775s
 22129 13314  156.00000  183  249  344.00000   94.00000  72.7%   103 3821s
 22711 13831  156.00000  205  239  344.00000   94.00000  72.7%   104 3930s
 23527 14210  284.16667  228  252  344.00000   94.00000  72.7%   104 4017s
 24394 14634  250.00000   61  166  344.00000   94.00000  72.7%   104 4096s
 25206 15113  250.00000  114  144  344.00000   94.00000  72.7%   104 4165s
 26117 15518  250.00000  168  116  344.00000   94.00000  72.7%   104 4226s
 27017 15893     cutoff  207       344.00000   94.00000  72.7%   103 4309s
 27868 16174  250.00000  363  284  344.00000   94.00000  72.7%   102 4373s
 28560 16535  250.00000  411  253  344.00000   94.00000  72.7%   101 4421s
 29291 16873  250.00000   92  190  344.00000   94.00000  72.7%   100 4470s
 29984 17238  250.00000  153  168  344.00000   94.00000  72.7%  98.9 4515s
 30626 17710  250.00000  213  170  344.00000   94.00000  72.7%  97.9 4572s
 31375 18054  250.00000  283  194  344.00000   94.00000  72.7%  96.7 4637s
 32134 18387 infeasible  336       344.00000   94.00000  72.7%  95.7 4691s
 32816 18740   94.00000  201  237  344.00000   94.00000  72.7%  94.9 4737s
 33482 19057  188.00000  253  240  344.00000   94.00000  72.7%  94.3 4788s
 34148 19460  282.00000  325  258  344.00000   94.00000  72.7%  93.7 4833s
 34864 19888  286.33333  413  197  344.00000   94.00000  72.7%  92.8 4885s
 35682 20369  188.00000  343  239  344.00000   94.00000  72.7%  92.2 4947s
 36600 20769   94.00000  338  227  344.00000   94.00000  72.7%  91.0 5000s

Cutting planes:
  Gomory: 8
  Cover: 64
  Implied bound: 75
  Projected implied bound: 2
  Clique: 19
  MIR: 44
  StrongCG: 19
  Flow cover: 253
  GUB cover: 8
  Zero half: 2
  RLT: 63
  Relax-and-lift: 93
  PSD: 12

Explored 37504 nodes (3431755 simplex iterations) in 5000.32 seconds (942.53 work units)
Thread count was 20 (of 20 available processors)

Solution count 3: 344 438 532 

Time limit reached
Best objective 3.440000000000e+02, best bound 9.400000000000e+01, gap 72.6744%

AMPL MP initial flat model has 8960 variables (78 integer, 5580 binary);
Objectives: 1 linear; 
Constraints:  32114 linear; 7202 quadratic;

AMPL MP final model has 10312 variables (118 integer, 5580 binary);
Objectives: 1 linear; 
Constraints:  32790 linear; 7202 quadratic;


Gurobi 12.0.3: time limit, feasible solution; objective 344
3.43176e+06 simplex iterations
37504 branching nodes
absmipgap=250, relmipgap=0.726744
lp, wp, hp: begin
1: 5.500000 2.000000 8.500000
2: 5.500000 2.000000 8.500000
3: 5.500000 2.000000 8.500000
4: 5.500000 2.000000 8.500000
5: 5.500000 2.000000 8.500000
6: 5.500000 2.000000 8.500000
7: 12.000000 7.000000 20.000000
8: 12.000000 7.000000 20.000000
9: 12.000000 7.000000 20.000000
10: 12.000000 7.000000 20.000000
11: 12.000000 7.000000 20.000000
12: 12.000000 7.000000 20.000000
13: 10.000000 8.000000 15.000000
14: 10.000000 8.000000 15.000000
15: 12.000000 7.000000 20.000000
16: 12.000000 7.000000 20.000000
17: 12.000000 7.000000 20.000000
18: 12.000000 7.000000 20.000000
19: 12.000000 7.000000 20.000000
20: 12.000000 7.000000 20.000000
21: 12.000000 7.000000 20.000000
22: 12.000000 7.000000 20.000000
23: 12.000000 7.000000 20.000000
24: 12.000000 7.000000 20.000000
25: 12.000000 7.000000 20.000000
26: 12.000000 7.000000 20.000000
lp, wp, hp: end
LB, WB, HB: begin
1: 28.000000 15.000000 15.000000
2: 28.000000 15.000000 15.000000
3: 28.000000 15.000000 15.000000
4: 28.000000 15.000000 15.000000
5: 28.000000 15.000000 15.000000
6: 28.000000 15.000000 15.000000
7: 28.000000 15.000000 15.000000
8: 28.000000 15.000000 15.000000
9: 28.000000 15.000000 15.000000
10: 28.000000 15.000000 15.000000
11: 42.000000 32.000000 26.000000
12: 42.000000 32.000000 26.000000
13: 42.000000 32.000000 26.000000
14: 42.000000 32.000000 26.000000
15: 42.000000 32.000000 26.000000
16: 42.000000 32.000000 26.000000
17: 42.000000 32.000000 26.000000
18: 42.000000 32.000000 26.000000
19: 42.000000 32.000000 26.000000
20: 42.000000 32.000000 26.000000
21: 45.700000 45.700000 40.600000
22: 45.700000 45.700000 40.600000
23: 45.700000 45.700000 40.600000
24: 45.700000 45.700000 40.600000
25: 45.700000 45.700000 40.600000
26: 45.700000 45.700000 40.600000
27: 45.700000 45.700000 40.600000
28: 45.700000 45.700000 40.600000
29: 45.700000 45.700000 40.600000
30: 45.700000 45.700000 40.600000
31: 61.000000 46.000000 61.000000
32: 61.000000 46.000000 61.000000
33: 61.000000 46.000000 61.000000
34: 61.000000 46.000000 61.000000
35: 61.000000 46.000000 61.000000
36: 61.000000 46.000000 61.000000
37: 61.000000 46.000000 61.000000
38: 61.000000 46.000000 61.000000
39: 61.000000 46.000000 61.000000
40: 61.000000 46.000000 61.000000
LB, WB, HB: end
l_px, l_py, w_px, w_py: begin
1: 0 1 1 0
2: 0 1 1 0
3: 0 1 1 0
4: 0 1 1 0
5: 0 1 1 0
6: 0 1 1 0
7: 0 1 1 0
8: 1 0 0 1
9: 1 0 0 1
10: 0 1 1 0
11: 1 0 0 1
12: 0 1 1 0
13: 0 1 1 0
14: 0 1 1 0
15: 0 1 1 0
16: 0 1 1 0
17: 1 0 0 1
18: 1 0 0 1
19: 0 1 1 0
20: 1 0 0 1
21: 0 1 1 0
22: 0 1 1 0
23: 1 0 0 1
24: 0 1 1 0
25: 0 1 1 0
26: 1 0 0 1
l_px, l_py, w_px, w_py: end
xp, yp, zp, on_floor: begin
1: 15.000000 13.000000 0.000000 1
2: 15.000000 14.000000 0.000000 1
3: 15.000000 13.000000 20.000000 0
4: 13.000000 14.000000 0.000000 1
5: 17.000000 14.000000 20.000000 0
6: 17.000000 14.000000 0.000000 1
7: 8.000000 20.000000 0.000000 1
8: 15.000000 13.000000 0.000000 1
9: 17.000000 20.000000 20.000000 0
10: 8.000000 20.000000 0.000000 1
11: 3.000000 13.000000 0.000000 1
12: 17.000000 1.000000 0.000000 1
13: 7.000000 3.000000 0.000000 1
14: 9.000000 20.000000 0.000000 1
15: 10.000000 1.000000 20.000000 0
16: 17.000000 2.000000 0.000000 1
17: 3.000000 13.000000 0.000000 1
18: 17.000000 20.000000 0.000000 1
19: 10.000000 1.000000 0.000000 1
20: 17.000000 6.000000 0.000000 1
21: 10.000000 1.000000 0.000000 1
22: 8.000000 20.000000 20.000000 0
23: 17.000000 6.000000 20.000000 0
24: 15.000000 20.000000 0.000000 1
25: 17.000000 20.000000 0.000000 1
26: 3.000000 13.000000 20.000000 0
xp, yp, zp, on_floor: end
product ->carton: begin
1 -> 15
2 -> 15
3 -> 22
4 -> 15
5 -> 22
6 -> 15
7 -> 11
8 -> 11
9 -> 22
10 -> 22
11 -> 11
12 -> 15
13 -> 22
14 -> 15
15 -> 22
16 -> 22
17 -> 22
18 -> 22
19 -> 11
20 -> 11
21 -> 15
22 -> 22
23 -> 22
24 -> 11
25 -> 15
26 -> 22
product ->carton: end
