Gurobi 12.0.3:   lim:time = 5000
Set parameter LogToConsole to value 1
  tech:outlev = 1
Set parameter InfUnbdInfo to value 1
Gurobi Optimizer version 12.0.3 build v12.0.3rc0 (win64 - Windows 11+.0 (26200.2))

CPU model: 12th Gen Intel(R) Core(TM) i7-12700, instruction set [SSE2|AVX|AVX2]
Thread count: 12 physical cores, 20 logical processors, using up to 20 threads

Non-default parameters:
TimeLimit  5000
InfUnbdInfo  1

Optimize a model with 9076 rows, 2512 columns and 56464 nonzeros
Model fingerprint: 0x6e41b317
Model has 1188 quadratic constraints
Model has 144 general nonlinear constraints (336 nonlinear terms)
Variable types: 972 continuous, 1540 integer (0 binary)
Coefficient statistics:
  Matrix range     [1e+00, 1e+06]
  QMatrix range    [1e+00, 1e+00]
  QLMatrix range   [1e+00, 8e+00]
  Objective range  [3e+01, 5e+02]
  Bounds range     [1e+00, 1e+06]
  RHS range        [1e+00, 1e+06]
Presolve model has 144 nlconstr
Added 240 variables to disaggregate expressions.
Presolve removed 2527 rows and 519 columns
Presolve time: 0.44s
Presolved: 9849 rows, 3338 columns, 51678 nonzeros
Presolved model has 264 SOS constraint(s)
Presolved model has 660 bilinear constraint(s)

Solving non-convex MIQCP

Variable types: 1969 continuous, 1369 integer (1297 binary)
Found heuristic solution: objective 7382.0000000
Found heuristic solution: objective 7350.0000000

Use crossover to convert LP symmetric solution to basic solution...

Root relaxation: objective 3.200000e+01, 125 iterations, 0.02 seconds (0.02 work units)

    Nodes    |    Current Node    |     Objective Bounds      |     Work
 Expl Unexpl |  Obj  Depth IntInf | Incumbent    BestBd   Gap | It/Node Time

     0     0   32.00000    0   26 7350.00000   32.00000   100%     -    0s
H    0     0                     786.0000000   32.00000  95.9%     -    0s
H    0     0                     662.0000000   32.00000  95.2%     -    0s
H    0     0                     630.0000000   32.00000  94.9%     -    0s
     0     0   32.00000    0  137  630.00000   32.00000  94.9%     -    0s
H    0     0                     568.0000000   32.00000  94.4%     -    0s
H    0     0                     564.0000000   32.00000  94.3%     -    0s
H    0     0                     536.0000000   32.00000  94.0%     -    1s
H    0     0                     502.0000000   32.00000  93.6%     -    1s
     0     0   32.00000    0   30  502.00000   32.00000  93.6%     -    1s
H    0     0                     378.0000000   32.00000  91.5%     -    1s
     0     0   32.00000    0   30  378.00000   32.00000  91.5%     -    1s
     0     0   32.00000    0   30  378.00000   32.00000  91.5%     -    1s
H    0     0                     316.0000000   32.00000  89.9%     -    1s
     0     0   32.00000    0   26  316.00000   32.00000  89.9%     -    1s
H    0     0                     254.0000000   32.00000  87.4%     -    1s
     0     0   32.00000    0   26  254.00000   32.00000  87.4%     -    1s
H    0     0                     192.0000000   32.00000  83.3%     -    1s
     0     0   32.00000    0   26  192.00000   32.00000  83.3%     -    1s
     0     0   32.00000    0   26  192.00000   32.00000  83.3%     -    1s
     0     0   32.00000    0   26  192.00000   32.00000  83.3%     -    1s
     0     0   32.00000    0   26  192.00000   32.00000  83.3%     -    1s
     0     2   32.00000    0   26  192.00000   32.00000  83.3%     -    2s
  2592  1521  188.00000   18   36  192.00000   40.00000  79.2%  25.6    5s
 14401  8250   96.00000   35   18  192.00000   64.00000  66.7%  18.2   10s
 33753 20450   80.00000   40   29  192.00000   64.00000  66.7%  16.3   15s
 36188 22266   64.27826   43   64  192.00000   64.00000  66.7%  16.3   21s
 44970 27143  128.00000   39   18  192.00000   64.00000  66.7%  17.1   25s
 54190 31999  128.00000   47   19  192.00000   64.69565  66.3%  17.7   30s
 67601 39305  126.00000   50   39  192.00000   66.95652  65.1%  18.2   35s
 77834 44219   98.50435   36   42  192.00000   80.00000  58.3%  18.1   40s
 85022 47875  128.00000   57   19  192.00000   80.00000  58.3%  18.1   45s
 91066 51479  104.00000   44   29  192.00000   80.00000  58.3%  18.1   50s
 97203 54237   96.50435   41   73  192.00000   94.00000  51.0%  18.1   55s
 105687 60026  188.00000   48   26  192.00000   94.00000  51.0%  17.8   60s
 113752 65268  127.02174   35   65  192.00000   94.00000  51.0%  17.5   65s
 122018 71300  188.00000   65   16  192.00000   94.00000  51.0%  17.4   70s
 130550 77032  188.00000   34   23  192.00000   94.00000  51.0%  17.2   75s
 138425 81970  188.46377   43   34  192.00000   94.00000  51.0%  17.0   80s
 143966 85903   95.02174   40  101  192.00000   94.00000  51.0%  17.0   85s
 151818 90806   95.02174   40   72  192.00000   94.00000  51.0%  16.9   90s
 159488 95702  188.00000   41   26  192.00000   94.00000  51.0%  16.7   95s
 165201 99707     cutoff   58       192.00000   94.00000  51.0%  16.6  100s
 172870 104393  188.00000   50   23  192.00000   94.00000  51.0%  16.5  105s
 179100 108500  126.68116   43   70  192.00000   94.00000  51.0%  16.5  110s
 183541 111506  188.00000   60   21  192.00000   94.00000  51.0%  16.5  115s
 189774 114921 infeasible   48       192.00000   94.00000  51.0%  16.4  120s
 194437 118471  189.39130   53   43  192.00000   94.00000  51.0%  16.4  126s
 200087 121225  188.00000   48   31  192.00000   94.00000  51.0%  16.4  131s
 200515 122487  188.00000   49   29  192.00000   94.00000  51.0%  16.4  135s
 207550 126314   94.69565   49   57  192.00000   94.00000  51.0%  16.3  140s
 214237 130364  158.00000   55   20  192.00000   94.00000  51.0%  16.3  145s
 218670 132988   95.02174   29   90  192.00000   94.00000  51.0%  16.2  151s
 223052 135810  188.00000   55   19  192.00000   94.00000  51.0%  16.2  155s
 230324 140635  188.00000   56   19  192.00000   94.00000  51.0%  16.2  160s
 237856 146564     cutoff   70       192.00000   94.34783  50.9%  16.1  165s
 244507 149818  188.00000   44   21  192.00000   94.46377  50.8%  16.0  171s
 250127 152586  190.00000   72   17  192.00000   94.46377  50.8%  16.0  175s
 254084 155595  188.00000   47   28  192.00000   94.46377  50.8%  16.0  180s
 260323 158837  188.00000   61   25  192.00000   94.46377  50.8%  15.9  185s
 265123 161737  126.00000   40   34  192.00000   94.69565  50.7%  15.8  190s
 271452 165339  188.00000   50   31  192.00000   94.69565  50.7%  15.8  195s
 274751 168047  188.00000   34   31  192.00000   94.69565  50.7%  15.8  200s
 280911 170830  188.00000   52   20  192.00000   95.02174  50.5%  15.7  205s
 287684 174936 infeasible   60       192.00000   95.02174  50.5%  15.7  210s
 295376 180628   95.02174   32   86  192.00000   95.02174  50.5%  15.6  215s
 304145 185411  188.00000   48   21  192.00000   95.02174  50.5%  15.5  220s
 310536 189793   95.02174   56   94  192.00000   95.02174  50.5%  15.4  225s
 314758 192216  141.00000   27   36  192.00000   95.02174  50.5%  15.4  230s
 320952 196699  188.00000   61   22  192.00000   95.02174  50.5%  15.4  235s
 327864 201014  188.00000   50   22  192.00000   95.02174  50.5%  15.3  240s
 335186 204912 infeasible   56       192.00000   95.03226  50.5%  15.2  245s
 342017 208320   96.00000   34   18  192.00000   95.39130  50.3%  15.2  250s
 347285 211076  160.69565   56   16  192.00000   96.00000  50.0%  15.3  256s
 349362 212854  134.71429   47   46  192.00000   96.00000  50.0%  15.3  260s
 355416 215263   97.97101   42   60  192.00000   96.00000  50.0%  15.3  265s
 361415 218304   96.87850   55   67  192.00000   96.00000  50.0%  15.3  270s
 367311 221578  161.39130   55   11  192.00000   96.00000  50.0%  15.4  275s
 374105 224857  144.00000   62   14  192.00000   96.00000  50.0%  15.4  280s
 382015 228859     cutoff   57       192.00000   96.00000  50.0%  15.4  285s
 387048 231375     cutoff   41       192.00000   96.00000  50.0%  15.5  290s
 392206 233523  158.00000   33   21  192.00000   96.00000  50.0%  15.5  296s
 393325 234603  190.00000   60   19  192.00000   96.00000  50.0%  15.5  300s
 397407 236713  128.00000   43   16  192.00000   96.00000  50.0%  15.6  306s
 401123 238903  128.00000   54   15  192.00000   96.00000  50.0%  15.6  310s
 406278 240750   96.00000   45   32  192.00000   96.00000  50.0%  15.6  315s
 408853 242514  136.00000   39   29  192.00000   96.00000  50.0%  15.6  320s
 414515 245209     cutoff   42       192.00000   96.00000  50.0%  15.6  325s
 419520 247574  190.00000   57   24  192.00000   96.00000  50.0%  15.6  331s
 424028 249830  106.66667   44   32  192.00000   96.00000  50.0%  15.6  335s
 428507 251946   96.34783   49   50  192.00000   96.00000  50.0%  15.7  340s
 433175 254547   96.00000   47   26  192.00000   96.00000  50.0%  15.7  345s
 438407 256722  144.00000   60   18  192.00000   96.00000  50.0%  15.7  350s
 441569 259290  144.00000   54   15  192.00000   96.00000  50.0%  15.7  355s
 448590 261846  190.00000   51   32  192.00000   96.00000  50.0%  15.7  360s
 455325 264889  160.00000   65   16  192.00000   96.00000  50.0%  15.7  365s
 460499 267197  160.00000   57    7  192.00000   96.00000  50.0%  15.7  370s
 466137 269568  160.00000   47   17  192.00000   96.00000  50.0%  15.7  376s
 469029 271205   96.81739   45   57  192.00000   96.00000  50.0%  15.8  381s
 472562 272236   96.00000   48   24  192.00000   96.00000  50.0%  15.8  385s
 475519 273639  190.00000   39   28  192.00000   96.00000  50.0%  15.8  390s
 480004 275490  190.00000   46    6  192.00000   96.00000  50.0%  15.8  395s
 483243 277012  128.00000   55    8  192.00000   96.00000  50.0%  15.8  400s
 487995 279140     cutoff   54       192.00000   96.00000  50.0%  15.8  405s
 492790 281193  128.00000   48   20  192.00000   96.00000  50.0%  15.8  410s
 499556 284353  160.00000   50   17  192.00000   96.00000  50.0%  15.8  416s
 503693 286289 infeasible   39       192.00000   96.00000  50.0%  15.8  420s
 509841 289047     cutoff   53       192.00000   96.00000  50.0%  15.8  426s
 514213 290926 infeasible   62       192.00000   96.00000  50.0%  15.8  430s
 519407 293269 infeasible   60       192.00000   96.00000  50.0%  15.8  435s
 521147 294042     cutoff   37       192.00000   96.00000  50.0%  15.9  440s
 524027 295355  160.00000   47   17  192.00000   96.00000  50.0%  15.9  445s
 529030 298001  128.58385   56   42  192.00000   96.00000  50.0%  15.9  450s
 535752 301172  128.00000   48   18  192.00000   96.00000  50.0%  15.9  455s
 540657 303089   96.46377   42   65  192.00000   96.00000  50.0%  15.9  460s
 546011 305569  128.00000   41   19  192.00000   96.00000  50.0%  15.9  465s
 551054 308265  160.00000   53    6  192.00000   96.00000  50.0%  15.9  471s
 554843 309909  160.27826   67   20  192.00000   96.00000  50.0%  15.9  475s
 561004 312159   96.00000   35   23  192.00000   96.00000  50.0%  15.9  480s
 564483 314350  128.00000   52   27  192.00000   96.00000  50.0%  15.9  485s
 568581 315665  190.00000   51   35  192.00000   96.00000  50.0%  16.0  490s
 572195 317888  190.00000   63    6  192.00000   96.00000  50.0%  16.0  495s
 576406 319203  190.00000   63    6  192.00000   96.00000  50.0%  16.0  500s
 583409 322201     cutoff   70       192.00000   96.00000  50.0%  16.0  506s
 585087 323175  128.00000   50   19  192.00000   96.00000  50.0%  16.0  510s
 589254 325570   96.00000   34   32  192.00000   96.00000  50.0%  16.0  516s
 594510 327407  128.00000   53   15  192.00000   96.00000  50.0%  16.0  520s
 598475 329219     cutoff   65       192.00000   96.00000  50.0%  16.1  525s
 602618 331093 infeasible   72       192.00000   96.00000  50.0%  16.0  530s
 606021 332207  190.00000   57   11  192.00000   96.00000  50.0%  16.1  536s
 608628 333935     cutoff   65       192.00000   96.00000  50.0%  16.1  541s
 612409 335725 infeasible   60       192.00000   96.00000  50.0%  16.1  545s
 618016 338430  128.00000   31   26  192.00000   96.00000  50.0%  16.1  550s
 621114 340366 infeasible   56       192.00000   96.00000  50.0%  16.1  555s
 627515 342774  190.00000   60   20  192.00000   96.00000  50.0%  16.1  560s
 633720 345820  160.00000   55   19  192.00000   96.00000  50.0%  16.1  566s
 637136 347584  190.00000   57   30  192.00000   96.00000  50.0%  16.1  570s
 639287 348986  128.00000   43   20  192.00000   96.00000  50.0%  16.1  577s
 642575 349727  128.00000   37   30  192.00000   96.00000  50.0%  16.1  580s
 647231 352234  160.67391   54   35  192.00000   96.00000  50.0%  16.2  585s
 652140 354701  128.00000   44   18  192.00000   96.00000  50.0%  16.2  590s
 656844 356443   97.36232   54   58  192.00000   96.00000  50.0%  16.2  595s
 662276 358365     cutoff   64       192.00000   96.00000  50.0%  16.2  600s
 666248 360242     cutoff   67       192.00000   96.00000  50.0%  16.2  605s
 670792 362284  128.34783   53   38  192.00000   96.00000  50.0%  16.2  610s
 674726 364132  112.00000   52   20  192.00000   96.00000  50.0%  16.2  616s
 678777 365884  160.00000   71   17  192.00000   96.00000  50.0%  16.2  620s
 683425 368010  128.46377   50   30  192.00000   96.00000  50.0%  16.2  626s
 687189 369679  128.00000   49   11  192.00000   96.00000  50.0%  16.2  631s
 690000 371511   96.00000   34   31  192.00000   96.00000  50.0%  16.2  635s
 693748 373302  144.00000   51   16  192.00000   96.00000  50.0%  16.2  640s
 699454 375428  128.00000   48   25  192.00000   96.00000  50.0%  16.2  646s
 702166 377061  160.00000   75    4  192.00000   96.00000  50.0%  16.2  651s
 705860 378530 infeasible   61       192.00000   96.00000  50.0%  16.2  655s
 709347 379627 infeasible   48       192.00000   96.00000  50.0%  16.2  660s
 715614 382504 infeasible   51       192.00000   96.00000  50.0%  16.2  665s
 718944 384107 infeasible   53       192.00000   96.00000  50.0%  16.2  670s
 723551 385913   96.00000   53   30  192.00000   96.00000  50.0%  16.2  675s
 728211 388542  128.68116   60   42  192.00000   96.00000  50.0%  16.3  680s
 732552 390533  160.00000   70    9  192.00000   96.00000  50.0%  16.3  686s
 736858 391530  190.00000   65   22  192.00000   96.00000  50.0%  16.3  690s
 741906 393940     cutoff   66       192.00000   96.00000  50.0%  16.3  695s
 745707 395458  160.00000   54   23  192.00000   96.00000  50.0%  16.3  700s
 748305 396717  128.00000   62   18  192.00000   96.00000  50.0%  16.3  705s
 753059 398975  144.00000   59   19  192.00000   96.00000  50.0%  16.3  711s
 757452 400938 infeasible   58       192.00000   96.00000  50.0%  16.3  715s
 762529 403631  160.00000   59   15  192.00000   96.00000  50.0%  16.3  720s
 767217 406067  160.34783   57   19  192.00000   96.00000  50.0%  16.3  725s
 774225 408408  190.00000   57    6  192.00000   96.00000  50.0%  16.3  730s
 777386 409832     cutoff   53       192.00000   96.00000  50.0%  16.3  735s
 782321 412000  128.00000   53   27  192.00000   96.00000  50.0%  16.3  740s
 787494 414288  160.00000   62    4  192.00000   96.00000  50.0%  16.3  745s
 791840 416334  128.00000   38   17  192.00000   96.00000  50.0%  16.3  751s
 795610 417767   99.13043   45   44  192.00000   96.00000  50.0%  16.3  755s
 799852 419987  128.00000   54   24  192.00000   96.00000  50.0%  16.3  760s
 803627 421952  190.00000   39   30  192.00000   96.00000  50.0%  16.4  765s
 807909 423703  128.24041   46   68  192.00000   96.00000  50.0%  16.3  770s
 811671 425458   96.23188   51   54  192.00000   96.00000  50.0%  16.4  775s
 816362 427989   96.44928   59   49  192.00000   96.00000  50.0%  16.4  781s
 820126 429142  190.00000   56   21  192.00000   96.00000  50.0%  16.4  786s
 823552 430743  143.50000   52   38  192.00000   96.00000  50.0%  16.4  790s
 828261 432760  160.00000   56   15  192.00000   96.00000  50.0%  16.4  796s
 831619 434819  176.00000   69   12  192.00000   96.00000  50.0%  16.4  800s
 839240 437786  190.00000   68    9  192.00000   96.00000  50.0%  16.4  805s
 844453 440047  160.00000   62   23  192.00000   96.00000  50.0%  16.4  810s
 850612 442553  190.00000   66   23  192.00000   96.00000  50.0%  16.4  815s
 857251 445290  128.00000   39   14  192.00000   96.00000  50.0%  16.4  821s
 863792 448191 infeasible   51       192.00000   96.00000  50.0%  16.4  825s
 871361 451512  190.00000   53   33  192.00000   96.00000  50.0%  16.4  830s
 878040 454641  190.00000   42   22  192.00000   96.00000  50.0%  16.5  835s
 884781 457797   96.00000   58   31  192.00000   96.00000  50.0%  16.5  840s
 889816 459938  128.34783   55   45  192.00000   96.00000  50.0%  16.5  845s
 894496 462110  190.00000   51    7  192.00000   96.00000  50.0%  16.5  850s
 899541 464172  160.00000   49   16  192.00000   96.00000  50.0%  16.5  855s
 904310 466451  190.00000   45   12  192.00000   96.00000  50.0%  16.5  860s
 907169 467682   96.00000   46   29  192.00000   96.00000  50.0%  16.5  865s
 911253 469424  128.00000   60   21  192.00000   96.00000  50.0%  16.5  870s
 915586 471329 infeasible   48       192.00000   96.00000  50.0%  16.5  875s
 919560 473604  128.33696   54   52  192.00000   96.00000  50.0%  16.5  881s
 924665 475484 infeasible   73       192.00000   96.00000  50.0%  16.5  885s
 926553 475959   99.13043   53   40  192.00000   96.00000  50.0%  16.5  890s
 928061 477167 infeasible   55       192.00000   96.00000  50.0%  16.5  895s
 931121 479124  190.00000   58   21  192.00000   96.00000  50.0%  16.5  900s
 937972 481773  190.00000   62   26  192.00000   96.00000  50.0%  16.5  905s
 941566 483535  190.00000   51   23  192.00000   96.00000  50.0%  16.5  911s
 945600 485500 infeasible   65       192.00000   96.00000  50.0%  16.5  915s
 950413 487818   96.34783   42   62  192.00000   96.00000  50.0%  16.5  921s
 955149 489997   96.00000   37   34  192.00000   96.00000  50.0%  16.5  926s
 958480 492214  158.46377   57   55  192.00000   96.00000  50.0%  16.6  930s
 964801 494777  190.00000   55   15  192.00000   96.00000  50.0%  16.5  935s
 971151 497976 infeasible   44       192.00000   96.00000  50.0%  16.5  940s
 976114 500334 infeasible   49       192.00000   96.00000  50.0%  16.5  945s
 981014 502829  128.00000   36   16  192.00000   96.00000  50.0%  16.5  951s
 984578 504688 infeasible   43       192.00000   96.00000  50.0%  16.5  955s
 988779 506919  129.56522   50   38  192.00000   96.00000  50.0%  16.5  960s
 994873 509931 infeasible   56       192.00000   96.00000  50.0%  16.5  965s
 999252 512215  160.68116   51   33  192.00000   96.00000  50.0%  16.5  970s
 1003299 514353  128.00000   45   10  192.00000   96.00000  50.0%  16.5  975s
 1008598 516567  128.00000   46   16  192.00000   96.00000  50.0%  16.5  981s
 1012627 518626 infeasible   61       192.00000   96.00000  50.0%  16.5  985s
 1016502 520973  128.00000   35   24  192.00000   96.00000  50.0%  16.5  990s
 1020489 522846  128.00000   39   21  192.00000   96.00000  50.0%  16.5  995s
 1025305 524607  128.00000   30   21  192.00000   96.00000  50.0%  16.5 1000s
 1028125 525975 infeasible   48       192.00000   96.00000  50.0%  16.5 1005s
 1034961 529088 infeasible   53       192.00000   96.00000  50.0%  16.5 1010s
 1040509 531816  160.00000   48   11  192.00000   96.00000  50.0%  16.5 1015s
 1045121 533873  128.00000   43   20  192.00000   96.00000  50.0%  16.5 1020s
 1049584 535963  160.00000   59   16  192.00000   96.00000  50.0%  16.5 1025s
 1053277 537675 infeasible   48       192.00000   96.00000  50.0%  16.5 1030s
 1056977 539486  128.00000   46   17  192.00000   96.00000  50.0%  16.5 1037s
 1059273 541157  128.69565   39   44  192.00000   96.00000  50.0%  16.5 1040s
 1063315 542295     cutoff   52       192.00000   96.00000  50.0%  16.5 1045s
 1067200 544188  190.00000   63    7  192.00000   96.00000  50.0%  16.5 1050s
 1070807 546307  128.00000   46   18  192.00000   96.00000  50.0%  16.5 1056s
 1074266 547532  128.00000   48   25  192.00000   96.00000  50.0%  16.5 1060s
 1078777 549467  128.00000   43   15  192.00000   96.00000  50.0%  16.5 1065s
 1082180 551538     cutoff   70       192.00000   96.00000  50.0%  16.5 1071s
 1087470 553668  190.00000   60   28  192.00000   96.00000  50.0%  16.5 1076s
 1091183 555857  160.00000   61    8  192.00000   96.00000  50.0%  16.5 1080s
 1096688 558107 infeasible   44       192.00000   96.00000  50.0%  16.5 1085s
 1100555 560055     cutoff   55       192.00000   96.00000  50.0%  16.5 1090s
 1101886 560754  128.46377   60   29  192.00000   96.00000  50.0%  16.5 1095s
 1106486 562931  128.00000   49   25  192.00000   96.00000  50.0%  16.5 1101s
 1111271 565723  160.00000   60   20  192.00000   96.00000  50.0%  16.5 1105s
 1115503 567249  190.00000   48   33  192.00000   96.00000  50.0%  16.5 1110s
 1120028 569159  160.00000   61    8  192.00000   96.00000  50.0%  16.5 1115s
 1124163 571001  160.00000   55    9  192.00000   96.00000  50.0%  16.5 1120s
 1129350 573360  128.00000   47   20  192.00000   96.00000  50.0%  16.5 1126s
 1132170 574855  190.00000   58   28  192.00000   96.00000  50.0%  16.5 1131s
 1137081 576853 infeasible   61       192.00000   96.00000  50.0%  16.5 1135s
 1141511 579061  160.00000   41   17  192.00000   96.00000  50.0%  16.5 1140s
 1146512 581457  190.00000   60   20  192.00000   96.00000  50.0%  16.5 1146s
 1149518 582696 infeasible   70       192.00000   96.00000  50.0%  16.5 1150s
 1153289 585087   96.68116   54   67  192.00000   96.00000  50.0%  16.5 1156s
 1158394 586619  129.49206   49   45  192.00000   96.00000  50.0%  16.5 1160s
 1165386 589849   96.00000   43   33  192.00000   96.00000  50.0%  16.5 1165s
 1169803 592146  160.00000   43   16  192.00000   96.00000  50.0%  16.5 1170s
 1175272 594431  160.00000   77   13  192.00000   96.00000  50.0%  16.5 1175s
 1179295 596607  128.00000   53   23  192.00000   96.00000  50.0%  16.6 1181s
 1185216 598697     cutoff   53       192.00000   96.00000  50.0%  16.6 1185s
 1190366 600992  129.56522   64   31  192.00000   96.00000  50.0%  16.6 1190s
 1195038 603894 infeasible   56       192.00000   96.00000  50.0%  16.6 1195s
 1199309 605314  190.00000   46   33  192.00000   96.00000  50.0%  16.6 1200s
 1202887 606930   96.69565   57   39  192.00000   96.00000  50.0%  16.6 1205s
 1205305 608371  128.00000   66   14  192.00000   96.00000  50.0%  16.6 1210s
 1208763 610615  128.00000   64   16  192.00000   96.00000  50.0%  16.6 1215s
 1213853 612781  160.69565   47   12  192.00000   96.00000  50.0%  16.6 1220s
 1219149 614676  128.00000   38   17  192.00000   96.00000  50.0%  16.6 1225s
 1223134 616439  158.23188   50   83  192.00000   96.00000  50.0%  16.6 1230s
 1226519 618861  128.34783   48   33  192.00000   96.00000  50.0%  16.6 1235s
 1234068 621736  190.00000   52   28  192.00000   96.00000  50.0%  16.6 1240s
 1241123 625111  160.00000   61   16  192.00000   96.00000  50.0%  16.6 1245s
 1246540 627681  143.00000   50   40  192.00000   96.00000  50.0%  16.6 1250s
 1252071 630268  160.00000   67   10  192.00000   96.00000  50.0%  16.6 1255s
 1258969 633670   96.46377   64   49  192.00000   96.00000  50.0%  16.6 1261s
 1264385 635875  128.34783   60   31  192.00000   96.00000  50.0%  16.6 1265s
 1268539 637909 infeasible   54       192.00000   96.00000  50.0%  16.6 1270s
 1273960 640970  128.00000   39   17  192.00000   96.00000  50.0%  16.6 1275s
 1282787 644543  128.00000   39   17  192.00000   96.00000  50.0%  16.6 1280s
 1290405 648052  190.00000   49    9  192.00000   96.00000  50.0%  16.6 1286s
 1293796 650176  128.00000   50   15  192.00000   96.00000  50.0%  16.6 1291s
 1298117 652432  160.00000   45   14  192.00000   96.00000  50.0%  16.6 1295s
 1305103 654948  128.00000   52   18  192.00000   96.00000  50.0%  16.6 1300s
 1310580 657401  190.00000   44   38  192.00000   96.00000  50.0%  16.6 1305s
 1315104 659655  129.02174   55   52  192.00000   96.00000  50.0%  16.6 1311s
 1319488 661666  128.46377   58   27  192.00000   96.00000  50.0%  16.6 1315s
 1324016 663537  128.00000   44   15  192.00000   96.00000  50.0%  16.6 1320s
 1329711 666475  161.02174   60   27  192.00000   96.00000  50.0%  16.6 1326s
 1331923 667203  190.00000   68   10  192.00000   96.00000  50.0%  16.6 1330s
 1335980 669029  168.66667   60   51  192.00000   96.00000  50.0%  16.6 1336s
 1339085 671221   96.34783   47   68  192.00000   96.00000  50.0%  16.6 1340s
 1345244 673422 infeasible   62       192.00000   96.00000  50.0%  16.6 1346s
 1349341 675329   96.00000   47   31  192.00000   96.00000  50.0%  16.6 1350s
 1353564 677270 infeasible   61       192.00000   96.00000  50.0%  16.6 1355s
 1357773 679302  128.33696   52   43  192.00000   96.00000  50.0%  16.6 1360s
 1360713 680472 infeasible   54       192.00000   96.00000  50.0%  16.6 1366s
 1364304 682179  190.00000   51   32  192.00000   96.00000  50.0%  16.6 1370s
 1368178 684024   96.67391   47   56  192.00000   96.00000  50.0%  16.6 1375s
 1372200 685876 infeasible   71       192.00000   96.00000  50.0%  16.6 1381s
 1375424 687790  190.00000   56    6  192.00000   96.00000  50.0%  16.6 1385s
 1379131 688954  128.00000   50   27  192.00000   96.00000  50.0%  16.6 1390s
 1383610 690938  190.00000   65   18  192.00000   96.00000  50.0%  16.7 1395s
 1388494 693084  128.00000   48   19  192.00000   96.00000  50.0%  16.7 1400s
 1389809 693204  160.00000   61   13  192.00000   96.00000  50.0%  16.7 1406s
 1392722 694964  190.00000   55   29  192.00000   96.00000  50.0%  16.7 1411s
 1395618 696206     cutoff   55       192.00000   96.00000  50.0%  16.7 1416s
 1399660 697753 infeasible   46       192.00000   96.00000  50.0%  16.7 1420s
 1405106 700247  160.75806   57   31  192.00000   96.00000  50.0%  16.7 1426s
 1407462 702199  128.34783   55   29  192.00000   96.00000  50.0%  16.7 1430s
 1411720 704071  128.00000   57   21  192.00000   96.00000  50.0%  16.7 1435s
 1416610 706389  190.00000   43   27  192.00000   96.00000  50.0%  16.7 1441s
 1421257 708610  127.33333   40   43  192.00000   96.00000  50.0%  16.7 1446s
 1425300 710831     cutoff   58       192.00000   96.00000  50.0%  16.7 1451s
 1430996 712378  144.00000   47   19  192.00000   96.00000  50.0%  16.7 1455s
 1433618 714127  190.00000   68   24  192.00000   96.00000  50.0%  16.7 1460s
 1438896 716577  141.00000   42   27  192.00000   96.00000  50.0%  16.7 1466s
 1442893 718581  128.00000   30   19  192.00000   96.00000  50.0%  16.7 1471s
 1448420 721090  128.00000   46   19  192.00000   96.00000  50.0%  16.7 1476s
 1452408 723089  128.00000   51   13  192.00000   96.00000  50.0%  16.7 1480s
 1456355 725089  190.00000   49   12  192.00000   96.00000  50.0%  16.7 1485s
 1461438 727979  128.00000   60   24  192.00000   96.00000  50.0%  16.7 1491s
 1466903 730128   96.16848   42  101  192.00000   96.00000  50.0%  16.7 1495s
 1472556 733145  128.58385   42   35  192.00000   96.00000  50.0%  16.7 1501s
 1477091 735694  190.00000   36    7  192.00000   96.00000  50.0%  16.7 1505s
 1483292 738098 infeasible   39       192.00000   96.00000  50.0%  16.7 1511s
 1485609 739690   97.39130   43   58  192.00000   96.00000  50.0%  16.7 1515s
 1490608 742924  188.00000   67   25  192.00000   96.00000  50.0%  16.7 1520s
 1498050 746429  188.46377   56   37  192.00000   96.04348  50.0%  16.6 1525s
 1503617 748962  160.00000   48   14  192.00000   96.17391  49.9%  16.6 1530s
 1509074 752069  190.00000   44    8  192.00000   96.19876  49.9%  16.6 1536s
 1512523 753666  128.00000   58   20  192.00000   96.19876  49.9%  16.6 1540s
 1516111 755701  159.33333   52   32  192.00000   96.23188  49.9%  16.6 1545s
 1522692 758051  190.00000   49   22  192.00000   96.23188  49.9%  16.6 1550s
 1526027 759773  128.00000   42   17  192.00000   96.23188  49.9%  16.6 1555s
 1531176 762496  161.36232   64   26  192.00000   96.23188  49.9%  16.6 1560s
 1537488 765035 infeasible   55       192.00000   96.23188  49.9%  16.6 1565s
 1542422 767228 infeasible   58       192.00000   96.23188  49.9%  16.6 1571s
 1546747 769083  112.00000   53   28  192.00000   96.23188  49.9%  16.6 1575s
 1551764 771369  160.00000   60   12  192.00000   96.27826  49.9%  16.6 1581s
 1553975 773068  128.00000   46   16  192.00000   96.27826  49.9%  16.6 1585s
 1560209 775258  158.00000   59   15  192.00000   96.27826  49.9%  16.6 1590s
 1565465 778083  160.00000   51   18  192.00000   96.27826  49.9%  16.6 1596s
 1571051 780335 infeasible   75       192.00000   96.27826  49.9%  16.6 1601s
 1575599 782175 infeasible   61       192.00000   96.27826  49.9%  16.6 1605s
 1579135 783656   96.34058   57   60  192.00000   96.27826  49.9%  16.6 1610s
 1583057 785704 infeasible   60       192.00000   96.27826  49.9%  16.6 1615s
 1587764 787759  190.00000   58   27  192.00000   96.27826  49.9%  16.6 1620s
 1591700 789150  128.00000   60   25  192.00000   96.29630  49.8%  16.6 1625s
 1596639 791193     cutoff   51       192.00000   96.34783  49.8%  16.6 1631s
 1600768 793029  160.00000   43   12  192.00000   96.34783  49.8%  16.6 1635s
 1605942 795538  160.46377   59   15  192.00000   96.34783  49.8%  16.6 1641s
 1608756 796282  128.34783   54   24  192.00000   96.34783  49.8%  16.6 1645s
 1611100 798123  190.00000   47   23  192.00000   96.34783  49.8%  16.6 1650s
 1618060 800648  128.69565   62   35  192.00000   96.34783  49.8%  16.6 1656s
 1622083 802318  129.49206   57   36  192.00000   96.34783  49.8%  16.6 1661s
 1627100 804301  190.00000   44   42  192.00000   96.34783  49.8%  16.6 1665s
 1631751 806681  190.00000   60   21  192.00000   96.34783  49.8%  16.6 1671s
 1636082 808157  190.00000   66   16  192.00000   96.34783  49.8%  16.6 1676s
 1641467 811066  131.06522   53   46  192.00000   96.34783  49.8%  16.6 1680s
 1646455 813382  160.00000   56   10  192.00000   96.34783  49.8%  16.6 1685s
 1652977 816016  160.69565   59   15  192.00000   96.34783  49.8%  16.6 1691s
 1657374 817908  128.00000   44   14  192.00000   96.34783  49.8%  16.6 1696s
 1660989 819022  128.00000   45   29  192.00000   96.34783  49.8%  16.6 1700s
 1665836 821679  128.69565   55   33  192.00000   96.34783  49.8%  16.6 1707s
 1669957 822750  128.00000   46   19  192.00000   96.34783  49.8%  16.6 1711s
 1672000 824075  160.00000   45   12  192.00000   96.34783  49.8%  16.6 1715s
 1677511 825933 infeasible   67       192.00000   96.34783  49.8%  16.6 1720s
 1682435 827860  128.42140   48   58  192.00000   96.34783  49.8%  16.6 1726s
 1684862 829298  176.00000   64   11  192.00000   96.34783  49.8%  16.6 1730s
 1690149 830784 infeasible   60       192.00000   96.34783  49.8%  16.6 1735s
 1694447 832222  128.00000   33   16  192.00000   96.34783  49.8%  16.6 1740s
 1698150 833888  160.00000   53   13  192.00000   96.34783  49.8%  16.6 1746s
 1702706 835769     cutoff   55       192.00000   96.34783  49.8%  16.6 1750s
 1708284 838369  128.34783   46   36  192.00000   96.34783  49.8%  16.6 1756s
 1712065 839698  129.78882   66   42  192.00000   96.34783  49.8%  16.6 1760s
 1717640 842669  190.00000   68   20  192.00000   96.34783  49.8%  16.6 1765s
 1723255 844572  128.34783   46   31  192.00000   96.34783  49.8%  16.6 1771s
 1727078 846302  112.00000   39   19  192.00000   96.34783  49.8%  16.6 1775s
 1733499 849171  190.00000   62   19  192.00000   96.34783  49.8%  16.6 1781s
 1737091 850392  160.46377   63   21  192.00000   96.34783  49.8%  16.6 1786s
 1741759 852137     cutoff   71       192.00000   96.34783  49.8%  16.6 1790s
 1745752 854298  190.00000   55    6  192.00000   96.34783  49.8%  16.6 1796s
 1749084 855099  160.00000   56   14  192.00000   96.34783  49.8%  16.6 1800s
 1751205 856116 infeasible   73       192.00000   96.34783  49.8%  16.6 1805s
 1757291 858611     cutoff   61       192.00000   96.34783  49.8%  16.6 1810s
 1760447 860028     cutoff   56       192.00000   96.34783  49.8%  16.6 1815s
 1766964 862849  175.50000   53   24  192.00000   96.34783  49.8%  16.6 1821s
 1772464 864921  160.00000   58   11  192.00000   96.34783  49.8%  16.6 1825s
 1778212 867335   96.46377   35   45  192.00000   96.45070  49.8%  16.6 1830s
 1782004 869120  190.00000   60   20  192.00000   96.46377  49.8%  16.6 1835s
 1787724 872203  190.00000   57   35  192.00000   96.46377  49.8%  16.6 1840s
 1794616 874826  128.00000   47   19  192.00000   96.46377  49.8%  16.6 1845s
 1799270 876868  190.00000   56    6  192.00000   96.46377  49.8%  16.6 1850s
 1805002 879748  128.00000   45   25  192.00000   96.46377  49.8%  16.6 1855s
 1809472 881826  160.46377   65   22  192.00000   96.46377  49.8%  16.6 1860s
 1814746 884000  158.46377   64   58  192.00000   96.46377  49.8%  16.6 1865s
 1819449 885362  128.00000   42   18  192.00000   96.46377  49.8%  16.6 1870s
 1824311 887659  128.00000   55   20  192.00000   96.46377  49.8%  16.6 1875s
 1829684 889970  160.00000   64    8  192.00000   96.46377  49.8%  16.6 1880s
 1835839 892612 infeasible   59       192.00000   96.46377  49.8%  16.6 1885s
 1838719 894283 infeasible   47       192.00000   96.46377  49.8%  16.6 1890s
 1845237 896803  160.00000   59    4  192.00000   96.46377  49.8%  16.6 1895s
 1849637 898590  190.00000   45   41  192.00000   96.46377  49.8%  16.6 1900s
 1853580 900108  190.00000   53   15  192.00000   96.46377  49.8%  16.6 1905s
 1858937 902121  160.00000   69   12  192.00000   96.46377  49.8%  16.6 1910s
 1863046 903944  128.00000   43   15  192.00000   96.46377  49.8%  16.6 1915s
 1866159 905407 infeasible   43       192.00000   96.46377  49.8%  16.6 1921s
 1869016 907163  190.00000   54   14  192.00000   96.46377  49.8%  16.6 1925s
 1874603 909319  160.00000   57   12  192.00000   96.46377  49.8%  16.6 1931s
 1878793 910490  128.27826   47   40  192.00000   96.46377  49.8%  16.6 1935s
 1882838 912366  128.00000   43   24  192.00000   96.46377  49.8%  16.6 1940s
 1887918 914243   96.69565   55   36  192.00000   96.46377  49.8%  16.6 1945s
 1893115 916395  128.00000   40   10  192.00000   96.46377  49.8%  16.6 1950s
 1897021 917919     cutoff   65       192.00000   96.46377  49.8%  16.6 1955s
 1901821 919875   96.69565   49   39  192.00000   96.46377  49.8%  16.6 1960s
 1904471 920853 infeasible   67       192.00000   96.46377  49.8%  16.6 1965s
 1906841 922151  128.00000   63   24  192.00000   96.46377  49.8%  16.6 1970s
 1911724 924465     cutoff   44       192.00000   96.46377  49.8%  16.6 1976s
 1916935 926670  162.50435   58   20  192.00000   96.46377  49.8%  16.6 1980s
 1919002 928231  160.00000   68   19  192.00000   96.46377  49.8%  16.6 1985s
 1923131 929173  160.00000   50   14  192.00000   96.46377  49.8%  16.6 1990s
 1926122 930357   97.56522   50   50  192.00000   96.46377  49.8%  16.6 1996s
 1930216 932022  128.69565   50   34  192.00000   96.46377  49.8%  16.6 2001s
 1934036 933624  144.00000   47   12  192.00000   96.46377  49.8%  16.6 2005s
 1937688 935669 infeasible   66       192.00000   96.48493  49.7%  16.6 2010s
 1943323 937618  128.00000   67   20  192.00000   96.52174  49.7%  16.6 2017s
 1945125 938502  128.00000   52   12  192.00000   96.55072  49.7%  16.6 2021s
 1949607 940337     cutoff   41       192.00000   96.65337  49.7%  16.6 2025s
 1953647 942102  160.00000   49   15  192.00000   96.69565  49.6%  16.6 2030s
 1958163 944262 infeasible   65       192.00000   96.69565  49.6%  16.6 2035s
 1962259 946193     cutoff   66       192.00000   96.69565  49.6%  16.6 2041s
 1967542 948691     cutoff   55       192.00000   96.69565  49.6%  16.6 2046s
 1971357 950524  190.00000   43   24  192.00000   96.69565  49.6%  16.6 2051s
 1973174 951969  128.00000   67   10  192.00000   96.69565  49.6%  16.6 2055s
 1975914 952395  160.00000   43    8  192.00000   96.69565  49.6%  16.6 2061s
 1978177 953655 infeasible   69       192.00000   96.69565  49.6%  16.6 2065s
 1983376 955965  160.00000   58   13  192.00000   96.69565  49.6%  16.6 2070s
 1988171 958302  128.00000   43   25  192.00000   96.69565  49.6%  16.6 2076s
 1992020 960356  160.27826   53   20  192.00000   96.69565  49.6%  16.6 2082s
 1996223 961397  160.00000   50   13  192.00000   96.69565  49.6%  16.6 2085s
 2001608 963590  160.00000   53   13  192.00000   96.69565  49.6%  16.6 2091s
 2006281 965532  160.00000   56   13  192.00000   96.69565  49.6%  16.6 2095s
 2010259 967529  160.00000   58   15  192.00000   96.69565  49.6%  16.6 2100s
 2015517 969781  128.00000   43   21  192.00000   96.69565  49.6%  16.6 2105s
 2019295 971817  128.00000   54   21  192.00000   96.69565  49.6%  16.6 2110s
 2024829 973910     cutoff   58       192.00000   96.69565  49.6%  16.6 2115s
 2026311 974530  160.00000   54   19  192.00000   96.69565  49.6%  16.6 2121s
 2028409 975501  190.00000   70   24  192.00000   96.69565  49.6%  16.6 2125s
 2032861 977420  160.00000   60    8  192.00000   96.69565  49.6%  16.6 2130s
 2037506 979424     cutoff   57       192.00000   96.69565  49.6%  16.6 2135s
 2041824 981618  129.34783   43   44  192.00000   96.69565  49.6%  16.6 2140s
 2046657 983807   97.36232   47   66  192.00000   96.69565  49.6%  16.6 2146s
 2050605 985484  160.00000   61    4  192.00000   96.69565  49.6%  16.6 2151s
 2055286 987391  160.00000   63    6  192.00000   96.69565  49.6%  16.6 2155s
 2060676 989536     cutoff   61       192.00000   96.69565  49.6%  16.6 2160s
 2064579 991947  160.00000   49   12  192.00000   96.69565  49.6%  16.6 2165s
 2071166 994270  190.00000   63   16  192.00000   96.69565  49.6%  16.6 2171s
 2075764 996773  128.00000   56   17  192.00000   96.69565  49.6%  16.5 2176s
 2079528 998222  160.00000   50    7  192.00000   96.69565  49.6%  16.5 2180s
 2083745 1000226  190.00000   59   15  192.00000   96.72093  49.6%  16.5 2186s
 2088773 1001520     cutoff   59       192.00000   96.81739  49.6%  16.5 2190s
 2093809 1003645  160.00000   64    8  192.00000   96.96321  49.5%  16.5 2196s
 2096362 1004569 infeasible   44       192.00000   97.02174  49.5%  16.5 2200s
 2101439 1006709  129.02174   52   50  192.00000   97.07826  49.4%  16.5 2206s
 2106088 1008774  160.00000   58    8  192.00000   97.25217  49.3%  16.5 2210s
 2111506 1010605 infeasible   63       192.00000   97.34783  49.3%  16.5 2215s
 2115479 1011848  129.17500   55   36  192.00000   97.36232  49.3%  16.5 2220s
 2119817 1013518  143.50000   55   30  192.00000   97.39130  49.3%  16.5 2225s
 2123360 1015263  159.33333   58   24  192.00000   97.39130  49.3%  16.5 2231s
 2127384 1016749  160.00000   51   15  192.00000   97.39130  49.3%  16.5 2235s
 2130939 1018473  160.00000   67   10  192.00000   97.39130  49.3%  16.5 2241s
 2133144 1018764 infeasible   58       192.00000   97.39130  49.3%  16.5 2245s
 2136987 1020376  160.68116   58   39  192.00000   97.39130  49.3%  16.5 2250s
 2142675 1022723  128.00000   46   21  192.00000   97.39130  49.3%  16.5 2255s
 2146747 1024436  190.00000   59    9  192.00000   97.39130  49.3%  16.5 2260s
 2150994 1026377  128.00000   50   39  192.00000   97.39130  49.3%  16.5 2265s
 2154478 1027165  175.00000   66   24  192.00000   97.39130  49.3%  16.5 2270s
 2154723 1027544  160.00000   45   12  192.00000   97.39130  49.3%  16.5 2276s
 2157672 1029010  160.00000   66   14  192.00000   97.39130  49.3%  16.5 2280s
 2161386 1031184  128.00000   41   20  192.00000   97.39130  49.3%  16.5 2285s
 2167809 1033343     cutoff   71       192.00000   97.39130  49.3%  16.5 2290s
 2170627 1034597  129.61739   57   55  192.00000   97.39130  49.3%  16.5 2295s
 2174717 1036405  160.00000   56    4  192.00000   97.39130  49.3%  16.5 2301s
 2178183 1037916  128.00000   50   30  192.00000   97.39130  49.3%  16.5 2305s
 2181848 1040179  190.00000   49   28  192.00000   97.44928  49.2%  16.5 2310s
 2187404 1042081  160.00000   74    8  192.00000   97.56522  49.2%  16.5 2315s
 2191778 1044537  128.00000   45   20  192.00000   97.56522  49.2%  16.5 2321s
 2195742 1046489  128.23188   48   35  192.00000   97.78882  49.1%  16.5 2327s
 2199906 1048066  160.34783   69   19  192.00000   97.78882  49.1%  16.5 2330s
 2205557 1049876 infeasible   70       192.00000   98.02899  48.9%  16.5 2335s
 2209179 1051427 infeasible   60       192.00000   98.04348  48.9%  16.5 2341s
 2213574 1053368  128.15459   53   44  192.00000   98.08696  48.9%  16.5 2346s
 2217701 1054557  190.00000   51   37  192.00000   98.08696  48.9%  16.5 2351s
 2220622 1055704 infeasible   56       192.00000   98.08696  48.9%  16.5 2355s
 2225254 1058329     cutoff   57       192.00000   98.17391  48.9%  16.5 2361s
 2229156 1059541   98.50435   47   50  192.00000   98.35000  48.8%  16.5 2365s
 2234062 1062121  102.13043   50   51  192.00000   98.50435  48.7%  16.5 2371s
 2238993 1063581 infeasible   55       192.00000   98.50435  48.7%  16.5 2375s
 2243721 1065844  129.36232   56   44  192.00000   98.62802  48.6%  16.5 2380s
 2247213 1066961  190.00000   37   15  192.00000   98.86957  48.5%  16.5 2385s
 2251915 1068787  128.00000   40   15  192.00000   99.13043  48.4%  16.5 2391s
 2255687 1070796  128.67391   49   46  192.00000   99.13043  48.4%  16.5 2396s
 2259697 1072521  170.66667   65   15  192.00000   99.13043  48.4%  16.5 2401s
 2262523 1072903  128.00000   48   27  192.00000   99.13043  48.4%  16.5 2406s
 2264072 1073861  160.00000   62   22  192.00000   99.13043  48.4%  16.5 2410s
 2267337 1075636  160.58385   57   30  192.00000   99.16770  48.4%  16.5 2416s
 2271543 1076468  190.00000   63   30  192.00000   99.64706  48.1%  16.5 2421s
 2275051 1077937  190.00000   55   14  192.00000  100.00000  47.9%  16.5 2425s
 2277972 1078550  190.00000   46   44  192.00000  100.08696  47.9%  16.5 2430s
 2280168 1080627  188.00000   63   12  192.00000  100.13043  47.8%  16.5 2435s
 2286080 1082507  190.00000   57   20  192.00000  100.17391  47.8%  16.5 2440s
 2290952 1084352  160.00000   50    8  192.00000  100.17391  47.8%  16.5 2445s
 2294928 1086249  160.46377   58   15  192.00000  100.17391  47.8%  16.5 2451s
 2298699 1087131  128.46377   49   33  192.00000  100.17391  47.8%  16.5 2455s
 2301716 1088752  144.00000   62   20  192.00000  100.57143  47.6%  16.5 2460s
 2307732 1090619 infeasible   60       192.00000  100.85217  47.5%  16.5 2465s
 2311922 1092514  160.00000   58   18  192.00000  101.33333  47.2%  16.5 2471s
 2315659 1094362  160.00000   61    8  192.00000  101.58065  47.1%  16.5 2475s
 2319276 1094810  190.00000   52   26  192.00000  102.13043  46.8%  16.5 2480s
 2319611 1095019  190.00000   53   34  192.00000  102.13043  46.8%  16.5 2485s
 2321980 1095865  190.00000   40   22  192.00000  102.25806  46.7%  16.5 2490s
 2325886 1097087  128.00000   61   30  192.00000  102.26087  46.7%  16.5 2496s
 2329583 1098704  190.00000   69   15  192.00000  102.40000  46.7%  16.5 2500s
 2333818 1100536 infeasible   71       192.00000  102.88889  46.4%  16.5 2505s
 2338753 1102798     cutoff   65       192.00000  103.35652  46.2%  16.5 2510s
 2343418 1104661  190.00000   81   13  192.00000  103.73913  46.0%  16.4 2516s
 2347050 1106643  104.00000   46   37  192.00000  104.00000  45.8%  16.4 2520s
 2351970 1108558  160.00000   44   14  192.00000  104.00000  45.8%  16.4 2525s
 2357180 1111004 infeasible   49       192.00000  104.00000  45.8%  16.4 2531s
 2361292 1112703 infeasible   63       192.00000  104.00000  45.8%  16.4 2535s
 2366337 1115136  128.00000   46   20  192.00000  104.00000  45.8%  16.4 2540s
 2370932 1117562  160.68116   62   32  192.00000  104.00000  45.8%  16.4 2546s
 2375736 1119606  160.00000   58   16  192.00000  104.00000  45.8%  16.4 2551s
 2379187 1121208  158.34783   61   67  192.00000  104.36364  45.6%  16.4 2555s
 2383727 1122901 infeasible   59       192.00000  104.88000  45.4%  16.4 2561s
 2386198 1123140  190.00000   65   16  192.00000  105.19565  45.2%  16.4 2565s
 2388994 1124285  188.00000   51   15  192.00000  105.56522  45.0%  16.4 2570s
 2393850 1126288  158.00000   40   23  192.00000  106.33333  44.6%  16.4 2576s
 2397233 1127612  128.00000   53   16  192.00000  106.44444  44.6%  16.4 2580s
 2401796 1129712  128.00000   62   19  192.00000  106.66667  44.4%  16.4 2585s
 2405313 1131578  128.00000   40   17  192.00000  106.66667  44.4%  16.4 2591s
 2409629 1133145  128.00000   59   19  192.00000  106.66667  44.4%  16.4 2595s
 2414196 1135191  160.00000   60   20  192.00000  106.66667  44.4%  16.4 2601s
 2416530 1136701  129.36232   54   62  192.00000  106.66667  44.4%  16.4 2606s
 2421367 1138524  136.00000   51   28  192.00000  106.66667  44.4%  16.4 2611s
 2424908 1140127  128.00000   52   18  192.00000  106.66667  44.4%  16.4 2616s
 2428815 1141829 infeasible   48       192.00000  106.66667  44.4%  16.4 2621s
 2430822 1143190 infeasible   72       192.00000  106.66667  44.4%  16.4 2625s
 2436557 1145282  128.00000   57   20  192.00000  106.66667  44.4%  16.4 2630s
 2442166 1148056  190.00000   49   24  192.00000  106.66667  44.4%  16.4 2635s
 2446670 1149566     cutoff   52       192.00000  106.66667  44.4%  16.4 2640s
 2451988 1151718  190.00000   37   40  192.00000  106.80000  44.4%  16.3 2645s
 2456466 1153430  160.00000   48   12  192.00000  107.13043  44.2%  16.3 2651s
 2460529 1154865  190.00000   42   29  192.00000  107.75000  43.9%  16.3 2655s
 2463713 1156215 infeasible   62       192.00000  108.40000  43.5%  16.3 2660s
 2467060 1158020  158.46377   60   58  192.00000  108.40000  43.5%  16.3 2665s
 2472267 1159884  190.00000   55   23  192.00000  109.42857  43.0%  16.3 2670s
 2477007 1161864  160.00000   68   18  192.00000  109.71429  42.9%  16.3 2676s
 2481232 1163614  173.00000   37   24  192.00000  110.00000  42.7%  16.3 2681s
 2485178 1166329  126.00000   59   32  192.00000  110.00000  42.7%  16.3 2686s
 2488759 1168072  190.00000   41   17  192.00000  110.34783  42.5%  16.3 2691s
 2493204 1169576 infeasible   70       192.00000  110.69565  42.3%  16.3 2695s
 2498633 1171965     cutoff   66       192.00000  111.50000  41.9%  16.3 2700s
 2501750 1173904  190.00000   53   27  192.00000  111.50000  41.9%  16.3 2705s
 2506926 1176187  158.00000   46   19  192.00000  111.50000  41.9%  16.3 2711s
 2511665 1177328  128.00000   54   11  192.00000  111.66667  41.8%  16.3 2715s
 2516732 1179715  190.00000   61   14  192.00000  111.66667  41.8%  16.3 2720s
 2522151 1181574 infeasible   64       192.00000  112.00000  41.7%  16.3 2725s
 2526735 1183932  160.00000   56   17  192.00000  112.00000  41.7%  16.3 2730s
 2531414 1185239     cutoff   60       192.00000  112.00000  41.7%  16.3 2736s
 2534847 1187430  160.00000   56    8  192.00000  112.00000  41.7%  16.3 2741s
 2539140 1189458  128.00000   46   19  192.00000  112.00000  41.7%  16.3 2745s
 2544899 1191452  190.00000   54   11  192.00000  112.00000  41.7%  16.3 2750s
 2548349 1192836  160.00000   55    8  192.00000  112.00000  41.7%  16.3 2755s
 2552719 1195119  168.00000   55   17  192.00000  112.00000  41.7%  16.3 2760s
 2556233 1196741  128.00000   41   27  192.00000  112.00000  41.7%  16.3 2765s
 2560822 1198723  160.00000   55   17  192.00000  112.00000  41.7%  16.3 2771s
 2564512 1200508  128.00000   61   18  192.00000  112.00000  41.7%  16.3 2775s
 2570035 1202466     cutoff   79       192.00000  112.00000  41.7%  16.2 2780s
 2574485 1204980  128.67391   52   52  192.00000  112.00000  41.7%  16.2 2786s
 2579003 1206956  128.00000   51   19  192.00000  112.00000  41.7%  16.2 2791s
 2584212 1208817  112.00000   41   28  192.00000  112.00000  41.7%  16.2 2795s
 2588603 1210668 infeasible   48       192.00000  112.00000  41.7%  16.2 2800s
 2593848 1213016  190.00000   49   28  192.00000  112.00000  41.7%  16.2 2806s
 2596242 1214473  190.00000   54   25  192.00000  112.00000  41.7%  16.2 2810s
 2600484 1216295  160.27826   59   23  192.00000  112.00000  41.7%  16.2 2815s
 2603559 1217295  128.00000   38   13  192.00000  112.00000  41.7%  16.2 2820s
 2607176 1219399  112.00000   43   22  192.00000  112.00000  41.7%  16.2 2825s
 2611898 1221114  190.00000   64   12  192.00000  112.00000  41.7%  16.2 2830s
 2617038 1223123 infeasible   58       192.00000  112.00000  41.7%  16.2 2835s
 2622031 1225212  160.46377   44   28  192.00000  112.00000  41.7%  16.2 2841s
 2624116 1226498  160.00000   56    9  192.00000  112.00000  41.7%  16.2 2845s
 2629622 1228482  130.04348   49   35  192.00000  112.00000  41.7%  16.2 2851s
 2633230 1230523  128.27826   53   38  192.00000  112.00000  41.7%  16.2 2856s
 2637565 1232238  190.00000   49   23  192.00000  112.00000  41.7%  16.2 2861s
 2641593 1233989  128.00000   56   19  192.00000  112.00000  41.7%  16.2 2866s
 2645321 1235647  128.00000   39   16  192.00000  112.00000  41.7%  16.2 2870s
 2649238 1237618  128.00000   63   14  192.00000  112.00000  41.7%  16.2 2875s
 2655880 1240030     cutoff   55       192.00000  112.00000  41.7%  16.2 2881s
 2660216 1242306  160.00000   49   24  192.00000  112.00000  41.7%  16.2 2886s
 2665925 1244374  129.02174   56   43  192.00000  112.00000  41.7%  16.2 2891s
 2668565 1246021  129.02174   55   37  192.00000  112.00000  41.7%  16.2 2895s
 2674438 1248285  160.00000   33    6  192.00000  112.00000  41.7%  16.2 2902s
 2677303 1249100 infeasible   51       192.00000  112.00000  41.7%  16.2 2905s
 2681659 1251495  128.19255   47   66  192.00000  112.00000  41.7%  16.2 2910s
 2685982 1253367  128.00000   46   17  192.00000  112.00000  41.7%  16.1 2916s
 2689006 1254808  160.00000   57   16  192.00000  112.00000  41.7%  16.1 2920s
 2692892 1255968  160.00000   55    4  192.00000  112.00000  41.7%  16.1 2925s
 2697660 1257613  162.04348   54   23  192.00000  112.00000  41.7%  16.1 2930s
 2699309 1258590     cutoff   70       192.00000  112.00000  41.7%  16.1 2935s
 2703770 1260338  160.00000   59   10  192.00000  112.00000  41.7%  16.1 2940s
 2707832 1262231  160.00000   53   19  192.00000  112.00000  41.7%  16.1 2946s
 2711201 1263683  112.00000   43   23  192.00000  112.00000  41.7%  16.1 2951s
 2714776 1265165  190.00000   63    8  192.00000  112.00000  41.7%  16.1 2955s
 2715798 1265342 infeasible   67       192.00000  112.00000  41.7%  16.1 2960s
 2717557 1266456  128.00000   53   20  192.00000  112.00000  41.7%  16.1 2966s
 2719808 1267756  190.00000   45   20  192.00000  112.00000  41.7%  16.1 2970s
 2723392 1268768     cutoff   77       192.00000  112.00000  41.7%  16.1 2977s
 2725033 1269648 infeasible   71       192.00000  112.00000  41.7%  16.1 2980s
 2728391 1271774 infeasible   56       192.00000  112.00000  41.7%  16.1 2985s
 2732834 1273622  128.46377   41   41  192.00000  112.00000  41.7%  16.1 2991s
 2737024 1275120  190.00000   47   34  192.00000  112.00000  41.7%  16.1 2995s
 2740974 1276589  144.00000   48   15  192.00000  112.00000  41.7%  16.1 3001s
 2744770 1278507  131.13043   54   19  192.00000  112.00000  41.7%  16.1 3005s
 2748459 1280167  128.00000   40   18  192.00000  112.00000  41.7%  16.1 3010s
 2753857 1282149  144.00000   59   13  192.00000  112.00000  41.7%  16.1 3015s
 2759324 1284440  190.00000   52   17  192.00000  112.00000  41.7%  16.1 3021s
 2762441 1286201  161.02174   67   39  192.00000  112.00000  41.7%  16.1 3025s
 2767557 1287937  128.00000   44   17  192.00000  112.00000  41.7%  16.1 3030s
 2771085 1289368  190.00000   55   30  192.00000  112.00000  41.7%  16.1 3035s
 2774905 1291232  128.00000   59   22  192.00000  112.00000  41.7%  16.1 3040s
 2778706 1293271 infeasible   55       192.00000  112.00000  41.7%  16.1 3045s
 2785524 1295709  128.00000   47   26  192.00000  112.00000  41.7%  16.1 3051s
 2790131 1297643  190.00000   48   10  192.00000  112.00000  41.7%  16.1 3055s
 2794207 1299622  129.56522   60   37  192.00000  112.00000  41.7%  16.1 3061s
 2798846 1301541  190.00000   43   22  192.00000  112.00000  41.7%  16.1 3065s
 2803914 1304015  190.00000   59   39  192.00000  112.00000  41.7%  16.1 3071s
 2808350 1305524  128.00000   47   27  192.00000  112.00000  41.7%  16.1 3075s
 2813106 1307496  190.00000   74   10  192.00000  112.00000  41.7%  16.1 3080s
 2818060 1309580  128.00000   48   16  192.00000  112.00000  41.7%  16.1 3085s
 2822707 1311745  128.00000   53   23  192.00000  112.00000  41.7%  16.1 3090s
 2827552 1313557  160.69565   74   32  192.00000  112.00000  41.7%  16.0 3095s
 2832505 1316196  160.69565   68   15  192.00000  112.00000  41.7%  16.0 3101s
 2835584 1317429  128.00000   46   17  192.00000  112.00000  41.7%  16.0 3105s
 2841040 1319247  129.39130   60   22  192.00000  112.00000  41.7%  16.0 3110s
 2845294 1321016 infeasible   65       192.00000  112.00000  41.7%  16.0 3115s
 2849245 1322657  160.00000   55   12  192.00000  112.00000  41.7%  16.0 3120s
 2853329 1324824  190.00000   52    6  192.00000  112.00000  41.7%  16.0 3125s
 2858499 1326690  128.00000   42   22  192.00000  112.00000  41.7%  16.0 3130s
 2861640 1328232  160.00000   59   12  192.00000  112.00000  41.7%  16.0 3135s
 2865896 1330162  113.87500   39   69  192.00000  112.00000  41.7%  16.0 3140s
 2870314 1331898  190.00000   52   36  192.00000  112.00000  41.7%  16.0 3146s
 2873948 1333474  114.80000   66   50  192.00000  112.39130  41.5%  16.0 3150s
 2878243 1334931 infeasible   53       192.00000  113.27273  41.0%  16.0 3156s
 2882203 1336623  188.00000   41   27  192.00000  113.87500  40.7%  16.0 3160s
 2886215 1338305  190.00000   57   23  192.00000  114.50000  40.4%  16.0 3166s
 2889933 1339820  190.00000   57   25  192.00000  114.80000  40.2%  16.0 3170s
 2892788 1341337  190.00000   48   18  192.00000  114.80000  40.2%  16.0 3175s
 2896537 1342223 infeasible   52       192.00000  114.80000  40.2%  16.0 3180s
 2900346 1343837     cutoff   68       192.00000  114.86957  40.2%  16.0 3186s
 2903044 1344763     cutoff   66       192.00000  115.33333  39.9%  16.0 3191s
 2906736 1346447  190.00000   55   19  192.00000  115.75000  39.7%  16.0 3195s
 2911484 1348440 infeasible   50       192.00000  116.42857  39.4%  16.0 3201s
 2914923 1349870     cutoff   58       192.00000  116.66667  39.2%  16.0 3206s
 2918501 1351185 infeasible   66       192.00000  116.66667  39.2%  16.0 3210s
 2920370 1352303  128.00000   41   16  192.00000  116.66667  39.2%  16.0 3215s
 2923783 1353378 infeasible   50       192.00000  116.66667  39.2%  16.0 3220s
 2927738 1354958  190.00000   44   13  192.00000  117.00000  39.1%  16.0 3225s
 2930022 1356117  160.00000   54    8  192.00000  117.33333  38.9%  16.0 3230s
 2935765 1358639  188.00000   56   24  192.00000  117.50000  38.8%  16.0 3236s
 2938586 1359963  119.50000   46   43  192.00000  118.20000  38.4%  16.0 3240s
 2941937 1361171  160.00000   49   15  192.00000  118.57143  38.2%  16.0 3246s
 2944430 1362719  190.00000   48   31  192.00000  119.50000  37.8%  16.0 3250s
 2947940 1363697  190.00000   73   23  192.00000  119.50000  37.8%  16.0 3255s
 2952343 1365276     cutoff   64       192.00000  119.50000  37.8%  16.0 3261s
 2955364 1367031  190.00000   57    4  192.00000  119.50000  37.8%  16.0 3266s
 2958456 1367420  128.00000   44   18  192.00000  119.50000  37.8%  16.0 3271s
 2958969 1368178  128.46377   46   31  192.00000  119.50000  37.8%  16.0 3276s
 2962167 1369214  190.00000   50   19  192.00000  119.50000  37.8%  16.0 3281s
 2964945 1370165  160.00000   64    7  192.00000  119.50000  37.8%  16.0 3285s
 2968946 1371585  190.00000   47   29  192.00000  119.50000  37.8%  16.0 3292s
 2971601 1372411  190.00000   67   23  192.00000  119.50000  37.8%  16.0 3296s
 2974010 1373072 infeasible   62       192.00000  119.50000  37.8%  16.0 3300s
 2977487 1374242  190.00000   59   14  192.00000  119.50000  37.8%  16.0 3306s
 2980089 1375674  190.00000   40   30  192.00000  119.50000  37.8%  16.0 3311s
 2984691 1376865 infeasible   65       192.00000  119.50000  37.8%  16.0 3316s
 2988446 1378180  188.23188   62   66  192.00000  120.08696  37.5%  16.0 3320s
 2992653 1379803  190.00000   69   19  192.00000  122.28986  36.3%  16.0 3326s
 2994957 1380503  190.00000   56   17  192.00000  122.33333  36.3%  15.9 3330s
 2996274 1380507 infeasible   48       192.00000  122.33333  36.3%  15.9 3335s
 2997880 1381558 infeasible   56       192.00000  123.14286  35.9%  16.0 3340s
 3000768 1383133  188.00000   54   22  192.00000  124.69565  35.1%  16.0 3345s
 3003400 1384571  188.00000   52   26  192.00000  124.69565  35.1%  16.0 3350s
 3008390 1387720  188.00000   37   24  192.00000  124.69565  35.1%  15.9 3356s
 3011316 1390065  188.00000   68   17  192.00000  124.69565  35.1%  15.9 3361s
 3014365 1391422  188.00000   55   23  192.00000  124.69565  35.1%  15.9 3365s
 3018031 1393457     cutoff   51       192.00000  124.69565  35.1%  15.9 3370s
 3021321 1395515  188.00000   48   21  192.00000  124.69565  35.1%  15.9 3375s
 3025187 1397746  190.00000   58    9  192.00000  125.15789  34.8%  15.9 3380s
 3030040 1399972  127.02174   39   37  192.00000  126.00000  34.4%  15.9 3387s
 3032489 1401033  188.00000   59   25  192.00000  126.00000  34.4%  15.9 3391s
 3033527 1402003  126.00000   52   37  192.00000  126.00000  34.4%  15.9 3395s
 3039225 1404072  173.00000   49   25  192.00000  126.00000  34.4%  15.9 3400s
 3043430 1405409     cutoff   58       192.00000  126.00000  34.4%  15.9 3405s
 3046705 1406941  158.00000   56   19  192.00000  126.00000  34.4%  15.9 3410s
 3050386 1408215  159.02174   73   45  192.00000  126.00000  34.4%  15.9 3416s
 3053554 1409415 infeasible   48       192.00000  126.00000  34.4%  15.9 3420s
 3057131 1411311  173.00000   58   21  192.00000  126.00000  34.4%  15.9 3426s
 3059605 1412356  126.00000   37   36  192.00000  126.00000  34.4%  15.9 3430s
 3063923 1413645  126.00000   43   24  192.00000  126.00000  34.4%  15.9 3435s
 3068173 1415649     cutoff   55       192.00000  126.00000  34.4%  15.9 3442s
 3070761 1415936  173.00000   55   27  192.00000  126.00000  34.4%  15.9 3445s
 3074061 1417240  158.00000   38   25  192.00000  126.00000  34.4%  15.9 3450s
 3078002 1418330  127.02174   55   49  192.00000  126.00000  34.4%  15.9 3455s
 3080916 1419301  126.27826   35   85  192.00000  126.00000  34.4%  15.9 3460s
 3083249 1420315  173.00000   49   24  192.00000  126.00000  34.4%  15.9 3465s
 3086779 1422027  159.02174   51   50  192.00000  126.00000  34.4%  15.9 3472s
 3089479 1422317  127.02174   58   60  192.00000  126.00000  34.4%  15.9 3476s
 3090584 1423119  142.00000   56   27  192.00000  126.00000  34.4%  15.9 3480s
 3095316 1424893  141.66667   47   45  192.00000  126.00000  34.4%  15.9 3486s
 3097846 1425863     cutoff   57       192.00000  126.00000  34.4%  15.9 3490s
 3101254 1427734  158.00000   38   25  192.00000  126.00000  34.4%  15.9 3496s
 3105344 1428886  126.00000   57   56  192.00000  126.00000  34.4%  15.9 3501s
 3108784 1430057  173.00000   39   26  192.00000  126.00000  34.4%  15.8 3506s
 3111262 1430826  190.00000   72   17  192.00000  126.00000  34.4%  15.8 3511s
 3112812 1431746  158.00000   49   12  192.00000  126.00000  34.4%  15.8 3515s
 3117218 1433026 infeasible   31       192.00000  126.00000  34.4%  15.8 3521s
 3119682 1433893  188.00000   58   28  192.00000  126.00000  34.4%  15.8 3526s
 3122267 1434750  173.00000   56   25  192.00000  126.00000  34.4%  15.8 3530s
 3125394 1436112  158.00000   47   12  192.00000  126.00000  34.4%  15.8 3537s
 3128093 1437173  126.00000   54   24  192.00000  126.00000  34.4%  15.8 3541s
 3130680 1438032  158.68116   59   55  192.00000  126.00000  34.4%  15.8 3546s
 3133264 1439006     cutoff   52       192.00000  126.00000  34.4%  15.8 3550s
 3137153 1440038  173.00000   58   30  192.00000  126.00000  34.4%  15.8 3556s
 3139954 1440696  188.00000   84   28  192.00000  126.00000  34.4%  15.8 3561s
 3142348 1441563  126.68116   47   62  192.00000  126.00000  34.4%  15.8 3566s
 3144132 1442101  173.00000   54   34  192.00000  126.00000  34.4%  15.8 3570s
 3148661 1442861  173.00000   65   28  192.00000  126.00000  34.4%  15.8 3576s
 3151041 1443514 infeasible   58       192.00000  126.00000  34.4%  15.8 3580s
 3153805 1444536  159.02174   54   31  192.00000  126.00000  34.4%  15.8 3585s
 3158202 1446016  173.00000   42   31  192.00000  126.00000  34.4%  15.8 3591s
 3160652 1447003  190.00000   61   15  192.00000  126.00000  34.4%  15.8 3597s
 3163520 1447867  127.02174   57   45  192.00000  126.00000  34.4%  15.8 3600s
 3168198 1449045     cutoff   65       192.00000  126.00000  34.4%  15.8 3605s
 3170511 1450024  126.00000   47   41  192.00000  126.00000  34.4%  15.8 3610s
 3174162 1451234  174.00000   64   21  192.00000  126.00000  34.4%  15.8 3615s
 3178078 1452315  126.00000   44   31  192.00000  126.00000  34.4%  15.8 3621s
 3179180 1453030  190.00000   51   20  192.00000  126.00000  34.4%  15.8 3625s
 3183816 1454017  190.00000   46   22  192.00000  126.00000  34.4%  15.8 3630s
 3187378 1455588  126.00000   45   31  192.00000  126.00000  34.4%  15.8 3636s
 3189943 1456473  132.13043   60   44  192.00000  126.00000  34.4%  15.8 3640s
 3194000 1457591  158.00000   45   10  192.00000  126.00000  34.4%  15.7 3646s
 3196551 1458260  126.00000   56   29  192.00000  126.00000  34.4%  15.7 3650s
 3199729 1459228  158.32609   52   42  192.00000  126.00000  34.4%  15.7 3656s
 3202346 1459979  158.00000   54   27  192.00000  126.00000  34.4%  15.7 3661s
 3205346 1460961  126.46377   51   56  192.00000  126.00000  34.4%  15.7 3665s
 3208919 1462329  127.02174   57   50  192.00000  126.00000  34.4%  15.7 3671s
 3211634 1462923  158.46377   64   45  192.00000  126.00000  34.4%  15.7 3675s
 3214434 1463328 infeasible   65       192.00000  126.00000  34.4%  15.7 3681s
 3216938 1464026  174.00000   51   16  192.00000  126.00000  34.4%  15.7 3686s
 3218015 1464887  190.00000   48   13  192.00000  126.00000  34.4%  15.7 3690s
 3222646 1466282  173.00000   49   27  192.00000  126.00000  34.4%  15.7 3697s
 3224840 1466945  127.02174   53   56  192.00000  126.00000  34.4%  15.7 3700s
 3227543 1467852  159.02174   58   42  192.00000  126.00000  34.4%  15.7 3705s
 3231891 1468950  158.69565   60   35  192.00000  126.00000  34.4%  15.7 3710s
 3234766 1469765  126.46377   53   62  192.00000  126.00000  34.4%  15.7 3715s
 3237920 1470970     cutoff   67       192.00000  126.00000  34.4%  15.7 3720s
 3241157 1471948  142.00000   42   21  192.00000  126.00000  34.4%  15.7 3726s
 3243633 1472943  190.00000   77   10  192.00000  126.00000  34.4%  15.7 3730s
 3246755 1473523  127.02174   50   67  192.00000  126.00000  34.4%  15.7 3735s
 3250676 1474862  158.00000   25   29  192.00000  126.00000  34.4%  15.7 3742s
 3251508 1475579  174.00000   28   20  192.00000  126.00000  34.4%  15.7 3745s
 3254544 1476490  159.02174   62   36  192.00000  126.00000  34.4%  15.7 3750s
 3257735 1477434  158.00000   43   30  192.00000  126.00000  34.4%  15.7 3755s
 3260163 1478203  159.02174   57   45  192.00000  126.00000  34.4%  15.7 3760s
 3264680 1479486  158.00000   54   37  192.00000  126.00000  34.4%  15.7 3766s
 3266449 1479956  127.14493   50   62  192.00000  126.00000  34.4%  15.7 3770s
 3270046 1480761  158.00000   46   35  192.00000  126.00000  34.4%  15.7 3776s
 3271803 1481863  158.00000   31   33  192.00000  126.00000  34.4%  15.7 3780s
 3274708 1482580  142.00000   27   39  192.00000  126.00000  34.4%  15.7 3785s
 3279460 1484163  126.00000   32   37  192.00000  126.00000  34.4%  15.7 3791s
 3282084 1485198  158.00000   45   21  192.00000  126.00000  34.4%  15.7 3796s
 3285464 1486480  190.00000   53    6  192.00000  126.00000  34.4%  15.7 3801s
 3287558 1486961  158.00000   32   31  192.00000  126.00000  34.4%  15.7 3809s
 3289349 1487226 infeasible   55       192.00000  126.00000  34.4%  15.7 3812s
 3290642 1488185  126.00000   30   44  192.00000  126.00000  34.4%  15.7 3817s
 3293017 1488591     cutoff   71       192.00000  126.00000  34.4%  15.7 3820s
 3295841 1489750  127.02174   65   57  192.00000  126.00000  34.4%  15.7 3828s
 3298317 1490185  126.00000   36   33  192.00000  126.00000  34.4%  15.7 3831s
 3301662 1491256  158.00000   31   26  192.00000  126.00000  34.4%  15.7 3836s
 3304494 1492164  190.00000   39   22  192.00000  126.00000  34.4%  15.7 3840s
 3307280 1493035  126.00000   30   50  192.00000  126.00000  34.4%  15.6 3845s
 3309306 1493748  173.00000   47   25  192.00000  126.00000  34.4%  15.6 3850s
 3313494 1494813  126.00000   44   25  192.00000  126.00000  34.4%  15.6 3856s
 3315539 1495573     cutoff   56       192.00000  126.00000  34.4%  15.6 3861s
 3318342 1496098  127.02174   45   73  192.00000  126.00000  34.4%  15.6 3865s
 3322426 1497341  190.00000   55   10  192.00000  126.00000  34.4%  15.6 3871s
 3325232 1498025  190.00000   61   18  192.00000  126.00000  34.4%  15.6 3876s
 3326023 1498456  126.00000   55   26  192.00000  126.00000  34.4%  15.6 3880s
 3330198 1499485  173.00000   48   22  192.00000  126.00000  34.4%  15.6 3886s
 3332542 1500187 infeasible   50       192.00000  126.00000  34.4%  15.6 3890s
 3335030 1501040  126.00000   46   27  192.00000  126.00000  34.4%  15.6 3895s
 3339131 1501900  127.02174   50   70  192.00000  126.00000  34.4%  15.6 3901s
 3341320 1502581  126.00000   52   41  192.00000  126.00000  34.4%  15.6 3907s
 3342385 1503392  127.02174   44   66  192.00000  126.00000  34.4%  15.6 3910s
 3347243 1504689  190.00000   59   27  192.00000  126.00000  34.4%  15.6 3916s
 3349746 1505513  158.00000   44   27  192.00000  126.00000  34.4%  15.6 3920s
 3353715 1506693 infeasible   61       192.00000  126.00000  34.4%  15.6 3926s
 3357301 1507437  158.00000   61   21  192.00000  126.00000  34.4%  15.6 3930s
 3360174 1508298  127.02174   48   46  192.00000  126.00000  34.4%  15.6 3938s
 3361455 1509459  190.00000   55    6  192.00000  126.00000  34.4%  15.6 3943s
 3364510 1509849  158.00000   51   10  192.00000  126.00000  34.4%  15.6 3945s
 3368120 1511171     cutoff   63       192.00000  126.00000  34.4%  15.6 3951s
 3371044 1512338  128.04348   55   42  192.00000  126.00000  34.4%  15.6 3957s
 3373869 1513073  158.00000   40   33  192.00000  126.00000  34.4%  15.6 3962s
 3376291 1513871  158.00000   57   11  192.00000  126.00000  34.4%  15.6 3966s
 3379157 1514878  169.75000   53   43  192.00000  126.00000  34.4%  15.6 3970s
 3383348 1516001  127.36232   59   60  192.00000  126.00000  34.4%  15.6 3976s
 3386032 1516762  158.00000   40   28  192.00000  126.00000  34.4%  15.6 3980s
 3390147 1517558  127.02174   46   52  192.00000  126.00000  34.4%  15.6 3986s
 3393216 1518841  127.36232   53   48  192.00000  126.00000  34.4%  15.6 3992s
 3395738 1519638  158.00000   60   14  192.00000  126.00000  34.4%  15.6 3997s
 3398429 1520267  158.00000   47   28  192.00000  126.00000  34.4%  15.6 4000s
 3401127 1520987  158.00000   64   25  192.00000  126.00000  34.4%  15.6 4005s
 3404239 1522349  127.02174   47   51  192.00000  126.00000  34.4%  15.6 4010s
 3408375 1523286  159.36232   58   56  192.00000  126.00000  34.4%  15.5 4016s
 3410680 1524138  158.00000   66   27  192.00000  126.00000  34.4%  15.5 4020s
 3414245 1524981  173.00000   52   28  192.00000  126.00000  34.4%  15.5 4025s
 3415043 1526020  126.00000   44   40  192.00000  126.00000  34.4%  15.5 4031s
 3419007 1526686  127.02174   54   62  192.00000  126.00000  34.4%  15.5 4035s
 3421958 1527581  127.02174   54   70  192.00000  126.00000  34.4%  15.5 4041s
 3424490 1528625  160.35000   62   62  192.00000  126.00000  34.4%  15.5 4046s
 3427180 1529623  127.02174   66   58  192.00000  126.00000  34.4%  15.5 4051s
 3430321 1530307  126.34783   59   66  192.00000  126.00000  34.4%  15.5 4055s
 3433231 1531234  127.02174   51   53  192.00000  126.00000  34.4%  15.5 4060s
 3436683 1532355  159.02174   43   45  192.00000  126.00000  34.4%  15.5 4066s
 3440417 1533511  158.00000   49   26  192.00000  126.00000  34.4%  15.5 4071s
 3441322 1534003  126.00000   40   33  192.00000  126.00000  34.4%  15.5 4075s
 3444928 1535240  126.00000   51   41  192.00000  126.00000  34.4%  15.5 4081s
 3447090 1535796  131.33333   42   51  192.00000  126.00000  34.4%  15.5 4086s
 3449623 1536754  127.02174   41   64  192.00000  126.00000  34.4%  15.5 4090s
 3452644 1537856  158.00000   44   26  192.00000  126.00000  34.4%  15.5 4096s
 3455798 1538630  173.00000   59   22  192.00000  126.00000  34.4%  15.5 4101s
 3458382 1539344  158.00000   39   16  192.00000  126.00000  34.4%  15.5 4105s
 3461026 1540102  127.44811   47   74  192.00000  126.00000  34.4%  15.5 4110s
 3463677 1540840  127.02174   43   65  192.00000  126.00000  34.4%  15.5 4115s
 3467540 1541458 infeasible   52       192.00000  126.00000  34.4%  15.5 4122s
 3468881 1542005  158.00000   60   24  192.00000  126.00000  34.4%  15.5 4126s
 3471090 1542352  158.34783   42   41  192.00000  126.00000  34.4%  15.5 4132s
 3472313 1543056  173.00000   48   24  192.00000  126.00000  34.4%  15.5 4136s
 3474594 1543429  173.00000   57   30  192.00000  126.00000  34.4%  15.5 4140s
 3477899 1544485 infeasible   80       192.00000  126.00000  34.4%  15.5 4146s
 3478984 1545250  126.00000   48   26  192.00000  126.00000  34.4%  15.5 4150s
 3481576 1545819  159.02174   56   51  192.00000  126.00000  34.4%  15.5 4155s
 3483630 1546752  126.00000   40   32  192.00000  126.00000  34.4%  15.5 4161s
 3486668 1547597  127.02174   50   47  192.00000  126.00000  34.4%  15.5 4166s
 3489447 1548605  126.00000   51   26  192.00000  126.00000  34.4%  15.5 4173s
 3491630 1548822  158.32609   54   47  192.00000  126.00000  34.4%  15.5 4175s
 3494322 1549731  126.00000   34   27  192.00000  126.00000  34.4%  15.5 4180s
 3497012 1550613  173.00000   46   24  192.00000  126.00000  34.4%  15.5 4185s
 3499719 1551703  190.00000   62    6  192.00000  126.00000  34.4%  15.5 4190s
 3502644 1552252  126.00000   45   41  192.00000  126.00000  34.4%  15.5 4196s
 3506532 1553453 infeasible   72       192.00000  126.00000  34.4%  15.5 4202s
 3507598 1554152  159.02174   46   54  192.00000  126.00000  34.4%  15.5 4206s
 3511028 1554871  173.00000   47   23  192.00000  126.00000  34.4%  15.5 4210s
 3513620 1555971  158.00000   50   14  192.00000  126.00000  34.4%  15.5 4217s
 3516195 1556686  159.02174   56   41  192.00000  126.00000  34.4%  15.5 4221s
 3518456 1557652  159.02174   68   39  192.00000  126.00000  34.4%  15.4 4226s
 3520951 1558677  126.69565   62   51  192.00000  126.00000  34.4%  15.4 4230s
 3524623 1559549 infeasible   45       192.00000  126.00000  34.4%  15.4 4237s
 3525638 1560249  158.00000   62   26  192.00000  126.00000  34.4%  15.4 4242s
 3529033 1560946  127.02174   65   58  192.00000  126.00000  34.4%  15.4 4246s
 3531257 1561950  190.00000   63    6  192.00000  126.00000  34.4%  15.4 4250s
 3535557 1563068 infeasible   68       192.00000  126.00000  34.4%  15.4 4256s
 3538874 1564538  127.02174   42   54  192.00000  126.00000  34.4%  15.4 4262s
 3541980 1565196  126.00000   44   30  192.00000  126.00000  34.4%  15.4 4267s
 3542637 1565332  126.46377   71   62  192.00000  126.00000  34.4%  15.4 4270s
 3545044 1566417  127.02174   43   54  192.00000  126.00000  34.4%  15.4 4278s
 3547238 1567088 infeasible   73       192.00000  126.00000  34.4%  15.4 4282s
 3550307 1567815  159.02174   59   36  192.00000  126.00000  34.4%  15.4 4286s
 3553096 1568692  159.02174   55   30  192.00000  126.00000  34.4%  15.4 4290s
 3557135 1570063  158.00000   55   31  192.00000  126.00000  34.4%  15.4 4296s
 3560968 1571188  127.39130   52   46  192.00000  126.00000  34.4%  15.4 4301s
 3562046 1571671  126.27826   60   60  192.00000  126.00000  34.4%  15.4 4305s
 3564522 1572636  158.00000   37   18  192.00000  126.00000  34.4%  15.4 4311s
 3567738 1573894  158.92754   54   27  192.00000  126.00000  34.4%  15.4 4316s
 3570560 1574916  158.00000   62   24  192.00000  126.00000  34.4%  15.4 4321s
 3573291 1575559  190.00000   64   17  192.00000  126.00000  34.4%  15.4 4325s
 3577095 1576538  126.27826   59   58  192.00000  126.00000  34.4%  15.4 4331s
 3578745 1577265  126.00000   42   38  192.00000  126.00000  34.4%  15.4 4335s
 3582742 1578534  126.00000   54   18  192.00000  126.00000  34.4%  15.4 4341s
 3585523 1579620  126.00000   55   23  192.00000  126.00000  34.4%  15.4 4346s
 3588187 1580529 infeasible   54       192.00000  126.00000  34.4%  15.4 4351s
 3590878 1581350  127.36232   50   47  192.00000  126.00000  34.4%  15.4 4355s
 3594160 1582880  127.02174   52   70  192.00000  126.00000  34.4%  15.4 4362s
 3596649 1583794  173.00000   52   26  192.00000  126.00000  34.4%  15.4 4367s
 3599251 1584619  127.02174   58   64  192.00000  126.00000  34.4%  15.4 4373s
 3600779 1584868 infeasible   74       192.00000  126.00000  34.4%  15.4 4375s
 3604107 1586254  127.02174   64   48  192.00000  126.00000  34.4%  15.4 4381s
 3608234 1587445     cutoff   55       192.00000  126.00000  34.4%  15.4 4386s
 3610526 1588240  159.02174   53   38  192.00000  126.00000  34.4%  15.4 4390s
 3611391 1588321  173.00000   52   27  192.00000  126.00000  34.4%  15.4 4395s
 3612718 1589012  128.04348   48   55  192.00000  126.00000  34.4%  15.4 4400s
 3615949 1590013  142.00000   50   34  192.00000  126.00000  34.4%  15.4 4405s
 3617782 1591205  126.69565   57   39  192.00000  126.00000  34.4%  15.4 4410s
 3620759 1592369  127.21212   56   49  192.00000  126.00000  34.4%  15.4 4415s
 3623834 1593380  190.00000   54   16  192.00000  126.00000  34.4%  15.4 4420s
 3628548 1595048  127.02174   50   54  192.00000  126.00000  34.4%  15.4 4427s
 3630918 1595984  127.39130   48   39  192.00000  126.00000  34.4%  15.4 4432s
 3633753 1597130  159.02174   55   37  192.00000  126.00000  34.4%  15.4 4437s
 3636760 1597796  127.02174   64   64  192.00000  126.00000  34.4%  15.4 4440s
 3640327 1598830  173.00000   45   26  192.00000  126.00000  34.4%  15.4 4447s
 3643058 1599724  159.02174   68   42  192.00000  126.00000  34.4%  15.3 4452s
 3645791 1600645  127.02174   48   54  192.00000  126.00000  34.4%  15.3 4456s
 3648634 1601516  126.69565   48   46  192.00000  126.00000  34.4%  15.3 4461s
 3651250 1602723  126.00000   56   41  192.00000  126.00000  34.4%  15.3 4469s
 3653095 1602956 infeasible   62       192.00000  126.00000  34.4%  15.3 4471s
 3655579 1603872  127.02174   48   64  192.00000  126.00000  34.4%  15.3 4475s
 3657998 1604647  173.00000   65   27  192.00000  126.00000  34.4%  15.3 4480s
 3660532 1605589  126.00000   47   48  192.00000  126.00000  34.4%  15.3 4485s
 3663687 1606967  173.00000   51   21  192.00000  126.00000  34.4%  15.3 4491s
 3666156 1607917  158.46377   62   46  192.00000  126.00000  34.4%  15.3 4496s
 3667025 1608498  159.02174   47   46  192.00000  126.00000  34.4%  15.3 4500s
 3669662 1609467  126.00000   50   30  192.00000  126.00000  34.4%  15.3 4505s
 3674117 1610786     cutoff   65       192.00000  126.00000  34.4%  15.3 4510s
 3676970 1611832  173.00000   58   28  192.00000  126.00000  34.4%  15.3 4517s
 3679087 1612721  158.00000   52   17  192.00000  126.00000  34.4%  15.3 4521s
 3681794 1613608  158.00000   61   18  192.00000  126.00000  34.4%  15.3 4526s
 3684437 1614128  173.00000   51   27  192.00000  126.00000  34.4%  15.3 4531s
 3685803 1614799  159.02174   58   52  192.00000  126.00000  34.4%  15.3 4535s
 3688221 1615807  190.00000   69    6  192.00000  126.00000  34.4%  15.3 4542s
 3690694 1616615  158.00000   54    8  192.00000  126.00000  34.4%  15.3 4547s
 3693357 1617269  127.02174   50   60  192.00000  126.00000  34.4%  15.3 4552s
 3695873 1618056  127.02174   53   73  192.00000  126.00000  34.4%  15.3 4556s
 3698136 1618839  190.00000   68   10  192.00000  126.00000  34.4%  15.3 4561s
 3700617 1619721     cutoff   45       192.00000  126.00000  34.4%  15.3 4565s
 3703358 1620624  126.37209   39   69  192.00000  126.00000  34.4%  15.3 4570s
 3707517 1621662 infeasible   46       192.00000  126.00000  34.4%  15.3 4577s
 3708406 1621927  126.00000   40   27  192.00000  126.00000  34.4%  15.3 4580s
 3710721 1622681  158.00000   67   34  192.00000  126.00000  34.4%  15.3 4586s
 3712190 1623667  126.69565   58   44  192.00000  126.00000  34.4%  15.3 4591s
 3715060 1624411  173.00000   45   21  192.00000  126.00000  34.4%  15.3 4596s
 3718313 1625344  126.46377   60   46  192.00000  126.00000  34.4%  15.3 4601s
 3720897 1626248  158.00000   41   25  192.00000  126.00000  34.4%  15.3 4607s
 3723989 1626988  126.00000   42   35  192.00000  126.00000  34.4%  15.3 4611s
 3726493 1628078  126.69565   42   67  192.00000  126.00000  34.4%  15.3 4617s
 3728478 1628627  158.00000   47   18  192.00000  126.00000  34.4%  15.3 4620s
 3732577 1629880  159.02174   49   58  192.00000  126.00000  34.4%  15.3 4625s
 3735888 1631110  126.00000   60   39  192.00000  126.00000  34.4%  15.3 4630s
 3739635 1631984 infeasible   68       192.00000  126.00000  34.4%  15.3 4636s
 3742202 1632823  127.02174   46   59  192.00000  126.00000  34.4%  15.3 4640s
 3744647 1633425     cutoff   57       192.00000  126.00000  34.4%  15.3 4646s
 3745512 1633810  126.00000   43   38  192.00000  126.00000  34.4%  15.3 4651s
 3748204 1634501  158.00000   53   22  192.00000  126.00000  34.4%  15.3 4656s
 3749458 1635275  126.00000   50   48  192.00000  126.00000  34.4%  15.3 4660s
 3752831 1636261  127.02174   53   44  192.00000  126.00000  34.4%  15.3 4666s
 3756153 1637263  158.00000   43   24  192.00000  126.00000  34.4%  15.3 4671s
 3759108 1638163  188.00000   70   32  192.00000  126.00000  34.4%  15.3 4676s
 3761983 1638700 infeasible   55       192.00000  126.00000  34.4%  15.3 4680s
 3764847 1639635  190.00000   62   10  192.00000  126.00000  34.4%  15.3 4685s
 3767743 1640770  188.00000   62   13  192.00000  126.00000  34.4%  15.2 4691s
 3769742 1641183  127.02174   47   65  192.00000  126.00000  34.4%  15.2 4695s
 3771842 1641926  173.00000   52   22  192.00000  126.00000  34.4%  15.2 4700s
 3774384 1642652  173.00000   46   26  192.00000  126.00000  34.4%  15.2 4706s
 3776820 1643441  127.02174   58   36  192.00000  126.00000  34.4%  15.2 4710s
 3780640 1644384  190.00000   63   10  192.00000  126.00000  34.4%  15.2 4715s
 3783859 1645472  158.00000   60   28  192.00000  126.00000  34.4%  15.2 4721s
 3786625 1646260  126.00000   44   27  192.00000  126.00000  34.4%  15.2 4726s
 3788821 1646916  158.00000   58   25  192.00000  126.00000  34.4%  15.2 4730s
 3792093 1647730  190.00000   53    4  192.00000  126.00000  34.4%  15.2 4736s
 3794951 1648581  127.39130   55   33  192.00000  126.00000  34.4%  15.2 4741s
 3797566 1649463  126.00000   51   40  192.00000  126.00000  34.4%  15.2 4746s
 3798525 1650048  188.00000   68   17  192.00000  126.00000  34.4%  15.2 4750s
 3802361 1650928  126.00000   51   26  192.00000  126.00000  34.4%  15.2 4756s
 3804593 1651616  126.00000   47   35  192.00000  126.00000  34.4%  15.2 4760s
 3808614 1652484  127.11248   50   63  192.00000  126.00000  34.4%  15.2 4767s
 3810890 1653251  127.02174   49   68  192.00000  126.00000  34.4%  15.2 4771s
 3813751 1654129  158.00000   47   44  192.00000  126.00000  34.4%  15.2 4776s
 3816414 1654794  126.00000   49   31  192.00000  126.00000  34.4%  15.2 4782s
 3818805 1655879  158.00000   51   20  192.00000  126.00000  34.4%  15.2 4787s
 3821755 1656797  190.00000   67   26  192.00000  126.00000  34.4%  15.2 4791s
 3824292 1657667  158.00000   58   19  192.00000  126.00000  34.4%  15.2 4796s
 3826584 1657946  126.68116   56   74  192.00000  126.00000  34.4%  15.2 4800s
 3828837 1658817  126.00000   53   36  192.00000  126.00000  34.4%  15.2 4805s
 3831592 1659622  158.00000   53   36  192.00000  126.00000  34.4%  15.2 4810s
 3834362 1660514  174.00000   53   23  192.00000  126.00000  34.4%  15.2 4816s
 3835110 1661560  126.69565   54   45  192.00000  126.00000  34.4%  15.2 4821s
 3839899 1662322  126.00000   39   34  192.00000  126.00000  34.4%  15.2 4826s
 3841598 1663100  173.00000   51   24  192.00000  126.00000  34.4%  15.2 4830s
 3844243 1664070  128.04348   57   51  192.00000  126.00000  34.4%  15.2 4835s
 3847689 1664922  127.02174   43   59  192.00000  126.00000  34.4%  15.2 4840s
 3849701 1665701     cutoff   58       192.00000  126.00000  34.4%  15.2 4845s
 3852508 1666654  190.00000   55    7  192.00000  126.00000  34.4%  15.2 4851s
 3854705 1667628  126.00000   46   30  192.00000  126.00000  34.4%  15.2 4856s
 3858201 1668309  190.00000   54    6  192.00000  126.00000  34.4%  15.2 4862s
 3860457 1669130  126.00000   22   41  192.00000  126.00000  34.4%  15.2 4867s
 3861434 1669439  190.00000   29   13  192.00000  126.00000  34.4%  15.2 4870s
 3864771 1670653  190.00000   23   18  192.00000  126.00000  34.4%  15.2 4877s
 3867209 1671670  126.69565   58   44  192.00000  126.00000  34.4%  15.2 4882s
 3868824 1672144  158.46377   51   37  192.00000  126.00000  34.4%  15.2 4885s
 3871034 1672971  127.02174   50   62  192.00000  126.00000  34.4%  15.2 4892s
 3872748 1672999  190.00000   54   10  192.00000  126.00000  34.4%  15.2 4895s
 3873296 1673564     cutoff   59       192.00000  126.00000  34.4%  15.2 4900s
 3876324 1674508  132.13043   44   46  192.00000  126.00000  34.4%  15.2 4906s
 3877220 1675143  126.00000   35   30  192.00000  126.00000  34.4%  15.2 4910s
 3881522 1676190  190.00000   54   16  192.00000  126.00000  34.4%  15.2 4916s
 3882461 1676872  158.00000   68   22  192.00000  126.00000  34.4%  15.2 4920s
 3885494 1677932  159.02174   53   38  192.00000  126.00000  34.4%  15.2 4926s
 3888149 1678925  159.02174   57   46  192.00000  126.00000  34.4%  15.2 4931s
 3891003 1679405  127.19565   44   68  192.00000  126.00000  34.4%  15.2 4937s
 3891015 1679412  127.19565   45   70  192.00000  126.00000  34.4%  15.2 4940s
 3891463 1680173  127.02174   50   72  192.00000  126.00000  34.4%  15.2 4947s
 3893182 1680670  174.00000   61   26  192.00000  126.00000  34.4%  15.2 4953s
 3894898 1681299  158.00000   63   15  192.00000  126.00000  34.4%  15.2 4957s
 3896844 1681659  126.69565   48   67  192.00000  126.00000  34.4%  15.2 4960s
 3898154 1682513  127.02174   52   55  192.00000  126.00000  34.4%  15.2 4965s
 3901635 1683539  158.46377   57   34  192.00000  126.00000  34.4%  15.2 4972s
 3903496 1684045  159.02174   68   43  192.00000  126.00000  34.4%  15.2 4976s
 3906536 1684935  126.00000   46   45  192.00000  126.00000  34.4%  15.1 4982s
 3908352 1685105     cutoff   71       192.00000  126.00000  34.4%  15.1 4986s
 3909391 1685768  126.00000   55   24  192.00000  126.00000  34.4%  15.1 4991s
 3912497 1686649  126.69565   51   50  192.00000  126.00000  34.4%  15.1 4997s
 3916025 1687220  127.02174   68   61  192.00000  126.00000  34.4%  15.1 5000s

Cutting planes:
  Cover: 124
  Implied bound: 45
  Clique: 1
  MIR: 11
  StrongCG: 53
  Flow cover: 85
  GUB cover: 227
  Zero half: 6
  RLT: 11
  Relax-and-lift: 92
  BQP: 1

Explored 3916055 nodes (59297023 simplex iterations) in 5000.18 seconds (802.88 work units)
Thread count was 20 (of 20 available processors)

Solution count 10: 192 254 316 ... 662

Time limit reached
Best objective 1.920000000000e+02, best bound 1.260000000000e+02, gap 34.3750%

AMPL MP initial flat model has 2224 variables (36 integer, 1504 binary);
Objectives: 1 linear; 
Constraints:  8932 linear; 1476 quadratic;

AMPL MP final model has 2512 variables (36 integer, 1504 binary);
Objectives: 1 linear; 
Constraints:  9076 linear; 1476 quadratic;


Gurobi 12.0.3: time limit, feasible solution; objective 192
5.9297e+07 simplex iterations
3.91606e+06 branching nodes
absmipgap=66, relmipgap=0.34375
lp, wp, hp: begin
1: 7.700000 7.700000 4.600000
2: 7.700000 7.700000 4.600000
3: 7.700000 7.700000 4.600000
4: 7.700000 7.700000 4.600000
5: 7.700000 7.700000 4.600000
6: 7.700000 7.700000 4.600000
7: 7.700000 7.700000 4.600000
8: 7.700000 7.700000 4.600000
9: 7.700000 7.700000 4.600000
10: 7.700000 7.700000 4.600000
11: 7.700000 7.700000 4.600000
12: 7.700000 7.700000 4.600000
lp, wp, hp: end
LB, WB, HB: begin
1: 28.000000 15.000000 15.000000
2: 28.000000 15.000000 15.000000
3: 28.000000 15.000000 15.000000
4: 28.000000 15.000000 15.000000
5: 28.000000 15.000000 15.000000
6: 28.000000 15.000000 15.000000
7: 28.000000 15.000000 15.000000
8: 28.000000 15.000000 15.000000
9: 28.000000 15.000000 15.000000
10: 28.000000 15.000000 15.000000
11: 42.000000 32.000000 26.000000
12: 42.000000 32.000000 26.000000
13: 42.000000 32.000000 26.000000
14: 42.000000 32.000000 26.000000
15: 42.000000 32.000000 26.000000
16: 42.000000 32.000000 26.000000
17: 42.000000 32.000000 26.000000
18: 42.000000 32.000000 26.000000
19: 42.000000 32.000000 26.000000
20: 42.000000 32.000000 26.000000
21: 45.700000 45.700000 40.600000
22: 45.700000 45.700000 40.600000
23: 45.700000 45.700000 40.600000
24: 45.700000 45.700000 40.600000
25: 45.700000 45.700000 40.600000
26: 45.700000 45.700000 40.600000
27: 45.700000 45.700000 40.600000
28: 45.700000 45.700000 40.600000
29: 45.700000 45.700000 40.600000
30: 45.700000 45.700000 40.600000
31: 61.000000 46.000000 61.000000
32: 61.000000 46.000000 61.000000
33: 61.000000 46.000000 61.000000
34: 61.000000 46.000000 61.000000
35: 61.000000 46.000000 61.000000
36: 61.000000 46.000000 61.000000
37: 61.000000 46.000000 61.000000
38: 61.000000 46.000000 61.000000
39: 61.000000 46.000000 61.000000
40: 61.000000 46.000000 61.000000
LB, WB, HB: end
l_px, l_py, w_px, w_py: begin
1: 0 1 1 0
2: 0 1 1 0
3: 0 1 1 0
4: 1 0 0 1
5: 1 0 0 1
6: 1 0 0 1
7: 0 1 1 0
8: 0 1 1 0
9: 0 1 1 0
10: 0 1 1 0
11: 1 0 0 1
12: 0 1 1 0
l_px, l_py, w_px, w_py: end
xp, yp, zp, on_floor: begin
1: 8.000000 0.000000 0.000000 1
2: 0.000000 0.000000 0.000000 1
3: 0.000000 0.000000 0.000000 1
4: 15.000000 0.000000 0.000000 1
5: 8.000000 0.000000 0.000000 1
6: 8.000000 0.000000 0.000000 1
7: 0.000000 0.000000 0.000000 1
8: 0.000000 0.000000 0.000000 1
9: 15.000000 0.000000 0.000000 1
10: 8.000000 0.000000 0.000000 1
11: 0.000000 0.000000 0.000000 1
12: 0.000000 0.000000 0.000000 1
xp, yp, zp, on_floor: end
product ->carton: begin
1 -> 5
2 -> 1
3 -> 5
4 -> 1
5 -> 2
6 -> 10
7 -> 3
8 -> 2
9 -> 9
10 -> 3
11 -> 9
12 -> 10
product ->carton: end
